#
# There is insufficient memory for the Java Runtime Environment to continue.
# Native memory allocation (malloc) failed to allocate 226880 bytes. Error detail: Chunk::new
# Possible reasons:
#   The system is out of physical RAM or swap space
#   This process is running with CompressedOops enabled, and the Java Heap may be blocking the growth of the native heap
# Possible solutions:
#   Reduce memory load on the system
#   Increase physical memory or swap space
#   Check if swap backing store is full
#   Decrease Java heap size (-Xmx/-Xms)
#   Decrease number of Java threads
#   Decrease Java thread stack sizes (-Xss)
#   Set larger code cache with -XX:ReservedCodeCacheSize=
#   JVM is running with Unscaled Compressed Oops mode in which the Java heap is
#     placed in the first 4GB address space. The Java Heap base address is the
#     maximum limit for the native heap growth. Please use -XX:HeapBaseMinAddress
#     to set the Java Heap base and to place the Java Heap above 4GB virtual address.
# This output file may be truncated or incomplete.
#
#  Out of Memory Error (arena.cpp:168), pid=16112, tid=2072
#
# JRE version: OpenJDK Runtime Environment Temurin-21.0.9+10 (21.0.9+10) (build 21.0.9+10-LTS)
# Java VM: OpenJDK 64-Bit Server VM Temurin-21.0.9+10 (21.0.9+10-LTS, mixed mode, sharing, tiered, compressed oops, compressed class ptrs, parallel gc, windows-amd64)
# No core dump will be written. Minidumps are not enabled by default on client versions of Windows
#

---------------  S U M M A R Y ------------

Command Line: --add-modules=ALL-SYSTEM --add-opens=java.base/java.util=ALL-UNNAMED --add-opens=java.base/java.lang=ALL-UNNAMED --add-opens=java.base/sun.nio.fs=ALL-UNNAMED -Declipse.application=org.eclipse.jdt.ls.core.id1 -Dosgi.bundles.defaultStartLevel=4 -Declipse.product=org.eclipse.jdt.ls.core.product -Djava.import.generatesMetadataFilesAtProjectRoot=false -DDetectVMInstallationsJob.disabled=true -Dfile.encoding=utf8 -XX:+UseParallelGC -XX:GCTimeRatio=4 -XX:AdaptiveSizePolicyWeight=90 -Dsun.zip.disableMemoryMapping=true -Xmx2G -Xms100m -Xlog:disable -javaagent:c:\Users\Maghraby Store\.vscode\extensions\redhat.java-1.50.0-win32-x64\lombok\lombok-1.18.39-4050.jar -XX:+HeapDumpOnOutOfMemoryError -XX:HeapDumpPath=c:\Users\Maghraby Store\AppData\Roaming\Code\User\workspaceStorage\3dadfdb6fe4ae54e754da0009389f85c\redhat.java -Daether.dependencyCollector.impl=bf c:\Users\Maghraby Store\.vscode\extensions\redhat.java-1.50.0-win32-x64\server\plugins\org.eclipse.equinox.launcher_1.7.100.v20251111-0406.jar -configuration c:\Users\Maghraby Store\AppData\Roaming\Code\User\globalStorage\redhat.java\1.50.0\config_win -data c:\Users\Maghraby Store\AppData\Roaming\Code\User\workspaceStorage\3dadfdb6fe4ae54e754da0009389f85c\redhat.java\jdt_ws --pipe=\\.\pipe\lsp-0c0baa3480e07b607ffb258a71c2b64e-sock

Host: Intel(R) Core(TM) i7-10610U CPU @ 1.80GHz, 8 cores, 15G,  Windows 11 , 64 bit Build 26100 (10.0.26100.7309)
Time: Tue Dec 16 03:32:08 2025 Egypt Standard Time elapsed time: 11814.232774 seconds (0d 3h 16m 54s)

---------------  T H R E A D  ---------------

Current thread (0x000001e6c893ead0):  JavaThread "C2 CompilerThread0" daemon [_thread_in_native, id=2072, stack(0x0000009fa8000000,0x0000009fa8100000) (1024K)]


Current CompileTask:
C2:11814232 11989       4       org.eclipse.core.runtime.Path::toString (210 bytes)

Stack: [0x0000009fa8000000,0x0000009fa8100000]
Native frames: (J=compiled Java code, j=interpreted, Vv=VM code, C=native code)
V  [jvm.dll+0x6d6e29]
V  [jvm.dll+0x8b4b76]
V  [jvm.dll+0x8b712e]
V  [jvm.dll+0x8b7813]
V  [jvm.dll+0x283d86]
V  [jvm.dll+0xc66ed]
V  [jvm.dll+0xc6c31]
V  [jvm.dll+0x3be53b]
V  [jvm.dll+0x38ab92]
V  [jvm.dll+0x389fda]
V  [jvm.dll+0x24bfa0]
V  [jvm.dll+0x24b580]
V  [jvm.dll+0x1cb13e]
V  [jvm.dll+0x25b29d]
V  [jvm.dll+0x25982a]
V  [jvm.dll+0x3f7ea6]
V  [jvm.dll+0x85e9ad]
V  [jvm.dll+0x6d565d]
C  [ucrtbase.dll+0x37b0]
C  [KERNEL32.DLL+0x2e8d7]
C  [ntdll.dll+0x8c53c]


---------------  P R O C E S S  ---------------

Threads class SMR info:
_java_thread_list=0x000001e6e74bd200, length=38, elements={
0x000001e6c89aea60, 0x000001e6c8a689b0, 0x000001e6c8a69860, 0x000001e6c89265d0,
0x000001e6c8929500, 0x000001e6c8927ac0, 0x000001e6c892e820, 0x000001e6c893ead0,
0x000001e6c8942190, 0x000001e6e5236810, 0x000001e6e5307260, 0x000001e6e5bfd640,
0x000001e6e5c19540, 0x000001e6e5c0af40, 0x000001e6e5c0b5a0, 0x000001e6e5fada30,
0x000001e6e6138050, 0x000001e6e609fec0, 0x000001e6e6185290, 0x000001e6e632c890,
0x000001e6e632e2d0, 0x000001e6e632cf20, 0x000001e6e632d5b0, 0x000001e6ec6cddb0,
0x000001e6ec6ce440, 0x000001e6ec6cd720, 0x000001e6ec6cc370, 0x000001e6ec6cafc0,
0x000001e6ec6cca00, 0x000001e6ec6cd090, 0x000001e6ec6cead0, 0x000001e6ec6cb650,
0x000001e6ec6cf160, 0x000001e6e5f1e910, 0x000001e6e5f1c1b0, 0x000001e6e5f1ced0,
0x000001e6e5f1ae00, 0x000001e6ecbe4d20
}

Java Threads: ( => current thread )
  0x000001e6c89aea60 JavaThread "main"                              [_thread_blocked, id=21080, stack(0x0000009fa7600000,0x0000009fa7700000) (1024K)]
  0x000001e6c8a689b0 JavaThread "Reference Handler"          daemon [_thread_blocked, id=16052, stack(0x0000009fa7a00000,0x0000009fa7b00000) (1024K)]
  0x000001e6c8a69860 JavaThread "Finalizer"                  daemon [_thread_blocked, id=19124, stack(0x0000009fa7b00000,0x0000009fa7c00000) (1024K)]
  0x000001e6c89265d0 JavaThread "Signal Dispatcher"          daemon [_thread_blocked, id=4316, stack(0x0000009fa7c00000,0x0000009fa7d00000) (1024K)]
  0x000001e6c8929500 JavaThread "Attach Listener"            daemon [_thread_blocked, id=21900, stack(0x0000009fa7d00000,0x0000009fa7e00000) (1024K)]
  0x000001e6c8927ac0 JavaThread "Service Thread"             daemon [_thread_blocked, id=18752, stack(0x0000009fa7e00000,0x0000009fa7f00000) (1024K)]
  0x000001e6c892e820 JavaThread "Monitor Deflation Thread"   daemon [_thread_blocked, id=10588, stack(0x0000009fa7f00000,0x0000009fa8000000) (1024K)]
=>0x000001e6c893ead0 JavaThread "C2 CompilerThread0"         daemon [_thread_in_native, id=2072, stack(0x0000009fa8000000,0x0000009fa8100000) (1024K)]
  0x000001e6c8942190 JavaThread "C1 CompilerThread0"         daemon [_thread_blocked, id=20360, stack(0x0000009fa8100000,0x0000009fa8200000) (1024K)]
  0x000001e6e5236810 JavaThread "Common-Cleaner"             daemon [_thread_blocked, id=19672, stack(0x0000009fa8200000,0x0000009fa8300000) (1024K)]
  0x000001e6e5307260 JavaThread "Notification Thread"        daemon [_thread_blocked, id=7376, stack(0x0000009fa8400000,0x0000009fa8500000) (1024K)]
  0x000001e6e5bfd640 JavaThread "Active Thread: Equinox Container: be868626-2998-4ab0-b0db-0022cff3c5ff"        [_thread_blocked, id=9360, stack(0x0000009fa8c00000,0x0000009fa8d00000) (1024K)]
  0x000001e6e5c19540 JavaThread "Refresh Thread: Equinox Container: be868626-2998-4ab0-b0db-0022cff3c5ff" daemon [_thread_blocked, id=20492, stack(0x0000009fa8d00000,0x0000009fa8e00000) (1024K)]
  0x000001e6e5c0af40 JavaThread "Framework Event Dispatcher: Equinox Container: be868626-2998-4ab0-b0db-0022cff3c5ff" daemon [_thread_blocked, id=17280, stack(0x0000009fa8f00000,0x0000009fa9000000) (1024K)]
  0x000001e6e5c0b5a0 JavaThread "Start Level: Equinox Container: be868626-2998-4ab0-b0db-0022cff3c5ff" daemon [_thread_blocked, id=5116, stack(0x0000009fa9000000,0x0000009fa9100000) (1024K)]
  0x000001e6e5fada30 JavaThread "Bundle File Closer"         daemon [_thread_blocked, id=19632, stack(0x0000009fa9100000,0x0000009fa9200000) (1024K)]
  0x000001e6e6138050 JavaThread "SCR Component Actor"        daemon [_thread_blocked, id=20460, stack(0x0000009fa9200000,0x0000009fa9300000) (1024K)]
  0x000001e6e609fec0 JavaThread "Worker-JM"                         [_thread_blocked, id=21272, stack(0x0000009fa9300000,0x0000009fa9400000) (1024K)]
  0x000001e6e6185290 JavaThread "JNA Cleaner"                daemon [_thread_blocked, id=20520, stack(0x0000009fa8300000,0x0000009fa8400000) (1024K)]
  0x000001e6e632c890 JavaThread "Java indexing"              daemon [_thread_blocked, id=20756, stack(0x0000009fa9800000,0x0000009fa9900000) (1024K)]
  0x000001e6e632e2d0 JavaThread "Worker-3"                          [_thread_blocked, id=11844, stack(0x0000009fa9900000,0x0000009fa9a00000) (1024K)]
  0x000001e6e632cf20 JavaThread "Thread-1"                   daemon [_thread_in_native, id=3988, stack(0x0000009fa9f00000,0x0000009faa000000) (1024K)]
  0x000001e6e632d5b0 JavaThread "Thread-2"                   daemon [_thread_in_native, id=9428, stack(0x0000009faa000000,0x0000009faa100000) (1024K)]
  0x000001e6ec6cddb0 JavaThread "Thread-3"                   daemon [_thread_in_native, id=21208, stack(0x0000009faa100000,0x0000009faa200000) (1024K)]
  0x000001e6ec6ce440 JavaThread "Thread-4"                   daemon [_thread_in_native, id=22180, stack(0x0000009faa200000,0x0000009faa300000) (1024K)]
  0x000001e6ec6cd720 JavaThread "Thread-5"                   daemon [_thread_in_native, id=15720, stack(0x0000009faa300000,0x0000009faa400000) (1024K)]
  0x000001e6ec6cc370 JavaThread "Thread-6"                   daemon [_thread_in_native, id=2996, stack(0x0000009faa400000,0x0000009faa500000) (1024K)]
  0x000001e6ec6cafc0 JavaThread "Thread-7"                   daemon [_thread_in_native, id=16712, stack(0x0000009faa500000,0x0000009faa600000) (1024K)]
  0x000001e6ec6cca00 JavaThread "Thread-8"                   daemon [_thread_in_native, id=8324, stack(0x0000009faa600000,0x0000009faa700000) (1024K)]
  0x000001e6ec6cd090 JavaThread "Thread-9"                   daemon [_thread_in_native, id=15616, stack(0x0000009faa700000,0x0000009faa800000) (1024K)]
  0x000001e6ec6cead0 JavaThread "pool-2-thread-1"                   [_thread_blocked, id=10400, stack(0x0000009faa800000,0x0000009faa900000) (1024K)]
  0x000001e6ec6cb650 JavaThread "WorkspaceEventsHandler"            [_thread_blocked, id=10352, stack(0x0000009faa900000,0x0000009faaa00000) (1024K)]
  0x000001e6ec6cf160 JavaThread "pool-1-thread-1"                   [_thread_blocked, id=1368, stack(0x0000009faaa00000,0x0000009faab00000) (1024K)]
  0x000001e6e5f1e910 JavaThread "Cleaner-0"                  daemon [_thread_blocked, id=10068, stack(0x0000009fac700000,0x0000009fac800000) (1024K)]
  0x000001e6e5f1c1b0 JavaThread "Worker-10"                         [_thread_blocked, id=10244, stack(0x0000009fa7300000,0x0000009fa7400000) (1024K)]
  0x000001e6e5f1ced0 JavaThread "ForkJoinPool.commonPool-worker-12" daemon [_thread_blocked, id=20376, stack(0x0000009fa7500000,0x0000009fa7600000) (1024K)]
  0x000001e6e5f1ae00 JavaThread "Worker-11"                         [_thread_blocked, id=2056, stack(0x0000009fa7400000,0x0000009fa7500000) (1024K)]
  0x000001e6ecbe4d20 JavaThread "C2 CompilerThread1"         daemon [_thread_blocked, id=9740, stack(0x0000009fa8500000,0x0000009fa8600000) (1024K)]
Total: 38

Other Threads:
  0x000001e6c8922620 VMThread "VM Thread"                           [id=9312, stack(0x0000009fa7900000,0x0000009fa7a00000) (1024K)]
  0x000001e6c883ca00 WatcherThread "VM Periodic Task Thread"        [id=2536, stack(0x0000009fa7800000,0x0000009fa7900000) (1024K)]
  0x000001e6c89cc5a0 WorkerThread "GC Thread#0"                     [id=2684, stack(0x0000009fa7700000,0x0000009fa7800000) (1024K)]
  0x000001e6e5846550 WorkerThread "GC Thread#1"                     [id=22344, stack(0x0000009fa8600000,0x0000009fa8700000) (1024K)]
  0x000001e6e597db80 WorkerThread "GC Thread#2"                     [id=13384, stack(0x0000009fa8700000,0x0000009fa8800000) (1024K)]
  0x000001e6e597df20 WorkerThread "GC Thread#3"                     [id=22292, stack(0x0000009fa8800000,0x0000009fa8900000) (1024K)]
  0x000001e6e5a86400 WorkerThread "GC Thread#4"                     [id=10696, stack(0x0000009fa8900000,0x0000009fa8a00000) (1024K)]
  0x000001e6e5a867a0 WorkerThread "GC Thread#5"                     [id=21732, stack(0x0000009fa8a00000,0x0000009fa8b00000) (1024K)]
  0x000001e6e5a86b40 WorkerThread "GC Thread#6"                     [id=10012, stack(0x0000009fa8b00000,0x0000009fa8c00000) (1024K)]
  0x000001e6e5df3c00 WorkerThread "GC Thread#7"                     [id=15140, stack(0x0000009fa8e00000,0x0000009fa8f00000) (1024K)]
Total: 10

Threads with active compile tasks:
C2 CompilerThread0  11814259 11989       4       org.eclipse.core.runtime.Path::toString (210 bytes)
Total: 1

VM state: not at safepoint (normal execution)

VM Mutex/Monitor currently owned by a thread: None

Heap address: 0x0000000080000000, size: 2048 MB, Compressed Oops mode: 32-bit

CDS archive(s) mapped at: [0x000001e680000000-0x000001e680ba0000-0x000001e680ba0000), size 12189696, SharedBaseAddress: 0x000001e680000000, ArchiveRelocationMode: 1.
Compressed class space mapped at: 0x000001e681000000-0x000001e6c1000000, reserved size: 1073741824
Narrow klass base: 0x000001e680000000, Narrow klass shift: 0, Narrow klass range: 0x100000000

GC Precious Log:
 CardTable entry size: 512
 CPUs: 8 total, 8 available
 Memory: 16067M
 Large Page Support: Disabled
 NUMA Support: Disabled
 Compressed Oops: Enabled (32-bit)
 Alignments: Space 512K, Generation 512K, Heap 2M
 Heap Min Capacity: 100M
 Heap Initial Capacity: 100M
 Heap Max Capacity: 2G
 Pre-touch: Disabled
 Parallel Workers: 8

Heap:
 PSYoungGen      total 7680K, used 1526K [0x00000000d5580000, 0x00000000d5e80000, 0x0000000100000000)
  eden space 7168K, 16% used [0x00000000d5580000,0x00000000d56a5800,0x00000000d5c80000)
  from space 512K, 68% used [0x00000000d5e00000,0x00000000d5e58020,0x00000000d5e80000)
  to   space 512K, 0% used [0x00000000d5d80000,0x00000000d5d80000,0x00000000d5e00000)
 ParOldGen       total 119296K, used 118814K [0x0000000080000000, 0x0000000087480000, 0x00000000d5580000)
  object space 119296K, 99% used [0x0000000080000000,0x0000000087407b48,0x0000000087480000)
 Metaspace       used 67443K, committed 68864K, reserved 1114112K
  class space    used 7103K, committed 7680K, reserved 1048576K

Card table byte_map: [0x000001e6c8350000,0x000001e6c8760000] _byte_map_base: 0x000001e6c7f50000

Marking Bits: (ParMarkBitMap*) 0x00007ffc5a2c2460
 Begin Bits: [0x000001e6dae60000, 0x000001e6dce60000)
 End Bits:   [0x000001e6dce60000, 0x000001e6dee60000)

Polling page: 0x000001e6c67a0000

Metaspace:

Usage:
  Non-class:     58.93 MB used.
      Class:      6.94 MB used.
       Both:     65.86 MB used.

Virtual space:
  Non-class space:       64.00 MB reserved,      59.75 MB ( 93%) committed,  1 nodes.
      Class space:        1.00 GB reserved,       7.50 MB ( <1%) committed,  1 nodes.
             Both:        1.06 GB reserved,      67.25 MB (  6%) committed. 

Chunk freelists:
   Non-Class:  3.82 MB
       Class:  8.46 MB
        Both:  12.29 MB

MaxMetaspaceSize: unlimited
CompressedClassSpaceSize: 1.00 GB
Initial GC threshold: 21.00 MB
Current GC threshold: 97.31 MB
CDS: on
 - commit_granule_bytes: 65536.
 - commit_granule_words: 8192.
 - virtual_space_node_default_size: 8388608.
 - enlarge_chunks_in_place: 1.
 - use_allocation_guard: 0.


Internal statistics:

num_allocs_failed_limit: 11.
num_arena_births: 1224.
num_arena_deaths: 16.
num_vsnodes_births: 2.
num_vsnodes_deaths: 0.
num_space_committed: 1076.
num_space_uncommitted: 0.
num_chunks_returned_to_freelist: 28.
num_chunks_taken_from_freelist: 4610.
num_chunk_merges: 12.
num_chunk_splits: 2707.
num_chunks_enlarged: 1335.
num_inconsistent_stats: 0.

CodeHeap 'non-profiled nmethods': size=120000Kb used=7303Kb max_used=7303Kb free=112696Kb
 bounds [0x000001e6d3680000, 0x000001e6d3db0000, 0x000001e6dabb0000]
CodeHeap 'profiled nmethods': size=120000Kb used=24277Kb max_used=24277Kb free=95722Kb
 bounds [0x000001e6cbbb0000, 0x000001e6cd370000, 0x000001e6d30e0000]
CodeHeap 'non-nmethods': size=5760Kb used=1450Kb max_used=1537Kb free=4309Kb
 bounds [0x000001e6d30e0000, 0x000001e6d3350000, 0x000001e6d3680000]
CodeCache: size=245760Kb, used=33030Kb, max_used=33117Kb, free=212727Kb
 total_blobs=11995, nmethods=11230, adapters=670, full_count=0
Compilation: enabled, stopped_count=0, restarted_count=0

Compilation events (20 events):
Event: 11812.207 Thread 0x000001e6c8942190 11992       3       org.eclipse.core.internal.resources.CharsetManager::internalGetCharsetFor (63 bytes)
Event: 11812.208 Thread 0x000001e6c8942190 nmethod 11992 0x000001e6cd353d10 code [0x000001e6cd353f20, 0x000001e6cd3543e0]
Event: 11812.208 Thread 0x000001e6c8942190 11991       3       org.eclipse.core.internal.resources.CharsetManager::getCharsetFor (90 bytes)
Event: 11812.208 Thread 0x000001e6c8942190 nmethod 11991 0x000001e6cd354610 code [0x000001e6cd354880, 0x000001e6cd3550c0]
Event: 11812.208 Thread 0x000001e6c8942190 11993       3       java.io.ByteArrayInputStream::<init> (26 bytes)
Event: 11812.209 Thread 0x000001e6c8942190 nmethod 11993 0x000001e6cd355490 code [0x000001e6cd355640, 0x000001e6cd355840]
Event: 11812.209 Thread 0x000001e6c8942190 11994       1       org.eclipse.core.internal.jobs.InternalJob::getPriority (5 bytes)
Event: 11812.209 Thread 0x000001e6c8942190 nmethod 11994 0x000001e6d3d9ed10 code [0x000001e6d3d9eea0, 0x000001e6d3d9ef68]
Event: 11812.223 Thread 0x000001e6c8942190 11995       1       org.eclipse.lsp4j.ClientCapabilities::getWindow (5 bytes)
Event: 11812.223 Thread 0x000001e6c8942190 nmethod 11995 0x000001e6d3d9f010 code [0x000001e6d3d9f1a0, 0x000001e6d3d9f268]
Event: 11812.225 Thread 0x000001e6c8942190 11997       1       org.eclipse.osgi.framework.log.FrameworkLogEntry::getSeverity (5 bytes)
Event: 11812.225 Thread 0x000001e6c8942190 nmethod 11997 0x000001e6d3d9f310 code [0x000001e6d3d9f4a0, 0x000001e6d3d9f568]
Event: 11812.833 Thread 0x000001e6c8942190 11998       3       org.eclipse.jdt.internal.core.CompilationUnit::resource (37 bytes)
Event: 11812.834 Thread 0x000001e6c8942190 nmethod 11998 0x000001e6cd355990 code [0x000001e6cd355bc0, 0x000001e6cd3565e0]
Event: 11812.838 Thread 0x000001e6c8942190 12001       1       java.lang.Runtime$Version::version (5 bytes)
Event: 11812.839 Thread 0x000001e6c8942190 nmethod 12001 0x000001e6d3d9f610 code [0x000001e6d3d9f7a0, 0x000001e6d3d9f868]
Event: 11812.839 Thread 0x000001e6c8942190 12000       1       org.eclipse.jdt.internal.compiler.impl.CompilerOptions::getLatestVersion (4 bytes)
Event: 11812.839 Thread 0x000001e6c8942190 nmethod 12000 0x000001e6d3d9f910 code [0x000001e6d3d9faa0, 0x000001e6d3d9fb50]
Event: 11812.840 Thread 0x000001e6c8942190 12003       1       lombok.core.AST::setTop (6 bytes)
Event: 11812.840 Thread 0x000001e6c8942190 nmethod 12003 0x000001e6d3d9fc10 code [0x000001e6d3d9fda0, 0x000001e6d3d9fe80]

GC Heap History (20 events):
Event: 208.097 GC heap before
{Heap before GC invocations=143 (full 3):
 PSYoungGen      total 8192K, used 7747K [0x00000000d5580000, 0x00000000d5f00000, 0x0000000100000000)
  eden space 7168K, 100% used [0x00000000d5580000,0x00000000d5c80000,0x00000000d5c80000)
  from space 1024K, 56% used [0x00000000d5c80000,0x00000000d5d10c50,0x00000000d5d80000)
  to   space 1024K, 0% used [0x00000000d5e00000,0x00000000d5e00000,0x00000000d5f00000)
 ParOldGen       total 115200K, used 114159K [0x0000000080000000, 0x0000000087080000, 0x00000000d5580000)
  object space 115200K, 99% used [0x0000000080000000,0x0000000086f7bd88,0x0000000087080000)
 Metaspace       used 66549K, committed 67968K, reserved 1114112K
  class space    used 7058K, committed 7616K, reserved 1048576K
}
Event: 208.100 GC heap after
{Heap after GC invocations=143 (full 3):
 PSYoungGen      total 8192K, used 1005K [0x00000000d5580000, 0x00000000d5f80000, 0x0000000100000000)
  eden space 7168K, 0% used [0x00000000d5580000,0x00000000d5580000,0x00000000d5c80000)
  from space 1024K, 98% used [0x00000000d5e00000,0x00000000d5efb510,0x00000000d5f00000)
  to   space 1536K, 0% used [0x00000000d5c80000,0x00000000d5c80000,0x00000000d5e00000)
 ParOldGen       total 115200K, used 114559K [0x0000000080000000, 0x0000000087080000, 0x00000000d5580000)
  object space 115200K, 99% used [0x0000000080000000,0x0000000086fdfd88,0x0000000087080000)
 Metaspace       used 66549K, committed 67968K, reserved 1114112K
  class space    used 7058K, committed 7616K, reserved 1048576K
}
Event: 208.180 GC heap before
{Heap before GC invocations=144 (full 3):
 PSYoungGen      total 8192K, used 8173K [0x00000000d5580000, 0x00000000d5f80000, 0x0000000100000000)
  eden space 7168K, 100% used [0x00000000d5580000,0x00000000d5c80000,0x00000000d5c80000)
  from space 1024K, 98% used [0x00000000d5e00000,0x00000000d5efb510,0x00000000d5f00000)
  to   space 1536K, 0% used [0x00000000d5c80000,0x00000000d5c80000,0x00000000d5e00000)
 ParOldGen       total 115200K, used 114559K [0x0000000080000000, 0x0000000087080000, 0x00000000d5580000)
  object space 115200K, 99% used [0x0000000080000000,0x0000000086fdfd88,0x0000000087080000)
 Metaspace       used 66585K, committed 68032K, reserved 1114112K
  class space    used 7059K, committed 7616K, reserved 1048576K
}
Event: 208.183 GC heap after
{Heap after GC invocations=144 (full 3):
 PSYoungGen      total 8704K, used 1512K [0x00000000d5580000, 0x00000000d6280000, 0x0000000100000000)
  eden space 7168K, 0% used [0x00000000d5580000,0x00000000d5580000,0x00000000d5c80000)
  from space 1536K, 98% used [0x00000000d5c80000,0x00000000d5dfa1e0,0x00000000d5e00000)
  to   space 3072K, 0% used [0x00000000d5f80000,0x00000000d5f80000,0x00000000d6280000)
 ParOldGen       total 116224K, used 115715K [0x0000000080000000, 0x0000000087180000, 0x00000000d5580000)
  object space 116224K, 99% used [0x0000000080000000,0x0000000087100ca0,0x0000000087180000)
 Metaspace       used 66585K, committed 68032K, reserved 1114112K
  class space    used 7059K, committed 7616K, reserved 1048576K
}
Event: 208.347 GC heap before
{Heap before GC invocations=145 (full 3):
 PSYoungGen      total 8704K, used 8670K [0x00000000d5580000, 0x00000000d6280000, 0x0000000100000000)
  eden space 7168K, 99% used [0x00000000d5580000,0x00000000d5c7d680,0x00000000d5c80000)
  from space 1536K, 98% used [0x00000000d5c80000,0x00000000d5dfa1e0,0x00000000d5e00000)
  to   space 3072K, 0% used [0x00000000d5f80000,0x00000000d5f80000,0x00000000d6280000)
 ParOldGen       total 116224K, used 115715K [0x0000000080000000, 0x0000000087180000, 0x00000000d5580000)
  object space 116224K, 99% used [0x0000000080000000,0x0000000087100ca0,0x0000000087180000)
 Metaspace       used 66630K, committed 68160K, reserved 1114112K
  class space    used 7060K, committed 7616K, reserved 1048576K
}
Event: 208.349 GC heap after
{Heap after GC invocations=145 (full 3):
 PSYoungGen      total 8704K, used 1266K [0x00000000d5580000, 0x00000000d6100000, 0x0000000100000000)
  eden space 7168K, 0% used [0x00000000d5580000,0x00000000d5580000,0x00000000d5c80000)
  from space 1536K, 82% used [0x00000000d5f80000,0x00000000d60bcba8,0x00000000d6100000)
  to   space 2048K, 0% used [0x00000000d5d00000,0x00000000d5d00000,0x00000000d5f00000)
 ParOldGen       total 116224K, used 115811K [0x0000000080000000, 0x0000000087180000, 0x00000000d5580000)
  object space 116224K, 99% used [0x0000000080000000,0x0000000087118ca0,0x0000000087180000)
 Metaspace       used 66630K, committed 68160K, reserved 1114112K
  class space    used 7060K, committed 7616K, reserved 1048576K
}
Event: 208.463 GC heap before
{Heap before GC invocations=146 (full 3):
 PSYoungGen      total 8704K, used 8434K [0x00000000d5580000, 0x00000000d6100000, 0x0000000100000000)
  eden space 7168K, 100% used [0x00000000d5580000,0x00000000d5c80000,0x00000000d5c80000)
  from space 1536K, 82% used [0x00000000d5f80000,0x00000000d60bcba8,0x00000000d6100000)
  to   space 2048K, 0% used [0x00000000d5d00000,0x00000000d5d00000,0x00000000d5f00000)
 ParOldGen       total 116224K, used 115811K [0x0000000080000000, 0x0000000087180000, 0x00000000d5580000)
  object space 116224K, 99% used [0x0000000080000000,0x0000000087118ca0,0x0000000087180000)
 Metaspace       used 66735K, committed 68288K, reserved 1114112K
  class space    used 7068K, committed 7680K, reserved 1048576K
}
Event: 208.465 GC heap after
{Heap after GC invocations=146 (full 3):
 PSYoungGen      total 8192K, used 907K [0x00000000d5580000, 0x00000000d6000000, 0x0000000100000000)
  eden space 7168K, 0% used [0x00000000d5580000,0x00000000d5580000,0x00000000d5c80000)
  from space 1024K, 88% used [0x00000000d5d00000,0x00000000d5de2c88,0x00000000d5e00000)
  to   space 1536K, 0% used [0x00000000d5e80000,0x00000000d5e80000,0x00000000d6000000)
 ParOldGen       total 116736K, used 116539K [0x0000000080000000, 0x0000000087200000, 0x00000000d5580000)
  object space 116736K, 99% used [0x0000000080000000,0x00000000871cecc0,0x0000000087200000)
 Metaspace       used 66735K, committed 68288K, reserved 1114112K
  class space    used 7068K, committed 7680K, reserved 1048576K
}
Event: 306.364 GC heap before
{Heap before GC invocations=147 (full 3):
 PSYoungGen      total 8192K, used 8075K [0x00000000d5580000, 0x00000000d6000000, 0x0000000100000000)
  eden space 7168K, 100% used [0x00000000d5580000,0x00000000d5c80000,0x00000000d5c80000)
  from space 1024K, 88% used [0x00000000d5d00000,0x00000000d5de2c88,0x00000000d5e00000)
  to   space 1536K, 0% used [0x00000000d5e80000,0x00000000d5e80000,0x00000000d6000000)
 ParOldGen       total 116736K, used 116539K [0x0000000080000000, 0x0000000087200000, 0x00000000d5580000)
  object space 116736K, 99% used [0x0000000080000000,0x00000000871cecc0,0x0000000087200000)
 Metaspace       used 66986K, committed 68480K, reserved 1114112K
  class space    used 7089K, committed 7680K, reserved 1048576K
}
Event: 306.366 GC heap after
{Heap after GC invocations=147 (full 3):
 PSYoungGen      total 7680K, used 416K [0x00000000d5580000, 0x00000000d5f00000, 0x0000000100000000)
  eden space 7168K, 0% used [0x00000000d5580000,0x00000000d5580000,0x00000000d5c80000)
  from space 512K, 81% used [0x00000000d5e80000,0x00000000d5ee8000,0x00000000d5f00000)
  to   space 1024K, 0% used [0x00000000d5d00000,0x00000000d5d00000,0x00000000d5e00000)
 ParOldGen       total 117760K, used 117251K [0x0000000080000000, 0x0000000087300000, 0x00000000d5580000)
  object space 117760K, 99% used [0x0000000080000000,0x0000000087280d48,0x0000000087300000)
 Metaspace       used 66986K, committed 68480K, reserved 1114112K
  class space    used 7089K, committed 7680K, reserved 1048576K
}
Event: 501.951 GC heap before
{Heap before GC invocations=148 (full 3):
 PSYoungGen      total 7680K, used 7571K [0x00000000d5580000, 0x00000000d5f00000, 0x0000000100000000)
  eden space 7168K, 99% used [0x00000000d5580000,0x00000000d5c7ccd0,0x00000000d5c80000)
  from space 512K, 81% used [0x00000000d5e80000,0x00000000d5ee8000,0x00000000d5f00000)
  to   space 1024K, 0% used [0x00000000d5d00000,0x00000000d5d00000,0x00000000d5e00000)
 ParOldGen       total 117760K, used 117251K [0x0000000080000000, 0x0000000087300000, 0x00000000d5580000)
  object space 117760K, 99% used [0x0000000080000000,0x0000000087280d48,0x0000000087300000)
 Metaspace       used 67128K, committed 68608K, reserved 1114112K
  class space    used 7100K, committed 7680K, reserved 1048576K
}
Event: 501.955 GC heap after
{Heap after GC invocations=148 (full 3):
 PSYoungGen      total 8192K, used 1018K [0x00000000d5580000, 0x00000000d6080000, 0x0000000100000000)
  eden space 7168K, 0% used [0x00000000d5580000,0x00000000d5580000,0x00000000d5c80000)
  from space 1024K, 99% used [0x00000000d5d00000,0x00000000d5dfe888,0x00000000d5e00000)
  to   space 2048K, 0% used [0x00000000d5e80000,0x00000000d5e80000,0x00000000d6080000)
 ParOldGen       total 118272K, used 117866K [0x0000000080000000, 0x0000000087380000, 0x00000000d5580000)
  object space 118272K, 99% used [0x0000000080000000,0x000000008731a8e8,0x0000000087380000)
 Metaspace       used 67128K, committed 68608K, reserved 1114112K
  class space    used 7100K, committed 7680K, reserved 1048576K
}
Event: 1710.940 GC heap before
{Heap before GC invocations=149 (full 3):
 PSYoungGen      total 8192K, used 8186K [0x00000000d5580000, 0x00000000d6080000, 0x0000000100000000)
  eden space 7168K, 100% used [0x00000000d5580000,0x00000000d5c80000,0x00000000d5c80000)
  from space 1024K, 99% used [0x00000000d5d00000,0x00000000d5dfe888,0x00000000d5e00000)
  to   space 2048K, 0% used [0x00000000d5e80000,0x00000000d5e80000,0x00000000d6080000)
 ParOldGen       total 118272K, used 117866K [0x0000000080000000, 0x0000000087380000, 0x00000000d5580000)
  object space 118272K, 99% used [0x0000000080000000,0x000000008731a8e8,0x0000000087380000)
 Metaspace       used 67229K, committed 68736K, reserved 1114112K
  class space    used 7101K, committed 7680K, reserved 1048576K
}
Event: 1710.943 GC heap after
{Heap after GC invocations=149 (full 3):
 PSYoungGen      total 7680K, used 496K [0x00000000d5580000, 0x00000000d5f00000, 0x0000000100000000)
  eden space 7168K, 0% used [0x00000000d5580000,0x00000000d5580000,0x00000000d5c80000)
  from space 512K, 96% used [0x00000000d5e80000,0x00000000d5efc030,0x00000000d5f00000)
  to   space 1024K, 0% used [0x00000000d5d00000,0x00000000d5d00000,0x00000000d5e00000)
 ParOldGen       total 118784K, used 118406K [0x0000000080000000, 0x0000000087400000, 0x00000000d5580000)
  object space 118784K, 99% used [0x0000000080000000,0x00000000873a1b28,0x0000000087400000)
 Metaspace       used 67229K, committed 68736K, reserved 1114112K
  class space    used 7101K, committed 7680K, reserved 1048576K
}
Event: 1737.442 GC heap before
{Heap before GC invocations=150 (full 3):
 PSYoungGen      total 7680K, used 7664K [0x00000000d5580000, 0x00000000d5f00000, 0x0000000100000000)
  eden space 7168K, 100% used [0x00000000d5580000,0x00000000d5c80000,0x00000000d5c80000)
  from space 512K, 96% used [0x00000000d5e80000,0x00000000d5efc030,0x00000000d5f00000)
  to   space 1024K, 0% used [0x00000000d5d00000,0x00000000d5d00000,0x00000000d5e00000)
 ParOldGen       total 118784K, used 118406K [0x0000000080000000, 0x0000000087400000, 0x00000000d5580000)
  object space 118784K, 99% used [0x0000000080000000,0x00000000873a1b28,0x0000000087400000)
 Metaspace       used 67282K, committed 68736K, reserved 1114112K
  class space    used 7102K, committed 7680K, reserved 1048576K
}
Event: 1737.446 GC heap after
{Heap after GC invocations=150 (full 3):
 PSYoungGen      total 8192K, used 544K [0x00000000d5580000, 0x00000000d5f00000, 0x0000000100000000)
  eden space 7168K, 0% used [0x00000000d5580000,0x00000000d5580000,0x00000000d5c80000)
  from space 1024K, 53% used [0x00000000d5d00000,0x00000000d5d88000,0x00000000d5e00000)
  to   space 1024K, 0% used [0x00000000d5e00000,0x00000000d5e00000,0x00000000d5f00000)
 ParOldGen       total 118784K, used 118646K [0x0000000080000000, 0x0000000087400000, 0x00000000d5580000)
  object space 118784K, 99% used [0x0000000080000000,0x00000000873ddb48,0x0000000087400000)
 Metaspace       used 67282K, committed 68736K, reserved 1114112K
  class space    used 7102K, committed 7680K, reserved 1048576K
}
Event: 9363.358 GC heap before
{Heap before GC invocations=151 (full 3):
 PSYoungGen      total 8192K, used 7712K [0x00000000d5580000, 0x00000000d5f00000, 0x0000000100000000)
  eden space 7168K, 100% used [0x00000000d5580000,0x00000000d5c80000,0x00000000d5c80000)
  from space 1024K, 53% used [0x00000000d5d00000,0x00000000d5d88000,0x00000000d5e00000)
  to   space 1024K, 0% used [0x00000000d5e00000,0x00000000d5e00000,0x00000000d5f00000)
 ParOldGen       total 118784K, used 118646K [0x0000000080000000, 0x0000000087400000, 0x00000000d5580000)
  object space 118784K, 99% used [0x0000000080000000,0x00000000873ddb48,0x0000000087400000)
 Metaspace       used 67348K, committed 68800K, reserved 1114112K
  class space    used 7102K, committed 7680K, reserved 1048576K
}
Event: 9363.360 GC heap after
{Heap after GC invocations=151 (full 3):
 PSYoungGen      total 8192K, used 560K [0x00000000d5580000, 0x00000000d5f00000, 0x0000000100000000)
  eden space 7168K, 0% used [0x00000000d5580000,0x00000000d5580000,0x00000000d5c80000)
  from space 1024K, 54% used [0x00000000d5e00000,0x00000000d5e8c030,0x00000000d5f00000)
  to   space 1024K, 0% used [0x00000000d5d00000,0x00000000d5d00000,0x00000000d5e00000)
 ParOldGen       total 118784K, used 118702K [0x0000000080000000, 0x0000000087400000, 0x00000000d5580000)
  object space 118784K, 99% used [0x0000000080000000,0x00000000873ebb48,0x0000000087400000)
 Metaspace       used 67348K, committed 68800K, reserved 1114112K
  class space    used 7102K, committed 7680K, reserved 1048576K
}
Event: 11810.008 GC heap before
{Heap before GC invocations=152 (full 3):
 PSYoungGen      total 8192K, used 7728K [0x00000000d5580000, 0x00000000d5f00000, 0x0000000100000000)
  eden space 7168K, 100% used [0x00000000d5580000,0x00000000d5c80000,0x00000000d5c80000)
  from space 1024K, 54% used [0x00000000d5e00000,0x00000000d5e8c030,0x00000000d5f00000)
  to   space 1024K, 0% used [0x00000000d5d00000,0x00000000d5d00000,0x00000000d5e00000)
 ParOldGen       total 118784K, used 118702K [0x0000000080000000, 0x0000000087400000, 0x00000000d5580000)
  object space 118784K, 99% used [0x0000000080000000,0x00000000873ebb48,0x0000000087400000)
 Metaspace       used 67410K, committed 68864K, reserved 1114112K
  class space    used 7102K, committed 7680K, reserved 1048576K
}
Event: 11810.013 GC heap after
{Heap after GC invocations=152 (full 3):
 PSYoungGen      total 8192K, used 192K [0x00000000d5580000, 0x00000000d5e80000, 0x0000000100000000)
  eden space 7168K, 0% used [0x00000000d5580000,0x00000000d5580000,0x00000000d5c80000)
  from space 1024K, 18% used [0x00000000d5d00000,0x00000000d5d30000,0x00000000d5e00000)
  to   space 512K, 0% used [0x00000000d5e00000,0x00000000d5e00000,0x00000000d5e80000)
 ParOldGen       total 118784K, used 118750K [0x0000000080000000, 0x0000000087400000, 0x00000000d5580000)
  object space 118784K, 99% used [0x0000000080000000,0x00000000873f7b48,0x0000000087400000)
 Metaspace       used 67410K, committed 68864K, reserved 1114112K
  class space    used 7102K, committed 7680K, reserved 1048576K
}

Dll operation events (10 events):
Event: 0.026 Loaded shared library c:\Users\Maghraby Store\.vscode\extensions\redhat.java-1.50.0-win32-x64\jre\21.0.9-win32-x86_64\bin\java.dll
Event: 0.149 Loaded shared library c:\Users\Maghraby Store\.vscode\extensions\redhat.java-1.50.0-win32-x64\jre\21.0.9-win32-x86_64\bin\zip.dll
Event: 0.173 Loaded shared library C:\Users\Maghraby Store\.vscode\extensions\redhat.java-1.50.0-win32-x64\jre\21.0.9-win32-x86_64\bin\instrument.dll
Event: 0.181 Loaded shared library C:\Users\Maghraby Store\.vscode\extensions\redhat.java-1.50.0-win32-x64\jre\21.0.9-win32-x86_64\bin\net.dll
Event: 0.184 Loaded shared library C:\Users\Maghraby Store\.vscode\extensions\redhat.java-1.50.0-win32-x64\jre\21.0.9-win32-x86_64\bin\nio.dll
Event: 0.188 Loaded shared library C:\Users\Maghraby Store\.vscode\extensions\redhat.java-1.50.0-win32-x64\jre\21.0.9-win32-x86_64\bin\zip.dll
Event: 0.210 Loaded shared library C:\Users\Maghraby Store\.vscode\extensions\redhat.java-1.50.0-win32-x64\jre\21.0.9-win32-x86_64\bin\jimage.dll
Event: 0.309 Loaded shared library c:\Users\Maghraby Store\.vscode\extensions\redhat.java-1.50.0-win32-x64\jre\21.0.9-win32-x86_64\bin\verify.dll
Event: 2.233 Loaded shared library C:\Users\Maghraby Store\AppData\Roaming\Code\User\globalStorage\redhat.java\1.50.0\config_win\org.eclipse.equinox.launcher\org.eclipse.equinox.launcher.win32.win32.x86_64_1.2.1400.v20250801-0854\eclipse_11916.dll
Event: 4.772 Loaded shared library C:\Users\Maghraby Store\AppData\Local\Temp\jna--607650244\jna6731643448423898563.dll

Deoptimization events (20 events):
Event: 1663.805 Thread 0x000001e6e5f1b490 Uncommon trap: trap_request=0xffffffd6 fr.pc=0x000001e6d3d34540 relative=0x0000000000005c00
Event: 1663.805 Thread 0x000001e6e5f1b490 Uncommon trap: reason=array_check action=maybe_recompile pc=0x000001e6d3d34540 method=org.eclipse.jdt.internal.compiler.classfmt.ModuleInfo.readModuleAttribute(I)V @ 1029 c2
Event: 1663.805 Thread 0x000001e6e5f1b490 DEOPT PACKING pc=0x000001e6d3d34540 sp=0x0000009fa73fe170
Event: 1663.806 Thread 0x000001e6e5f1b490 DEOPT UNPACKING pc=0x000001e6d3133aa2 sp=0x0000009fa73fe0e8 mode 2
Event: 1663.806 Thread 0x000001e6e5f1b490 Uncommon trap: trap_request=0xffffffd6 fr.pc=0x000001e6d3d34540 relative=0x0000000000005c00
Event: 1663.806 Thread 0x000001e6e5f1b490 Uncommon trap: reason=array_check action=maybe_recompile pc=0x000001e6d3d34540 method=org.eclipse.jdt.internal.compiler.classfmt.ModuleInfo.readModuleAttribute(I)V @ 1029 c2
Event: 1663.806 Thread 0x000001e6e5f1b490 DEOPT PACKING pc=0x000001e6d3d34540 sp=0x0000009fa73fe170
Event: 1663.806 Thread 0x000001e6e5f1b490 DEOPT UNPACKING pc=0x000001e6d3133aa2 sp=0x0000009fa73fe0e8 mode 2
Event: 1663.807 Thread 0x000001e6e5f1b490 Uncommon trap: trap_request=0xffffffd6 fr.pc=0x000001e6d3d34540 relative=0x0000000000005c00
Event: 1663.807 Thread 0x000001e6e5f1b490 Uncommon trap: reason=array_check action=maybe_recompile pc=0x000001e6d3d34540 method=org.eclipse.jdt.internal.compiler.classfmt.ModuleInfo.readModuleAttribute(I)V @ 1029 c2
Event: 1663.807 Thread 0x000001e6e5f1b490 DEOPT PACKING pc=0x000001e6d3d34540 sp=0x0000009fa73fe170
Event: 1663.807 Thread 0x000001e6e5f1b490 DEOPT UNPACKING pc=0x000001e6d3133aa2 sp=0x0000009fa73fe0e8 mode 2
Event: 1663.807 Thread 0x000001e6e5f1b490 Uncommon trap: trap_request=0xffffffd6 fr.pc=0x000001e6d3d34540 relative=0x0000000000005c00
Event: 1663.807 Thread 0x000001e6e5f1b490 Uncommon trap: reason=array_check action=maybe_recompile pc=0x000001e6d3d34540 method=org.eclipse.jdt.internal.compiler.classfmt.ModuleInfo.readModuleAttribute(I)V @ 1029 c2
Event: 1663.807 Thread 0x000001e6e5f1b490 DEOPT PACKING pc=0x000001e6d3d34540 sp=0x0000009fa73fe170
Event: 1663.807 Thread 0x000001e6e5f1b490 DEOPT UNPACKING pc=0x000001e6d3133aa2 sp=0x0000009fa73fe0e8 mode 2
Event: 9363.356 Thread 0x000001e6e5f1ae00 DEOPT PACKING pc=0x000001e6ccfa11e1 sp=0x0000009fa73fda00
Event: 9363.356 Thread 0x000001e6e5f1ae00 DEOPT UNPACKING pc=0x000001e6d3134242 sp=0x0000009fa73fcf30 mode 0
Event: 9363.368 Thread 0x000001e6e5f1ae00 DEOPT PACKING pc=0x000001e6ccf55f05 sp=0x0000009fa73fe130
Event: 9363.368 Thread 0x000001e6e5f1ae00 DEOPT UNPACKING pc=0x000001e6d3134242 sp=0x0000009fa73fd570 mode 0

Classes loaded (20 events):
Event: 81.056 Loading class java/nio/BufferMismatch
Event: 81.056 Loading class java/nio/BufferMismatch done
Event: 81.082 Loading class java/util/ImmutableCollections$SubList
Event: 81.082 Loading class java/util/ImmutableCollections$SubList done
Event: 306.319 Loading class java/util/stream/Nodes$CollectorTask$OfRef
Event: 306.319 Loading class java/util/stream/Nodes$CollectorTask
Event: 306.320 Loading class java/util/stream/Nodes$CollectorTask done
Event: 306.320 Loading class java/util/stream/Nodes$CollectorTask$OfRef done
Event: 306.320 Loading class java/util/function/LongFunction
Event: 306.320 Loading class java/util/function/LongFunction done
Event: 306.321 Loading class java/util/stream/Nodes$ConcNode
Event: 306.321 Loading class java/util/stream/Nodes$AbstractConcNode
Event: 306.321 Loading class java/util/stream/Nodes$AbstractConcNode done
Event: 306.321 Loading class java/util/stream/Nodes$ConcNode done
Event: 306.348 Loading class java/io/ObjectOutputStream$BlockDataOutputStream
Event: 306.349 Loading class java/io/ObjectOutputStream$BlockDataOutputStream done
Event: 306.349 Loading class java/io/ObjectOutputStream$HandleTable
Event: 306.349 Loading class java/io/ObjectOutputStream$HandleTable done
Event: 306.349 Loading class java/io/ObjectOutputStream$ReplaceTable
Event: 306.349 Loading class java/io/ObjectOutputStream$ReplaceTable done

Classes unloaded (8 events):
Event: 5.884 Thread 0x000001e6c8922620 Unloading class 0x000001e6811a8c00 'java/lang/invoke/LambdaForm$MH+0x000001e6811a8c00'
Event: 5.884 Thread 0x000001e6c8922620 Unloading class 0x000001e6811a8800 'java/lang/invoke/LambdaForm$MH+0x000001e6811a8800'
Event: 5.884 Thread 0x000001e6c8922620 Unloading class 0x000001e6811a8400 'java/lang/invoke/LambdaForm$MH+0x000001e6811a8400'
Event: 5.884 Thread 0x000001e6c8922620 Unloading class 0x000001e6811a8000 'java/lang/invoke/LambdaForm$MH+0x000001e6811a8000'
Event: 5.884 Thread 0x000001e6c8922620 Unloading class 0x000001e6811a7c00 'java/lang/invoke/LambdaForm$BMH+0x000001e6811a7c00'
Event: 5.884 Thread 0x000001e6c8922620 Unloading class 0x000001e6811a7800 'java/lang/invoke/LambdaForm$DMH+0x000001e6811a7800'
Event: 5.885 Thread 0x000001e6c8922620 Unloading class 0x000001e6811a6400 'java/lang/invoke/LambdaForm$DMH+0x000001e6811a6400'
Event: 17.761 Thread 0x000001e6c8922620 Unloading class 0x000001e68167c800 'java/lang/invoke/LambdaForm$DMH+0x000001e68167c800'

Classes redefined (0 events):
No events

Internal exceptions (20 events):
Event: 208.149 Thread 0x000001e6ec6d1f50 Exception <a 'sun/nio/fs/WindowsException'{0x00000000d5a4eb70}> (0x00000000d5a4eb70) 
thrown [s\src\hotspot\share\prims\jni.cpp, line 520]
Event: 208.150 Thread 0x000001e6ec6d1230 Exception <a 'sun/nio/fs/WindowsException'{0x00000000d5a3cfc8}> (0x00000000d5a3cfc8) 
thrown [s\src\hotspot\share\prims\jni.cpp, line 520]
Event: 208.333 Thread 0x000001e6e632c200 Exception <a 'sun/nio/fs/WindowsException'{0x00000000d5bb6618}> (0x00000000d5bb6618) 
thrown [s\src\hotspot\share\prims\jni.cpp, line 520]
Event: 208.333 Thread 0x000001e6ec6d18c0 Exception <a 'sun/nio/fs/WindowsException'{0x00000000d5bd0730}> (0x00000000d5bd0730) 
thrown [s\src\hotspot\share\prims\jni.cpp, line 520]
Event: 208.333 Thread 0x000001e6ec6d1230 Exception <a 'sun/nio/fs/WindowsException'{0x00000000d5bd2088}> (0x00000000d5bd2088) 
thrown [s\src\hotspot\share\prims\jni.cpp, line 520]
Event: 208.334 Thread 0x000001e6e5f1a0e0 Exception <a 'sun/nio/fs/WindowsException'{0x00000000d5bd4660}> (0x00000000d5bd4660) 
thrown [s\src\hotspot\share\prims\jni.cpp, line 520]
Event: 208.388 Thread 0x000001e6e632c200 Exception <a 'sun/nio/fs/WindowsException'{0x00000000d58e6c58}> (0x00000000d58e6c58) 
thrown [s\src\hotspot\share\prims\jni.cpp, line 520]
Event: 208.388 Thread 0x000001e6e632c200 Exception <a 'sun/nio/fs/WindowsException'{0x00000000d58e7500}> (0x00000000d58e7500) 
thrown [s\src\hotspot\share\prims\jni.cpp, line 520]
Event: 208.389 Thread 0x000001e6e632c200 Exception <a 'sun/nio/fs/WindowsException'{0x00000000d58e8588}> (0x00000000d58e8588) 
thrown [s\src\hotspot\share\prims\jni.cpp, line 520]
Event: 208.389 Thread 0x000001e6e632c200 Exception <a 'sun/nio/fs/WindowsException'{0x00000000d58e8ac0}> (0x00000000d58e8ac0) 
thrown [s\src\hotspot\share\prims\jni.cpp, line 520]
Event: 208.389 Thread 0x000001e6e632c200 Exception <a 'sun/nio/fs/WindowsException'{0x00000000d58e9bd0}> (0x00000000d58e9bd0) 
thrown [s\src\hotspot\share\prims\jni.cpp, line 520]
Event: 208.389 Thread 0x000001e6e632c200 Exception <a 'sun/nio/fs/WindowsException'{0x00000000d58ea478}> (0x00000000d58ea478) 
thrown [s\src\hotspot\share\prims\jni.cpp, line 520]
Event: 208.389 Thread 0x000001e6e632c200 Exception <a 'sun/nio/fs/WindowsException'{0x00000000d58eb3e8}> (0x00000000d58eb3e8) 
thrown [s\src\hotspot\share\prims\jni.cpp, line 520]
Event: 208.389 Thread 0x000001e6e632c200 Exception <a 'sun/nio/fs/WindowsException'{0x00000000d58ebc90}> (0x00000000d58ebc90) 
thrown [s\src\hotspot\share\prims\jni.cpp, line 520]
Event: 306.339 Thread 0x000001e6e632e2d0 Exception <a 'sun/nio/fs/WindowsException'{0x00000000d5c2c7e8}> (0x00000000d5c2c7e8) 
thrown [s\src\hotspot\share\prims\jni.cpp, line 520]
Event: 306.339 Thread 0x000001e6e632e2d0 Exception <a 'sun/nio/fs/WindowsException'{0x00000000d5c2d340}> (0x00000000d5c2d340) 
thrown [s\src\hotspot\share\prims\jni.cpp, line 520]
Event: 306.340 Thread 0x000001e6e632e2d0 Implicit null exception at 0x000001e6d3bf1289 to 0x000001e6d3bf163c
Event: 306.378 Thread 0x000001e6e632e2d0 Exception <a 'java/lang/NoSuchMethodError'{0x00000000d55b98e8}: static [J.<clinit>()V> (0x00000000d55b98e8) 
thrown [s\src\hotspot\share\prims\jni.cpp, line 1111]
Event: 306.389 Thread 0x000001e6e632e2d0 Exception <a 'java/lang/NoSuchMethodError'{0x00000000d55eba60}: 'java.lang.Object java.lang.invoke.DirectMethodHandle$Holder.newInvokeSpecial(java.lang.Object, java.lang.Object, java.lang.Object, java.lang.Object, java.lang.Object, java.lang.Object, java.lang.Object, java.lang.Object)'> (0x00000000d55eba60) 
thrown [s\src\hotspot\share\interpreter\linkResolver.cpp, line 773]
Event: 1795.540 Thread 0x000001e6ec6cf160 Exception <a 'java/lang/IncompatibleClassChangeError'{0x00000000d59c3c90}: Found class java.lang.Object, but interface was expected> (0x00000000d59c3c90) 
thrown [s\src\hotspot\share\interpreter\linkResolver.cpp, line 840]

ZGC Phase Switch (0 events):
No events

VM Operations (20 events):
Event: 11640.896 Executing VM operation: HandshakeAllThreads (HandshakeForDeflation)
Event: 11640.896 Executing VM operation: HandshakeAllThreads (HandshakeForDeflation) done
Event: 11640.897 Executing VM operation: RendezvousGCThreads
Event: 11640.897 Executing VM operation: RendezvousGCThreads done
Event: 11663.023 Executing VM operation: Cleanup
Event: 11663.023 Executing VM operation: Cleanup done
Event: 11701.031 Executing VM operation: HandshakeAllThreads (HandshakeForDeflation)
Event: 11701.031 Executing VM operation: HandshakeAllThreads (HandshakeForDeflation) done
Event: 11701.032 Executing VM operation: RendezvousGCThreads
Event: 11701.032 Executing VM operation: RendezvousGCThreads done
Event: 11809.716 Executing VM operation: Cleanup
Event: 11809.716 Executing VM operation: Cleanup done
Event: 11810.008 Executing VM operation: ParallelGCFailedAllocation (Allocation Failure)
Event: 11810.013 Executing VM operation: ParallelGCFailedAllocation (Allocation Failure) done
Event: 11811.019 Executing VM operation: Cleanup
Event: 11811.019 Executing VM operation: Cleanup done
Event: 11812.028 Executing VM operation: Cleanup
Event: 11812.028 Executing VM operation: Cleanup done
Event: 11813.028 Executing VM operation: Cleanup
Event: 11813.028 Executing VM operation: Cleanup done

Memory protections (0 events):
No events

Nmethod flushes (20 events):
Event: 17.793 Thread 0x000001e6c8922620 flushing  nmethod 0x000001e6cc395990
Event: 17.793 Thread 0x000001e6c8922620 flushing  nmethod 0x000001e6cc3dfb10
Event: 17.793 Thread 0x000001e6c8922620 flushing  nmethod 0x000001e6cc3f7910
Event: 17.793 Thread 0x000001e6c8922620 flushing  nmethod 0x000001e6cc40e590
Event: 17.793 Thread 0x000001e6c8922620 flushing  nmethod 0x000001e6cc412010
Event: 17.793 Thread 0x000001e6c8922620 flushing  nmethod 0x000001e6cc412390
Event: 17.793 Thread 0x000001e6c8922620 flushing  nmethod 0x000001e6cc412d10
Event: 17.793 Thread 0x000001e6c8922620 flushing  nmethod 0x000001e6cc413b10
Event: 17.793 Thread 0x000001e6c8922620 flushing  nmethod 0x000001e6cc416590
Event: 17.793 Thread 0x000001e6c8922620 flushing  nmethod 0x000001e6cc429310
Event: 17.793 Thread 0x000001e6c8922620 flushing  nmethod 0x000001e6cc444610
Event: 17.793 Thread 0x000001e6c8922620 flushing  nmethod 0x000001e6cc467990
Event: 17.793 Thread 0x000001e6c8922620 flushing  nmethod 0x000001e6cc467f90
Event: 17.793 Thread 0x000001e6c8922620 flushing  nmethod 0x000001e6cc46b910
Event: 17.793 Thread 0x000001e6c8922620 flushing  nmethod 0x000001e6cc46cf90
Event: 17.793 Thread 0x000001e6c8922620 flushing  nmethod 0x000001e6cc46d910
Event: 17.793 Thread 0x000001e6c8922620 flushing  nmethod 0x000001e6cc46dc90
Event: 17.793 Thread 0x000001e6c8922620 flushing  nmethod 0x000001e6cc487090
Event: 17.793 Thread 0x000001e6c8922620 flushing  nmethod 0x000001e6cc49d590
Event: 17.793 Thread 0x000001e6c8922620 flushing  nmethod 0x000001e6cc49d910

Events (20 events):
Event: 1742.495 Thread 0x000001e6ed4746c0 Thread exited: 0x000001e6ed4746c0
Event: 1773.000 Thread 0x000001e6c8942190 Thread added: 0x000001e6ed4746c0
Event: 1778.047 Thread 0x000001e6ed4746c0 Thread exited: 0x000001e6ed4746c0
Event: 1833.034 Thread 0x000001e6e5f1b490 Thread exited: 0x000001e6e5f1b490
Event: 1916.496 Thread 0x000001e6ec6cf160 Thread added: 0x000001e6e5f1c840
Event: 1976.496 Thread 0x000001e6e5f1c840 Thread exited: 0x000001e6e5f1c840
Event: 9362.958 Thread 0x000001e6ec6cf160 Thread added: 0x000001e6e5f1ae00
Event: 9363.369 Thread 0x000001e6c8942190 Thread added: 0x000001e6ecbe4800
Event: 9368.387 Thread 0x000001e6ecbe4800 Thread exited: 0x000001e6ecbe4800
Event: 9423.378 Thread 0x000001e6e5f1ae00 Thread exited: 0x000001e6e5f1ae00
Event: 11662.167 Thread 0x000001e6ec6cf160 Thread added: 0x000001e6e5f1ae00
Event: 11662.189 Thread 0x000001e6c8942190 Thread added: 0x000001e6ecbe4d20
Event: 11667.205 Thread 0x000001e6ecbe4d20 Thread exited: 0x000001e6ecbe4d20
Event: 11722.190 Thread 0x000001e6e5f1ae00 Thread exited: 0x000001e6e5f1ae00
Event: 11809.065 Thread 0x000001e6ec6cf160 Thread added: 0x000001e6e5f1c1b0
Event: 11809.065 Thread 0x000001e6e5f1e280 Thread exited: 0x000001e6e5f1e280
Event: 11810.027 Thread 0x000001e6c8942190 Thread added: 0x000001e6ecbe4d20
Event: 11811.155 Thread 0x000001e6ec6cf160 Thread added: 0x000001e6e5f1ced0
Event: 11812.205 Thread 0x000001e6ecbe4d20 Thread exited: 0x000001e6ecbe4d20
Event: 11812.208 Thread 0x000001e6e5f1c1b0 Thread added: 0x000001e6e5f1ae00


Dynamic libraries:
0x00007ff71dfb0000 - 0x00007ff71dfbe000 	c:\Users\Maghraby Store\.vscode\extensions\redhat.java-1.50.0-win32-x64\jre\21.0.9-win32-x86_64\bin\java.exe
0x00007ffcc4580000 - 0x00007ffcc47e7000 	C:\WINDOWS\SYSTEM32\ntdll.dll
0x00007ffcc25c0000 - 0x00007ffcc2689000 	C:\WINDOWS\System32\KERNEL32.DLL
0x00007ffcc16d0000 - 0x00007ffcc1abf000 	C:\WINDOWS\System32\KERNELBASE.dll
0x00007ffcc1ff0000 - 0x00007ffcc213b000 	C:\WINDOWS\System32\ucrtbase.dll
0x00007ffcb12b0000 - 0x00007ffcb12c8000 	c:\Users\Maghraby Store\.vscode\extensions\redhat.java-1.50.0-win32-x64\jre\21.0.9-win32-x86_64\bin\jli.dll
0x00007ffca3720000 - 0x00007ffca373e000 	c:\Users\Maghraby Store\.vscode\extensions\redhat.java-1.50.0-win32-x64\jre\21.0.9-win32-x86_64\bin\VCRUNTIME140.dll
0x00007ffcc37a0000 - 0x00007ffcc3965000 	C:\WINDOWS\System32\USER32.dll
0x00007ffca8720000 - 0x00007ffca89b3000 	C:\WINDOWS\WinSxS\amd64_microsoft.windows.common-controls_6595b64144ccf1df_6.0.26100.7309_none_3e05feeae336a044\COMCTL32.dll
0x00007ffcc1e50000 - 0x00007ffcc1e77000 	C:\WINDOWS\System32\win32u.dll
0x00007ffcc23f0000 - 0x00007ffcc2499000 	C:\WINDOWS\System32\msvcrt.dll
0x00007ffcc40d0000 - 0x00007ffcc40fb000 	C:\WINDOWS\System32\GDI32.dll
0x00007ffcc2140000 - 0x00007ffcc226c000 	C:\WINDOWS\System32\gdi32full.dll
0x00007ffcc2270000 - 0x00007ffcc2313000 	C:\WINDOWS\System32\msvcp_win.dll
0x00007ffcc3e20000 - 0x00007ffcc3e51000 	C:\WINDOWS\System32\IMM32.DLL
0x00007ffcb0d50000 - 0x00007ffcb0d5c000 	c:\Users\Maghraby Store\.vscode\extensions\redhat.java-1.50.0-win32-x64\jre\21.0.9-win32-x86_64\bin\vcruntime140_1.dll
0x00007ffc965d0000 - 0x00007ffc9665d000 	c:\Users\Maghraby Store\.vscode\extensions\redhat.java-1.50.0-win32-x64\jre\21.0.9-win32-x86_64\bin\msvcp140.dll
0x00007ffc59600000 - 0x00007ffc5a3a0000 	c:\Users\Maghraby Store\.vscode\extensions\redhat.java-1.50.0-win32-x64\jre\21.0.9-win32-x86_64\bin\server\jvm.dll
0x00007ffcc3600000 - 0x00007ffcc36b4000 	C:\WINDOWS\System32\ADVAPI32.dll
0x00007ffcc42e0000 - 0x00007ffcc4386000 	C:\WINDOWS\System32\sechost.dll
0x00007ffcc3e60000 - 0x00007ffcc3f78000 	C:\WINDOWS\System32\RPCRT4.dll
0x00007ffcc44c0000 - 0x00007ffcc4534000 	C:\WINDOWS\System32\WS2_32.dll
0x00007ffcc1530000 - 0x00007ffcc158e000 	C:\WINDOWS\SYSTEM32\POWRPROF.dll
0x00007ffcb13e0000 - 0x00007ffcb13eb000 	C:\WINDOWS\SYSTEM32\VERSION.dll
0x00007ffca90d0000 - 0x00007ffca9105000 	C:\WINDOWS\SYSTEM32\WINMM.dll
0x00007ffcc1510000 - 0x00007ffcc1524000 	C:\WINDOWS\SYSTEM32\UMPDC.dll
0x00007ffcc0440000 - 0x00007ffcc045b000 	C:\WINDOWS\SYSTEM32\kernel.appcore.dll
0x00007ffcaba10000 - 0x00007ffcaba1a000 	c:\Users\Maghraby Store\.vscode\extensions\redhat.java-1.50.0-win32-x64\jre\21.0.9-win32-x86_64\bin\jimage.dll
0x00007ffcbee10000 - 0x00007ffcbf052000 	C:\WINDOWS\SYSTEM32\DBGHELP.DLL
0x00007ffcc39e0000 - 0x00007ffcc3d65000 	C:\WINDOWS\System32\combase.dll
0x00007ffcc36c0000 - 0x00007ffcc3796000 	C:\WINDOWS\System32\OLEAUT32.dll
0x00007ffcabfa0000 - 0x00007ffcabfdc000 	C:\WINDOWS\SYSTEM32\dbgcore.DLL
0x00007ffcc1ad0000 - 0x00007ffcc1b75000 	C:\WINDOWS\System32\bcryptPrimitives.dll
0x00007ffcb7620000 - 0x00007ffcb762f000 	c:\Users\Maghraby Store\.vscode\extensions\redhat.java-1.50.0-win32-x64\jre\21.0.9-win32-x86_64\bin\instrument.dll
0x00007ffc9c4c0000 - 0x00007ffc9c4e0000 	c:\Users\Maghraby Store\.vscode\extensions\redhat.java-1.50.0-win32-x64\jre\21.0.9-win32-x86_64\bin\java.dll
0x00007ffcc2690000 - 0x00007ffcc2de3000 	C:\WINDOWS\System32\SHELL32.dll
0x00007ffcc1e80000 - 0x00007ffcc1fea000 	C:\WINDOWS\System32\wintypes.dll
0x00007ffcbf290000 - 0x00007ffcbfaee000 	C:\WINDOWS\SYSTEM32\windows.storage.dll
0x00007ffcc3f80000 - 0x00007ffcc4075000 	C:\WINDOWS\System32\SHCORE.dll
0x00007ffcc4100000 - 0x00007ffcc4166000 	C:\WINDOWS\System32\shlwapi.dll
0x00007ffcc15f0000 - 0x00007ffcc1619000 	C:\WINDOWS\SYSTEM32\profapi.dll
0x00007ffca3650000 - 0x00007ffca3668000 	c:\Users\Maghraby Store\.vscode\extensions\redhat.java-1.50.0-win32-x64\jre\21.0.9-win32-x86_64\bin\zip.dll
0x00007ffca4490000 - 0x00007ffca44a0000 	C:\Users\Maghraby Store\.vscode\extensions\redhat.java-1.50.0-win32-x64\jre\21.0.9-win32-x86_64\bin\net.dll
0x00007ffcb7860000 - 0x00007ffcb7988000 	C:\WINDOWS\SYSTEM32\WINHTTP.dll
0x00007ffcc0990000 - 0x00007ffcc09fb000 	C:\WINDOWS\system32\mswsock.dll
0x00007ffc99950000 - 0x00007ffc99966000 	C:\Users\Maghraby Store\.vscode\extensions\redhat.java-1.50.0-win32-x64\jre\21.0.9-win32-x86_64\bin\nio.dll
0x00007ffcb11c0000 - 0x00007ffcb11d0000 	c:\Users\Maghraby Store\.vscode\extensions\redhat.java-1.50.0-win32-x64\jre\21.0.9-win32-x86_64\bin\verify.dll
0x00007ffcb10f0000 - 0x00007ffcb1134000 	C:\Users\Maghraby Store\AppData\Roaming\Code\User\globalStorage\redhat.java\1.50.0\config_win\org.eclipse.equinox.launcher\org.eclipse.equinox.launcher.win32.win32.x86_64_1.2.1400.v20250801-0854\eclipse_11916.dll
0x00007ffcc2fd0000 - 0x00007ffcc3167000 	C:\WINDOWS\System32\ole32.dll
0x00007ffcc0d80000 - 0x00007ffcc0d9b000 	C:\WINDOWS\SYSTEM32\CRYPTSP.dll
0x00007ffcc03a0000 - 0x00007ffcc03da000 	C:\WINDOWS\system32\rsaenh.dll
0x00007ffcc0a40000 - 0x00007ffcc0a6b000 	C:\WINDOWS\SYSTEM32\USERENV.dll
0x00007ffcc15c0000 - 0x00007ffcc15ea000 	C:\WINDOWS\SYSTEM32\bcrypt.dll
0x00007ffcc0be0000 - 0x00007ffcc0bec000 	C:\WINDOWS\SYSTEM32\CRYPTBASE.dll
0x00007ffcbfe80000 - 0x00007ffcbfeb4000 	C:\WINDOWS\SYSTEM32\IPHLPAPI.DLL
0x00007ffcc24a0000 - 0x00007ffcc24aa000 	C:\WINDOWS\System32\NSI.dll
0x00007ffcb0ef0000 - 0x00007ffcb0f39000 	C:\Users\Maghraby Store\AppData\Local\Temp\jna--607650244\jna6731643448423898563.dll
0x00007ffcc25b0000 - 0x00007ffcc25b8000 	C:\WINDOWS\System32\PSAPI.DLL
0x00007ffcb7db0000 - 0x00007ffcb7dce000 	C:\WINDOWS\SYSTEM32\dhcpcsvc6.DLL
0x00007ffcb7c00000 - 0x00007ffcb7c23000 	C:\WINDOWS\SYSTEM32\dhcpcsvc.DLL

JVMTI agents:
c:\Users\Maghraby Store\.vscode\extensions\redhat.java-1.50.0-win32-x64\lombok\lombok-1.18.39-4050.jar path:c:\Users\Maghraby Store\.vscode\extensions\redhat.java-1.50.0-win32-x64\jre\21.0.9-win32-x86_64\bin\instrument.dll, loaded, initialized, instrumentlib options:none

dbghelp: loaded successfully - version: 4.0.5 - missing functions: none
symbol engine: initialized successfully - sym options: 0x614 - pdb path: .;c:\Users\Maghraby Store\.vscode\extensions\redhat.java-1.50.0-win32-x64\jre\21.0.9-win32-x86_64\bin;C:\WINDOWS\SYSTEM32;C:\WINDOWS\WinSxS\amd64_microsoft.windows.common-controls_6595b64144ccf1df_6.0.26100.7309_none_3e05feeae336a044;c:\Users\Maghraby Store\.vscode\extensions\redhat.java-1.50.0-win32-x64\jre\21.0.9-win32-x86_64\bin\server;C:\Users\Maghraby Store\AppData\Roaming\Code\User\globalStorage\redhat.java\1.50.0\config_win\org.eclipse.equinox.launcher\org.eclipse.equinox.launcher.win32.win32.x86_64_1.2.1400.v20250801-0854;C:\Users\Maghraby Store\AppData\Local\Temp\jna--607650244

VM Arguments:
jvm_args: --add-modules=ALL-SYSTEM --add-opens=java.base/java.util=ALL-UNNAMED --add-opens=java.base/java.lang=ALL-UNNAMED --add-opens=java.base/sun.nio.fs=ALL-UNNAMED -Declipse.application=org.eclipse.jdt.ls.core.id1 -Dosgi.bundles.defaultStartLevel=4 -Declipse.product=org.eclipse.jdt.ls.core.product -Djava.import.generatesMetadataFilesAtProjectRoot=false -DDetectVMInstallationsJob.disabled=true -Dfile.encoding=utf8 -XX:+UseParallelGC -XX:GCTimeRatio=4 -XX:AdaptiveSizePolicyWeight=90 -Dsun.zip.disableMemoryMapping=true -Xmx2G -Xms100m -Xlog:disable -javaagent:c:\Users\Maghraby Store\.vscode\extensions\redhat.java-1.50.0-win32-x64\lombok\lombok-1.18.39-4050.jar -XX:+HeapDumpOnOutOfMemoryError -XX:HeapDumpPath=c:\Users\Maghraby Store\AppData\Roaming\Code\User\workspaceStorage\3dadfdb6fe4ae54e754da0009389f85c\redhat.java -Daether.dependencyCollector.impl=bf 
java_command: c:\Users\Maghraby Store\.vscode\extensions\redhat.java-1.50.0-win32-x64\server\plugins\org.eclipse.equinox.launcher_1.7.100.v20251111-0406.jar -configuration c:\Users\Maghraby Store\AppData\Roaming\Code\User\globalStorage\redhat.java\1.50.0\config_win -data c:\Users\Maghraby Store\AppData\Roaming\Code\User\workspaceStorage\3dadfdb6fe4ae54e754da0009389f85c\redhat.java\jdt_ws --pipe=\\.\pipe\lsp-0c0baa3480e07b607ffb258a71c2b64e-sock
java_class_path (initial): c:\Users\Maghraby Store\.vscode\extensions\redhat.java-1.50.0-win32-x64\server\plugins\org.eclipse.equinox.launcher_1.7.100.v20251111-0406.jar
Launcher Type: SUN_STANDARD

[Global flags]
    uintx AdaptiveSizePolicyWeight                 = 90                                        {product} {command line}
     intx CICompilerCount                          = 4                                         {product} {ergonomic}
    uintx GCTimeRatio                              = 4                                         {product} {command line}
     bool HeapDumpOnOutOfMemoryError               = true                                   {manageable} {command line}
    ccstr HeapDumpPath                             = c:\Users\Maghraby Store\AppData\Roaming\Code\User\workspaceStorage\3dadfdb6fe4ae54e754da0009389f85c\redhat.java         {manageable} {command line}
   size_t InitialHeapSize                          = 104857600                                 {product} {command line}
   size_t MaxHeapSize                              = 2147483648                                {product} {command line}
   size_t MaxNewSize                               = 715653120                                 {product} {ergonomic}
   size_t MinHeapDeltaBytes                        = 524288                                    {product} {ergonomic}
   size_t MinHeapSize                              = 104857600                                 {product} {command line}
   size_t NewSize                                  = 34603008                                  {product} {ergonomic}
    uintx NonNMethodCodeHeapSize                   = 5839372                                {pd product} {ergonomic}
    uintx NonProfiledCodeHeapSize                  = 122909434                              {pd product} {ergonomic}
   size_t OldSize                                  = 70254592                                  {product} {ergonomic}
    uintx ProfiledCodeHeapSize                     = 122909434                              {pd product} {ergonomic}
    uintx ReservedCodeCacheSize                    = 251658240                              {pd product} {ergonomic}
     bool SegmentedCodeCache                       = true                                      {product} {ergonomic}
   size_t SoftMaxHeapSize                          = 2147483648                             {manageable} {ergonomic}
     bool UseCompressedOops                        = true                           {product lp64_product} {ergonomic}
     bool UseLargePagesIndividualAllocation        = false                                  {pd product} {ergonomic}
     bool UseParallelGC                            = true                                      {product} {command line}

Logging:
Log output configuration:
 #0: stdout all=off uptime,level,tags foldmultilines=false
 #1: stderr all=off uptime,level,tags foldmultilines=false

Release file:
JAVA_VERSION="21.0.9" 
MODULES="java.base java.compiler java.datatransfer java.xml java.prefs java.desktop java.instrument java.logging java.management java.security.sasl java.naming java.rmi java.management.rmi java.net.http java.scripting java.security.jgss java.transaction.xa java.sql java.sql.rowset java.xml.crypto java.se java.smartcardio jdk.accessibility jdk.internal.jvmstat jdk.attach jdk.charsets jdk.internal.opt jdk.zipfs jdk.compiler jdk.crypto.ec jdk.crypto.cryptoki jdk.crypto.mscapi jdk.dynalink jdk.internal.ed jdk.editpad jdk.hotspot.agent jdk.httpserver jdk.internal.le jdk.internal.vm.ci jdk.internal.vm.compiler jdk.internal.vm.compiler.management jdk.jartool jdk.javadoc jdk.jcmd jdk.management jdk.management.agent jdk.jconsole jdk.jdeps jdk.jdwp.agent jdk.jdi jdk.jfr jdk.jshell jdk.jsobject jdk.jstatd jdk.localedata jdk.management.jfr jdk.naming.dns jdk.naming.rmi jdk.net jdk.nio.mapmode jdk.random jdk.sctp jdk.security.auth jdk.security.jgss jdk.unsupported jdk.unsupported.desktop jdk.xml.dom" 

Environment Variables:
JAVA_HOME=E:\New folder
PATH=C:\Python314\Scripts\;C:\Python314\;C:\Program Files\Common Files\Oracle\Java\javapath;C:\WINDOWS\system32;C:\WINDOWS;C:\WINDOWS\System32\Wbem;C:\WINDOWS\System32\WindowsPowerShell\v1.0\;C:\WINDOWS\System32\OpenSSH\;D:\CS102\__pycache__;D:\CS102\__pycache__\Scripts;C:\MinGW\mingw32\bin;C:\msys64\mingw64\bin;C:\Program Files (x86)\IVI Foundation\VISA\WinNT\Bin\;C:\Program Files\IVI Foundation\VISA\Win64\Bin\;C:\Program Files (x86)\IVI Foundation\VISA\WinNT\Bin;E:\New folder\bin;C:\Program Files (x86)\Microsoft SQL Server\160\Tools\Binn\;C:\Program Files\Microsoft SQL Server\160\Tools\Binn\;C:\Program Files\Microsoft SQL Server\Client SDK\ODBC\170\Tools\Binn\;C:\Program Files\Microsoft SQL Server\160\DTS\Binn\;C:\Program Files (x86)\Microsoft SQL Server\160\DTS\Binn\;C:\Users\Maghraby Store\AppData\Local\Muse Hub\lib;C:\Program Files\Git\cmd;C:\Program Files\Docker\Docker\resources\bin;C:\Program Files\nodejs\;C:\ProgramData\chocolatey\bin;C:\Users\Maghraby Store\AppData\Local\Programs\Python\Python313\Scripts\;C:\Users\Maghraby Store\AppData\Local\Programs\Python\Python313\;C:\msys64\ucrt64\bin;C:\Users\Maghraby Store\AppData\Local\Programs\Microsoft VS Code\bin;C:\Users\Maghraby Store\AppData\Local\GitHubDesktop\bin;C:\Users\Maghraby Store\AppData\Local\Microsoft\WindowsApps;C:\Users\Maghraby Store\AppData\Roaming\npm
USERNAME=Maghraby Store
OS=Windows_NT
PROCESSOR_IDENTIFIER=Intel64 Family 6 Model 142 Stepping 12, GenuineIntel
TMP=C:\Users\MAGHRA~1\AppData\Local\Temp
TEMP=C:\Users\MAGHRA~1\AppData\Local\Temp




Periodic native trim disabled

---------------  S Y S T E M  ---------------

OS:
 Windows 11 , 64 bit Build 26100 (10.0.26100.7309)
OS uptime: 1 days 5:24 hours
Hyper-V role detected

CPU: total 8 (initial active 8) (4 cores per cpu, 2 threads per core) family 6 model 142 stepping 12 microcode 0xf4, cx8, cmov, fxsr, ht, mmx, 3dnowpref, sse, sse2, sse3, ssse3, sse4.1, sse4.2, popcnt, lzcnt, tsc, tscinvbit, avx, avx2, aes, erms, clmul, bmi1, bmi2, adx, fma, vzeroupper, clflush, clflushopt, hv, rdtscp, f16c
Processor Information for the first 8 processors :
  Max Mhz: 2304, Current Mhz: 1803, Mhz Limit: 1797

Memory: 4k page, system-wide physical 16067M (4265M free)
TotalPageFile size 16067M (AvailPageFile size 2M)
current process WorkingSet (physical memory assigned to process): 118M, peak: 353M
current process commit charge ("private bytes"): 394M, peak: 426M

vm_info: OpenJDK 64-Bit Server VM (21.0.9+10-LTS) for windows-amd64 JRE (21.0.9+10-LTS), built on 2025-10-21T00:00:00Z by "admin" with unknown MS VC++:1942

END.
