#
# There is insufficient memory for the Java Runtime Environment to continue.
# Native memory allocation (malloc) failed to allocate 2725024 bytes. Error detail: Chunk::new
# Possible reasons:
#   The system is out of physical RAM or swap space
#   This process is running with CompressedOops enabled, and the Java Heap may be blocking the growth of the native heap
# Possible solutions:
#   Reduce memory load on the system
#   Increase physical memory or swap space
#   Check if swap backing store is full
#   Decrease Java heap size (-Xmx/-Xms)
#   Decrease number of Java threads
#   Decrease Java thread stack sizes (-Xss)
#   Set larger code cache with -XX:ReservedCodeCacheSize=
#   JVM is running with Unscaled Compressed Oops mode in which the Java heap is
#     placed in the first 4GB address space. The Java Heap base address is the
#     maximum limit for the native heap growth. Please use -XX:HeapBaseMinAddress
#     to set the Java Heap base and to place the Java Heap above 4GB virtual address.
# This output file may be truncated or incomplete.
#
#  Out of Memory Error (arena.cpp:168), pid=7960, tid=21164
#
# JRE version: OpenJDK Runtime Environment Temurin-21.0.9+10 (21.0.9+10) (build 21.0.9+10-LTS)
# Java VM: OpenJDK 64-Bit Server VM Temurin-21.0.9+10 (21.0.9+10-LTS, mixed mode, sharing, tiered, compressed oops, compressed class ptrs, parallel gc, windows-amd64)
# No core dump will be written. Minidumps are not enabled by default on client versions of Windows
#

---------------  S U M M A R Y ------------

Command Line: --add-modules=ALL-SYSTEM --add-opens=java.base/java.util=ALL-UNNAMED --add-opens=java.base/java.lang=ALL-UNNAMED --add-opens=java.base/sun.nio.fs=ALL-UNNAMED -Declipse.application=org.eclipse.jdt.ls.core.id1 -Dosgi.bundles.defaultStartLevel=4 -Declipse.product=org.eclipse.jdt.ls.core.product -Djava.import.generatesMetadataFilesAtProjectRoot=false -DDetectVMInstallationsJob.disabled=true -Dfile.encoding=utf8 -XX:+UseParallelGC -XX:GCTimeRatio=4 -XX:AdaptiveSizePolicyWeight=90 -Dsun.zip.disableMemoryMapping=true -Xmx2G -Xms100m -Xlog:disable -javaagent:c:\Users\Maghraby Store\.vscode\extensions\redhat.java-1.50.0-win32-x64\lombok\lombok-1.18.39-4050.jar -XX:+HeapDumpOnOutOfMemoryError -XX:HeapDumpPath=c:\Users\Maghraby Store\AppData\Roaming\Code\User\workspaceStorage\3dadfdb6fe4ae54e754da0009389f85c\redhat.java -Daether.dependencyCollector.impl=bf c:\Users\Maghraby Store\.vscode\extensions\redhat.java-1.50.0-win32-x64\server\plugins\org.eclipse.equinox.launcher_1.7.100.v20251111-0406.jar -configuration c:\Users\Maghraby Store\AppData\Roaming\Code\User\globalStorage\redhat.java\1.50.0\config_win -data c:\Users\Maghraby Store\AppData\Roaming\Code\User\workspaceStorage\3dadfdb6fe4ae54e754da0009389f85c\redhat.java\jdt_ws --pipe=\\.\pipe\lsp-89958113da1e29cf495cd02b545cb4b7-sock

Host: Intel(R) Core(TM) i7-10610U CPU @ 1.80GHz, 8 cores, 15G,  Windows 11 , 64 bit Build 26100 (10.0.26100.7309)
Time: Tue Dec 16 00:15:13 2025 Egypt Standard Time elapsed time: 329.563848 seconds (0d 0h 5m 29s)

---------------  T H R E A D  ---------------

Current thread (0x000001fa9a453360):  JavaThread "C2 CompilerThread2" daemon [_thread_in_native, id=21164, stack(0x00000031a8500000,0x00000031a8600000) (1024K)]


Current CompileTask:
C2:329563 12177       4       org.eclipse.jdt.internal.compiler.lookup.LookupEnvironment::getTypeFromTypeSignature (770 bytes)

Stack: [0x00000031a8500000,0x00000031a8600000]
Native frames: (J=compiled Java code, j=interpreted, Vv=VM code, C=native code)
V  [jvm.dll+0x6d6e29]
V  [jvm.dll+0x8b4b76]
V  [jvm.dll+0x8b712e]
V  [jvm.dll+0x8b7813]
V  [jvm.dll+0x283d86]
V  [jvm.dll+0xc66ed]
V  [jvm.dll+0xc6c31]
V  [jvm.dll+0x3be53b]
V  [jvm.dll+0x1e3b52]
V  [jvm.dll+0x24c0f3]
V  [jvm.dll+0x24b580]
V  [jvm.dll+0x1cb13e]
V  [jvm.dll+0x25b29d]
V  [jvm.dll+0x25982a]
V  [jvm.dll+0x3f7ea6]
V  [jvm.dll+0x85e9ad]
V  [jvm.dll+0x6d565d]
C  [ucrtbase.dll+0x37b0]
C  [KERNEL32.DLL+0x2e8d7]
C  [ntdll.dll+0x8c53c]


---------------  P R O C E S S  ---------------

Threads class SMR info:
_java_thread_list=0x000001fa993e7ee0, length=53, elements={
0x000001fa3b30f170, 0x000001fa3b3cd850, 0x000001fa3b3ce7b0, 0x000001fa3b28c050,
0x000001fa3b28cbd0, 0x000001fa3b28eed0, 0x000001fa3b2962c0, 0x000001fa3b29d3e0,
0x000001fa3b29e5f0, 0x000001fa94739300, 0x000001fa9479a6f0, 0x000001fa99baaa80,
0x000001fa999b5f90, 0x000001fa99c39e60, 0x000001fa9992a7a0, 0x000001fa99edb1d0,
0x000001fa99ec6690, 0x000001fa99aa0fb0, 0x000001fa9a009320, 0x000001fa9a32e670,
0x000001fa9a32d2c0, 0x000001fa9a32f390, 0x000001fa9a3300b0, 0x000001fa9b3cf9d0,
0x000001fa9b3d0d80, 0x000001fa9b3d0060, 0x000001fa9b3d06f0, 0x000001fa9b3d2e50,
0x000001fa9b3d1410, 0x000001fa9b3d1aa0, 0x000001fa9b3d2130, 0x000001fa9b3d27c0,
0x000001fa9c0037a0, 0x000001fa9c0023f0, 0x000001fa9c004b50, 0x000001fa9c003110,
0x000001fa9a5caec0, 0x000001fa9a5ca830, 0x000001fa9a5ce340, 0x000001fa9a5ce9d0,
0x000001fa9a5ccf90, 0x000001fa9a5cd620, 0x000001fa9a5cdcb0, 0x000001fa9a5cf060,
0x000001fa9a5cf6f0, 0x000001fa9a5cc270, 0x000001fa9a5d0410, 0x000001fa9a5cfd80,
0x000001fa9a5d17c0, 0x000001fa9a5d1130, 0x000001fa9a5d1e50, 0x000001fa9a455570,
0x000001fa9a453360
}

Java Threads: ( => current thread )
  0x000001fa3b30f170 JavaThread "main"                              [_thread_blocked, id=18052, stack(0x00000031a5000000,0x00000031a5100000) (1024K)]
  0x000001fa3b3cd850 JavaThread "Reference Handler"          daemon [_thread_blocked, id=2744, stack(0x00000031a5400000,0x00000031a5500000) (1024K)]
  0x000001fa3b3ce7b0 JavaThread "Finalizer"                  daemon [_thread_blocked, id=14752, stack(0x00000031a5500000,0x00000031a5600000) (1024K)]
  0x000001fa3b28c050 JavaThread "Signal Dispatcher"          daemon [_thread_blocked, id=9444, stack(0x00000031a5600000,0x00000031a5700000) (1024K)]
  0x000001fa3b28cbd0 JavaThread "Attach Listener"            daemon [_thread_blocked, id=18268, stack(0x00000031a5700000,0x00000031a5800000) (1024K)]
  0x000001fa3b28eed0 JavaThread "Service Thread"             daemon [_thread_blocked, id=20472, stack(0x00000031a5800000,0x00000031a5900000) (1024K)]
  0x000001fa3b2962c0 JavaThread "Monitor Deflation Thread"   daemon [_thread_blocked, id=20692, stack(0x00000031a5900000,0x00000031a5a00000) (1024K)]
  0x000001fa3b29d3e0 JavaThread "C2 CompilerThread0"         daemon [_thread_blocked, id=7456, stack(0x00000031a5a00000,0x00000031a5b00000) (1024K)]
  0x000001fa3b29e5f0 JavaThread "C1 CompilerThread0"         daemon [_thread_blocked, id=8788, stack(0x00000031a5b00000,0x00000031a5c00000) (1024K)]
  0x000001fa94739300 JavaThread "Common-Cleaner"             daemon [_thread_blocked, id=20552, stack(0x00000031a5d00000,0x00000031a5e00000) (1024K)]
  0x000001fa9479a6f0 JavaThread "Notification Thread"        daemon [_thread_blocked, id=14260, stack(0x00000031a5e00000,0x00000031a5f00000) (1024K)]
  0x000001fa99baaa80 JavaThread "Active Thread: Equinox Container: 1adbc8ba-a885-463d-acd4-1f3f9ad882cf"        [_thread_blocked, id=21052, stack(0x00000031a6600000,0x00000031a6700000) (1024K)]
  0x000001fa999b5f90 JavaThread "Refresh Thread: Equinox Container: 1adbc8ba-a885-463d-acd4-1f3f9ad882cf" daemon [_thread_blocked, id=8720, stack(0x00000031a6700000,0x00000031a6800000) (1024K)]
  0x000001fa99c39e60 JavaThread "Framework Event Dispatcher: Equinox Container: 1adbc8ba-a885-463d-acd4-1f3f9ad882cf" daemon [_thread_blocked, id=3764, stack(0x00000031a6900000,0x00000031a6a00000) (1024K)]
  0x000001fa9992a7a0 JavaThread "Start Level: Equinox Container: 1adbc8ba-a885-463d-acd4-1f3f9ad882cf" daemon [_thread_blocked, id=1748, stack(0x00000031a6a00000,0x00000031a6b00000) (1024K)]
  0x000001fa99edb1d0 JavaThread "Bundle File Closer"         daemon [_thread_blocked, id=16804, stack(0x00000031a6b00000,0x00000031a6c00000) (1024K)]
  0x000001fa99ec6690 JavaThread "SCR Component Actor"        daemon [_thread_blocked, id=21416, stack(0x00000031a5c00000,0x00000031a5d00000) (1024K)]
  0x000001fa99aa0fb0 JavaThread "Worker-JM"                         [_thread_blocked, id=17188, stack(0x00000031a6d00000,0x00000031a6e00000) (1024K)]
  0x000001fa9a009320 JavaThread "JNA Cleaner"                daemon [_thread_blocked, id=20796, stack(0x00000031a6e00000,0x00000031a6f00000) (1024K)]
  0x000001fa9a32e670 JavaThread "Worker-2"                          [_thread_blocked, id=21712, stack(0x00000031a7100000,0x00000031a7200000) (1024K)]
  0x000001fa9a32d2c0 JavaThread "Java indexing"              daemon [_thread_blocked, id=12544, stack(0x00000031a7200000,0x00000031a7300000) (1024K)]
  0x000001fa9a32f390 JavaThread "Thread-1"                   daemon [_thread_in_native, id=4724, stack(0x00000031a7900000,0x00000031a7a00000) (1024K)]
  0x000001fa9a3300b0 JavaThread "Thread-2"                   daemon [_thread_in_native, id=15328, stack(0x00000031a7a00000,0x00000031a7b00000) (1024K)]
  0x000001fa9b3cf9d0 JavaThread "Thread-3"                   daemon [_thread_in_native, id=6744, stack(0x00000031a7b00000,0x00000031a7c00000) (1024K)]
  0x000001fa9b3d0d80 JavaThread "Thread-4"                   daemon [_thread_in_native, id=18872, stack(0x00000031a7c00000,0x00000031a7d00000) (1024K)]
  0x000001fa9b3d0060 JavaThread "Thread-5"                   daemon [_thread_in_native, id=22224, stack(0x00000031a7d00000,0x00000031a7e00000) (1024K)]
  0x000001fa9b3d06f0 JavaThread "Thread-6"                   daemon [_thread_in_native, id=21612, stack(0x00000031a7e00000,0x00000031a7f00000) (1024K)]
  0x000001fa9b3d2e50 JavaThread "Thread-7"                   daemon [_thread_in_native, id=5268, stack(0x00000031a7f00000,0x00000031a8000000) (1024K)]
  0x000001fa9b3d1410 JavaThread "Thread-8"                   daemon [_thread_in_native, id=4052, stack(0x00000031a8000000,0x00000031a8100000) (1024K)]
  0x000001fa9b3d1aa0 JavaThread "Thread-9"                   daemon [_thread_in_native, id=21032, stack(0x00000031a8100000,0x00000031a8200000) (1024K)]
  0x000001fa9b3d2130 JavaThread "pool-2-thread-1"                   [_thread_blocked, id=21432, stack(0x00000031a8200000,0x00000031a8300000) (1024K)]
  0x000001fa9b3d27c0 JavaThread "WorkspaceEventsHandler"            [_thread_blocked, id=14208, stack(0x00000031a8300000,0x00000031a8400000) (1024K)]
  0x000001fa9c0037a0 JavaThread "pool-1-thread-1"                   [_thread_blocked, id=6380, stack(0x00000031a8400000,0x00000031a8500000) (1024K)]
  0x000001fa9c0023f0 JavaThread "LocalFile Deleter"          daemon [_thread_blocked, id=2040, stack(0x00000031a8900000,0x00000031a8a00000) (1024K)]
  0x000001fa9c004b50 JavaThread "LocalFile Deleter"          daemon [_thread_blocked, id=14700, stack(0x00000031a8b00000,0x00000031a8c00000) (1024K)]
  0x000001fa9c003110 JavaThread "LocalFile Deleter"          daemon [_thread_blocked, id=10888, stack(0x00000031a8c00000,0x00000031a8d00000) (1024K)]
  0x000001fa9a5caec0 JavaThread "ForkJoinPool.commonPool-worker-4" daemon [_thread_blocked, id=20556, stack(0x00000031a9c00000,0x00000031a9d00000) (1024K)]
  0x000001fa9a5ca830 JavaThread "ForkJoinPool.commonPool-worker-5" daemon [_thread_blocked, id=8916, stack(0x00000031a9d00000,0x00000031a9e00000) (1024K)]
  0x000001fa9a5ce340 JavaThread "ForkJoinPool.commonPool-worker-7" daemon [_thread_blocked, id=18184, stack(0x00000031a9e00000,0x00000031a9f00000) (1024K)]
  0x000001fa9a5ce9d0 JavaThread "ForkJoinPool.commonPool-worker-6" daemon [_thread_blocked, id=18680, stack(0x00000031a9f00000,0x00000031aa000000) (1024K)]
  0x000001fa9a5ccf90 JavaThread "ForkJoinPool.commonPool-worker-8" daemon [_thread_blocked, id=11136, stack(0x00000031a4d00000,0x00000031a4e00000) (1024K)]
  0x000001fa9a5cd620 JavaThread "ForkJoinPool.commonPool-worker-9" daemon [_thread_blocked, id=20212, stack(0x00000031a4e00000,0x00000031a4f00000) (1024K)]
  0x000001fa9a5cdcb0 JavaThread "ForkJoinPool.commonPool-worker-10" daemon [_thread_blocked, id=19996, stack(0x00000031a4f00000,0x00000031a5000000) (1024K)]
  0x000001fa9a5cf060 JavaThread "Cleaner-0"                  daemon [_thread_blocked, id=20516, stack(0x00000031a6f00000,0x00000031a7000000) (1024K)]
  0x000001fa9a5cf6f0 JavaThread "Worker-6"                          [_thread_blocked, id=17412, stack(0x00000031a6c00000,0x00000031a6d00000) (1024K)]
  0x000001fa9a5cc270 JavaThread "Worker-7"                          [_thread_blocked, id=19844, stack(0x00000031a7000000,0x00000031a7100000) (1024K)]
  0x000001fa9a5d0410 JavaThread "Worker-8"                          [_thread_blocked, id=9364, stack(0x00000031a7500000,0x00000031a7600000) (1024K)]
  0x000001fa9a5cfd80 JavaThread "Compiler Source File Reader" daemon [_thread_blocked, id=20144, stack(0x00000031a7600000,0x00000031a7700000) (1024K)]
  0x000001fa9a5d17c0 JavaThread "Compiler Processing Task"   daemon [_thread_blocked, id=9452, stack(0x00000031a7700000,0x00000031a7800000) (1024K)]
  0x000001fa9a5d1130 JavaThread "Worker-9"                          [_thread_blocked, id=9160, stack(0x00000031a7800000,0x00000031a7900000) (1024K)]
  0x000001fa9a5d1e50 JavaThread "Compiler Source File Reader" daemon [_thread_blocked, id=12236, stack(0x00000031a7300000,0x00000031a7400000) (1024K)]
  0x000001fa9a455570 JavaThread "C2 CompilerThread1"         daemon [_thread_blocked, id=15292, stack(0x00000031a7400000,0x00000031a7500000) (1024K)]
=>0x000001fa9a453360 JavaThread "C2 CompilerThread2"         daemon [_thread_in_native, id=21164, stack(0x00000031a8500000,0x00000031a8600000) (1024K)]
Total: 53

Other Threads:
  0x000001fa3b3b2bc0 VMThread "VM Thread"                           [id=20612, stack(0x00000031a5300000,0x00000031a5400000) (1024K)]
  0x000001fa3b19ca00 WatcherThread "VM Periodic Task Thread"        [id=10376, stack(0x00000031a5200000,0x00000031a5300000) (1024K)]
  0x000001fa3b32ccb0 WorkerThread "GC Thread#0"                     [id=5428, stack(0x00000031a5100000,0x00000031a5200000) (1024K)]
  0x000001fa9959bb90 WorkerThread "GC Thread#1"                     [id=9408, stack(0x00000031a6000000,0x00000031a6100000) (1024K)]
  0x000001fa9959bf30 WorkerThread "GC Thread#2"                     [id=13584, stack(0x00000031a6100000,0x00000031a6200000) (1024K)]
  0x000001fa9959c2d0 WorkerThread "GC Thread#3"                     [id=17732, stack(0x00000031a6200000,0x00000031a6300000) (1024K)]
  0x000001fa9923a010 WorkerThread "GC Thread#4"                     [id=20352, stack(0x00000031a6300000,0x00000031a6400000) (1024K)]
  0x000001fa9923a3b0 WorkerThread "GC Thread#5"                     [id=16980, stack(0x00000031a6400000,0x00000031a6500000) (1024K)]
  0x000001fa9923a750 WorkerThread "GC Thread#6"                     [id=18784, stack(0x00000031a6500000,0x00000031a6600000) (1024K)]
  0x000001fa99a010b0 WorkerThread "GC Thread#7"                     [id=8604, stack(0x00000031a6800000,0x00000031a6900000) (1024K)]
Total: 10

Threads with active compile tasks:
C2 CompilerThread2  329597 12177       4       org.eclipse.jdt.internal.compiler.lookup.LookupEnvironment::getTypeFromTypeSignature (770 bytes)
Total: 1

VM state: not at safepoint (normal execution)

VM Mutex/Monitor currently owned by a thread: None

Heap address: 0x0000000080000000, size: 2048 MB, Compressed Oops mode: 32-bit

CDS archive(s) mapped at: [0x000001fa52000000-0x000001fa52ba0000-0x000001fa52ba0000), size 12189696, SharedBaseAddress: 0x000001fa52000000, ArchiveRelocationMode: 1.
Compressed class space mapped at: 0x000001fa53000000-0x000001fa93000000, reserved size: 1073741824
Narrow klass base: 0x000001fa52000000, Narrow klass shift: 0, Narrow klass range: 0x100000000

GC Precious Log:
 CardTable entry size: 512
 CPUs: 8 total, 8 available
 Memory: 16067M
 Large Page Support: Disabled
 NUMA Support: Disabled
 Compressed Oops: Enabled (32-bit)
 Alignments: Space 512K, Generation 512K, Heap 2M
 Heap Min Capacity: 100M
 Heap Initial Capacity: 100M
 Heap Max Capacity: 2G
 Pre-touch: Disabled
 Parallel Workers: 8

Heap:
 PSYoungGen      total 8192K, used 1956K [0x00000000d5580000, 0x00000000d6280000, 0x0000000100000000)
  eden space 6144K, 1% used [0x00000000d5580000,0x00000000d5591038,0x00000000d5b80000)
  from space 2048K, 92% used [0x00000000d5b80000,0x00000000d5d58000,0x00000000d5d80000)
  to   space 3584K, 0% used [0x00000000d5f00000,0x00000000d5f00000,0x00000000d6280000)
 ParOldGen       total 195072K, used 194659K [0x0000000080000000, 0x000000008be80000, 0x00000000d5580000)
  object space 195072K, 99% used [0x0000000080000000,0x000000008be18ef8,0x000000008be80000)
 Metaspace       used 70510K, committed 72000K, reserved 1114112K
  class space    used 7495K, committed 8128K, reserved 1048576K

Card table byte_map: [0x000001fa3acb0000,0x000001fa3b0c0000] _byte_map_base: 0x000001fa3a8b0000

Marking Bits: (ParMarkBitMap*) 0x00007ffc5a2c2460
 Begin Bits: [0x000001fa4d7c0000, 0x000001fa4f7c0000)
 End Bits:   [0x000001fa4f7c0000, 0x000001fa517c0000)

Polling page: 0x000001fa390f0000

Metaspace:

Usage:
  Non-class:     61.54 MB used.
      Class:      7.32 MB used.
       Both:     68.86 MB used.

Virtual space:
  Non-class space:       64.00 MB reserved,      62.38 MB ( 97%) committed,  1 nodes.
      Class space:        1.00 GB reserved,       7.94 MB ( <1%) committed,  1 nodes.
             Both:        1.06 GB reserved,      70.31 MB (  6%) committed. 

Chunk freelists:
   Non-Class:  1.53 MB
       Class:  8.00 MB
        Both:  9.54 MB

MaxMetaspaceSize: unlimited
CompressedClassSpaceSize: 1.00 GB
Initial GC threshold: 21.00 MB
Current GC threshold: 97.31 MB
CDS: on
 - commit_granule_bytes: 65536.
 - commit_granule_words: 8192.
 - virtual_space_node_default_size: 8388608.
 - enlarge_chunks_in_place: 1.
 - use_allocation_guard: 0.


Internal statistics:

num_allocs_failed_limit: 9.
num_arena_births: 1270.
num_arena_deaths: 18.
num_vsnodes_births: 2.
num_vsnodes_deaths: 0.
num_space_committed: 1125.
num_space_uncommitted: 0.
num_chunks_returned_to_freelist: 29.
num_chunks_taken_from_freelist: 4737.
num_chunk_merges: 13.
num_chunk_splits: 2827.
num_chunks_enlarged: 1472.
num_inconsistent_stats: 0.

CodeHeap 'non-profiled nmethods': size=120000Kb used=7939Kb max_used=7939Kb free=112060Kb
 bounds [0x000001fa45fe0000, 0x000001fa467b0000, 0x000001fa4d510000]
CodeHeap 'profiled nmethods': size=120000Kb used=25821Kb max_used=25821Kb free=94178Kb
 bounds [0x000001fa3e510000, 0x000001fa3fe50000, 0x000001fa45a40000]
CodeHeap 'non-nmethods': size=5760Kb used=1462Kb max_used=1534Kb free=4297Kb
 bounds [0x000001fa45a40000, 0x000001fa45cb0000, 0x000001fa45fe0000]
CodeCache: size=245760Kb, used=35222Kb, max_used=35294Kb, free=210535Kb
 total_blobs=12211, nmethods=11430, adapters=686, full_count=0
Compilation: enabled, stopped_count=0, restarted_count=0

Compilation events (20 events):
Event: 326.007 Thread 0x000001fa3b29e5f0 nmethod 12214 0x000001fa46794b90 code [0x000001fa46794d20, 0x000001fa46794de8]
Event: 326.007 Thread 0x000001fa3b29e5f0 12212       3       org.eclipse.jdt.internal.core.index.EntryResult::addDocumentName (29 bytes)
Event: 326.008 Thread 0x000001fa3b29e5f0 nmethod 12212 0x000001fa3fe45890 code [0x000001fa3fe45a60, 0x000001fa3fe45cb0]
Event: 326.008 Thread 0x000001fa3b29e5f0 12215       1       org.eclipse.jdt.internal.compiler.ast.TypeReference::getAnnotatableLevels (2 bytes)
Event: 326.008 Thread 0x000001fa3b29e5f0 nmethod 12215 0x000001fa46794e90 code [0x000001fa46795020, 0x000001fa467950e8]
Event: 326.008 Thread 0x000001fa3b29e5f0 12216       1       org.eclipse.jdt.internal.compiler.ast.TypeReference::getAnnotationsOnDimensions (2 bytes)
Event: 326.008 Thread 0x000001fa3b29e5f0 nmethod 12216 0x000001fa46795190 code [0x000001fa46795320, 0x000001fa467953f0]
Event: 326.009 Thread 0x000001fa3b29e5f0 12217       3       org.eclipse.jdt.internal.compiler.util.SimpleSet::<init> (36 bytes)
Event: 326.009 Thread 0x000001fa3b29e5f0 nmethod 12217 0x000001fa3fe45e10 code [0x000001fa3fe45fc0, 0x000001fa3fe46228]
Event: 326.009 Thread 0x000001fa3b29e5f0 12218       3       org.eclipse.jdt.internal.core.index.Index::addIndexEntry (11 bytes)
Event: 326.009 Thread 0x000001fa3b29e5f0 nmethod 12218 0x000001fa3fe46310 code [0x000001fa3fe464c0, 0x000001fa3fe46618]
Event: 326.009 Thread 0x000001fa3b29e5f0 12219       3       org.eclipse.jdt.internal.core.index.MemoryIndex::addIndexEntry (118 bytes)
Event: 326.010 Thread 0x000001fa3b29e5f0 nmethod 12219 0x000001fa3fe46710 code [0x000001fa3fe46960, 0x000001fa3fe470a8]
Event: 326.011 Thread 0x000001fa3b29e5f0 12220       3       java.net.URI::decode (6 bytes)
Event: 326.011 Thread 0x000001fa3b29e5f0 nmethod 12220 0x000001fa3fe47390 code [0x000001fa3fe47540, 0x000001fa3fe47660]
Event: 326.014 Thread 0x000001fa9a455570 12221       4       java.util.regex.Pattern::compile (537 bytes)
Event: 326.094 Thread 0x000001fa9a455570 nmethod 12221 0x000001fa46795490 code [0x000001fa467957c0, 0x000001fa46797180]
Event: 326.095 Thread 0x000001fa9a455570 12222 %     4       java.net.URI::needsNormalization @ 123 (184 bytes)
Event: 326.103 Thread 0x000001fa9a455570 nmethod 12222% 0x000001fa46797f10 code [0x000001fa46798100, 0x000001fa46798610]
Event: 326.168 Thread 0x000001fa3b29d3e0 nmethod 12187 0x000001fa46798b10 code [0x000001fa46799100, 0x000001fa4679e798]

GC Heap History (20 events):
Event: 323.872 GC heap before
{Heap before GC invocations=87 (full 3):
 PSYoungGen      total 17920K, used 17440K [0x00000000d5580000, 0x00000000d7000000, 0x0000000100000000)
  eden space 11776K, 99% used [0x00000000d5580000,0x00000000d60ffff8,0x00000000d6100000)
  from space 6144K, 92% used [0x00000000d6400000,0x00000000d6988010,0x00000000d6a00000)
  to   space 6144K, 0% used [0x00000000d6a00000,0x00000000d6a00000,0x00000000d7000000)
 ParOldGen       total 132096K, used 131618K [0x0000000080000000, 0x0000000088100000, 0x00000000d5580000)
  object space 132096K, 99% used [0x0000000080000000,0x0000000088088890,0x0000000088100000)
 Metaspace       used 70365K, committed 71936K, reserved 1114112K
  class space    used 7494K, committed 8128K, reserved 1048576K
}
Event: 323.881 GC heap after
{Heap after GC invocations=87 (full 3):
 PSYoungGen      total 14336K, used 2288K [0x00000000d5580000, 0x00000000d6c80000, 0x0000000100000000)
  eden space 11776K, 0% used [0x00000000d5580000,0x00000000d5580000,0x00000000d6100000)
  from space 2560K, 89% used [0x00000000d6a00000,0x00000000d6c3c010,0x00000000d6c80000)
  to   space 4096K, 0% used [0x00000000d6480000,0x00000000d6480000,0x00000000d6880000)
 ParOldGen       total 136192K, used 136002K [0x0000000080000000, 0x0000000088500000, 0x00000000d5580000)
  object space 136192K, 99% used [0x0000000080000000,0x00000000884d0890,0x0000000088500000)
 Metaspace       used 70365K, committed 71936K, reserved 1114112K
  class space    used 7494K, committed 8128K, reserved 1048576K
}
Event: 324.492 GC heap before
{Heap before GC invocations=88 (full 3):
 PSYoungGen      total 14336K, used 14064K [0x00000000d5580000, 0x00000000d6c80000, 0x0000000100000000)
  eden space 11776K, 100% used [0x00000000d5580000,0x00000000d6100000,0x00000000d6100000)
  from space 2560K, 89% used [0x00000000d6a00000,0x00000000d6c3c010,0x00000000d6c80000)
  to   space 4096K, 0% used [0x00000000d6480000,0x00000000d6480000,0x00000000d6880000)
 ParOldGen       total 136192K, used 136002K [0x0000000080000000, 0x0000000088500000, 0x00000000d5580000)
  object space 136192K, 99% used [0x0000000080000000,0x00000000884d0890,0x0000000088500000)
 Metaspace       used 70400K, committed 71936K, reserved 1114112K
  class space    used 7494K, committed 8128K, reserved 1048576K
}
Event: 324.496 GC heap after
{Heap after GC invocations=88 (full 3):
 PSYoungGen      total 15872K, used 3799K [0x00000000d5580000, 0x00000000d6a80000, 0x0000000100000000)
  eden space 11776K, 0% used [0x00000000d5580000,0x00000000d5580000,0x00000000d6100000)
  from space 4096K, 92% used [0x00000000d6480000,0x00000000d6835f10,0x00000000d6880000)
  to   space 2048K, 0% used [0x00000000d6880000,0x00000000d6880000,0x00000000d6a80000)
 ParOldGen       total 138752K, used 138124K [0x0000000080000000, 0x0000000088780000, 0x00000000d5580000)
  object space 138752K, 99% used [0x0000000080000000,0x00000000886e31a0,0x0000000088780000)
 Metaspace       used 70400K, committed 71936K, reserved 1114112K
  class space    used 7494K, committed 8128K, reserved 1048576K
}
Event: 324.578 GC heap before
{Heap before GC invocations=89 (full 3):
 PSYoungGen      total 15872K, used 15575K [0x00000000d5580000, 0x00000000d6a80000, 0x0000000100000000)
  eden space 11776K, 100% used [0x00000000d5580000,0x00000000d6100000,0x00000000d6100000)
  from space 4096K, 92% used [0x00000000d6480000,0x00000000d6835f10,0x00000000d6880000)
  to   space 2048K, 0% used [0x00000000d6880000,0x00000000d6880000,0x00000000d6a80000)
 ParOldGen       total 138752K, used 138124K [0x0000000080000000, 0x0000000088780000, 0x00000000d5580000)
  object space 138752K, 99% used [0x0000000080000000,0x00000000886e31a0,0x0000000088780000)
 Metaspace       used 70407K, committed 71936K, reserved 1114112K
  class space    used 7494K, committed 8128K, reserved 1048576K
}
Event: 324.587 GC heap after
{Heap after GC invocations=89 (full 3):
 PSYoungGen      total 5120K, used 2047K [0x00000000d5580000, 0x00000000d8100000, 0x0000000100000000)
  eden space 3072K, 0% used [0x00000000d5580000,0x00000000d5580000,0x00000000d5880000)
  from space 2048K, 99% used [0x00000000d6880000,0x00000000d6a7fc48,0x00000000d6a80000)
  to   space 16384K, 0% used [0x00000000d5880000,0x00000000d5880000,0x00000000d6880000)
 ParOldGen       total 150528K, used 150308K [0x0000000080000000, 0x0000000089300000, 0x00000000d5580000)
  object space 150528K, 99% used [0x0000000080000000,0x00000000892c90c0,0x0000000089300000)
 Metaspace       used 70407K, committed 71936K, reserved 1114112K
  class space    used 7494K, committed 8128K, reserved 1048576K
}
Event: 324.603 GC heap before
{Heap before GC invocations=90 (full 3):
 PSYoungGen      total 5120K, used 5115K [0x00000000d5580000, 0x00000000d8100000, 0x0000000100000000)
  eden space 3072K, 99% used [0x00000000d5580000,0x00000000d587f290,0x00000000d5880000)
  from space 2048K, 99% used [0x00000000d6880000,0x00000000d6a7fc48,0x00000000d6a80000)
  to   space 16384K, 0% used [0x00000000d5880000,0x00000000d5880000,0x00000000d6880000)
 ParOldGen       total 150528K, used 150308K [0x0000000080000000, 0x0000000089300000, 0x00000000d5580000)
  object space 150528K, 99% used [0x0000000080000000,0x00000000892c90c0,0x0000000089300000)
 Metaspace       used 70421K, committed 71936K, reserved 1114112K
  class space    used 7494K, committed 8128K, reserved 1048576K
}
Event: 324.606 GC heap after
{Heap after GC invocations=90 (full 3):
 PSYoungGen      total 4608K, used 1466K [0x00000000d5580000, 0x00000000d6900000, 0x0000000100000000)
  eden space 3072K, 0% used [0x00000000d5580000,0x00000000d5580000,0x00000000d5880000)
  from space 1536K, 95% used [0x00000000d5880000,0x00000000d59ee800,0x00000000d5a00000)
  to   space 6144K, 0% used [0x00000000d6300000,0x00000000d6300000,0x00000000d6900000)
 ParOldGen       total 152576K, used 152364K [0x0000000080000000, 0x0000000089500000, 0x00000000d5580000)
  object space 152576K, 99% used [0x0000000080000000,0x00000000894cb048,0x0000000089500000)
 Metaspace       used 70421K, committed 71936K, reserved 1114112K
  class space    used 7494K, committed 8128K, reserved 1048576K
}
Event: 324.632 GC heap before
{Heap before GC invocations=91 (full 3):
 PSYoungGen      total 4608K, used 4537K [0x00000000d5580000, 0x00000000d6900000, 0x0000000100000000)
  eden space 3072K, 99% used [0x00000000d5580000,0x00000000d587fff0,0x00000000d5880000)
  from space 1536K, 95% used [0x00000000d5880000,0x00000000d59ee800,0x00000000d5a00000)
  to   space 6144K, 0% used [0x00000000d6300000,0x00000000d6300000,0x00000000d6900000)
 ParOldGen       total 152576K, used 152364K [0x0000000080000000, 0x0000000089500000, 0x00000000d5580000)
  object space 152576K, 99% used [0x0000000080000000,0x00000000894cb048,0x0000000089500000)
 Metaspace       used 70439K, committed 71936K, reserved 1114112K
  class space    used 7494K, committed 8128K, reserved 1048576K
}
Event: 324.636 GC heap after
{Heap after GC invocations=91 (full 3):
 PSYoungGen      total 5120K, used 2004K [0x00000000d5580000, 0x00000000d6500000, 0x0000000100000000)
  eden space 3072K, 0% used [0x00000000d5580000,0x00000000d5580000,0x00000000d5880000)
  from space 2048K, 97% used [0x00000000d6300000,0x00000000d64f5000,0x00000000d6500000)
  to   space 3072K, 0% used [0x00000000d5f00000,0x00000000d5f00000,0x00000000d6200000)
 ParOldGen       total 153600K, used 153284K [0x0000000080000000, 0x0000000089600000, 0x00000000d5580000)
  object space 153600K, 99% used [0x0000000080000000,0x00000000895b1048,0x0000000089600000)
 Metaspace       used 70439K, committed 71936K, reserved 1114112K
  class space    used 7494K, committed 8128K, reserved 1048576K
}
Event: 324.690 GC heap before
{Heap before GC invocations=92 (full 3):
 PSYoungGen      total 5120K, used 5076K [0x00000000d5580000, 0x00000000d6500000, 0x0000000100000000)
  eden space 3072K, 100% used [0x00000000d5580000,0x00000000d5880000,0x00000000d5880000)
  from space 2048K, 97% used [0x00000000d6300000,0x00000000d64f5000,0x00000000d6500000)
  to   space 3072K, 0% used [0x00000000d5f00000,0x00000000d5f00000,0x00000000d6200000)
 ParOldGen       total 185344K, used 184004K [0x0000000080000000, 0x000000008b500000, 0x00000000d5580000)
  object space 185344K, 99% used [0x0000000080000000,0x000000008b3b1078,0x000000008b500000)
 Metaspace       used 70448K, committed 71936K, reserved 1114112K
  class space    used 7494K, committed 8128K, reserved 1048576K
}
Event: 324.696 GC heap after
{Heap after GC invocations=92 (full 3):
 PSYoungGen      total 5632K, used 2088K [0x00000000d5580000, 0x00000000d6380000, 0x0000000100000000)
  eden space 3072K, 0% used [0x00000000d5580000,0x00000000d5580000,0x00000000d5880000)
  from space 2560K, 81% used [0x00000000d5f00000,0x00000000d610a000,0x00000000d6180000)
  to   space 2048K, 0% used [0x00000000d6180000,0x00000000d6180000,0x00000000d6380000)
 ParOldGen       total 185344K, used 185044K [0x0000000080000000, 0x000000008b500000, 0x00000000d5580000)
  object space 185344K, 99% used [0x0000000080000000,0x000000008b4b5078,0x000000008b500000)
 Metaspace       used 70448K, committed 71936K, reserved 1114112K
  class space    used 7494K, committed 8128K, reserved 1048576K
}
Event: 324.833 GC heap before
{Heap before GC invocations=93 (full 3):
 PSYoungGen      total 5632K, used 5160K [0x00000000d5580000, 0x00000000d6380000, 0x0000000100000000)
  eden space 3072K, 100% used [0x00000000d5580000,0x00000000d5880000,0x00000000d5880000)
  from space 2560K, 81% used [0x00000000d5f00000,0x00000000d610a000,0x00000000d6180000)
  to   space 2048K, 0% used [0x00000000d6180000,0x00000000d6180000,0x00000000d6380000)
 ParOldGen       total 185344K, used 185044K [0x0000000080000000, 0x000000008b500000, 0x00000000d5580000)
  object space 185344K, 99% used [0x0000000080000000,0x000000008b4b5078,0x000000008b500000)
 Metaspace       used 70464K, committed 71936K, reserved 1114112K
  class space    used 7494K, committed 8128K, reserved 1048576K
}
Event: 325.848 GC heap after
{Heap after GC invocations=93 (full 3):
 PSYoungGen      total 6144K, used 1783K [0x00000000d5580000, 0x00000000d6380000, 0x0000000100000000)
  eden space 4096K, 0% used [0x00000000d5580000,0x00000000d5580000,0x00000000d5980000)
  from space 2048K, 87% used [0x00000000d6180000,0x00000000d633de70,0x00000000d6380000)
  to   space 2048K, 0% used [0x00000000d5f80000,0x00000000d5f80000,0x00000000d6180000)
 ParOldGen       total 187392K, used 187060K [0x0000000080000000, 0x000000008b700000, 0x00000000d5580000)
  object space 187392K, 99% used [0x0000000080000000,0x000000008b6ad078,0x000000008b700000)
 Metaspace       used 70464K, committed 71936K, reserved 1114112K
  class space    used 7494K, committed 8128K, reserved 1048576K
}
Event: 325.868 GC heap before
{Heap before GC invocations=94 (full 3):
 PSYoungGen      total 6144K, used 5879K [0x00000000d5580000, 0x00000000d6380000, 0x0000000100000000)
  eden space 4096K, 100% used [0x00000000d5580000,0x00000000d5980000,0x00000000d5980000)
  from space 2048K, 87% used [0x00000000d6180000,0x00000000d633de70,0x00000000d6380000)
  to   space 2048K, 0% used [0x00000000d5f80000,0x00000000d5f80000,0x00000000d6180000)
 ParOldGen       total 187392K, used 187060K [0x0000000080000000, 0x000000008b700000, 0x00000000d5580000)
  object space 187392K, 99% used [0x0000000080000000,0x000000008b6ad078,0x000000008b700000)
 Metaspace       used 70467K, committed 71936K, reserved 1114112K
  class space    used 7494K, committed 8128K, reserved 1048576K
}
Event: 325.874 GC heap after
{Heap after GC invocations=94 (full 3):
 PSYoungGen      total 7168K, used 2048K [0x00000000d5580000, 0x00000000d6480000, 0x0000000100000000)
  eden space 5120K, 0% used [0x00000000d5580000,0x00000000d5580000,0x00000000d5a80000)
  from space 2048K, 100% used [0x00000000d5f80000,0x00000000d6180000,0x00000000d6180000)
  to   space 3072K, 0% used [0x00000000d6180000,0x00000000d6180000,0x00000000d6480000)
 ParOldGen       total 189952K, used 189483K [0x0000000080000000, 0x000000008b980000, 0x00000000d5580000)
  object space 189952K, 99% used [0x0000000080000000,0x000000008b90aef8,0x000000008b980000)
 Metaspace       used 70467K, committed 71936K, reserved 1114112K
  class space    used 7494K, committed 8128K, reserved 1048576K
}
Event: 325.906 GC heap before
{Heap before GC invocations=95 (full 3):
 PSYoungGen      total 7168K, used 7168K [0x00000000d5580000, 0x00000000d6480000, 0x0000000100000000)
  eden space 5120K, 100% used [0x00000000d5580000,0x00000000d5a80000,0x00000000d5a80000)
  from space 2048K, 100% used [0x00000000d5f80000,0x00000000d6180000,0x00000000d6180000)
  to   space 3072K, 0% used [0x00000000d6180000,0x00000000d6180000,0x00000000d6480000)
 ParOldGen       total 189952K, used 189483K [0x0000000080000000, 0x000000008b980000, 0x00000000d5580000)
  object space 189952K, 99% used [0x0000000080000000,0x000000008b90aef8,0x000000008b980000)
 Metaspace       used 70474K, committed 71936K, reserved 1114112K
  class space    used 7494K, committed 8128K, reserved 1048576K
}
Event: 325.913 GC heap after
{Heap after GC invocations=95 (full 3):
 PSYoungGen      total 9216K, used 3061K [0x00000000d5580000, 0x00000000d6680000, 0x0000000100000000)
  eden space 6144K, 0% used [0x00000000d5580000,0x00000000d5580000,0x00000000d5b80000)
  from space 3072K, 99% used [0x00000000d6180000,0x00000000d647d400,0x00000000d6480000)
  to   space 5632K, 0% used [0x00000000d5b80000,0x00000000d5b80000,0x00000000d6100000)
 ParOldGen       total 192000K, used 191659K [0x0000000080000000, 0x000000008bb80000, 0x00000000d5580000)
  object space 192000K, 99% used [0x0000000080000000,0x000000008bb2aef8,0x000000008bb80000)
 Metaspace       used 70474K, committed 71936K, reserved 1114112K
  class space    used 7494K, committed 8128K, reserved 1048576K
}
Event: 326.016 GC heap before
{Heap before GC invocations=96 (full 3):
 PSYoungGen      total 9216K, used 9204K [0x00000000d5580000, 0x00000000d6680000, 0x0000000100000000)
  eden space 6144K, 99% used [0x00000000d5580000,0x00000000d5b7ff90,0x00000000d5b80000)
  from space 3072K, 99% used [0x00000000d6180000,0x00000000d647d400,0x00000000d6480000)
  to   space 5632K, 0% used [0x00000000d5b80000,0x00000000d5b80000,0x00000000d6100000)
 ParOldGen       total 192000K, used 191659K [0x0000000080000000, 0x000000008bb80000, 0x00000000d5580000)
  object space 192000K, 99% used [0x0000000080000000,0x000000008bb2aef8,0x000000008bb80000)
 Metaspace       used 70510K, committed 72000K, reserved 1114112K
  class space    used 7495K, committed 8128K, reserved 1048576K
}
Event: 326.021 GC heap after
{Heap after GC invocations=96 (full 3):
 PSYoungGen      total 8192K, used 1888K [0x00000000d5580000, 0x00000000d6280000, 0x0000000100000000)
  eden space 6144K, 0% used [0x00000000d5580000,0x00000000d5580000,0x00000000d5b80000)
  from space 2048K, 92% used [0x00000000d5b80000,0x00000000d5d58000,0x00000000d5d80000)
  to   space 3584K, 0% used [0x00000000d5f00000,0x00000000d5f00000,0x00000000d6280000)
 ParOldGen       total 195072K, used 194659K [0x0000000080000000, 0x000000008be80000, 0x00000000d5580000)
  object space 195072K, 99% used [0x0000000080000000,0x000000008be18ef8,0x000000008be80000)
 Metaspace       used 70510K, committed 72000K, reserved 1114112K
  class space    used 7495K, committed 8128K, reserved 1048576K
}

Dll operation events (10 events):
Event: 0.012 Loaded shared library c:\Users\Maghraby Store\.vscode\extensions\redhat.java-1.50.0-win32-x64\jre\21.0.9-win32-x86_64\bin\java.dll
Event: 0.128 Loaded shared library c:\Users\Maghraby Store\.vscode\extensions\redhat.java-1.50.0-win32-x64\jre\21.0.9-win32-x86_64\bin\zip.dll
Event: 0.153 Loaded shared library C:\Users\Maghraby Store\.vscode\extensions\redhat.java-1.50.0-win32-x64\jre\21.0.9-win32-x86_64\bin\instrument.dll
Event: 0.159 Loaded shared library C:\Users\Maghraby Store\.vscode\extensions\redhat.java-1.50.0-win32-x64\jre\21.0.9-win32-x86_64\bin\net.dll
Event: 0.161 Loaded shared library C:\Users\Maghraby Store\.vscode\extensions\redhat.java-1.50.0-win32-x64\jre\21.0.9-win32-x86_64\bin\nio.dll
Event: 0.164 Loaded shared library C:\Users\Maghraby Store\.vscode\extensions\redhat.java-1.50.0-win32-x64\jre\21.0.9-win32-x86_64\bin\zip.dll
Event: 0.185 Loaded shared library C:\Users\Maghraby Store\.vscode\extensions\redhat.java-1.50.0-win32-x64\jre\21.0.9-win32-x86_64\bin\jimage.dll
Event: 0.278 Loaded shared library c:\Users\Maghraby Store\.vscode\extensions\redhat.java-1.50.0-win32-x64\jre\21.0.9-win32-x86_64\bin\verify.dll
Event: 1.682 Loaded shared library C:\Users\Maghraby Store\AppData\Roaming\Code\User\globalStorage\redhat.java\1.50.0\config_win\org.eclipse.equinox.launcher\org.eclipse.equinox.launcher.win32.win32.x86_64_1.2.1400.v20250801-0854\eclipse_11916.dll
Event: 3.527 Loaded shared library C:\Users\Maghraby Store\AppData\Local\Temp\jna--607650244\jna15347812973336625984.dll

Deoptimization events (20 events):
Event: 324.785 Thread 0x000001fa9a32d2c0 Uncommon trap: trap_request=0xffffff45 fr.pc=0x000001fa46720c18 relative=0x0000000000000418
Event: 324.785 Thread 0x000001fa9a32d2c0 Uncommon trap: reason=unstable_if action=reinterpret pc=0x000001fa46720c18 method=org.eclipse.jdt.internal.core.util.Util.quickSort([III)V @ 73 c2
Event: 324.785 Thread 0x000001fa9a32d2c0 DEOPT PACKING pc=0x000001fa46720c18 sp=0x00000031a72feb70
Event: 324.785 Thread 0x000001fa9a32d2c0 DEOPT UNPACKING pc=0x000001fa45a93aa2 sp=0x00000031a72feb00 mode 2
Event: 324.832 Thread 0x000001fa9a32d2c0 DEOPT PACKING pc=0x000001fa3fde184c sp=0x00000031a72fec30
Event: 324.833 Thread 0x000001fa9a32d2c0 DEOPT UNPACKING pc=0x000001fa45a94242 sp=0x00000031a72fe1e0 mode 0
Event: 325.852 Thread 0x000001fa9a5d1130 Uncommon trap: trap_request=0xffffffbe fr.pc=0x000001fa4676b7ec relative=0x0000000000000d2c
Event: 325.852 Thread 0x000001fa9a5d1130 Uncommon trap: reason=profile_predicate action=maybe_recompile pc=0x000001fa4676b7ec method=java.util.regex.Pattern$BnM.optimize(Ljava/util/regex/Pattern$Node;)Ljava/util/regex/Pattern$Node; @ 67 c2
Event: 325.852 Thread 0x000001fa9a5d1130 DEOPT PACKING pc=0x000001fa4676b7ec sp=0x00000031a78fea30
Event: 325.852 Thread 0x000001fa9a5d1130 DEOPT UNPACKING pc=0x000001fa45a93aa2 sp=0x00000031a78fe960 mode 2
Event: 325.852 Thread 0x000001fa9a5d1130 Uncommon trap: trap_request=0xffffffbe fr.pc=0x000001fa4676b7ec relative=0x0000000000000d2c
Event: 325.852 Thread 0x000001fa9a5d1130 Uncommon trap: reason=profile_predicate action=maybe_recompile pc=0x000001fa4676b7ec method=java.util.regex.Pattern$BnM.optimize(Ljava/util/regex/Pattern$Node;)Ljava/util/regex/Pattern$Node; @ 67 c2
Event: 325.852 Thread 0x000001fa9a5d1130 DEOPT PACKING pc=0x000001fa4676b7ec sp=0x00000031a78feaa0
Event: 325.852 Thread 0x000001fa9a5d1130 DEOPT UNPACKING pc=0x000001fa45a93aa2 sp=0x00000031a78fe9d0 mode 2
Event: 325.916 Thread 0x000001fa9a32d2c0 DEOPT PACKING pc=0x000001fa3fdf0100 sp=0x00000031a72fee20
Event: 325.916 Thread 0x000001fa9a32d2c0 DEOPT UNPACKING pc=0x000001fa45a94242 sp=0x00000031a72fe2f8 mode 0
Event: 325.937 Thread 0x000001fa9a32d2c0 DEOPT PACKING pc=0x000001fa3fdd6845 sp=0x00000031a72feda0
Event: 325.937 Thread 0x000001fa9a32d2c0 DEOPT UNPACKING pc=0x000001fa45a94242 sp=0x00000031a72fe2f8 mode 0
Event: 325.952 Thread 0x000001fa9a32d2c0 DEOPT PACKING pc=0x000001fa3fdd6845 sp=0x00000031a72feda0
Event: 325.952 Thread 0x000001fa9a32d2c0 DEOPT UNPACKING pc=0x000001fa45a94242 sp=0x00000031a72fe2f8 mode 0

Classes loaded (20 events):
Event: 304.436 Loading class java/util/function/LongFunction
Event: 304.436 Loading class java/util/function/LongFunction done
Event: 304.437 Loading class java/util/stream/Nodes$ConcNode
Event: 304.437 Loading class java/util/stream/Nodes$AbstractConcNode
Event: 304.437 Loading class java/util/stream/Nodes$AbstractConcNode done
Event: 304.437 Loading class java/util/stream/Nodes$ConcNode done
Event: 304.471 Loading class java/io/ObjectOutputStream$BlockDataOutputStream
Event: 304.471 Loading class java/io/ObjectOutputStream$BlockDataOutputStream done
Event: 304.471 Loading class java/io/ObjectOutputStream$HandleTable
Event: 304.472 Loading class java/io/ObjectOutputStream$HandleTable done
Event: 304.472 Loading class java/io/ObjectOutputStream$ReplaceTable
Event: 304.472 Loading class java/io/ObjectOutputStream$ReplaceTable done
Event: 322.930 Loading class java/util/stream/ReduceOps$5
Event: 322.930 Loading class java/util/stream/ReduceOps$5 done
Event: 322.930 Loading class java/util/stream/ReduceOps$CountingSink$OfRef
Event: 322.930 Loading class java/util/stream/ReduceOps$CountingSink
Event: 322.930 Loading class java/util/stream/ReduceOps$CountingSink done
Event: 322.930 Loading class java/util/stream/ReduceOps$CountingSink$OfRef done
Event: 323.285 Loading class java/nio/BufferMismatch
Event: 323.285 Loading class java/nio/BufferMismatch done

Classes unloaded (9 events):
Event: 4.167 Thread 0x000001fa3b3b2bc0 Unloading class 0x000001fa531a9400 'java/lang/invoke/LambdaForm$MH+0x000001fa531a9400'
Event: 4.167 Thread 0x000001fa3b3b2bc0 Unloading class 0x000001fa531a9000 'java/lang/invoke/LambdaForm$MH+0x000001fa531a9000'
Event: 4.167 Thread 0x000001fa3b3b2bc0 Unloading class 0x000001fa531a8c00 'java/lang/invoke/LambdaForm$MH+0x000001fa531a8c00'
Event: 4.167 Thread 0x000001fa3b3b2bc0 Unloading class 0x000001fa531a8800 'java/lang/invoke/LambdaForm$MH+0x000001fa531a8800'
Event: 4.167 Thread 0x000001fa3b3b2bc0 Unloading class 0x000001fa531a8400 'java/lang/invoke/LambdaForm$BMH+0x000001fa531a8400'
Event: 4.167 Thread 0x000001fa3b3b2bc0 Unloading class 0x000001fa531a8000 'java/lang/invoke/LambdaForm$DMH+0x000001fa531a8000'
Event: 4.167 Thread 0x000001fa3b3b2bc0 Unloading class 0x000001fa531a6c00 'java/lang/invoke/LambdaForm$DMH+0x000001fa531a6c00'
Event: 11.281 Thread 0x000001fa3b3b2bc0 Unloading class 0x000001fa53682800 'java/lang/invoke/LambdaForm$DMH+0x000001fa53682800'
Event: 11.281 Thread 0x000001fa3b3b2bc0 Unloading class 0x000001fa53682400 'java/lang/invoke/LambdaForm$DMH+0x000001fa53682400'

Classes redefined (0 events):
No events

Internal exceptions (20 events):
Event: 236.163 Thread 0x000001fa9a5cd620 Exception <a 'java/lang/NoSuchMethodError'{0x00000000d5bf2f00}: 'java.lang.Object java.lang.invoke.DirectMethodHandle$Holder.newInvokeSpecial(java.lang.Object, int, java.lang.Object, java.lang.Object, java.lang.Object)'> (0x00000000d5bf2f00) 
thrown [s\src\hotspot\share\interpreter\linkResolver.cpp, line 773]
Event: 238.023 Thread 0x000001fa9c0037a0 Exception <a 'java/lang/IncompatibleClassChangeError'{0x00000000d57f6800}: Found class java.lang.Object, but interface was expected> (0x00000000d57f6800) 
thrown [s\src\hotspot\share\interpreter\linkResolver.cpp, line 840]
Event: 304.463 Thread 0x000001fa9a5cf6f0 Exception <a 'sun/nio/fs/WindowsException'{0x00000000d5cec060}> (0x00000000d5cec060) 
thrown [s\src\hotspot\share\prims\jni.cpp, line 520]
Event: 304.463 Thread 0x000001fa9a5cf6f0 Exception <a 'sun/nio/fs/WindowsException'{0x00000000d5cecbd8}> (0x00000000d5cecbd8) 
thrown [s\src\hotspot\share\prims\jni.cpp, line 520]
Event: 304.489 Thread 0x000001fa9a5cf6f0 Exception <a 'java/lang/NoSuchMethodError'{0x00000000d5d757f8}: static [J.<clinit>()V> (0x00000000d5d757f8) 
thrown [s\src\hotspot\share\prims\jni.cpp, line 1111]
Event: 304.502 Thread 0x000001fa9a5cf6f0 Exception <a 'java/lang/NoSuchMethodError'{0x00000000d5da5258}: 'java.lang.Object java.lang.invoke.DirectMethodHandle$Holder.newInvokeSpecial(java.lang.Object, java.lang.Object, java.lang.Object, java.lang.Object, java.lang.Object, java.lang.Object, java.lang.Object, java.lang.Object)'> (0x00000000d5da5258) 
thrown [s\src\hotspot\share\interpreter\linkResolver.cpp, line 773]
Event: 321.428 Thread 0x000001fa9c0037a0 Exception <a 'java/lang/IncompatibleClassChangeError'{0x00000000d5ed1c38}: Found class java.lang.Object, but interface was expected> (0x00000000d5ed1c38) 
thrown [s\src\hotspot\share\interpreter\linkResolver.cpp, line 840]
Event: 321.514 Thread 0x000001fa9c0037a0 Exception <a 'java/lang/ArrayIndexOutOfBoundsException'{0x00000000d61a92f0}: Index 342 out of bounds for length 342> (0x00000000d61a92f0) 
thrown [s\src\hotspot\share\interpreter\interpreterRuntime.cpp, line 439]
Event: 321.576 Thread 0x000001fa9c0037a0 Exception <a 'java/lang/ArrayIndexOutOfBoundsException'{0x00000000d5879b90}: Index 342 out of bounds for length 342> (0x00000000d5879b90) 
thrown [s\src\hotspot\share\interpreter\interpreterRuntime.cpp, line 439]
Event: 321.960 Thread 0x000001fa9a5ce340 Exception <a 'java/lang/NoSuchMethodError'{0x00000000d5e06eb8}: 'void java.lang.invoke.DirectMethodHandle$Holder.invokeVirtual(java.lang.Object, java.lang.Object, java.lang.Object, java.lang.Object, java.lang.Object)'> (0x00000000d5e06eb8) 
thrown [s\src\hotspot\share\interpreter\linkResolver.cpp, line 773]
Event: 322.208 Thread 0x000001fa9a5ccf90 Exception <a 'java/lang/ArrayIndexOutOfBoundsException'{0x00000000d558d5c8}> (0x00000000d558d5c8) 
thrown [s\src\hotspot\share\runtime\sharedRuntime.cpp, line 625]
Event: 322.772 Thread 0x000001fa9c0037a0 Exception <a 'java/lang/IncompatibleClassChangeError'{0x00000000d5bd1338}: Found class java.lang.Object, but interface was expected> (0x00000000d5bd1338) 
thrown [s\src\hotspot\share\interpreter\linkResolver.cpp, line 840]
Event: 322.773 Thread 0x000001fa9c0037a0 Exception <a 'java/lang/IncompatibleClassChangeError'{0x00000000d5bd5028}: Found class java.lang.Object, but interface was expected> (0x00000000d5bd5028) 
thrown [s\src\hotspot\share\interpreter\linkResolver.cpp, line 840]
Event: 323.339 Thread 0x000001fa9a32d2c0 Exception <a 'sun/nio/fs/WindowsException'{0x00000000d5790c10}> (0x00000000d5790c10) 
thrown [s\src\hotspot\share\prims\jni.cpp, line 520]
Event: 323.354 Thread 0x000001fa9a5ccf90 Exception <a 'java/lang/ArrayIndexOutOfBoundsException'{0x00000000d5939d50}> (0x00000000d5939d50) 
thrown [s\src\hotspot\share\runtime\sharedRuntime.cpp, line 625]
Event: 323.362 Thread 0x000001fa9a32d2c0 Implicit null exception at 0x000001fa466ae3e2 to 0x000001fa466ae854
Event: 323.367 Thread 0x000001fa9a32d2c0 Implicit null exception at 0x000001fa46665823 to 0x000001fa46665c9c
Event: 323.586 Thread 0x000001fa9a5ccf90 Exception <a 'java/lang/ArrayIndexOutOfBoundsException'{0x00000000d5de3888}> (0x00000000d5de3888) 
thrown [s\src\hotspot\share\runtime\sharedRuntime.cpp, line 625]
Event: 324.454 Thread 0x000001fa9a32d2c0 Exception <a 'sun/nio/fs/WindowsException'{0x00000000d5cce950}> (0x00000000d5cce950) 
thrown [s\src\hotspot\share\prims\jni.cpp, line 520]
Event: 325.994 Thread 0x000001fa9a32d2c0 Exception <a 'sun/nio/fs/WindowsException'{0x00000000d5ad7d58}> (0x00000000d5ad7d58) 
thrown [s\src\hotspot\share\prims\jni.cpp, line 520]

ZGC Phase Switch (0 events):
No events

VM Operations (20 events):
Event: 323.872 Executing VM operation: ParallelGCFailedAllocation (Allocation Failure)
Event: 323.882 Executing VM operation: ParallelGCFailedAllocation (Allocation Failure) done
Event: 324.492 Executing VM operation: ParallelGCFailedAllocation (Allocation Failure)
Event: 324.496 Executing VM operation: ParallelGCFailedAllocation (Allocation Failure) done
Event: 324.578 Executing VM operation: ParallelGCFailedAllocation (Allocation Failure)
Event: 324.587 Executing VM operation: ParallelGCFailedAllocation (Allocation Failure) done
Event: 324.603 Executing VM operation: ParallelGCFailedAllocation (Allocation Failure)
Event: 324.606 Executing VM operation: ParallelGCFailedAllocation (Allocation Failure) done
Event: 324.632 Executing VM operation: ParallelGCFailedAllocation (Allocation Failure)
Event: 324.636 Executing VM operation: ParallelGCFailedAllocation (Allocation Failure) done
Event: 324.690 Executing VM operation: ParallelGCFailedAllocation (Allocation Failure)
Event: 324.696 Executing VM operation: ParallelGCFailedAllocation (Allocation Failure) done
Event: 324.833 Executing VM operation: ParallelGCFailedAllocation (Allocation Failure)
Event: 325.849 Executing VM operation: ParallelGCFailedAllocation (Allocation Failure) done
Event: 325.868 Executing VM operation: ParallelGCFailedAllocation (Allocation Failure)
Event: 325.874 Executing VM operation: ParallelGCFailedAllocation (Allocation Failure) done
Event: 325.905 Executing VM operation: ParallelGCFailedAllocation (Allocation Failure)
Event: 325.913 Executing VM operation: ParallelGCFailedAllocation (Allocation Failure) done
Event: 326.016 Executing VM operation: ParallelGCFailedAllocation (Allocation Failure)
Event: 326.021 Executing VM operation: ParallelGCFailedAllocation (Allocation Failure) done

Memory protections (0 events):
No events

Nmethod flushes (20 events):
Event: 11.299 Thread 0x000001fa3b3b2bc0 flushing  nmethod 0x000001fa3ecfb790
Event: 11.299 Thread 0x000001fa3b3b2bc0 flushing osr nmethod 0x000001fa3ed50590
Event: 11.299 Thread 0x000001fa3b3b2bc0 flushing  nmethod 0x000001fa3ed68a10
Event: 11.299 Thread 0x000001fa3b3b2bc0 flushing  nmethod 0x000001fa3ed83790
Event: 11.299 Thread 0x000001fa3b3b2bc0 flushing  nmethod 0x000001fa3ed87710
Event: 11.299 Thread 0x000001fa3b3b2bc0 flushing  nmethod 0x000001fa3ed88090
Event: 11.299 Thread 0x000001fa3b3b2bc0 flushing  nmethod 0x000001fa3ed88f90
Event: 11.299 Thread 0x000001fa3b3b2bc0 flushing  nmethod 0x000001fa3ed8c610
Event: 11.299 Thread 0x000001fa3b3b2bc0 flushing  nmethod 0x000001fa3ed8ea10
Event: 11.299 Thread 0x000001fa3b3b2bc0 flushing  nmethod 0x000001fa3edc6010
Event: 11.299 Thread 0x000001fa3b3b2bc0 flushing  nmethod 0x000001fa3edca590
Event: 11.299 Thread 0x000001fa3b3b2bc0 flushing  nmethod 0x000001fa3edde510
Event: 11.299 Thread 0x000001fa3b3b2bc0 flushing  nmethod 0x000001fa3eddeb10
Event: 11.299 Thread 0x000001fa3b3b2bc0 flushing  nmethod 0x000001fa3ede2010
Event: 11.299 Thread 0x000001fa3b3b2bc0 flushing  nmethod 0x000001fa3ede2710
Event: 11.299 Thread 0x000001fa3b3b2bc0 flushing  nmethod 0x000001fa3ede3490
Event: 11.299 Thread 0x000001fa3b3b2bc0 flushing  nmethod 0x000001fa3ede4e90
Event: 11.299 Thread 0x000001fa3b3b2bc0 flushing  nmethod 0x000001fa3edf6790
Event: 11.299 Thread 0x000001fa3b3b2bc0 flushing  nmethod 0x000001fa3ee0ae90
Event: 11.299 Thread 0x000001fa3b3b2bc0 flushing  nmethod 0x000001fa3ee23790

Events (20 events):
Event: 309.112 Thread 0x000001fa9b21c5a0 Thread exited: 0x000001fa9b21c5a0
Event: 321.542 Thread 0x000001fa3b29e5f0 Thread added: 0x000001fa9a453360
Event: 321.542 Thread 0x000001fa3b29e5f0 Thread added: 0x000001fa9a454100
Event: 321.856 Thread 0x000001fa9a5cc270 Thread added: 0x000001fa9a5d0410
Event: 322.569 Thread 0x000001fa9a454100 Thread exited: 0x000001fa9a454100
Event: 322.570 Thread 0x000001fa9a453360 Thread exited: 0x000001fa9a453360
Event: 322.912 Thread 0x000001fa3b29e5f0 Thread added: 0x000001fa9a455570
Event: 323.009 Thread 0x000001fa3b29e5f0 Thread added: 0x000001fa9a453360
Event: 323.043 Thread 0x000001fa9a32e670 Thread added: 0x000001fa9a5cfd80
Event: 323.087 Thread 0x000001fa9a32e670 Thread added: 0x000001fa9a5d17c0
Event: 323.457 Thread 0x000001fa9a5cc270 Thread added: 0x000001fa9a5d1130
Event: 323.687 Thread 0x000001fa9a453360 Thread exited: 0x000001fa9a453360
Event: 323.883 Thread 0x000001fa9a455570 Thread exited: 0x000001fa9a455570
Event: 323.895 Thread 0x000001fa3b29e5f0 Thread added: 0x000001fa9a453360
Event: 323.942 Thread 0x000001fa3b29e5f0 Thread added: 0x000001fa9a454100
Event: 324.181 Thread 0x000001fa9a454100 Thread exited: 0x000001fa9a454100
Event: 324.187 Thread 0x000001fa9a453360 Thread exited: 0x000001fa9a453360
Event: 324.557 Thread 0x000001fa9a5d1130 Thread added: 0x000001fa9a5d1e50
Event: 324.591 Thread 0x000001fa3b29e5f0 Thread added: 0x000001fa9a455570
Event: 325.874 Thread 0x000001fa9a455570 Thread added: 0x000001fa9a453360


Dynamic libraries:
0x00007ff71dfb0000 - 0x00007ff71dfbe000 	c:\Users\Maghraby Store\.vscode\extensions\redhat.java-1.50.0-win32-x64\jre\21.0.9-win32-x86_64\bin\java.exe
0x00007ffcc4580000 - 0x00007ffcc47e7000 	C:\WINDOWS\SYSTEM32\ntdll.dll
0x00007ffcc25c0000 - 0x00007ffcc2689000 	C:\WINDOWS\System32\KERNEL32.DLL
0x00007ffcc16d0000 - 0x00007ffcc1abf000 	C:\WINDOWS\System32\KERNELBASE.dll
0x00007ffcc1ff0000 - 0x00007ffcc213b000 	C:\WINDOWS\System32\ucrtbase.dll
0x00007ffcb12b0000 - 0x00007ffcb12c8000 	c:\Users\Maghraby Store\.vscode\extensions\redhat.java-1.50.0-win32-x64\jre\21.0.9-win32-x86_64\bin\jli.dll
0x00007ffca3720000 - 0x00007ffca373e000 	c:\Users\Maghraby Store\.vscode\extensions\redhat.java-1.50.0-win32-x64\jre\21.0.9-win32-x86_64\bin\VCRUNTIME140.dll
0x00007ffcc37a0000 - 0x00007ffcc3965000 	C:\WINDOWS\System32\USER32.dll
0x00007ffca8720000 - 0x00007ffca89b3000 	C:\WINDOWS\WinSxS\amd64_microsoft.windows.common-controls_6595b64144ccf1df_6.0.26100.7309_none_3e05feeae336a044\COMCTL32.dll
0x00007ffcc1e50000 - 0x00007ffcc1e77000 	C:\WINDOWS\System32\win32u.dll
0x00007ffcc23f0000 - 0x00007ffcc2499000 	C:\WINDOWS\System32\msvcrt.dll
0x00007ffcc40d0000 - 0x00007ffcc40fb000 	C:\WINDOWS\System32\GDI32.dll
0x00007ffcc2140000 - 0x00007ffcc226c000 	C:\WINDOWS\System32\gdi32full.dll
0x00007ffcc2270000 - 0x00007ffcc2313000 	C:\WINDOWS\System32\msvcp_win.dll
0x00007ffcc3e20000 - 0x00007ffcc3e51000 	C:\WINDOWS\System32\IMM32.DLL
0x00007ffcb0d50000 - 0x00007ffcb0d5c000 	c:\Users\Maghraby Store\.vscode\extensions\redhat.java-1.50.0-win32-x64\jre\21.0.9-win32-x86_64\bin\vcruntime140_1.dll
0x00007ffc965d0000 - 0x00007ffc9665d000 	c:\Users\Maghraby Store\.vscode\extensions\redhat.java-1.50.0-win32-x64\jre\21.0.9-win32-x86_64\bin\msvcp140.dll
0x00007ffc59600000 - 0x00007ffc5a3a0000 	c:\Users\Maghraby Store\.vscode\extensions\redhat.java-1.50.0-win32-x64\jre\21.0.9-win32-x86_64\bin\server\jvm.dll
0x00007ffcc3600000 - 0x00007ffcc36b4000 	C:\WINDOWS\System32\ADVAPI32.dll
0x00007ffcc42e0000 - 0x00007ffcc4386000 	C:\WINDOWS\System32\sechost.dll
0x00007ffcc3e60000 - 0x00007ffcc3f78000 	C:\WINDOWS\System32\RPCRT4.dll
0x00007ffcc44c0000 - 0x00007ffcc4534000 	C:\WINDOWS\System32\WS2_32.dll
0x00007ffcc1530000 - 0x00007ffcc158e000 	C:\WINDOWS\SYSTEM32\POWRPROF.dll
0x00007ffca90d0000 - 0x00007ffca9105000 	C:\WINDOWS\SYSTEM32\WINMM.dll
0x00007ffcb13e0000 - 0x00007ffcb13eb000 	C:\WINDOWS\SYSTEM32\VERSION.dll
0x00007ffcc1510000 - 0x00007ffcc1524000 	C:\WINDOWS\SYSTEM32\UMPDC.dll
0x00007ffcc0440000 - 0x00007ffcc045b000 	C:\WINDOWS\SYSTEM32\kernel.appcore.dll
0x00007ffcaba10000 - 0x00007ffcaba1a000 	c:\Users\Maghraby Store\.vscode\extensions\redhat.java-1.50.0-win32-x64\jre\21.0.9-win32-x86_64\bin\jimage.dll
0x00007ffcbee10000 - 0x00007ffcbf052000 	C:\WINDOWS\SYSTEM32\DBGHELP.DLL
0x00007ffcc39e0000 - 0x00007ffcc3d65000 	C:\WINDOWS\System32\combase.dll
0x00007ffcc36c0000 - 0x00007ffcc3796000 	C:\WINDOWS\System32\OLEAUT32.dll
0x00007ffcabfa0000 - 0x00007ffcabfdc000 	C:\WINDOWS\SYSTEM32\dbgcore.DLL
0x00007ffcc1ad0000 - 0x00007ffcc1b75000 	C:\WINDOWS\System32\bcryptPrimitives.dll
0x00007ffca8a00000 - 0x00007ffca8a0f000 	c:\Users\Maghraby Store\.vscode\extensions\redhat.java-1.50.0-win32-x64\jre\21.0.9-win32-x86_64\bin\instrument.dll
0x00007ffc9c4c0000 - 0x00007ffc9c4e0000 	c:\Users\Maghraby Store\.vscode\extensions\redhat.java-1.50.0-win32-x64\jre\21.0.9-win32-x86_64\bin\java.dll
0x00007ffcc2690000 - 0x00007ffcc2de3000 	C:\WINDOWS\System32\SHELL32.dll
0x00007ffcc1e80000 - 0x00007ffcc1fea000 	C:\WINDOWS\System32\wintypes.dll
0x00007ffcbf290000 - 0x00007ffcbfaee000 	C:\WINDOWS\SYSTEM32\windows.storage.dll
0x00007ffcc3f80000 - 0x00007ffcc4075000 	C:\WINDOWS\System32\SHCORE.dll
0x00007ffcc4100000 - 0x00007ffcc4166000 	C:\WINDOWS\System32\shlwapi.dll
0x00007ffcc15f0000 - 0x00007ffcc1619000 	C:\WINDOWS\SYSTEM32\profapi.dll
0x00007ffca3650000 - 0x00007ffca3668000 	c:\Users\Maghraby Store\.vscode\extensions\redhat.java-1.50.0-win32-x64\jre\21.0.9-win32-x86_64\bin\zip.dll
0x00007ffca4490000 - 0x00007ffca44a0000 	C:\Users\Maghraby Store\.vscode\extensions\redhat.java-1.50.0-win32-x64\jre\21.0.9-win32-x86_64\bin\net.dll
0x00007ffcb7860000 - 0x00007ffcb7988000 	C:\WINDOWS\SYSTEM32\WINHTTP.dll
0x00007ffcc0990000 - 0x00007ffcc09fb000 	C:\WINDOWS\system32\mswsock.dll
0x00007ffc99950000 - 0x00007ffc99966000 	C:\Users\Maghraby Store\.vscode\extensions\redhat.java-1.50.0-win32-x64\jre\21.0.9-win32-x86_64\bin\nio.dll
0x00007ffcb1170000 - 0x00007ffcb1180000 	c:\Users\Maghraby Store\.vscode\extensions\redhat.java-1.50.0-win32-x64\jre\21.0.9-win32-x86_64\bin\verify.dll
0x00007ffcb1120000 - 0x00007ffcb1164000 	C:\Users\Maghraby Store\AppData\Roaming\Code\User\globalStorage\redhat.java\1.50.0\config_win\org.eclipse.equinox.launcher\org.eclipse.equinox.launcher.win32.win32.x86_64_1.2.1400.v20250801-0854\eclipse_11916.dll
0x00007ffcc2fd0000 - 0x00007ffcc3167000 	C:\WINDOWS\System32\ole32.dll
0x00007ffcc0d80000 - 0x00007ffcc0d9b000 	C:\WINDOWS\SYSTEM32\CRYPTSP.dll
0x00007ffcc03a0000 - 0x00007ffcc03da000 	C:\WINDOWS\system32\rsaenh.dll
0x00007ffcc0a40000 - 0x00007ffcc0a6b000 	C:\WINDOWS\SYSTEM32\USERENV.dll
0x00007ffcc15c0000 - 0x00007ffcc15ea000 	C:\WINDOWS\SYSTEM32\bcrypt.dll
0x00007ffcc0be0000 - 0x00007ffcc0bec000 	C:\WINDOWS\SYSTEM32\CRYPTBASE.dll
0x00007ffcbfe80000 - 0x00007ffcbfeb4000 	C:\WINDOWS\SYSTEM32\IPHLPAPI.DLL
0x00007ffcc24a0000 - 0x00007ffcc24aa000 	C:\WINDOWS\System32\NSI.dll
0x00007ffcb10d0000 - 0x00007ffcb1119000 	C:\Users\Maghraby Store\AppData\Local\Temp\jna--607650244\jna15347812973336625984.dll
0x00007ffcc25b0000 - 0x00007ffcc25b8000 	C:\WINDOWS\System32\PSAPI.DLL
0x00007ffcb7db0000 - 0x00007ffcb7dce000 	C:\WINDOWS\SYSTEM32\dhcpcsvc6.DLL
0x00007ffcb7c00000 - 0x00007ffcb7c23000 	C:\WINDOWS\SYSTEM32\dhcpcsvc.DLL

JVMTI agents:
c:\Users\Maghraby Store\.vscode\extensions\redhat.java-1.50.0-win32-x64\lombok\lombok-1.18.39-4050.jar path:c:\Users\Maghraby Store\.vscode\extensions\redhat.java-1.50.0-win32-x64\jre\21.0.9-win32-x86_64\bin\instrument.dll, loaded, initialized, instrumentlib options:none

dbghelp: loaded successfully - version: 4.0.5 - missing functions: none
symbol engine: initialized successfully - sym options: 0x614 - pdb path: .;c:\Users\Maghraby Store\.vscode\extensions\redhat.java-1.50.0-win32-x64\jre\21.0.9-win32-x86_64\bin;C:\WINDOWS\SYSTEM32;C:\WINDOWS\WinSxS\amd64_microsoft.windows.common-controls_6595b64144ccf1df_6.0.26100.7309_none_3e05feeae336a044;c:\Users\Maghraby Store\.vscode\extensions\redhat.java-1.50.0-win32-x64\jre\21.0.9-win32-x86_64\bin\server;C:\Users\Maghraby Store\AppData\Roaming\Code\User\globalStorage\redhat.java\1.50.0\config_win\org.eclipse.equinox.launcher\org.eclipse.equinox.launcher.win32.win32.x86_64_1.2.1400.v20250801-0854;C:\Users\Maghraby Store\AppData\Local\Temp\jna--607650244

VM Arguments:
jvm_args: --add-modules=ALL-SYSTEM --add-opens=java.base/java.util=ALL-UNNAMED --add-opens=java.base/java.lang=ALL-UNNAMED --add-opens=java.base/sun.nio.fs=ALL-UNNAMED -Declipse.application=org.eclipse.jdt.ls.core.id1 -Dosgi.bundles.defaultStartLevel=4 -Declipse.product=org.eclipse.jdt.ls.core.product -Djava.import.generatesMetadataFilesAtProjectRoot=false -DDetectVMInstallationsJob.disabled=true -Dfile.encoding=utf8 -XX:+UseParallelGC -XX:GCTimeRatio=4 -XX:AdaptiveSizePolicyWeight=90 -Dsun.zip.disableMemoryMapping=true -Xmx2G -Xms100m -Xlog:disable -javaagent:c:\Users\Maghraby Store\.vscode\extensions\redhat.java-1.50.0-win32-x64\lombok\lombok-1.18.39-4050.jar -XX:+HeapDumpOnOutOfMemoryError -XX:HeapDumpPath=c:\Users\Maghraby Store\AppData\Roaming\Code\User\workspaceStorage\3dadfdb6fe4ae54e754da0009389f85c\redhat.java -Daether.dependencyCollector.impl=bf 
java_command: c:\Users\Maghraby Store\.vscode\extensions\redhat.java-1.50.0-win32-x64\server\plugins\org.eclipse.equinox.launcher_1.7.100.v20251111-0406.jar -configuration c:\Users\Maghraby Store\AppData\Roaming\Code\User\globalStorage\redhat.java\1.50.0\config_win -data c:\Users\Maghraby Store\AppData\Roaming\Code\User\workspaceStorage\3dadfdb6fe4ae54e754da0009389f85c\redhat.java\jdt_ws --pipe=\\.\pipe\lsp-89958113da1e29cf495cd02b545cb4b7-sock
java_class_path (initial): c:\Users\Maghraby Store\.vscode\extensions\redhat.java-1.50.0-win32-x64\server\plugins\org.eclipse.equinox.launcher_1.7.100.v20251111-0406.jar
Launcher Type: SUN_STANDARD

[Global flags]
    uintx AdaptiveSizePolicyWeight                 = 90                                        {product} {command line}
     intx CICompilerCount                          = 4                                         {product} {ergonomic}
    uintx GCTimeRatio                              = 4                                         {product} {command line}
     bool HeapDumpOnOutOfMemoryError               = true                                   {manageable} {command line}
    ccstr HeapDumpPath                             = c:\Users\Maghraby Store\AppData\Roaming\Code\User\workspaceStorage\3dadfdb6fe4ae54e754da0009389f85c\redhat.java         {manageable} {command line}
   size_t InitialHeapSize                          = 104857600                                 {product} {command line}
   size_t MaxHeapSize                              = 2147483648                                {product} {command line}
   size_t MaxNewSize                               = 715653120                                 {product} {ergonomic}
   size_t MinHeapDeltaBytes                        = 524288                                    {product} {ergonomic}
   size_t MinHeapSize                              = 104857600                                 {product} {command line}
   size_t NewSize                                  = 34603008                                  {product} {ergonomic}
    uintx NonNMethodCodeHeapSize                   = 5839372                                {pd product} {ergonomic}
    uintx NonProfiledCodeHeapSize                  = 122909434                              {pd product} {ergonomic}
   size_t OldSize                                  = 70254592                                  {product} {ergonomic}
    uintx ProfiledCodeHeapSize                     = 122909434                              {pd product} {ergonomic}
    uintx ReservedCodeCacheSize                    = 251658240                              {pd product} {ergonomic}
     bool SegmentedCodeCache                       = true                                      {product} {ergonomic}
   size_t SoftMaxHeapSize                          = 2147483648                             {manageable} {ergonomic}
     bool UseCompressedOops                        = true                           {product lp64_product} {ergonomic}
     bool UseLargePagesIndividualAllocation        = false                                  {pd product} {ergonomic}
     bool UseParallelGC                            = true                                      {product} {command line}

Logging:
Log output configuration:
 #0: stdout all=off uptime,level,tags foldmultilines=false
 #1: stderr all=off uptime,level,tags foldmultilines=false

Release file:
JAVA_VERSION="21.0.9" 
MODULES="java.base java.compiler java.datatransfer java.xml java.prefs java.desktop java.instrument java.logging java.management java.security.sasl java.naming java.rmi java.management.rmi java.net.http java.scripting java.security.jgss java.transaction.xa java.sql java.sql.rowset java.xml.crypto java.se java.smartcardio jdk.accessibility jdk.internal.jvmstat jdk.attach jdk.charsets jdk.internal.opt jdk.zipfs jdk.compiler jdk.crypto.ec jdk.crypto.cryptoki jdk.crypto.mscapi jdk.dynalink jdk.internal.ed jdk.editpad jdk.hotspot.agent jdk.httpserver jdk.internal.le jdk.internal.vm.ci jdk.internal.vm.compiler jdk.internal.vm.compiler.management jdk.jartool jdk.javadoc jdk.jcmd jdk.management jdk.management.agent jdk.jconsole jdk.jdeps jdk.jdwp.agent jdk.jdi jdk.jfr jdk.jshell jdk.jsobject jdk.jstatd jdk.localedata jdk.management.jfr jdk.naming.dns jdk.naming.rmi jdk.net jdk.nio.mapmode jdk.random jdk.sctp jdk.security.auth jdk.security.jgss jdk.unsupported jdk.unsupported.desktop jdk.xml.dom" 

Environment Variables:
JAVA_HOME=E:\New folder
PATH=C:\Python314\Scripts\;C:\Python314\;C:\Program Files\Common Files\Oracle\Java\javapath;C:\WINDOWS\system32;C:\WINDOWS;C:\WINDOWS\System32\Wbem;C:\WINDOWS\System32\WindowsPowerShell\v1.0\;C:\WINDOWS\System32\OpenSSH\;D:\CS102\__pycache__;D:\CS102\__pycache__\Scripts;C:\MinGW\mingw32\bin;C:\msys64\mingw64\bin;C:\Program Files (x86)\IVI Foundation\VISA\WinNT\Bin\;C:\Program Files\IVI Foundation\VISA\Win64\Bin\;C:\Program Files (x86)\IVI Foundation\VISA\WinNT\Bin;E:\New folder\bin;C:\Program Files (x86)\Microsoft SQL Server\160\Tools\Binn\;C:\Program Files\Microsoft SQL Server\160\Tools\Binn\;C:\Program Files\Microsoft SQL Server\Client SDK\ODBC\170\Tools\Binn\;C:\Program Files\Microsoft SQL Server\160\DTS\Binn\;C:\Program Files (x86)\Microsoft SQL Server\160\DTS\Binn\;C:\Users\Maghraby Store\AppData\Local\Muse Hub\lib;C:\Program Files\Git\cmd;C:\Program Files\Docker\Docker\resources\bin;C:\Program Files\nodejs\;C:\ProgramData\chocolatey\bin;C:\Users\Maghraby Store\AppData\Local\Programs\Python\Python313\Scripts\;C:\Users\Maghraby Store\AppData\Local\Programs\Python\Python313\;C:\msys64\ucrt64\bin;C:\Users\Maghraby Store\AppData\Local\Programs\Microsoft VS Code\bin;C:\Users\Maghraby Store\AppData\Local\GitHubDesktop\bin;C:\Users\Maghraby Store\AppData\Local\Microsoft\WindowsApps;C:\Users\Maghraby Store\AppData\Roaming\npm
USERNAME=Maghraby Store
OS=Windows_NT
PROCESSOR_IDENTIFIER=Intel64 Family 6 Model 142 Stepping 12, GenuineIntel
TMP=C:\Users\MAGHRA~1\AppData\Local\Temp
TEMP=C:\Users\MAGHRA~1\AppData\Local\Temp




Periodic native trim disabled

---------------  S Y S T E M  ---------------

OS:
 Windows 11 , 64 bit Build 26100 (10.0.26100.7309)
OS uptime: 1 days 2:08 hours
Hyper-V role detected

CPU: total 8 (initial active 8) (4 cores per cpu, 2 threads per core) family 6 model 142 stepping 12 microcode 0xf4, cx8, cmov, fxsr, ht, mmx, 3dnowpref, sse, sse2, sse3, ssse3, sse4.1, sse4.2, popcnt, lzcnt, tsc, tscinvbit, avx, avx2, aes, erms, clmul, bmi1, bmi2, adx, fma, vzeroupper, clflush, clflushopt, hv, rdtscp, f16c
Processor Information for processor 0
  Max Mhz: 2304, Current Mhz: 1502, Mhz Limit: 1797
Processor Information for processor 1
  Max Mhz: 2304, Current Mhz: 1502, Mhz Limit: 1797
Processor Information for processor 2
  Max Mhz: 2304, Current Mhz: 1502, Mhz Limit: 1797
Processor Information for processor 3
  Max Mhz: 2304, Current Mhz: 1502, Mhz Limit: 1797
Processor Information for processor 4
  Max Mhz: 2304, Current Mhz: 1502, Mhz Limit: 1797
Processor Information for processor 5
  Max Mhz: 2304, Current Mhz: 1502, Mhz Limit: 1797
Processor Information for processor 6
  Max Mhz: 2304, Current Mhz: 1502, Mhz Limit: 1797
Processor Information for processor 7
  Max Mhz: 2304, Current Mhz: 1803, Mhz Limit: 1797

Memory: 4k page, system-wide physical 16067M (4664M free)
TotalPageFile size 16067M (AvailPageFile size 15M)
current process WorkingSet (physical memory assigned to process): 420M, peak: 436M
current process commit charge ("private bytes"): 491M, peak: 507M

vm_info: OpenJDK 64-Bit Server VM (21.0.9+10-LTS) for windows-amd64 JRE (21.0.9+10-LTS), built on 2025-10-21T00:00:00Z by "admin" with unknown MS VC++:1942

END.
