#
# There is insufficient memory for the Java Runtime Environment to continue.
# Native memory allocation (malloc) failed to allocate 1048576 bytes. Error detail: AllocateHeap
# Possible reasons:
#   The system is out of physical RAM or swap space
#   This process is running with CompressedOops enabled, and the Java Heap may be blocking the growth of the native heap
# Possible solutions:
#   Reduce memory load on the system
#   Increase physical memory or swap space
#   Check if swap backing store is full
#   Decrease Java heap size (-Xmx/-Xms)
#   Decrease number of Java threads
#   Decrease Java thread stack sizes (-Xss)
#   Set larger code cache with -XX:ReservedCodeCacheSize=
#   JVM is running with Unscaled Compressed Oops mode in which the Java heap is
#     placed in the first 4GB address space. The Java Heap base address is the
#     maximum limit for the native heap growth. Please use -XX:HeapBaseMinAddress
#     to set the Java Heap base and to place the Java Heap above 4GB virtual address.
# This output file may be truncated or incomplete.
#
#  Out of Memory Error (allocation.cpp:44), pid=22264, tid=20984
#
# JRE version: OpenJDK Runtime Environment Temurin-21.0.9+10 (21.0.9+10) (build 21.0.9+10-LTS)
# Java VM: OpenJDK 64-Bit Server VM Temurin-21.0.9+10 (21.0.9+10-LTS, mixed mode, sharing, tiered, compressed oops, compressed class ptrs, parallel gc, windows-amd64)
# No core dump will be written. Minidumps are not enabled by default on client versions of Windows
#

---------------  S U M M A R Y ------------

Command Line: --add-modules=ALL-SYSTEM --add-opens=java.base/java.util=ALL-UNNAMED --add-opens=java.base/java.lang=ALL-UNNAMED --add-opens=java.base/sun.nio.fs=ALL-UNNAMED -Declipse.application=org.eclipse.jdt.ls.core.id1 -Dosgi.bundles.defaultStartLevel=4 -Declipse.product=org.eclipse.jdt.ls.core.product -Djava.import.generatesMetadataFilesAtProjectRoot=false -DDetectVMInstallationsJob.disabled=true -Dfile.encoding=utf8 -XX:+UseParallelGC -XX:GCTimeRatio=4 -XX:AdaptiveSizePolicyWeight=90 -Dsun.zip.disableMemoryMapping=true -Xmx2G -Xms100m -Xlog:disable -javaagent:c:\Users\Maghraby Store\.vscode\extensions\redhat.java-1.50.0-win32-x64\lombok\lombok-1.18.39-4050.jar -XX:+HeapDumpOnOutOfMemoryError -XX:HeapDumpPath=c:\Users\Maghraby Store\AppData\Roaming\Code\User\workspaceStorage\3dadfdb6fe4ae54e754da0009389f85c\redhat.java -Daether.dependencyCollector.impl=bf c:\Users\Maghraby Store\.vscode\extensions\redhat.java-1.50.0-win32-x64\server\plugins\org.eclipse.equinox.launcher_1.7.100.v20251111-0406.jar -configuration c:\Users\Maghraby Store\AppData\Roaming\Code\User\globalStorage\redhat.java\1.50.0\config_win -data c:\Users\Maghraby Store\AppData\Roaming\Code\User\workspaceStorage\3dadfdb6fe4ae54e754da0009389f85c\redhat.java\jdt_ws --pipe=\\.\pipe\lsp-1fce0ee2a024cfc648d0baebec73a7b5-sock

Host: Intel(R) Core(TM) i7-10610U CPU @ 1.80GHz, 8 cores, 15G,  Windows 11 , 64 bit Build 26100 (10.0.26100.7309)
Time: Tue Dec 16 00:09:44 2025 Egypt Standard Time elapsed time: 610.878674 seconds (0d 0h 10m 10s)

---------------  T H R E A D  ---------------

Current thread (0x000001ab9b099f20):  JavaThread "Attach Listener" daemon [_thread_in_vm, id=20984, stack(0x0000006b10d00000,0x0000006b10e00000) (1024K)]

Stack: [0x0000006b10d00000,0x0000006b10e00000]
Native frames: (J=compiled Java code, j=interpreted, Vv=VM code, C=native code)
V  [jvm.dll+0x6d6e29]
V  [jvm.dll+0x8b4b76]
V  [jvm.dll+0x8b712e]
V  [jvm.dll+0x8b7813]
V  [jvm.dll+0x283d86]
V  [jvm.dll+0xc1277]
V  [jvm.dll+0x6d76d9]
V  [jvm.dll+0x133466]
V  [jvm.dll+0x3f7ea6]
V  [jvm.dll+0x85e9ad]
V  [jvm.dll+0x6d565d]
C  [ucrtbase.dll+0x37b0]
C  [KERNEL32.DLL+0x2e8d7]
C  [ntdll.dll+0x8c53c]


---------------  P R O C E S S  ---------------

Threads class SMR info:
_java_thread_list=0x000001abfe889340, length=54, elements={
0x000001ab9b11fe20, 0x000001ab9b093f60, 0x000001ab9b0965b0, 0x000001ab9b099250,
0x000001ab9b099f20, 0x000001ab9b09a970, 0x000001ab9b09c880, 0x000001ab9b0a30f0,
0x000001ab9b0a7100, 0x000001abf4642360, 0x000001abf46d5ef0, 0x000001abf47ddbe0,
0x000001abf98ae1b0, 0x000001abf97fa000, 0x000001abf97fae80, 0x000001abfa081860,
0x000001abf9e5e6f0, 0x000001abfa09f8f0, 0x000001abfa0a6530, 0x000001abfa26ff50,
0x000001abfa26cad0, 0x000001abfa26d160, 0x000001abfa26d7f0, 0x000001abfa26de80,
0x000001abf9ffe7c0, 0x000001abf9ffcd80, 0x000001abfa000200, 0x000001abf9ffe130,
0x000001abf9fff4e0, 0x000001abf9ffee50, 0x000001abfa000890, 0x000001abf9fffb70,
0x000001abf9ffd410, 0x000001abfa0015b0, 0x000001abfa003d10, 0x000001abfa002ff0,
0x000001abfc1434a0, 0x000001abf94ecee0, 0x000001abf94ee920, 0x000001abf94ef640,
0x000001abf94f37e0, 0x000001abf94f3150, 0x000001abf94f2430, 0x000001abf94f3e70,
0x000001abfc144850, 0x000001abfc142e10, 0x000001abfc143b30, 0x000001abfa26e510,
0x000001abfb113d70, 0x000001abfb1136e0, 0x000001abfb114400, 0x000001abfb110f80,
0x000001abfb111610, 0x000001abfb114a90
}

Java Threads: ( => current thread )
  0x000001ab9b11fe20 JavaThread "main"                              [_thread_blocked, id=21352, stack(0x0000006b10600000,0x0000006b10700000) (1024K)]
  0x000001ab9b093f60 JavaThread "Reference Handler"          daemon [_thread_blocked, id=20944, stack(0x0000006b10a00000,0x0000006b10b00000) (1024K)]
  0x000001ab9b0965b0 JavaThread "Finalizer"                  daemon [_thread_blocked, id=16452, stack(0x0000006b10b00000,0x0000006b10c00000) (1024K)]
  0x000001ab9b099250 JavaThread "Signal Dispatcher"          daemon [_thread_blocked, id=6672, stack(0x0000006b10c00000,0x0000006b10d00000) (1024K)]
=>0x000001ab9b099f20 JavaThread "Attach Listener"            daemon [_thread_in_vm, id=20984, stack(0x0000006b10d00000,0x0000006b10e00000) (1024K)]
  0x000001ab9b09a970 JavaThread "Service Thread"             daemon [_thread_blocked, id=12712, stack(0x0000006b10e00000,0x0000006b10f00000) (1024K)]
  0x000001ab9b09c880 JavaThread "Monitor Deflation Thread"   daemon [_thread_blocked, id=18544, stack(0x0000006b10f00000,0x0000006b11000000) (1024K)]
  0x000001ab9b0a30f0 JavaThread "C2 CompilerThread0"         daemon [_thread_blocked, id=13968, stack(0x0000006b11000000,0x0000006b11100000) (1024K)]
  0x000001ab9b0a7100 JavaThread "C1 CompilerThread0"         daemon [_thread_blocked, id=9008, stack(0x0000006b11100000,0x0000006b11200000) (1024K)]
  0x000001abf4642360 JavaThread "Common-Cleaner"             daemon [_thread_blocked, id=5632, stack(0x0000006b11300000,0x0000006b11400000) (1024K)]
  0x000001abf46d5ef0 JavaThread "Notification Thread"        daemon [_thread_blocked, id=16192, stack(0x0000006b11200000,0x0000006b11300000) (1024K)]
  0x000001abf47ddbe0 JavaThread "Active Thread: Equinox Container: 7d0b32df-976b-45a8-b0f8-bdb30b53ae03"        [_thread_blocked, id=10360, stack(0x0000006b11c00000,0x0000006b11d00000) (1024K)]
  0x000001abf98ae1b0 JavaThread "Refresh Thread: Equinox Container: 7d0b32df-976b-45a8-b0f8-bdb30b53ae03" daemon [_thread_blocked, id=8244, stack(0x0000006b11d00000,0x0000006b11e00000) (1024K)]
  0x000001abf97fa000 JavaThread "Framework Event Dispatcher: Equinox Container: 7d0b32df-976b-45a8-b0f8-bdb30b53ae03" daemon [_thread_blocked, id=8704, stack(0x0000006b11f00000,0x0000006b12000000) (1024K)]
  0x000001abf97fae80 JavaThread "Start Level: Equinox Container: 7d0b32df-976b-45a8-b0f8-bdb30b53ae03" daemon [_thread_blocked, id=14032, stack(0x0000006b12000000,0x0000006b12100000) (1024K)]
  0x000001abfa081860 JavaThread "Bundle File Closer"         daemon [_thread_blocked, id=1072, stack(0x0000006b12100000,0x0000006b12200000) (1024K)]
  0x000001abf9e5e6f0 JavaThread "SCR Component Actor"        daemon [_thread_blocked, id=22120, stack(0x0000006b11500000,0x0000006b11600000) (1024K)]
  0x000001abfa09f8f0 JavaThread "Worker-JM"                         [_thread_blocked, id=7652, stack(0x0000006b12300000,0x0000006b12400000) (1024K)]
  0x000001abfa0a6530 JavaThread "JNA Cleaner"                daemon [_thread_blocked, id=15640, stack(0x0000006b11400000,0x0000006b11500000) (1024K)]
  0x000001abfa26ff50 JavaThread "Java indexing"              daemon [_thread_blocked, id=6848, stack(0x0000006b12700000,0x0000006b12800000) (1024K)]
  0x000001abfa26cad0 JavaThread "Worker-3"                          [_thread_blocked, id=4068, stack(0x0000006b12c00000,0x0000006b12d00000) (1024K)]
  0x000001abfa26d160 JavaThread "Thread-1"                   daemon [_thread_in_native, id=15176, stack(0x0000006b12e00000,0x0000006b12f00000) (1024K)]
  0x000001abfa26d7f0 JavaThread "Thread-2"                   daemon [_thread_in_native, id=3368, stack(0x0000006b12f00000,0x0000006b13000000) (1024K)]
  0x000001abfa26de80 JavaThread "Thread-3"                   daemon [_thread_in_native, id=3960, stack(0x0000006b13000000,0x0000006b13100000) (1024K)]
  0x000001abf9ffe7c0 JavaThread "Thread-4"                   daemon [_thread_in_native, id=6808, stack(0x0000006b13100000,0x0000006b13200000) (1024K)]
  0x000001abf9ffcd80 JavaThread "Thread-5"                   daemon [_thread_in_native, id=22000, stack(0x0000006b13200000,0x0000006b13300000) (1024K)]
  0x000001abfa000200 JavaThread "Thread-6"                   daemon [_thread_in_native, id=4776, stack(0x0000006b13300000,0x0000006b13400000) (1024K)]
  0x000001abf9ffe130 JavaThread "Thread-7"                   daemon [_thread_in_native, id=18796, stack(0x0000006b13400000,0x0000006b13500000) (1024K)]
  0x000001abf9fff4e0 JavaThread "Thread-8"                   daemon [_thread_in_native, id=3780, stack(0x0000006b13500000,0x0000006b13600000) (1024K)]
  0x000001abf9ffee50 JavaThread "Thread-9"                   daemon [_thread_in_native, id=5336, stack(0x0000006b13600000,0x0000006b13700000) (1024K)]
  0x000001abfa000890 JavaThread "pool-2-thread-1"                   [_thread_blocked, id=20052, stack(0x0000006b13700000,0x0000006b13800000) (1024K)]
  0x000001abf9fffb70 JavaThread "WorkspaceEventsHandler"            [_thread_blocked, id=4344, stack(0x0000006b13800000,0x0000006b13900000) (1024K)]
  0x000001abf9ffd410 JavaThread "pool-1-thread-1"                   [_thread_blocked, id=12816, stack(0x0000006b13900000,0x0000006b13a00000) (1024K)]
  0x000001abfa0015b0 JavaThread "ForkJoinPool.commonPool-worker-1" daemon [_thread_blocked, id=4164, stack(0x0000006b13a00000,0x0000006b13b00000) (1024K)]
  0x000001abfa003d10 JavaThread "ForkJoinPool.commonPool-worker-2" daemon [_thread_blocked, id=4944, stack(0x0000006b13b00000,0x0000006b13c00000) (1024K)]
  0x000001abfa002ff0 JavaThread "ForkJoinPool.commonPool-worker-6" daemon [_thread_blocked, id=9620, stack(0x0000006b13f00000,0x0000006b14000000) (1024K)]
  0x000001abfc1434a0 JavaThread "Cleaner-0"                  daemon [_thread_blocked, id=2520, stack(0x0000006b14100000,0x0000006b14200000) (1024K)]
  0x000001abf94ecee0 JavaThread "Worker-6"                          [_thread_blocked, id=12656, stack(0x0000006b10300000,0x0000006b10400000) (1024K)]
  0x000001abf94ee920 JavaThread "Worker-7"                          [_thread_blocked, id=22308, stack(0x0000006b12400000,0x0000006b12500000) (1024K)]
  0x000001abf94ef640 JavaThread "LocalFile Deleter"          daemon [_thread_blocked, id=13144, stack(0x0000006b12d00000,0x0000006b12e00000) (1024K)]
  0x000001abf94f37e0 JavaThread "LocalFile Deleter"          daemon [_thread_blocked, id=18216, stack(0x0000006b14400000,0x0000006b14500000) (1024K)]
  0x000001abf94f3150 JavaThread "LocalFile Deleter"          daemon [_thread_blocked, id=19488, stack(0x0000006b14600000,0x0000006b14700000) (1024K)]
  0x000001abf94f2430 JavaThread "Compiler Source File Reader" daemon [_thread_blocked, id=22376, stack(0x0000006b14700000,0x0000006b14800000) (1024K)]
  0x000001abf94f3e70 JavaThread "Compiler Source File Reader" daemon [_thread_blocked, id=16768, stack(0x0000006b14800000,0x0000006b14900000) (1024K)]
  0x000001abfc144850 JavaThread "Compiler Source File Reader" daemon [_thread_blocked, id=13788, stack(0x0000006b14900000,0x0000006b14a00000) (1024K)]
  0x000001abfc142e10 JavaThread "Compiler Source File Reader" daemon [_thread_blocked, id=10224, stack(0x0000006b14a00000,0x0000006b14b00000) (1024K)]
  0x000001abfc143b30 JavaThread "Compiler Source File Reader" daemon [_thread_blocked, id=10500, stack(0x0000006b14b00000,0x0000006b14c00000) (1024K)]
  0x000001abfa26e510 JavaThread "Compiler Source File Reader" daemon [_thread_blocked, id=2612, stack(0x0000006b14c00000,0x0000006b14d00000) (1024K)]
  0x000001abfb113d70 JavaThread "Compiler Class File Writer" daemon [_thread_blocked, id=6636, stack(0x0000006b14e00000,0x0000006b14f00000) (1024K)]
  0x000001abfb1136e0 JavaThread "Compiler Class File Writer" daemon [_thread_blocked, id=16708, stack(0x0000006b14f00000,0x0000006b15000000) (1024K)]
  0x000001abfb114400 JavaThread "Compiler Class File Writer" daemon [_thread_blocked, id=11400, stack(0x0000006b15000000,0x0000006b15100000) (1024K)]
  0x000001abfb110f80 JavaThread "Compiler Class File Writer" daemon [_thread_blocked, id=17004, stack(0x0000006b15100000,0x0000006b15200000) (1024K)]
  0x000001abfb111610 JavaThread "Compiler Class File Writer" daemon [_thread_blocked, id=21276, stack(0x0000006b15200000,0x0000006b15300000) (1024K)]
  0x000001abfb114a90 JavaThread "Compiler Class File Writer" daemon [_thread_blocked, id=4304, stack(0x0000006b15300000,0x0000006b15400000) (1024K)]
Total: 54

Other Threads:
  0x000001ab98bd1370 VMThread "VM Thread"                           [id=5116, stack(0x0000006b10900000,0x0000006b10a00000) (1024K)]
  0x000001ab9afaca00 WatcherThread "VM Periodic Task Thread"        [id=1700, stack(0x0000006b10800000,0x0000006b10900000) (1024K)]
  0x000001ab98bd21f0 WorkerThread "GC Thread#0"                     [id=2960, stack(0x0000006b10700000,0x0000006b10800000) (1024K)]
  0x000001ab98bd1e50 WorkerThread "GC Thread#1"                     [id=10076, stack(0x0000006b11600000,0x0000006b11700000) (1024K)]
  0x000001ab98bd0fd0 WorkerThread "GC Thread#2"                     [id=19576, stack(0x0000006b11700000,0x0000006b11800000) (1024K)]
  0x000001abf97e85f0 WorkerThread "GC Thread#3"                     [id=14708, stack(0x0000006b11800000,0x0000006b11900000) (1024K)]
  0x000001abf97e9f50 WorkerThread "GC Thread#4"                     [id=4904, stack(0x0000006b11900000,0x0000006b11a00000) (1024K)]
  0x000001abf97e8d30 WorkerThread "GC Thread#5"                     [id=2312, stack(0x0000006b11a00000,0x0000006b11b00000) (1024K)]
  0x000001abf97e9810 WorkerThread "GC Thread#6"                     [id=19028, stack(0x0000006b11b00000,0x0000006b11c00000) (1024K)]
  0x000001abf97eb510 WorkerThread "GC Thread#7"                     [id=19460, stack(0x0000006b11e00000,0x0000006b11f00000) (1024K)]
Total: 10

Threads with active compile tasks:
Total: 0

VM state: not at safepoint (normal execution)

VM Mutex/Monitor currently owned by a thread: None

Heap address: 0x0000000080000000, size: 2048 MB, Compressed Oops mode: 32-bit

CDS archive(s) mapped at: [0x000001abb2000000-0x000001abb2ba0000-0x000001abb2ba0000), size 12189696, SharedBaseAddress: 0x000001abb2000000, ArchiveRelocationMode: 1.
Compressed class space mapped at: 0x000001abb3000000-0x000001abf3000000, reserved size: 1073741824
Narrow klass base: 0x000001abb2000000, Narrow klass shift: 0, Narrow klass range: 0x100000000

GC Precious Log:
 CardTable entry size: 512
 CPUs: 8 total, 8 available
 Memory: 16067M
 Large Page Support: Disabled
 NUMA Support: Disabled
 Compressed Oops: Enabled (32-bit)
 Alignments: Space 512K, Generation 512K, Heap 2M
 Heap Min Capacity: 100M
 Heap Initial Capacity: 100M
 Heap Max Capacity: 2G
 Pre-touch: Disabled
 Parallel Workers: 8

Heap:
 PSYoungGen      total 2560K, used 1549K [0x00000000d5580000, 0x00000000d5980000, 0x0000000100000000)
  eden space 2048K, 63% used [0x00000000d5580000,0x00000000d56c3788,0x00000000d5780000)
  from space 512K, 50% used [0x00000000d5880000,0x00000000d58c0000,0x00000000d5900000)
  to   space 512K, 0% used [0x00000000d5900000,0x00000000d5900000,0x00000000d5980000)
 ParOldGen       total 412160K, used 408615K [0x0000000080000000, 0x0000000099280000, 0x00000000d5580000)
  object space 412160K, 99% used [0x0000000080000000,0x0000000098f09c60,0x0000000099280000)
 Metaspace       used 77622K, committed 79232K, reserved 1179648K
  class space    used 8134K, committed 8832K, reserved 1048576K

Card table byte_map: [0x000001ab9aac0000,0x000001ab9aed0000] _byte_map_base: 0x000001ab9a6c0000

Marking Bits: (ParMarkBitMap*) 0x00007ffc5a2c2460
 Begin Bits: [0x000001abad5d0000, 0x000001abaf5d0000)
 End Bits:   [0x000001abaf5d0000, 0x000001abb15d0000)

Polling page: 0x000001ab98ea0000

Metaspace:

Usage:
  Non-class:     67.86 MB used.
      Class:      7.94 MB used.
       Both:     75.80 MB used.

Virtual space:
  Non-class space:      128.00 MB reserved,      68.75 MB ( 54%) committed,  2 nodes.
      Class space:        1.00 GB reserved,       8.62 MB ( <1%) committed,  1 nodes.
             Both:        1.12 GB reserved,      77.38 MB (  7%) committed. 

Chunk freelists:
   Non-Class:  11.13 MB
       Class:  7.43 MB
        Both:  18.56 MB

MaxMetaspaceSize: unlimited
CompressedClassSpaceSize: 1.00 GB
Initial GC threshold: 21.00 MB
Current GC threshold: 124.69 MB
CDS: on
 - commit_granule_bytes: 65536.
 - commit_granule_words: 8192.
 - virtual_space_node_default_size: 8388608.
 - enlarge_chunks_in_place: 1.
 - use_allocation_guard: 0.


Internal statistics:

num_allocs_failed_limit: 11.
num_arena_births: 1334.
num_arena_deaths: 28.
num_vsnodes_births: 3.
num_vsnodes_deaths: 0.
num_space_committed: 1240.
num_space_uncommitted: 2.
num_chunks_returned_to_freelist: 67.
num_chunks_taken_from_freelist: 4916.
num_chunk_merges: 26.
num_chunk_splits: 2977.
num_chunks_enlarged: 1661.
num_inconsistent_stats: 0.

CodeHeap 'non-profiled nmethods': size=120000Kb used=13148Kb max_used=13148Kb free=106851Kb
 bounds [0x000001aba5df0000, 0x000001aba6ad0000, 0x000001abad320000]
CodeHeap 'profiled nmethods': size=120000Kb used=32018Kb max_used=32018Kb free=87981Kb
 bounds [0x000001ab9e320000, 0x000001aba0270000, 0x000001aba5850000]
CodeHeap 'non-nmethods': size=5760Kb used=1494Kb max_used=1598Kb free=4265Kb
 bounds [0x000001aba5850000, 0x000001aba5ac0000, 0x000001aba5df0000]
CodeCache: size=245760Kb, used=46660Kb, max_used=46764Kb, free=199097Kb
 total_blobs=14913, nmethods=14101, adapters=717, full_count=0
Compilation: enabled, stopped_count=0, restarted_count=0

Compilation events (20 events):
Event: 566.150 Thread 0x000001abfa13aa60 nmethod 15838 0x000001aba6ac5390 code [0x000001aba6ac5520, 0x000001aba6ac5610]
Event: 566.150 Thread 0x000001ab9b0a7100 15839       3       com.sun.jna.platform.win32.WinBase$FILETIME::filetimeToDate (38 bytes)
Event: 566.151 Thread 0x000001ab9b0a7100 nmethod 15839 0x000001aba0264710 code [0x000001aba02648c0, 0x000001aba0264b28]
Event: 566.154 Thread 0x000001abfa13aa60 15840       4       org.eclipse.core.internal.resources.Resource::getFlags (13 bytes)
Event: 566.154 Thread 0x000001ab9b0a7100 15841       3       org.eclipse.core.internal.dtree.DeltaDataTree::<init> (20 bytes)
Event: 566.154 Thread 0x000001abfa13aa60 nmethod 15840 0x000001aba6ac5710 code [0x000001aba6ac58a0, 0x000001aba6ac5938]
Event: 566.154 Thread 0x000001ab9b0a7100 nmethod 15841 0x000001aba0264c90 code [0x000001aba0264e60, 0x000001aba02651c0]
Event: 566.155 Thread 0x000001ab9b0a7100 15842       3       org.eclipse.jdt.internal.core.JavaModel::equals (15 bytes)
Event: 566.155 Thread 0x000001ab9b0a7100 nmethod 15842 0x000001aba0265310 code [0x000001aba02654c0, 0x000001aba0265758]
Event: 566.155 Thread 0x000001abfa13aa60 15843       4       com.google.gson.stream.JsonWriter::name (56 bytes)
Event: 566.155 Thread 0x000001ab9b0a7100 15844       3       org.eclipse.core.internal.content.ContentTypeCatalog$$Lambda/0x000001abb349db80::<init> (38 bytes)
Event: 566.156 Thread 0x000001ab9b0a7100 nmethod 15844 0x000001aba0265810 code [0x000001aba02659c0, 0x000001aba0265ba0]
Event: 566.156 Thread 0x000001ab9b0a7100 15845       3       org.eclipse.core.internal.content.ContentType::getDepth (52 bytes)
Event: 566.156 Thread 0x000001ab9b0a7100 nmethod 15845 0x000001aba0265c90 code [0x000001aba0265e60, 0x000001aba02660d8]
Event: 566.157 Thread 0x000001abfa13aa60 nmethod 15843 0x000001aba6ac5a10 code [0x000001aba6ac5ba0, 0x000001aba6ac5d30]
Event: 566.157 Thread 0x000001ab9b0a30f0 nmethod 15837 0x000001aba6ac5e90 code [0x000001aba6ac6100, 0x000001aba6ac6c40]
Event: 576.737 Thread 0x000001ab9b0a7100 15846   !   3       java.util.logging.LogManager::ensureLogManagerInitialized (144 bytes)
Event: 576.738 Thread 0x000001ab9b0a7100 nmethod 15846 0x000001aba0266190 code [0x000001aba02664a0, 0x000001aba02675c0]
Event: 606.742 Thread 0x000001ab9b0a7100 15847       3       java.lang.Module::getClassLoader (20 bytes)
Event: 606.743 Thread 0x000001ab9b0a7100 nmethod 15847 0x000001aba0267b90 code [0x000001aba0267d40, 0x000001aba0267f38]

GC Heap History (20 events):
Event: 414.701 GC heap before
{Heap before GC invocations=917 (full 4):
 PSYoungGen      total 2560K, used 2304K [0x00000000d5580000, 0x00000000d5980000, 0x0000000100000000)
  eden space 2048K, 100% used [0x00000000d5580000,0x00000000d5780000,0x00000000d5780000)
  from space 512K, 50% used [0x00000000d5880000,0x00000000d58c0000,0x00000000d5900000)
  to   space 512K, 0% used [0x00000000d5900000,0x00000000d5900000,0x00000000d5980000)
 ParOldGen       total 285184K, used 284846K [0x0000000080000000, 0x0000000091680000, 0x00000000d5580000)
  object space 285184K, 99% used [0x0000000080000000,0x000000009162bb50,0x0000000091680000)
 Metaspace       used 77293K, committed 78848K, reserved 1179648K
  class space    used 8108K, committed 8768K, reserved 1048576K
}
Event: 414.706 GC heap after
{Heap after GC invocations=917 (full 4):
 PSYoungGen      total 2560K, used 224K [0x00000000d5580000, 0x00000000d5980000, 0x0000000100000000)
  eden space 2048K, 0% used [0x00000000d5580000,0x00000000d5580000,0x00000000d5780000)
  from space 512K, 43% used [0x00000000d5900000,0x00000000d5938000,0x00000000d5980000)
  to   space 512K, 0% used [0x00000000d5880000,0x00000000d5880000,0x00000000d5900000)
 ParOldGen       total 285184K, used 284926K [0x0000000080000000, 0x0000000091680000, 0x00000000d5580000)
  object space 285184K, 99% used [0x0000000080000000,0x000000009163fb60,0x0000000091680000)
 Metaspace       used 77293K, committed 78848K, reserved 1179648K
  class space    used 8108K, committed 8768K, reserved 1048576K
}
Event: 414.864 GC heap before
{Heap before GC invocations=918 (full 4):
 PSYoungGen      total 2560K, used 2271K [0x00000000d5580000, 0x00000000d5980000, 0x0000000100000000)
  eden space 2048K, 99% used [0x00000000d5580000,0x00000000d577fff0,0x00000000d5780000)
  from space 512K, 43% used [0x00000000d5900000,0x00000000d5938000,0x00000000d5980000)
  to   space 512K, 0% used [0x00000000d5880000,0x00000000d5880000,0x00000000d5900000)
 ParOldGen       total 285184K, used 284926K [0x0000000080000000, 0x0000000091680000, 0x00000000d5580000)
  object space 285184K, 99% used [0x0000000080000000,0x000000009163fb60,0x0000000091680000)
 Metaspace       used 77335K, committed 78848K, reserved 1179648K
  class space    used 8108K, committed 8768K, reserved 1048576K
}
Event: 414.867 GC heap after
{Heap after GC invocations=918 (full 4):
 PSYoungGen      total 2560K, used 320K [0x00000000d5580000, 0x00000000d5980000, 0x0000000100000000)
  eden space 2048K, 0% used [0x00000000d5580000,0x00000000d5580000,0x00000000d5780000)
  from space 512K, 62% used [0x00000000d5880000,0x00000000d58d0000,0x00000000d5900000)
  to   space 512K, 0% used [0x00000000d5900000,0x00000000d5900000,0x00000000d5980000)
 ParOldGen       total 285184K, used 285014K [0x0000000080000000, 0x0000000091680000, 0x00000000d5580000)
  object space 285184K, 99% used [0x0000000080000000,0x0000000091655b60,0x0000000091680000)
 Metaspace       used 77335K, committed 78848K, reserved 1179648K
  class space    used 8108K, committed 8768K, reserved 1048576K
}
Event: 414.909 GC heap before
{Heap before GC invocations=919 (full 4):
 PSYoungGen      total 2560K, used 2368K [0x00000000d5580000, 0x00000000d5980000, 0x0000000100000000)
  eden space 2048K, 100% used [0x00000000d5580000,0x00000000d5780000,0x00000000d5780000)
  from space 512K, 62% used [0x00000000d5880000,0x00000000d58d0000,0x00000000d5900000)
  to   space 512K, 0% used [0x00000000d5900000,0x00000000d5900000,0x00000000d5980000)
 ParOldGen       total 316928K, used 315734K [0x0000000080000000, 0x0000000093580000, 0x00000000d5580000)
  object space 316928K, 99% used [0x0000000080000000,0x0000000093455b90,0x0000000093580000)
 Metaspace       used 77358K, committed 78912K, reserved 1179648K
  class space    used 8108K, committed 8768K, reserved 1048576K
}
Event: 414.911 GC heap after
{Heap after GC invocations=919 (full 4):
 PSYoungGen      total 2560K, used 224K [0x00000000d5580000, 0x00000000d5980000, 0x0000000100000000)
  eden space 2048K, 0% used [0x00000000d5580000,0x00000000d5580000,0x00000000d5780000)
  from space 512K, 43% used [0x00000000d5900000,0x00000000d5938000,0x00000000d5980000)
  to   space 512K, 0% used [0x00000000d5880000,0x00000000d5880000,0x00000000d5900000)
 ParOldGen       total 316928K, used 315854K [0x0000000080000000, 0x0000000093580000, 0x00000000d5580000)
  object space 316928K, 99% used [0x0000000080000000,0x0000000093473bb0,0x0000000093580000)
 Metaspace       used 77358K, committed 78912K, reserved 1179648K
  class space    used 8108K, committed 8768K, reserved 1048576K
}
Event: 474.954 GC heap before
{Heap before GC invocations=920 (full 4):
 PSYoungGen      total 2560K, used 2271K [0x00000000d5580000, 0x00000000d5980000, 0x0000000100000000)
  eden space 2048K, 99% used [0x00000000d5580000,0x00000000d577ffd0,0x00000000d5780000)
  from space 512K, 43% used [0x00000000d5900000,0x00000000d5938000,0x00000000d5980000)
  to   space 512K, 0% used [0x00000000d5880000,0x00000000d5880000,0x00000000d5900000)
 ParOldGen       total 316928K, used 315854K [0x0000000080000000, 0x0000000093580000, 0x00000000d5580000)
  object space 316928K, 99% used [0x0000000080000000,0x0000000093473bb0,0x0000000093580000)
 Metaspace       used 77362K, committed 78912K, reserved 1179648K
  class space    used 8108K, committed 8768K, reserved 1048576K
}
Event: 474.956 GC heap after
{Heap after GC invocations=920 (full 4):
 PSYoungGen      total 2560K, used 288K [0x00000000d5580000, 0x00000000d5980000, 0x0000000100000000)
  eden space 2048K, 0% used [0x00000000d5580000,0x00000000d5580000,0x00000000d5780000)
  from space 512K, 56% used [0x00000000d5880000,0x00000000d58c8000,0x00000000d5900000)
  to   space 512K, 0% used [0x00000000d5900000,0x00000000d5900000,0x00000000d5980000)
 ParOldGen       total 316928K, used 315902K [0x0000000080000000, 0x0000000093580000, 0x00000000d5580000)
  object space 316928K, 99% used [0x0000000080000000,0x000000009347fbb0,0x0000000093580000)
 Metaspace       used 77362K, committed 78912K, reserved 1179648K
  class space    used 8108K, committed 8768K, reserved 1048576K
}
Event: 474.988 GC heap before
{Heap before GC invocations=921 (full 4):
 PSYoungGen      total 2560K, used 2335K [0x00000000d5580000, 0x00000000d5980000, 0x0000000100000000)
  eden space 2048K, 99% used [0x00000000d5580000,0x00000000d577fff8,0x00000000d5780000)
  from space 512K, 56% used [0x00000000d5880000,0x00000000d58c8000,0x00000000d5900000)
  to   space 512K, 0% used [0x00000000d5900000,0x00000000d5900000,0x00000000d5980000)
 ParOldGen       total 348672K, used 346622K [0x0000000080000000, 0x0000000095480000, 0x00000000d5580000)
  object space 348672K, 99% used [0x0000000080000000,0x000000009527fbe0,0x0000000095480000)
 Metaspace       used 77383K, committed 78912K, reserved 1179648K
  class space    used 8108K, committed 8768K, reserved 1048576K
}
Event: 474.989 GC heap after
{Heap after GC invocations=921 (full 4):
 PSYoungGen      total 2560K, used 256K [0x00000000d5580000, 0x00000000d5980000, 0x0000000100000000)
  eden space 2048K, 0% used [0x00000000d5580000,0x00000000d5580000,0x00000000d5780000)
  from space 512K, 50% used [0x00000000d5900000,0x00000000d5940000,0x00000000d5980000)
  to   space 512K, 0% used [0x00000000d5880000,0x00000000d5880000,0x00000000d5900000)
 ParOldGen       total 348672K, used 346746K [0x0000000080000000, 0x0000000095480000, 0x00000000d5580000)
  object space 348672K, 99% used [0x0000000080000000,0x000000009529ebf0,0x0000000095480000)
 Metaspace       used 77383K, committed 78912K, reserved 1179648K
  class space    used 8108K, committed 8768K, reserved 1048576K
}
Event: 522.316 GC heap before
{Heap before GC invocations=922 (full 4):
 PSYoungGen      total 2560K, used 2304K [0x00000000d5580000, 0x00000000d5980000, 0x0000000100000000)
  eden space 2048K, 100% used [0x00000000d5580000,0x00000000d5780000,0x00000000d5780000)
  from space 512K, 50% used [0x00000000d5900000,0x00000000d5940000,0x00000000d5980000)
  to   space 512K, 0% used [0x00000000d5880000,0x00000000d5880000,0x00000000d5900000)
 ParOldGen       total 348672K, used 346746K [0x0000000080000000, 0x0000000095480000, 0x00000000d5580000)
  object space 348672K, 99% used [0x0000000080000000,0x000000009529ebf0,0x0000000095480000)
 Metaspace       used 77392K, committed 78976K, reserved 1179648K
  class space    used 8108K, committed 8768K, reserved 1048576K
}
Event: 522.318 GC heap after
{Heap after GC invocations=922 (full 4):
 PSYoungGen      total 2560K, used 224K [0x00000000d5580000, 0x00000000d5980000, 0x0000000100000000)
  eden space 2048K, 0% used [0x00000000d5580000,0x00000000d5580000,0x00000000d5780000)
  from space 512K, 43% used [0x00000000d5880000,0x00000000d58b8000,0x00000000d5900000)
  to   space 512K, 0% used [0x00000000d5900000,0x00000000d5900000,0x00000000d5980000)
 ParOldGen       total 348672K, used 346818K [0x0000000080000000, 0x0000000095480000, 0x00000000d5580000)
  object space 348672K, 99% used [0x0000000080000000,0x00000000952b0bf0,0x0000000095480000)
 Metaspace       used 77392K, committed 78976K, reserved 1179648K
  class space    used 8108K, committed 8768K, reserved 1048576K
}
Event: 522.356 GC heap before
{Heap before GC invocations=923 (full 4):
 PSYoungGen      total 2560K, used 2272K [0x00000000d5580000, 0x00000000d5980000, 0x0000000100000000)
  eden space 2048K, 100% used [0x00000000d5580000,0x00000000d5780000,0x00000000d5780000)
  from space 512K, 43% used [0x00000000d5880000,0x00000000d58b8000,0x00000000d5900000)
  to   space 512K, 0% used [0x00000000d5900000,0x00000000d5900000,0x00000000d5980000)
 ParOldGen       total 380416K, used 377539K [0x0000000080000000, 0x0000000097380000, 0x00000000d5580000)
  object space 380416K, 99% used [0x0000000080000000,0x00000000970b0c20,0x0000000097380000)
 Metaspace       used 77406K, committed 78976K, reserved 1179648K
  class space    used 8108K, committed 8768K, reserved 1048576K
}
Event: 522.358 GC heap after
{Heap after GC invocations=923 (full 4):
 PSYoungGen      total 2560K, used 224K [0x00000000d5580000, 0x00000000d5980000, 0x0000000100000000)
  eden space 2048K, 0% used [0x00000000d5580000,0x00000000d5580000,0x00000000d5780000)
  from space 512K, 43% used [0x00000000d5900000,0x00000000d5938000,0x00000000d5980000)
  to   space 512K, 0% used [0x00000000d5880000,0x00000000d5880000,0x00000000d5900000)
 ParOldGen       total 380416K, used 377647K [0x0000000080000000, 0x0000000097380000, 0x00000000d5580000)
  object space 380416K, 99% used [0x0000000080000000,0x00000000970cbc30,0x0000000097380000)
 Metaspace       used 77406K, committed 78976K, reserved 1179648K
  class space    used 8108K, committed 8768K, reserved 1048576K
}
Event: 551.072 GC heap before
{Heap before GC invocations=924 (full 4):
 PSYoungGen      total 2560K, used 2269K [0x00000000d5580000, 0x00000000d5980000, 0x0000000100000000)
  eden space 2048K, 99% used [0x00000000d5580000,0x00000000d577f568,0x00000000d5780000)
  from space 512K, 43% used [0x00000000d5900000,0x00000000d5938000,0x00000000d5980000)
  to   space 512K, 0% used [0x00000000d5880000,0x00000000d5880000,0x00000000d5900000)
 ParOldGen       total 380416K, used 377647K [0x0000000080000000, 0x0000000097380000, 0x00000000d5580000)
  object space 380416K, 99% used [0x0000000080000000,0x00000000970cbc30,0x0000000097380000)
 Metaspace       used 77559K, committed 79168K, reserved 1179648K
  class space    used 8127K, committed 8832K, reserved 1048576K
}
Event: 551.075 GC heap after
{Heap after GC invocations=924 (full 4):
 PSYoungGen      total 2560K, used 256K [0x00000000d5580000, 0x00000000d5980000, 0x0000000100000000)
  eden space 2048K, 0% used [0x00000000d5580000,0x00000000d5580000,0x00000000d5780000)
  from space 512K, 50% used [0x00000000d5880000,0x00000000d58c0000,0x00000000d5900000)
  to   space 512K, 0% used [0x00000000d5900000,0x00000000d5900000,0x00000000d5980000)
 ParOldGen       total 380416K, used 377711K [0x0000000080000000, 0x0000000097380000, 0x00000000d5580000)
  object space 380416K, 99% used [0x0000000080000000,0x00000000970dbc30,0x0000000097380000)
 Metaspace       used 77559K, committed 79168K, reserved 1179648K
  class space    used 8127K, committed 8832K, reserved 1048576K
}
Event: 566.099 GC heap before
{Heap before GC invocations=925 (full 4):
 PSYoungGen      total 2560K, used 2304K [0x00000000d5580000, 0x00000000d5980000, 0x0000000100000000)
  eden space 2048K, 100% used [0x00000000d5580000,0x00000000d5780000,0x00000000d5780000)
  from space 512K, 50% used [0x00000000d5880000,0x00000000d58c0000,0x00000000d5900000)
  to   space 512K, 0% used [0x00000000d5900000,0x00000000d5900000,0x00000000d5980000)
 ParOldGen       total 380416K, used 377711K [0x0000000080000000, 0x0000000097380000, 0x00000000d5580000)
  object space 380416K, 99% used [0x0000000080000000,0x00000000970dbc30,0x0000000097380000)
 Metaspace       used 77612K, committed 79232K, reserved 1179648K
  class space    used 8134K, committed 8832K, reserved 1048576K
}
Event: 566.101 GC heap after
{Heap after GC invocations=925 (full 4):
 PSYoungGen      total 2560K, used 256K [0x00000000d5580000, 0x00000000d5980000, 0x0000000100000000)
  eden space 2048K, 0% used [0x00000000d5580000,0x00000000d5580000,0x00000000d5780000)
  from space 512K, 50% used [0x00000000d5900000,0x00000000d5940000,0x00000000d5980000)
  to   space 512K, 0% used [0x00000000d5880000,0x00000000d5880000,0x00000000d5900000)
 ParOldGen       total 380416K, used 377775K [0x0000000080000000, 0x0000000097380000, 0x00000000d5580000)
  object space 380416K, 99% used [0x0000000080000000,0x00000000970ebc30,0x0000000097380000)
 Metaspace       used 77612K, committed 79232K, reserved 1179648K
  class space    used 8134K, committed 8832K, reserved 1048576K
}
Event: 566.133 GC heap before
{Heap before GC invocations=926 (full 4):
 PSYoungGen      total 2560K, used 2304K [0x00000000d5580000, 0x00000000d5980000, 0x0000000100000000)
  eden space 2048K, 100% used [0x00000000d5580000,0x00000000d5780000,0x00000000d5780000)
  from space 512K, 50% used [0x00000000d5900000,0x00000000d5940000,0x00000000d5980000)
  to   space 512K, 0% used [0x00000000d5880000,0x00000000d5880000,0x00000000d5900000)
 ParOldGen       total 412160K, used 408495K [0x0000000080000000, 0x0000000099280000, 0x00000000d5580000)
  object space 412160K, 99% used [0x0000000080000000,0x0000000098eebc60,0x0000000099280000)
 Metaspace       used 77619K, committed 79232K, reserved 1179648K
  class space    used 8134K, committed 8832K, reserved 1048576K
}
Event: 566.134 GC heap after
{Heap after GC invocations=926 (full 4):
 PSYoungGen      total 2560K, used 256K [0x00000000d5580000, 0x00000000d5980000, 0x0000000100000000)
  eden space 2048K, 0% used [0x00000000d5580000,0x00000000d5580000,0x00000000d5780000)
  from space 512K, 50% used [0x00000000d5880000,0x00000000d58c0000,0x00000000d5900000)
  to   space 512K, 0% used [0x00000000d5900000,0x00000000d5900000,0x00000000d5980000)
 ParOldGen       total 412160K, used 408615K [0x0000000080000000, 0x0000000099280000, 0x00000000d5580000)
  object space 412160K, 99% used [0x0000000080000000,0x0000000098f09c60,0x0000000099280000)
 Metaspace       used 77619K, committed 79232K, reserved 1179648K
  class space    used 8134K, committed 8832K, reserved 1048576K
}

Dll operation events (12 events):
Event: 0.016 Loaded shared library c:\Users\Maghraby Store\.vscode\extensions\redhat.java-1.50.0-win32-x64\jre\21.0.9-win32-x86_64\bin\java.dll
Event: 0.112 Loaded shared library c:\Users\Maghraby Store\.vscode\extensions\redhat.java-1.50.0-win32-x64\jre\21.0.9-win32-x86_64\bin\zip.dll
Event: 0.145 Loaded shared library C:\Users\Maghraby Store\.vscode\extensions\redhat.java-1.50.0-win32-x64\jre\21.0.9-win32-x86_64\bin\instrument.dll
Event: 0.153 Loaded shared library C:\Users\Maghraby Store\.vscode\extensions\redhat.java-1.50.0-win32-x64\jre\21.0.9-win32-x86_64\bin\net.dll
Event: 0.157 Loaded shared library C:\Users\Maghraby Store\.vscode\extensions\redhat.java-1.50.0-win32-x64\jre\21.0.9-win32-x86_64\bin\nio.dll
Event: 0.161 Loaded shared library C:\Users\Maghraby Store\.vscode\extensions\redhat.java-1.50.0-win32-x64\jre\21.0.9-win32-x86_64\bin\zip.dll
Event: 0.186 Loaded shared library C:\Users\Maghraby Store\.vscode\extensions\redhat.java-1.50.0-win32-x64\jre\21.0.9-win32-x86_64\bin\jimage.dll
Event: 0.316 Loaded shared library c:\Users\Maghraby Store\.vscode\extensions\redhat.java-1.50.0-win32-x64\jre\21.0.9-win32-x86_64\bin\verify.dll
Event: 1.714 Loaded shared library C:\Users\Maghraby Store\AppData\Roaming\Code\User\globalStorage\redhat.java\1.50.0\config_win\org.eclipse.equinox.launcher\org.eclipse.equinox.launcher.win32.win32.x86_64_1.2.1400.v20250801-0854\eclipse_11916.dll
Event: 3.544 Loaded shared library C:\Users\Maghraby Store\AppData\Local\Temp\jna--607650244\jna10951351059099867757.dll
Event: 221.950 Loaded shared library C:\Users\Maghraby Store\.vscode\extensions\redhat.java-1.50.0-win32-x64\jre\21.0.9-win32-x86_64\bin\sunmscapi.dll
Event: 222.495 Loaded shared library C:\Users\Maghraby Store\.vscode\extensions\redhat.java-1.50.0-win32-x64\jre\21.0.9-win32-x86_64\bin\extnet.dll

Deoptimization events (20 events):
Event: 551.086 Thread 0x000001abf94ecee0 Uncommon trap: trap_request=0xffffffc6 fr.pc=0x000001aba66a4cd0 relative=0x0000000000001530
Event: 551.086 Thread 0x000001abf94ecee0 Uncommon trap: reason=bimorphic_or_optimized_type_check action=maybe_recompile pc=0x000001aba66a4cd0 method=java.io.DataOutputStream.write([BII)V @ 7 c2
Event: 551.086 Thread 0x000001abf94ecee0 DEOPT PACKING pc=0x000001aba66a4cd0 sp=0x0000006b103fe9e0
Event: 551.086 Thread 0x000001abf94ecee0 DEOPT UNPACKING pc=0x000001aba58a3aa2 sp=0x0000006b103fe940 mode 2
Event: 551.086 Thread 0x000001abf94ecee0 Uncommon trap: trap_request=0xffffffc6 fr.pc=0x000001aba66a4cd0 relative=0x0000000000001530
Event: 551.086 Thread 0x000001abf94ecee0 Uncommon trap: reason=bimorphic_or_optimized_type_check action=maybe_recompile pc=0x000001aba66a4cd0 method=java.io.DataOutputStream.write([BII)V @ 7 c2
Event: 551.086 Thread 0x000001abf94ecee0 DEOPT PACKING pc=0x000001aba66a4cd0 sp=0x0000006b103fe9e0
Event: 551.086 Thread 0x000001abf94ecee0 DEOPT UNPACKING pc=0x000001aba58a3aa2 sp=0x0000006b103fe940 mode 2
Event: 551.093 Thread 0x000001abf94ecee0 Uncommon trap: trap_request=0xffffffc6 fr.pc=0x000001aba67bc83c relative=0x000000000000373c
Event: 551.093 Thread 0x000001abf94ecee0 Uncommon trap: reason=bimorphic_or_optimized_type_check action=maybe_recompile pc=0x000001aba67bc83c method=java.util.Properties.load0(Ljava/util/Properties$LineReader;)V @ 241 c2
Event: 551.093 Thread 0x000001abf94ecee0 DEOPT PACKING pc=0x000001aba67bc83c sp=0x0000006b103fec00
Event: 551.093 Thread 0x000001abf94ecee0 DEOPT UNPACKING pc=0x000001aba58a3aa2 sp=0x0000006b103fec00 mode 2
Event: 565.981 Thread 0x000001abf9fffb70 Uncommon trap: trap_request=0xffffffd6 fr.pc=0x000001aba6ab00b8 relative=0x0000000000000558
Event: 565.981 Thread 0x000001abf9fffb70 Uncommon trap: reason=array_check action=maybe_recompile pc=0x000001aba6ab00b8 method=java.util.TimSort.reverseRange([Ljava/lang/Object;II)V @ 27 c2
Event: 565.981 Thread 0x000001abf9fffb70 DEOPT PACKING pc=0x000001aba6ab00b8 sp=0x0000006b138fe120
Event: 565.981 Thread 0x000001abf9fffb70 DEOPT UNPACKING pc=0x000001aba58a3aa2 sp=0x0000006b138fe030 mode 2
Event: 565.982 Thread 0x000001abf9fffb70 Uncommon trap: trap_request=0xffffffd6 fr.pc=0x000001aba6ab00b8 relative=0x0000000000000558
Event: 565.982 Thread 0x000001abf9fffb70 Uncommon trap: reason=array_check action=maybe_recompile pc=0x000001aba6ab00b8 method=java.util.TimSort.reverseRange([Ljava/lang/Object;II)V @ 27 c2
Event: 565.982 Thread 0x000001abf9fffb70 DEOPT PACKING pc=0x000001aba6ab00b8 sp=0x0000006b138fe1a0
Event: 565.982 Thread 0x000001abf9fffb70 DEOPT UNPACKING pc=0x000001aba58a3aa2 sp=0x0000006b138fe0b0 mode 2

Classes loaded (20 events):
Event: 359.707 Loading class java/util/concurrent/ArrayBlockingQueue
Event: 359.708 Loading class java/util/concurrent/ArrayBlockingQueue done
Event: 359.767 Loading class java/util/concurrent/ConcurrentHashMap$KeySpliterator
Event: 359.767 Loading class java/util/concurrent/ConcurrentHashMap$KeySpliterator done
Event: 359.774 Loading class sun/nio/ch/ChannelOutputStream
Event: 359.774 Loading class sun/nio/ch/ChannelOutputStream done
Event: 360.086 Loading class java/io/CharArrayWriter
Event: 360.086 Loading class java/io/CharArrayWriter done
Event: 366.193 Loading class java/util/ImmutableCollections$SubList
Event: 366.194 Loading class java/util/ImmutableCollections$SubList done
Event: 551.014 Loading class java/util/stream/Nodes$CollectorTask$OfRef
Event: 551.015 Loading class java/util/stream/Nodes$CollectorTask
Event: 551.016 Loading class java/util/stream/Nodes$CollectorTask done
Event: 551.016 Loading class java/util/stream/Nodes$CollectorTask$OfRef done
Event: 551.025 Loading class java/util/function/LongFunction
Event: 551.025 Loading class java/util/function/LongFunction done
Event: 551.026 Loading class java/util/stream/Nodes$ConcNode
Event: 551.027 Loading class java/util/stream/Nodes$AbstractConcNode
Event: 551.027 Loading class java/util/stream/Nodes$AbstractConcNode done
Event: 551.027 Loading class java/util/stream/Nodes$ConcNode done

Classes unloaded (20 events):
Event: 357.984 Thread 0x000001ab98bd1370 Unloading class 0x000001abb3846800 'org/apache/maven/shared/filtering/MavenFileFilterRequest'
Event: 357.984 Thread 0x000001ab98bd1370 Unloading class 0x000001abb3847b00 'org/codehaus/plexus/interpolation/Interpolator'
Event: 357.984 Thread 0x000001ab98bd1370 Unloading class 0x000001abb3847900 'org/codehaus/plexus/interpolation/BasicInterpolator'
Event: 357.984 Thread 0x000001ab98bd1370 Unloading class 0x000001abb3845dd0 'org/codehaus/plexus/interpolation/ValueSource'
Event: 357.984 Thread 0x000001ab98bd1370 Unloading class 0x000001abb3847538 'org/apache/maven/shared/filtering/MavenResourcesExecution'
Event: 357.984 Thread 0x000001ab98bd1370 Unloading class 0x000001abb3847260 'org/apache/maven/shared/filtering/AbstractMavenFilteringRequest'
Event: 357.984 Thread 0x000001ab98bd1370 Unloading class 0x000001abb3847000 'org/apache/maven/shared/filtering/MavenFilteringException'
Event: 357.984 Thread 0x000001ab98bd1370 Unloading class 0x000001abb3845b80 'org/apache/maven/shared/filtering/DefaultMavenResourcesFiltering'
Event: 357.984 Thread 0x000001ab98bd1370 Unloading class 0x000001abb3845980 'org/apache/maven/shared/filtering/MavenResourcesFiltering'
Event: 357.984 Thread 0x000001ab98bd1370 Unloading class 0x000001abb38456f0 'org/apache/maven/shared/filtering/DefaultMavenReaderFilter'
Event: 357.984 Thread 0x000001ab98bd1370 Unloading class 0x000001abb38454f0 'org/apache/maven/shared/filtering/MavenReaderFilter'
Event: 357.984 Thread 0x000001ab98bd1370 Unloading class 0x000001abb3845250 'org/apache/maven/shared/filtering/DefaultMavenFileFilter'
Event: 357.984 Thread 0x000001ab98bd1370 Unloading class 0x000001abb3845000 'org/apache/maven/shared/filtering/BaseFilter'
Event: 357.984 Thread 0x000001ab98bd1370 Unloading class 0x000001abb3844db8 'org/apache/maven/shared/filtering/MavenFileFilter'
Event: 357.984 Thread 0x000001ab98bd1370 Unloading class 0x000001abb3844bb8 'org/apache/maven/shared/filtering/DefaultFilterInfo'
Event: 357.984 Thread 0x000001ab98bd1370 Unloading class 0x000001abb38448a8 'org/apache/maven/plugins/resources/TestResourcesMojo'
Event: 357.984 Thread 0x000001ab98bd1370 Unloading class 0x000001abb3844620 'org/apache/maven/plugins/maven_resources_plugin/HelpMojo'
Event: 357.984 Thread 0x000001ab98bd1370 Unloading class 0x000001abb3844310 'org/apache/maven/plugins/resources/CopyResourcesMojo'
Event: 357.984 Thread 0x000001ab98bd1370 Unloading class 0x000001abb3844000 'org/apache/maven/plugins/resources/ResourcesMojo'
Event: 357.984 Thread 0x000001ab98bd1370 Unloading class 0x000001abb36ec400 'java/lang/invoke/LambdaForm$DMH+0x000001abb36ec400'

Classes redefined (0 events):
No events

Internal exceptions (20 events):
Event: 366.160 Thread 0x000001abf94ef640 Exception <a 'sun/nio/fs/WindowsException'{0x00000000d5665238}> (0x00000000d5665238) 
thrown [s\src\hotspot\share\prims\jni.cpp, line 520]
Event: 366.160 Thread 0x000001abf94f2ac0 Exception <a 'sun/nio/fs/WindowsException'{0x00000000d566cf78}> (0x00000000d566cf78) 
thrown [s\src\hotspot\share\prims\jni.cpp, line 520]
Event: 366.161 Thread 0x000001abf94f37e0 Exception <a 'sun/nio/fs/WindowsException'{0x00000000d565e1b8}> (0x00000000d565e1b8) 
thrown [s\src\hotspot\share\prims\jni.cpp, line 520]
Event: 366.162 Thread 0x000001abf94f2ac0 Exception <a 'sun/nio/fs/WindowsException'{0x00000000d56758b0}> (0x00000000d56758b0) 
thrown [s\src\hotspot\share\prims\jni.cpp, line 520]
Event: 366.171 Thread 0x000001abfa26cad0 Exception <a 'sun/nio/fs/WindowsException'{0x00000000d5650c50}> (0x00000000d5650c50) 
thrown [s\src\hotspot\share\prims\jni.cpp, line 520]
Event: 366.171 Thread 0x000001abf94ee290 Exception <a 'sun/nio/fs/WindowsException'{0x00000000d5657b10}> (0x00000000d5657b10) 
thrown [s\src\hotspot\share\prims\jni.cpp, line 520]
Event: 366.171 Thread 0x000001abf94f1710 Exception <a 'sun/nio/fs/WindowsException'{0x00000000d5659c60}> (0x00000000d5659c60) 
thrown [s\src\hotspot\share\prims\jni.cpp, line 520]
Event: 366.172 Thread 0x000001abf94f1da0 Exception <a 'sun/nio/fs/WindowsException'{0x00000000d568bea0}> (0x00000000d568bea0) 
thrown [s\src\hotspot\share\prims\jni.cpp, line 520]
Event: 366.536 Thread 0x000001abf94f0360 Exception <a 'sun/nio/fs/WindowsException'{0x00000000d55a7a40}> (0x00000000d55a7a40) 
thrown [s\src\hotspot\share\prims\jni.cpp, line 520]
Event: 366.536 Thread 0x000001abf94f0360 Exception <a 'sun/nio/fs/WindowsException'{0x00000000d55a82d0}> (0x00000000d55a82d0) 
thrown [s\src\hotspot\share\prims\jni.cpp, line 520]
Event: 366.537 Thread 0x000001abf94f0360 Exception <a 'sun/nio/fs/WindowsException'{0x00000000d55a92f0}> (0x00000000d55a92f0) 
thrown [s\src\hotspot\share\prims\jni.cpp, line 520]
Event: 366.537 Thread 0x000001abf94f0360 Exception <a 'sun/nio/fs/WindowsException'{0x00000000d55a9810}> (0x00000000d55a9810) 
thrown [s\src\hotspot\share\prims\jni.cpp, line 520]
Event: 366.537 Thread 0x000001abf94f0360 Exception <a 'sun/nio/fs/WindowsException'{0x00000000d55aa8b8}> (0x00000000d55aa8b8) 
thrown [s\src\hotspot\share\prims\jni.cpp, line 520]
Event: 366.537 Thread 0x000001abf94f0360 Exception <a 'sun/nio/fs/WindowsException'{0x00000000d55ab3d8}> (0x00000000d55ab3d8) 
thrown [s\src\hotspot\share\prims\jni.cpp, line 520]
Event: 366.537 Thread 0x000001abf94f0360 Exception <a 'sun/nio/fs/WindowsException'{0x00000000d55ac318}> (0x00000000d55ac318) 
thrown [s\src\hotspot\share\prims\jni.cpp, line 520]
Event: 366.537 Thread 0x000001abf94f0360 Exception <a 'sun/nio/fs/WindowsException'{0x00000000d55acba8}> (0x00000000d55acba8) 
thrown [s\src\hotspot\share\prims\jni.cpp, line 520]
Event: 551.046 Thread 0x000001abf94ecee0 Exception <a 'sun/nio/fs/WindowsException'{0x00000000d5741b60}> (0x00000000d5741b60) 
thrown [s\src\hotspot\share\prims\jni.cpp, line 520]
Event: 551.046 Thread 0x000001abf94ecee0 Exception <a 'sun/nio/fs/WindowsException'{0x00000000d57428e0}> (0x00000000d57428e0) 
thrown [s\src\hotspot\share\prims\jni.cpp, line 520]
Event: 551.047 Thread 0x000001abf94ecee0 Implicit null exception at 0x000001aba6456590 to 0x000001aba6456944
Event: 551.081 Thread 0x000001abf94ecee0 Exception <a 'java/lang/NoSuchMethodError'{0x00000000d55bdf28}: static [J.<clinit>()V> (0x00000000d55bdf28) 
thrown [s\src\hotspot\share\prims\jni.cpp, line 1111]

ZGC Phase Switch (0 events):
No events

VM Operations (20 events):
Event: 551.024 Executing VM operation: HandshakeAllThreads (Deoptimize)
Event: 551.025 Executing VM operation: HandshakeAllThreads (Deoptimize) done
Event: 551.025 Executing VM operation: Cleanup
Event: 551.025 Executing VM operation: Cleanup done
Event: 551.072 Executing VM operation: ParallelGCFailedAllocation (Allocation Failure)
Event: 551.075 Executing VM operation: ParallelGCFailedAllocation (Allocation Failure) done
Event: 551.092 Executing VM operation: HandshakeAllThreads (Deoptimize)
Event: 551.092 Executing VM operation: HandshakeAllThreads (Deoptimize) done
Event: 552.093 Executing VM operation: Cleanup
Event: 552.093 Executing VM operation: Cleanup done
Event: 566.099 Executing VM operation: ParallelGCFailedAllocation (Allocation Failure)
Event: 566.101 Executing VM operation: ParallelGCFailedAllocation (Allocation Failure) done
Event: 566.133 Executing VM operation: ParallelGCFailedAllocation (Allocation Failure)
Event: 566.134 Executing VM operation: ParallelGCFailedAllocation (Allocation Failure) done
Event: 568.139 Executing VM operation: Cleanup
Event: 568.139 Executing VM operation: Cleanup done
Event: 601.377 Executing VM operation: HandshakeAllThreads (HandshakeForDeflation)
Event: 601.377 Executing VM operation: HandshakeAllThreads (HandshakeForDeflation) done
Event: 601.377 Executing VM operation: RendezvousGCThreads
Event: 601.377 Executing VM operation: RendezvousGCThreads done

Memory protections (0 events):
No events

Nmethod flushes (20 events):
Event: 358.016 Thread 0x000001ab98bd1370 flushing  nmethod 0x000001ab9f3e4190
Event: 358.016 Thread 0x000001ab98bd1370 flushing  nmethod 0x000001ab9f3e4f90
Event: 358.016 Thread 0x000001ab98bd1370 flushing  nmethod 0x000001ab9f3ea190
Event: 358.016 Thread 0x000001ab98bd1370 flushing  nmethod 0x000001ab9f40d610
Event: 358.016 Thread 0x000001ab98bd1370 flushing  nmethod 0x000001ab9f41b410
Event: 358.016 Thread 0x000001ab98bd1370 flushing  nmethod 0x000001ab9f41c190
Event: 358.016 Thread 0x000001ab98bd1370 flushing  nmethod 0x000001ab9f420710
Event: 358.016 Thread 0x000001ab98bd1370 flushing  nmethod 0x000001ab9f422910
Event: 358.016 Thread 0x000001ab98bd1370 flushing  nmethod 0x000001ab9f426d90
Event: 358.016 Thread 0x000001ab98bd1370 flushing  nmethod 0x000001ab9f427410
Event: 358.016 Thread 0x000001ab98bd1370 flushing  nmethod 0x000001ab9f427c90
Event: 358.016 Thread 0x000001ab98bd1370 flushing  nmethod 0x000001ab9f428410
Event: 358.016 Thread 0x000001ab98bd1370 flushing  nmethod 0x000001ab9f42b510
Event: 358.016 Thread 0x000001ab98bd1370 flushing  nmethod 0x000001ab9f42e610
Event: 358.016 Thread 0x000001ab98bd1370 flushing  nmethod 0x000001ab9f445290
Event: 358.016 Thread 0x000001ab98bd1370 flushing  nmethod 0x000001ab9f464d10
Event: 358.016 Thread 0x000001ab98bd1370 flushing  nmethod 0x000001ab9fde9690
Event: 358.016 Thread 0x000001ab98bd1370 flushing  nmethod 0x000001ab9fde9b90
Event: 358.016 Thread 0x000001ab98bd1370 flushing  nmethod 0x000001ab9fdea010
Event: 358.016 Thread 0x000001ab98bd1370 flushing  nmethod 0x000001ab9fdf4790

Events (20 events):
Event: 426.177 Thread 0x000001abf94f1da0 Thread exited: 0x000001abf94f1da0
Event: 426.177 Thread 0x000001abf94ee290 Thread exited: 0x000001abf94ee290
Event: 426.536 Thread 0x000001abfa26f8c0 Thread exited: 0x000001abfa26f8c0
Event: 427.017 Thread 0x000001abf94f0360 Thread exited: 0x000001abf94f0360
Event: 427.019 Thread 0x000001abf94eefb0 Thread exited: 0x000001abf94eefb0
Event: 474.944 Thread 0x000001abfa26f230 Thread exited: 0x000001abfa26f230
Event: 484.624 Thread 0x000001abfa0022d0 Thread exited: 0x000001abfa0022d0
Event: 486.182 Thread 0x000001abf94f2ac0 Thread exited: 0x000001abf94f2ac0
Event: 544.632 Thread 0x000001abfa001c40 Thread exited: 0x000001abfa001c40
Event: 546.184 Thread 0x000001abf94f1710 Thread exited: 0x000001abf94f1710
Event: 551.011 Thread 0x000001abf94ecee0 Thread added: 0x000001abfb115120
Event: 551.029 Thread 0x000001abfb115120 Thread exited: 0x000001abfb115120
Event: 551.052 Thread 0x000001abf94ecee0 Thread added: 0x000001abfb115120
Event: 551.055 Thread 0x000001abfb115120 Thread exited: 0x000001abfb115120
Event: 551.087 Thread 0x000001ab9b0a7100 Thread added: 0x000001abfa13b800
Event: 556.249 Thread 0x000001abfa13b800 Thread exited: 0x000001abfa13b800
Event: 566.108 Thread 0x000001ab9b0a7100 Thread added: 0x000001abfa13aa60
Event: 571.172 Thread 0x000001abfa13aa60 Thread exited: 0x000001abfa13aa60
Event: 604.642 Thread 0x000001abfa002960 Thread exited: 0x000001abfa002960
Event: 606.189 Thread 0x000001abf94f4500 Thread exited: 0x000001abf94f4500


Dynamic libraries:
0x00007ff71dfb0000 - 0x00007ff71dfbe000 	c:\Users\Maghraby Store\.vscode\extensions\redhat.java-1.50.0-win32-x64\jre\21.0.9-win32-x86_64\bin\java.exe
0x00007ffcc4580000 - 0x00007ffcc47e7000 	C:\WINDOWS\SYSTEM32\ntdll.dll
0x00007ffcc25c0000 - 0x00007ffcc2689000 	C:\WINDOWS\System32\KERNEL32.DLL
0x00007ffcc16d0000 - 0x00007ffcc1abf000 	C:\WINDOWS\System32\KERNELBASE.dll
0x00007ffcc1ff0000 - 0x00007ffcc213b000 	C:\WINDOWS\System32\ucrtbase.dll
0x00007ffca3720000 - 0x00007ffca373e000 	c:\Users\Maghraby Store\.vscode\extensions\redhat.java-1.50.0-win32-x64\jre\21.0.9-win32-x86_64\bin\VCRUNTIME140.dll
0x00007ffcb12b0000 - 0x00007ffcb12c8000 	c:\Users\Maghraby Store\.vscode\extensions\redhat.java-1.50.0-win32-x64\jre\21.0.9-win32-x86_64\bin\jli.dll
0x00007ffcc37a0000 - 0x00007ffcc3965000 	C:\WINDOWS\System32\USER32.dll
0x00007ffcc1e50000 - 0x00007ffcc1e77000 	C:\WINDOWS\System32\win32u.dll
0x00007ffcc40d0000 - 0x00007ffcc40fb000 	C:\WINDOWS\System32\GDI32.dll
0x00007ffcc2140000 - 0x00007ffcc226c000 	C:\WINDOWS\System32\gdi32full.dll
0x00007ffca8720000 - 0x00007ffca89b3000 	C:\WINDOWS\WinSxS\amd64_microsoft.windows.common-controls_6595b64144ccf1df_6.0.26100.7309_none_3e05feeae336a044\COMCTL32.dll
0x00007ffcc23f0000 - 0x00007ffcc2499000 	C:\WINDOWS\System32\msvcrt.dll
0x00007ffcc2270000 - 0x00007ffcc2313000 	C:\WINDOWS\System32\msvcp_win.dll
0x00007ffcc3e20000 - 0x00007ffcc3e51000 	C:\WINDOWS\System32\IMM32.DLL
0x00007ffcb0d50000 - 0x00007ffcb0d5c000 	c:\Users\Maghraby Store\.vscode\extensions\redhat.java-1.50.0-win32-x64\jre\21.0.9-win32-x86_64\bin\vcruntime140_1.dll
0x00007ffc965d0000 - 0x00007ffc9665d000 	c:\Users\Maghraby Store\.vscode\extensions\redhat.java-1.50.0-win32-x64\jre\21.0.9-win32-x86_64\bin\msvcp140.dll
0x00007ffc59600000 - 0x00007ffc5a3a0000 	c:\Users\Maghraby Store\.vscode\extensions\redhat.java-1.50.0-win32-x64\jre\21.0.9-win32-x86_64\bin\server\jvm.dll
0x00007ffcc3600000 - 0x00007ffcc36b4000 	C:\WINDOWS\System32\ADVAPI32.dll
0x00007ffcc42e0000 - 0x00007ffcc4386000 	C:\WINDOWS\System32\sechost.dll
0x00007ffcc3e60000 - 0x00007ffcc3f78000 	C:\WINDOWS\System32\RPCRT4.dll
0x00007ffcc44c0000 - 0x00007ffcc4534000 	C:\WINDOWS\System32\WS2_32.dll
0x00007ffcc1530000 - 0x00007ffcc158e000 	C:\WINDOWS\SYSTEM32\POWRPROF.dll
0x00007ffca90d0000 - 0x00007ffca9105000 	C:\WINDOWS\SYSTEM32\WINMM.dll
0x00007ffcb13e0000 - 0x00007ffcb13eb000 	C:\WINDOWS\SYSTEM32\VERSION.dll
0x00007ffcc1510000 - 0x00007ffcc1524000 	C:\WINDOWS\SYSTEM32\UMPDC.dll
0x00007ffcc0440000 - 0x00007ffcc045b000 	C:\WINDOWS\SYSTEM32\kernel.appcore.dll
0x00007ffcaba10000 - 0x00007ffcaba1a000 	c:\Users\Maghraby Store\.vscode\extensions\redhat.java-1.50.0-win32-x64\jre\21.0.9-win32-x86_64\bin\jimage.dll
0x00007ffcbee10000 - 0x00007ffcbf052000 	C:\WINDOWS\SYSTEM32\DBGHELP.DLL
0x00007ffcc39e0000 - 0x00007ffcc3d65000 	C:\WINDOWS\System32\combase.dll
0x00007ffcc36c0000 - 0x00007ffcc3796000 	C:\WINDOWS\System32\OLEAUT32.dll
0x00007ffcabfa0000 - 0x00007ffcabfdc000 	C:\WINDOWS\SYSTEM32\dbgcore.DLL
0x00007ffcc1ad0000 - 0x00007ffcc1b75000 	C:\WINDOWS\System32\bcryptPrimitives.dll
0x00007ffca8a00000 - 0x00007ffca8a0f000 	c:\Users\Maghraby Store\.vscode\extensions\redhat.java-1.50.0-win32-x64\jre\21.0.9-win32-x86_64\bin\instrument.dll
0x00007ffc9c4c0000 - 0x00007ffc9c4e0000 	c:\Users\Maghraby Store\.vscode\extensions\redhat.java-1.50.0-win32-x64\jre\21.0.9-win32-x86_64\bin\java.dll
0x00007ffcc2690000 - 0x00007ffcc2de3000 	C:\WINDOWS\System32\SHELL32.dll
0x00007ffcc1e80000 - 0x00007ffcc1fea000 	C:\WINDOWS\System32\wintypes.dll
0x00007ffcbf290000 - 0x00007ffcbfaee000 	C:\WINDOWS\SYSTEM32\windows.storage.dll
0x00007ffcc3f80000 - 0x00007ffcc4075000 	C:\WINDOWS\System32\SHCORE.dll
0x00007ffcc4100000 - 0x00007ffcc4166000 	C:\WINDOWS\System32\shlwapi.dll
0x00007ffcc15f0000 - 0x00007ffcc1619000 	C:\WINDOWS\SYSTEM32\profapi.dll
0x00007ffca3650000 - 0x00007ffca3668000 	c:\Users\Maghraby Store\.vscode\extensions\redhat.java-1.50.0-win32-x64\jre\21.0.9-win32-x86_64\bin\zip.dll
0x00007ffca4490000 - 0x00007ffca44a0000 	C:\Users\Maghraby Store\.vscode\extensions\redhat.java-1.50.0-win32-x64\jre\21.0.9-win32-x86_64\bin\net.dll
0x00007ffcb7860000 - 0x00007ffcb7988000 	C:\WINDOWS\SYSTEM32\WINHTTP.dll
0x00007ffcc0990000 - 0x00007ffcc09fb000 	C:\WINDOWS\system32\mswsock.dll
0x00007ffc99950000 - 0x00007ffc99966000 	C:\Users\Maghraby Store\.vscode\extensions\redhat.java-1.50.0-win32-x64\jre\21.0.9-win32-x86_64\bin\nio.dll
0x00007ffc9f020000 - 0x00007ffc9f030000 	c:\Users\Maghraby Store\.vscode\extensions\redhat.java-1.50.0-win32-x64\jre\21.0.9-win32-x86_64\bin\verify.dll
0x00007ffcb1110000 - 0x00007ffcb1154000 	C:\Users\Maghraby Store\AppData\Roaming\Code\User\globalStorage\redhat.java\1.50.0\config_win\org.eclipse.equinox.launcher\org.eclipse.equinox.launcher.win32.win32.x86_64_1.2.1400.v20250801-0854\eclipse_11916.dll
0x00007ffcc2fd0000 - 0x00007ffcc3167000 	C:\WINDOWS\System32\ole32.dll
0x00007ffcc0d80000 - 0x00007ffcc0d9b000 	C:\WINDOWS\SYSTEM32\CRYPTSP.dll
0x00007ffcc03a0000 - 0x00007ffcc03da000 	C:\WINDOWS\system32\rsaenh.dll
0x00007ffcc0a40000 - 0x00007ffcc0a6b000 	C:\WINDOWS\SYSTEM32\USERENV.dll
0x00007ffcc15c0000 - 0x00007ffcc15ea000 	C:\WINDOWS\SYSTEM32\bcrypt.dll
0x00007ffcc0be0000 - 0x00007ffcc0bec000 	C:\WINDOWS\SYSTEM32\CRYPTBASE.dll
0x00007ffcbfe80000 - 0x00007ffcbfeb4000 	C:\WINDOWS\SYSTEM32\IPHLPAPI.DLL
0x00007ffcc24a0000 - 0x00007ffcc24aa000 	C:\WINDOWS\System32\NSI.dll
0x00007ffcb10c0000 - 0x00007ffcb1109000 	C:\Users\Maghraby Store\AppData\Local\Temp\jna--607650244\jna10951351059099867757.dll
0x00007ffcc25b0000 - 0x00007ffcc25b8000 	C:\WINDOWS\System32\PSAPI.DLL
0x00007ffcb7db0000 - 0x00007ffcb7dce000 	C:\WINDOWS\SYSTEM32\dhcpcsvc6.DLL
0x00007ffcb7c00000 - 0x00007ffcb7c23000 	C:\WINDOWS\SYSTEM32\dhcpcsvc.DLL
0x00007ffcb12f0000 - 0x00007ffcb12fe000 	C:\Users\Maghraby Store\.vscode\extensions\redhat.java-1.50.0-win32-x64\jre\21.0.9-win32-x86_64\bin\sunmscapi.dll
0x00007ffcc1c40000 - 0x00007ffcc1db7000 	C:\WINDOWS\System32\CRYPT32.dll
0x00007ffcc0ed0000 - 0x00007ffcc0f00000 	C:\WINDOWS\SYSTEM32\ncrypt.dll
0x00007ffcc0e80000 - 0x00007ffcc0ebf000 	C:\WINDOWS\SYSTEM32\NTASN1.dll
0x00007ffcbff20000 - 0x00007ffcc004c000 	C:\WINDOWS\SYSTEM32\DNSAPI.dll
0x00007ffcb1d20000 - 0x00007ffcb1d2b000 	C:\Windows\System32\rasadhlp.dll
0x00007ffcb8050000 - 0x00007ffcb80d6000 	C:\WINDOWS\System32\fwpuclnt.dll
0x00007ffca64b0000 - 0x00007ffca64b9000 	C:\Users\Maghraby Store\.vscode\extensions\redhat.java-1.50.0-win32-x64\jre\21.0.9-win32-x86_64\bin\extnet.dll

JVMTI agents:
c:\Users\Maghraby Store\.vscode\extensions\redhat.java-1.50.0-win32-x64\lombok\lombok-1.18.39-4050.jar path:c:\Users\Maghraby Store\.vscode\extensions\redhat.java-1.50.0-win32-x64\jre\21.0.9-win32-x86_64\bin\instrument.dll, loaded, initialized, instrumentlib options:none

dbghelp: loaded successfully - version: 4.0.5 - missing functions: none
symbol engine: initialized successfully - sym options: 0x614 - pdb path: .;c:\Users\Maghraby Store\.vscode\extensions\redhat.java-1.50.0-win32-x64\jre\21.0.9-win32-x86_64\bin;C:\WINDOWS\SYSTEM32;C:\WINDOWS\WinSxS\amd64_microsoft.windows.common-controls_6595b64144ccf1df_6.0.26100.7309_none_3e05feeae336a044;c:\Users\Maghraby Store\.vscode\extensions\redhat.java-1.50.0-win32-x64\jre\21.0.9-win32-x86_64\bin\server;C:\Users\Maghraby Store\AppData\Roaming\Code\User\globalStorage\redhat.java\1.50.0\config_win\org.eclipse.equinox.launcher\org.eclipse.equinox.launcher.win32.win32.x86_64_1.2.1400.v20250801-0854;C:\Users\Maghraby Store\AppData\Local\Temp\jna--607650244

VM Arguments:
jvm_args: --add-modules=ALL-SYSTEM --add-opens=java.base/java.util=ALL-UNNAMED --add-opens=java.base/java.lang=ALL-UNNAMED --add-opens=java.base/sun.nio.fs=ALL-UNNAMED -Declipse.application=org.eclipse.jdt.ls.core.id1 -Dosgi.bundles.defaultStartLevel=4 -Declipse.product=org.eclipse.jdt.ls.core.product -Djava.import.generatesMetadataFilesAtProjectRoot=false -DDetectVMInstallationsJob.disabled=true -Dfile.encoding=utf8 -XX:+UseParallelGC -XX:GCTimeRatio=4 -XX:AdaptiveSizePolicyWeight=90 -Dsun.zip.disableMemoryMapping=true -Xmx2G -Xms100m -Xlog:disable -javaagent:c:\Users\Maghraby Store\.vscode\extensions\redhat.java-1.50.0-win32-x64\lombok\lombok-1.18.39-4050.jar -XX:+HeapDumpOnOutOfMemoryError -XX:HeapDumpPath=c:\Users\Maghraby Store\AppData\Roaming\Code\User\workspaceStorage\3dadfdb6fe4ae54e754da0009389f85c\redhat.java -Daether.dependencyCollector.impl=bf 
java_command: c:\Users\Maghraby Store\.vscode\extensions\redhat.java-1.50.0-win32-x64\server\plugins\org.eclipse.equinox.launcher_1.7.100.v20251111-0406.jar -configuration c:\Users\Maghraby Store\AppData\Roaming\Code\User\globalStorage\redhat.java\1.50.0\config_win -data c:\Users\Maghraby Store\AppData\Roaming\Code\User\workspaceStorage\3dadfdb6fe4ae54e754da0009389f85c\redhat.java\jdt_ws --pipe=\\.\pipe\lsp-1fce0ee2a024cfc648d0baebec73a7b5-sock
java_class_path (initial): c:\Users\Maghraby Store\.vscode\extensions\redhat.java-1.50.0-win32-x64\server\plugins\org.eclipse.equinox.launcher_1.7.100.v20251111-0406.jar
Launcher Type: SUN_STANDARD

[Global flags]
    uintx AdaptiveSizePolicyWeight                 = 90                                        {product} {command line}
     intx CICompilerCount                          = 4                                         {product} {ergonomic}
    uintx GCTimeRatio                              = 4                                         {product} {command line}
     bool HeapDumpOnOutOfMemoryError               = true                                   {manageable} {command line}
    ccstr HeapDumpPath                             = c:\Users\Maghraby Store\AppData\Roaming\Code\User\workspaceStorage\3dadfdb6fe4ae54e754da0009389f85c\redhat.java         {manageable} {command line}
   size_t InitialHeapSize                          = 104857600                                 {product} {command line}
   size_t MaxHeapSize                              = 2147483648                                {product} {command line}
   size_t MaxNewSize                               = 715653120                                 {product} {ergonomic}
   size_t MinHeapDeltaBytes                        = 524288                                    {product} {ergonomic}
   size_t MinHeapSize                              = 104857600                                 {product} {command line}
   size_t NewSize                                  = 34603008                                  {product} {ergonomic}
    uintx NonNMethodCodeHeapSize                   = 5839372                                {pd product} {ergonomic}
    uintx NonProfiledCodeHeapSize                  = 122909434                              {pd product} {ergonomic}
   size_t OldSize                                  = 70254592                                  {product} {ergonomic}
    uintx ProfiledCodeHeapSize                     = 122909434                              {pd product} {ergonomic}
    uintx ReservedCodeCacheSize                    = 251658240                              {pd product} {ergonomic}
     bool SegmentedCodeCache                       = true                                      {product} {ergonomic}
   size_t SoftMaxHeapSize                          = 2147483648                             {manageable} {ergonomic}
     bool UseCompressedOops                        = true                           {product lp64_product} {ergonomic}
     bool UseLargePagesIndividualAllocation        = false                                  {pd product} {ergonomic}
     bool UseParallelGC                            = true                                      {product} {command line}

Logging:
Log output configuration:
 #0: stdout all=off uptime,level,tags foldmultilines=false
 #1: stderr all=off uptime,level,tags foldmultilines=false

Release file:
JAVA_VERSION="21.0.9" 
MODULES="java.base java.compiler java.datatransfer java.xml java.prefs java.desktop java.instrument java.logging java.management java.security.sasl java.naming java.rmi java.management.rmi java.net.http java.scripting java.security.jgss java.transaction.xa java.sql java.sql.rowset java.xml.crypto java.se java.smartcardio jdk.accessibility jdk.internal.jvmstat jdk.attach jdk.charsets jdk.internal.opt jdk.zipfs jdk.compiler jdk.crypto.ec jdk.crypto.cryptoki jdk.crypto.mscapi jdk.dynalink jdk.internal.ed jdk.editpad jdk.hotspot.agent jdk.httpserver jdk.internal.le jdk.internal.vm.ci jdk.internal.vm.compiler jdk.internal.vm.compiler.management jdk.jartool jdk.javadoc jdk.jcmd jdk.management jdk.management.agent jdk.jconsole jdk.jdeps jdk.jdwp.agent jdk.jdi jdk.jfr jdk.jshell jdk.jsobject jdk.jstatd jdk.localedata jdk.management.jfr jdk.naming.dns jdk.naming.rmi jdk.net jdk.nio.mapmode jdk.random jdk.sctp jdk.security.auth jdk.security.jgss jdk.unsupported jdk.unsupported.desktop jdk.xml.dom" 

Environment Variables:
JAVA_HOME=E:\New folder
PATH=C:\Python314\Scripts\;C:\Python314\;C:\Program Files\Common Files\Oracle\Java\javapath;C:\WINDOWS\system32;C:\WINDOWS;C:\WINDOWS\System32\Wbem;C:\WINDOWS\System32\WindowsPowerShell\v1.0\;C:\WINDOWS\System32\OpenSSH\;D:\CS102\__pycache__;D:\CS102\__pycache__\Scripts;C:\MinGW\mingw32\bin;C:\msys64\mingw64\bin;C:\Program Files (x86)\IVI Foundation\VISA\WinNT\Bin\;C:\Program Files\IVI Foundation\VISA\Win64\Bin\;C:\Program Files (x86)\IVI Foundation\VISA\WinNT\Bin;E:\New folder\bin;C:\Program Files (x86)\Microsoft SQL Server\160\Tools\Binn\;C:\Program Files\Microsoft SQL Server\160\Tools\Binn\;C:\Program Files\Microsoft SQL Server\Client SDK\ODBC\170\Tools\Binn\;C:\Program Files\Microsoft SQL Server\160\DTS\Binn\;C:\Program Files (x86)\Microsoft SQL Server\160\DTS\Binn\;C:\Users\Maghraby Store\AppData\Local\Muse Hub\lib;C:\Program Files\Git\cmd;C:\Program Files\Docker\Docker\resources\bin;C:\Program Files\nodejs\;C:\ProgramData\chocolatey\bin;C:\Users\Maghraby Store\AppData\Local\Programs\Python\Python313\Scripts\;C:\Users\Maghraby Store\AppData\Local\Programs\Python\Python313\;C:\msys64\ucrt64\bin;C:\Users\Maghraby Store\AppData\Local\Programs\Microsoft VS Code\bin;C:\Users\Maghraby Store\AppData\Local\GitHubDesktop\bin;C:\Users\Maghraby Store\AppData\Local\Microsoft\WindowsApps;C:\Users\Maghraby Store\AppData\Roaming\npm
USERNAME=Maghraby Store
OS=Windows_NT
PROCESSOR_IDENTIFIER=Intel64 Family 6 Model 142 Stepping 12, GenuineIntel
TMP=C:\Users\MAGHRA~1\AppData\Local\Temp
TEMP=C:\Users\MAGHRA~1\AppData\Local\Temp




Periodic native trim disabled

---------------  S Y S T E M  ---------------

OS:
 Windows 11 , 64 bit Build 26100 (10.0.26100.7309)
OS uptime: 1 days 2:02 hours
Hyper-V role detected

CPU: total 8 (initial active 8) (4 cores per cpu, 2 threads per core) family 6 model 142 stepping 12 microcode 0xf4, cx8, cmov, fxsr, ht, mmx, 3dnowpref, sse, sse2, sse3, ssse3, sse4.1, sse4.2, popcnt, lzcnt, tsc, tscinvbit, avx, avx2, aes, erms, clmul, bmi1, bmi2, adx, fma, vzeroupper, clflush, clflushopt, hv, rdtscp, f16c
Processor Information for processor 0
  Max Mhz: 2304, Current Mhz: 1502, Mhz Limit: 1797
Processor Information for processor 1
  Max Mhz: 2304, Current Mhz: 1803, Mhz Limit: 1797
Processor Information for processor 2
  Max Mhz: 2304, Current Mhz: 1803, Mhz Limit: 1797
Processor Information for processor 3
  Max Mhz: 2304, Current Mhz: 1803, Mhz Limit: 1797
Processor Information for processor 4
  Max Mhz: 2304, Current Mhz: 1502, Mhz Limit: 1797
Processor Information for processor 5
  Max Mhz: 2304, Current Mhz: 1502, Mhz Limit: 1797
Processor Information for processor 6
  Max Mhz: 2304, Current Mhz: 1502, Mhz Limit: 1797
Processor Information for processor 7
  Max Mhz: 2304, Current Mhz: 1803, Mhz Limit: 1797

Memory: 4k page, system-wide physical 16067M (4468M free)
TotalPageFile size 16067M (AvailPageFile size 9M)
current process WorkingSet (physical memory assigned to process): 649M, peak: 649M
current process commit charge ("private bytes"): 721M, peak: 722M

vm_info: OpenJDK 64-Bit Server VM (21.0.9+10-LTS) for windows-amd64 JRE (21.0.9+10-LTS), built on 2025-10-21T00:00:00Z by "admin" with unknown MS VC++:1942

END.
