#
# There is insufficient memory for the Java Runtime Environment to continue.
# Native memory allocation (malloc) failed to allocate 1256832 bytes. Error detail: Chunk::new
# Possible reasons:
#   The system is out of physical RAM or swap space
#   This process is running with CompressedOops enabled, and the Java Heap may be blocking the growth of the native heap
# Possible solutions:
#   Reduce memory load on the system
#   Increase physical memory or swap space
#   Check if swap backing store is full
#   Decrease Java heap size (-Xmx/-Xms)
#   Decrease number of Java threads
#   Decrease Java thread stack sizes (-Xss)
#   Set larger code cache with -XX:ReservedCodeCacheSize=
#   JVM is running with Unscaled Compressed Oops mode in which the Java heap is
#     placed in the first 4GB address space. The Java Heap base address is the
#     maximum limit for the native heap growth. Please use -XX:HeapBaseMinAddress
#     to set the Java Heap base and to place the Java Heap above 4GB virtual address.
# This output file may be truncated or incomplete.
#
#  Out of Memory Error (arena.cpp:168), pid=1612, tid=20060
#
# JRE version: OpenJDK Runtime Environment Temurin-21.0.9+10 (21.0.9+10) (build 21.0.9+10-LTS)
# Java VM: OpenJDK 64-Bit Server VM Temurin-21.0.9+10 (21.0.9+10-LTS, mixed mode, sharing, tiered, compressed oops, compressed class ptrs, parallel gc, windows-amd64)
# No core dump will be written. Minidumps are not enabled by default on client versions of Windows
#

---------------  S U M M A R Y ------------

Command Line: --add-modules=ALL-SYSTEM --add-opens=java.base/java.util=ALL-UNNAMED --add-opens=java.base/java.lang=ALL-UNNAMED --add-opens=java.base/sun.nio.fs=ALL-UNNAMED -Declipse.application=org.eclipse.jdt.ls.core.id1 -Dosgi.bundles.defaultStartLevel=4 -Declipse.product=org.eclipse.jdt.ls.core.product -Djava.import.generatesMetadataFilesAtProjectRoot=false -DDetectVMInstallationsJob.disabled=true -Dfile.encoding=utf8 -XX:+UseParallelGC -XX:GCTimeRatio=4 -XX:AdaptiveSizePolicyWeight=90 -Dsun.zip.disableMemoryMapping=true -Xmx2G -Xms100m -Xlog:disable -javaagent:c:\Users\Maghraby Store\.vscode\extensions\redhat.java-1.50.0-win32-x64\lombok\lombok-1.18.39-4050.jar -XX:+HeapDumpOnOutOfMemoryError -XX:HeapDumpPath=c:\Users\Maghraby Store\AppData\Roaming\Code\User\workspaceStorage\3dadfdb6fe4ae54e754da0009389f85c\redhat.java -Daether.dependencyCollector.impl=bf c:\Users\Maghraby Store\.vscode\extensions\redhat.java-1.50.0-win32-x64\server\plugins\org.eclipse.equinox.launcher_1.7.100.v20251111-0406.jar -configuration c:\Users\Maghraby Store\AppData\Roaming\Code\User\globalStorage\redhat.java\1.50.0\config_win -data c:\Users\Maghraby Store\AppData\Roaming\Code\User\workspaceStorage\3dadfdb6fe4ae54e754da0009389f85c\redhat.java\jdt_ws --pipe=\\.\pipe\lsp-9d629a68c97cfd4000e12f536da9a7b1-sock

Host: Intel(R) Core(TM) i7-10610U CPU @ 1.80GHz, 8 cores, 15G,  Windows 11 , 64 bit Build 26100 (10.0.26100.7309)
Time: Tue Dec 16 03:32:26 2025 Egypt Standard Time elapsed time: 12.072232 seconds (0d 0h 0m 12s)

---------------  T H R E A D  ---------------

Current thread (0x000001c0579df8c0):  JavaThread "C2 CompilerThread2" daemon [_thread_in_native, id=20060, stack(0x0000000fe4c00000,0x0000000fe4d00000) (1024K)]


Current CompileTask:
C2:12072 8960       4       org.apache.maven.model.interpolation.StringVisitorModelInterpolator$ModelVisitor::visit (231 bytes)

Stack: [0x0000000fe4c00000,0x0000000fe4d00000]
Native frames: (J=compiled Java code, j=interpreted, Vv=VM code, C=native code)
V  [jvm.dll+0x6d6e29]
V  [jvm.dll+0x8b4b76]
V  [jvm.dll+0x8b712e]
V  [jvm.dll+0x8b7813]
V  [jvm.dll+0x283d86]
V  [jvm.dll+0xc66ed]
V  [jvm.dll+0xc6c31]
V  [jvm.dll+0x3be53b]
V  [jvm.dll+0x38ab92]
V  [jvm.dll+0x389fda]
V  [jvm.dll+0x24bfa0]
V  [jvm.dll+0x24b580]
V  [jvm.dll+0x1cb13e]
V  [jvm.dll+0x25b29d]
V  [jvm.dll+0x25982a]
V  [jvm.dll+0x3f7ea6]
V  [jvm.dll+0x85e9ad]
V  [jvm.dll+0x6d565d]
C  [ucrtbase.dll+0x37b0]
C  [KERNEL32.DLL+0x2e8d7]
C  [ntdll.dll+0x8c53c]


---------------  P R O C E S S  ---------------

Threads class SMR info:
_java_thread_list=0x000001c05bfcd3c0, length=73, elements={
0x000001c07065c120, 0x000001c072a3bcc0, 0x000001c072a3e7a0, 0x000001c07a3f9bd0,
0x000001c07a3fa750, 0x000001c07a3fc310, 0x000001c07a3ffc60, 0x000001c07a408370,
0x000001c07a409bd0, 0x000001c054216790, 0x000001c05437cff0, 0x000001c054c4b660,
0x000001c054ace840, 0x000001c054b1f5f0, 0x000001c0546ae850, 0x000001c05514fa30,
0x000001c054f08180, 0x000001c05517e8d0, 0x000001c0554c3560, 0x000001c05567e6d0,
0x000001c05567cc90, 0x000001c05567d9b0, 0x000001c05567fa80, 0x000001c05567ed60,
0x000001c05567d320, 0x000001c05567e040, 0x000001c05567f3f0, 0x000001c055680110,
0x000001c057468270, 0x000001c057468f90, 0x000001c057469cb0, 0x000001c057469620,
0x000001c057466ec0, 0x000001c05746a340, 0x000001c05746a9d0, 0x000001c057467550,
0x000001c05746b060, 0x000001c057468900, 0x000001c057467be0, 0x000001c05746b6f0,
0x000001c05746e4e0, 0x000001c05746bd80, 0x000001c05746d7c0, 0x000001c05746c410,
0x000001c05746d130, 0x000001c05746caa0, 0x000001c05746de50, 0x000001c05bd6f630,
0x000001c05bd6fcc0, 0x000001c05bd71700, 0x000001c05bd72420, 0x000001c05bd71d90,
0x000001c05bd70350, 0x000001c05bd709e0, 0x000001c05bd71070, 0x000001c05bd6efa0,
0x000001c05bd744f0, 0x000001c05bd75f30, 0x000001c05bd737d0, 0x000001c05bd72ab0,
0x000001c05bd765c0, 0x000001c05bd73140, 0x000001c05bd73e60, 0x000001c05bd74b80,
0x000001c05bd75210, 0x000001c05bd758a0, 0x000001c054417a00, 0x000001c0579df8c0,
0x000001c0540aab80, 0x000001c0540abf30, 0x000001c0540ad2e0, 0x000001c0540aa4f0,
0x000001c0540ad970
}

Java Threads: ( => current thread )
  0x000001c07065c120 JavaThread "main"                              [_thread_blocked, id=18720, stack(0x0000000fe3d00000,0x0000000fe3e00000) (1024K)]
  0x000001c072a3bcc0 JavaThread "Reference Handler"          daemon [_thread_blocked, id=3728, stack(0x0000000fe4100000,0x0000000fe4200000) (1024K)]
  0x000001c072a3e7a0 JavaThread "Finalizer"                  daemon [_thread_blocked, id=17032, stack(0x0000000fe4200000,0x0000000fe4300000) (1024K)]
  0x000001c07a3f9bd0 JavaThread "Signal Dispatcher"          daemon [_thread_blocked, id=21600, stack(0x0000000fe4300000,0x0000000fe4400000) (1024K)]
  0x000001c07a3fa750 JavaThread "Attach Listener"            daemon [_thread_blocked, id=5084, stack(0x0000000fe4400000,0x0000000fe4500000) (1024K)]
  0x000001c07a3fc310 JavaThread "Service Thread"             daemon [_thread_blocked, id=20812, stack(0x0000000fe4500000,0x0000000fe4600000) (1024K)]
  0x000001c07a3ffc60 JavaThread "Monitor Deflation Thread"   daemon [_thread_blocked, id=19680, stack(0x0000000fe4600000,0x0000000fe4700000) (1024K)]
  0x000001c07a408370 JavaThread "C2 CompilerThread0"         daemon [_thread_in_native, id=3424, stack(0x0000000fe4700000,0x0000000fe4800000) (1024K)]
  0x000001c07a409bd0 JavaThread "C1 CompilerThread0"         daemon [_thread_blocked, id=6208, stack(0x0000000fe4800000,0x0000000fe4900000) (1024K)]
  0x000001c054216790 JavaThread "Common-Cleaner"             daemon [_thread_blocked, id=20512, stack(0x0000000fe4900000,0x0000000fe4a00000) (1024K)]
  0x000001c05437cff0 JavaThread "Notification Thread"        daemon [_thread_blocked, id=19748, stack(0x0000000fe4b00000,0x0000000fe4c00000) (1024K)]
  0x000001c054c4b660 JavaThread "Active Thread: Equinox Container: 3adec650-021f-4fb4-9cf6-e095cd429550"        [_thread_blocked, id=9624, stack(0x0000000fe5300000,0x0000000fe5400000) (1024K)]
  0x000001c054ace840 JavaThread "Refresh Thread: Equinox Container: 3adec650-021f-4fb4-9cf6-e095cd429550" daemon [_thread_blocked, id=15132, stack(0x0000000fe5400000,0x0000000fe5500000) (1024K)]
  0x000001c054b1f5f0 JavaThread "Framework Event Dispatcher: Equinox Container: 3adec650-021f-4fb4-9cf6-e095cd429550" daemon [_thread_blocked, id=4924, stack(0x0000000fe5600000,0x0000000fe5700000) (1024K)]
  0x000001c0546ae850 JavaThread "Start Level: Equinox Container: 3adec650-021f-4fb4-9cf6-e095cd429550" daemon [_thread_blocked, id=11180, stack(0x0000000fe5700000,0x0000000fe5800000) (1024K)]
  0x000001c05514fa30 JavaThread "Bundle File Closer"         daemon [_thread_blocked, id=8804, stack(0x0000000fe5800000,0x0000000fe5900000) (1024K)]
  0x000001c054f08180 JavaThread "SCR Component Actor"        daemon [_thread_blocked, id=18800, stack(0x0000000fe5900000,0x0000000fe5a00000) (1024K)]
  0x000001c05517e8d0 JavaThread "Worker-JM"                         [_thread_blocked, id=6744, stack(0x0000000fe5a00000,0x0000000fe5b00000) (1024K)]
  0x000001c0554c3560 JavaThread "JNA Cleaner"                daemon [_thread_blocked, id=6544, stack(0x0000000fe5b00000,0x0000000fe5c00000) (1024K)]
  0x000001c05567e6d0 JavaThread "Worker-0"                          [_thread_blocked, id=4940, stack(0x0000000fe5c00000,0x0000000fe5d00000) (1024K)]
  0x000001c05567cc90 JavaThread "Worker-1"                          [_thread_blocked, id=22624, stack(0x0000000fe5d00000,0x0000000fe5e00000) (1024K)]
  0x000001c05567d9b0 JavaThread "Worker-2: Building"                [_thread_blocked, id=16744, stack(0x0000000fe5e00000,0x0000000fe5f00000) (1024K)]
  0x000001c05567fa80 JavaThread "Worker-3"                          [_thread_blocked, id=10804, stack(0x0000000fe5f00000,0x0000000fe6000000) (1024K)]
  0x000001c05567ed60 JavaThread "Java indexing"              daemon [_thread_blocked, id=4892, stack(0x0000000fe6000000,0x0000000fe6100000) (1024K)]
  0x000001c05567d320 JavaThread "Worker-4"                          [_thread_blocked, id=12056, stack(0x0000000fe6400000,0x0000000fe6500000) (1024K)]
  0x000001c05567e040 JavaThread "Thread-1"                   daemon [_thread_in_native, id=13148, stack(0x0000000fe6500000,0x0000000fe6600000) (1024K)]
  0x000001c05567f3f0 JavaThread "Thread-2"                   daemon [_thread_in_native, id=2252, stack(0x0000000fe6600000,0x0000000fe6700000) (1024K)]
  0x000001c055680110 JavaThread "Thread-3"                   daemon [_thread_in_native, id=8544, stack(0x0000000fe6700000,0x0000000fe6800000) (1024K)]
  0x000001c057468270 JavaThread "Thread-4"                   daemon [_thread_in_native, id=4636, stack(0x0000000fe6800000,0x0000000fe6900000) (1024K)]
  0x000001c057468f90 JavaThread "Thread-5"                   daemon [_thread_in_native, id=23252, stack(0x0000000fe6900000,0x0000000fe6a00000) (1024K)]
  0x000001c057469cb0 JavaThread "Thread-6"                   daemon [_thread_in_native, id=14064, stack(0x0000000fe6a00000,0x0000000fe6b00000) (1024K)]
  0x000001c057469620 JavaThread "Thread-7"                   daemon [_thread_in_native, id=20212, stack(0x0000000fe6b00000,0x0000000fe6c00000) (1024K)]
  0x000001c057466ec0 JavaThread "Thread-8"                   daemon [_thread_in_native, id=22944, stack(0x0000000fe6c00000,0x0000000fe6d00000) (1024K)]
  0x000001c05746a340 JavaThread "Thread-9"                   daemon [_thread_in_native, id=22656, stack(0x0000000fe6d00000,0x0000000fe6e00000) (1024K)]
  0x000001c05746a9d0 JavaThread "pool-2-thread-1"                   [_thread_blocked, id=17788, stack(0x0000000fe6e00000,0x0000000fe6f00000) (1024K)]
  0x000001c057467550 JavaThread "ForkJoinPool.commonPool-worker-1" daemon [_thread_blocked, id=10868, stack(0x0000000fe6f00000,0x0000000fe7000000) (1024K)]
  0x000001c05746b060 JavaThread "ForkJoinPool.commonPool-worker-3" daemon [_thread_blocked, id=18388, stack(0x0000000fe7000000,0x0000000fe7100000) (1024K)]
  0x000001c057468900 JavaThread "ForkJoinPool.commonPool-worker-2" daemon [_thread_blocked, id=15308, stack(0x0000000fe7100000,0x0000000fe7200000) (1024K)]
  0x000001c057467be0 JavaThread "ForkJoinPool.commonPool-worker-4" daemon [_thread_blocked, id=23392, stack(0x0000000fe7200000,0x0000000fe7300000) (1024K)]
  0x000001c05746b6f0 JavaThread "ForkJoinPool.commonPool-worker-5" daemon [_thread_blocked, id=6284, stack(0x0000000fe7300000,0x0000000fe7400000) (1024K)]
  0x000001c05746e4e0 JavaThread "ForkJoinPool.commonPool-worker-6" daemon [_thread_blocked, id=22068, stack(0x0000000fe7400000,0x0000000fe7500000) (1024K)]
  0x000001c05746bd80 JavaThread "ForkJoinPool.commonPool-worker-7" daemon [_thread_blocked, id=23384, stack(0x0000000fe7500000,0x0000000fe7600000) (1024K)]
  0x000001c05746d7c0 JavaThread "WorkspaceEventsHandler"            [_thread_blocked, id=21928, stack(0x0000000fe7600000,0x0000000fe7700000) (1024K)]
  0x000001c05746c410 JavaThread "pool-1-thread-1"                   [_thread_blocked, id=3896, stack(0x0000000fe7700000,0x0000000fe7800000) (1024K)]
  0x000001c05746d130 JavaThread "LocalFile Deleter"          daemon [_thread_blocked, id=14956, stack(0x0000000fe7800000,0x0000000fe7900000) (1024K)]
  0x000001c05746caa0 JavaThread "LocalFile Deleter"          daemon [_thread_blocked, id=4180, stack(0x0000000fe7900000,0x0000000fe7a00000) (1024K)]
  0x000001c05746de50 JavaThread "LocalFile Deleter"          daemon [_thread_blocked, id=6376, stack(0x0000000fe7a00000,0x0000000fe7b00000) (1024K)]
  0x000001c05bd6f630 JavaThread "LocalFile Deleter"          daemon [_thread_blocked, id=3108, stack(0x0000000fe7b00000,0x0000000fe7c00000) (1024K)]
  0x000001c05bd6fcc0 JavaThread "LocalFile Deleter"          daemon [_thread_blocked, id=4192, stack(0x0000000fe7c00000,0x0000000fe7d00000) (1024K)]
  0x000001c05bd71700 JavaThread "LocalFile Deleter"          daemon [_thread_blocked, id=11624, stack(0x0000000fe7d00000,0x0000000fe7e00000) (1024K)]
  0x000001c05bd72420 JavaThread "LocalFile Deleter"          daemon [_thread_blocked, id=8972, stack(0x0000000fe7e00000,0x0000000fe7f00000) (1024K)]
  0x000001c05bd71d90 JavaThread "LocalFile Deleter"          daemon [_thread_blocked, id=4496, stack(0x0000000fe7f00000,0x0000000fe8000000) (1024K)]
  0x000001c05bd70350 JavaThread "Worker-5"                          [_thread_blocked, id=6440, stack(0x0000000fe8000000,0x0000000fe8100000) (1024K)]
  0x000001c05bd709e0 JavaThread "Compiler Source File Reader" daemon [_thread_blocked, id=8068, stack(0x0000000fe8100000,0x0000000fe8200000) (1024K)]
  0x000001c05bd71070 JavaThread "Compiler Source File Reader" daemon [_thread_blocked, id=21184, stack(0x0000000fe8200000,0x0000000fe8300000) (1024K)]
  0x000001c05bd6efa0 JavaThread "Compiler Source File Reader" daemon [_thread_blocked, id=9308, stack(0x0000000fe8300000,0x0000000fe8400000) (1024K)]
  0x000001c05bd744f0 JavaThread "Compiler Source File Reader" daemon [_thread_blocked, id=13896, stack(0x0000000fe8400000,0x0000000fe8500000) (1024K)]
  0x000001c05bd75f30 JavaThread "Compiler Source File Reader" daemon [_thread_blocked, id=20600, stack(0x0000000fe8500000,0x0000000fe8600000) (1024K)]
  0x000001c05bd737d0 JavaThread "Compiler Source File Reader" daemon [_thread_blocked, id=15024, stack(0x0000000fe8600000,0x0000000fe8700000) (1024K)]
  0x000001c05bd72ab0 JavaThread "Compiler Processing Task"   daemon [_thread_blocked, id=21720, stack(0x0000000fe8700000,0x0000000fe8800000) (1024K)]
  0x000001c05bd765c0 JavaThread "Compiler Class File Writer" daemon [_thread_blocked, id=22912, stack(0x0000000fe8800000,0x0000000fe8900000) (1024K)]
  0x000001c05bd73140 JavaThread "Compiler Class File Writer" daemon [_thread_blocked, id=15588, stack(0x0000000fe8900000,0x0000000fe8a00000) (1024K)]
  0x000001c05bd73e60 JavaThread "Compiler Class File Writer" daemon [_thread_blocked, id=22540, stack(0x0000000fe8a00000,0x0000000fe8b00000) (1024K)]
  0x000001c05bd74b80 JavaThread "Compiler Class File Writer" daemon [_thread_blocked, id=18108, stack(0x0000000fe8b00000,0x0000000fe8c00000) (1024K)]
  0x000001c05bd75210 JavaThread "Compiler Class File Writer" daemon [_thread_blocked, id=5612, stack(0x0000000fe8c00000,0x0000000fe8d00000) (1024K)]
  0x000001c05bd758a0 JavaThread "Compiler Class File Writer" daemon [_thread_blocked, id=9608, stack(0x0000000fe8d00000,0x0000000fe8e00000) (1024K)]
  0x000001c054417a00 JavaThread "C2 CompilerThread1"         daemon [_thread_blocked, id=22272, stack(0x0000000fe4a00000,0x0000000fe4b00000) (1024K)]
=>0x000001c0579df8c0 JavaThread "C2 CompilerThread2"         daemon [_thread_in_native, id=20060, stack(0x0000000fe4c00000,0x0000000fe4d00000) (1024K)]
  0x000001c0540aab80 JavaThread "ParallelDescriptorResolver-0-0" daemon [_thread_blocked, id=19624, stack(0x0000000fe8e00000,0x0000000fe8f00000) (1024K)]
  0x000001c0540abf30 JavaThread "ParallelDescriptorResolver-0-1" daemon [_thread_blocked, id=1748, stack(0x0000000fe8f00000,0x0000000fe9000000) (1024K)]
  0x000001c0540ad2e0 JavaThread "ParallelDescriptorResolver-0-2" daemon [_thread_blocked, id=3152, stack(0x0000000fe9000000,0x0000000fe9100000) (1024K)]
  0x000001c0540aa4f0 JavaThread "ParallelDescriptorResolver-0-3" daemon [_thread_blocked, id=14868, stack(0x0000000fe9100000,0x0000000fe9200000) (1024K)]
  0x000001c0540ad970 JavaThread "ParallelDescriptorResolver-0-4" daemon [_thread_blocked, id=7124, stack(0x0000000fe9200000,0x0000000fe9300000) (1024K)]
Total: 73

Other Threads:
  0x000001c072a228e0 VMThread "VM Thread"                           [id=15004, stack(0x0000000fe4000000,0x0000000fe4100000) (1024K)]
  0x000001c07a30ca00 WatcherThread "VM Periodic Task Thread"        [id=20432, stack(0x0000000fe3f00000,0x0000000fe4000000) (1024K)]
  0x000001c07299d180 WorkerThread "GC Thread#0"                     [id=22740, stack(0x0000000fe3e00000,0x0000000fe3f00000) (1024K)]
  0x000001c054c2fd40 WorkerThread "GC Thread#1"                     [id=5288, stack(0x0000000fe4d00000,0x0000000fe4e00000) (1024K)]
  0x000001c054cb51d0 WorkerThread "GC Thread#2"                     [id=10196, stack(0x0000000fe4e00000,0x0000000fe4f00000) (1024K)]
  0x000001c054cb5570 WorkerThread "GC Thread#3"                     [id=15768, stack(0x0000000fe4f00000,0x0000000fe5000000) (1024K)]
  0x000001c054cb63f0 WorkerThread "GC Thread#4"                     [id=9484, stack(0x0000000fe5000000,0x0000000fe5100000) (1024K)]
  0x000001c054cb6050 WorkerThread "GC Thread#5"                     [id=18416, stack(0x0000000fe5100000,0x0000000fe5200000) (1024K)]
  0x000001c054cb5910 WorkerThread "GC Thread#6"                     [id=1676, stack(0x0000000fe5200000,0x0000000fe5300000) (1024K)]
  0x000001c054cb4a90 WorkerThread "GC Thread#7"                     [id=22676, stack(0x0000000fe5500000,0x0000000fe5600000) (1024K)]
Total: 10

Threads with active compile tasks:
C2 CompilerThread0  13101 8911   !   4       org.codehaus.plexus.interpolation.StringSearchInterpolator::interpolate (692 bytes)
C1 CompilerThread0  13101 9169       3       org.apache.maven.model.io.xpp3.MavenXpp3Reader::parseDependency (486 bytes)
C2 CompilerThread1  13101 9031       4       java.lang.invoke.MemberName::getMethodOrFieldType (72 bytes)
C2 CompilerThread2  13101 8960       4       org.apache.maven.model.interpolation.StringVisitorModelInterpolator$ModelVisitor::visit (231 bytes)
Total: 4

VM state: at safepoint (normal execution)

VM Mutex/Monitor currently owned by a thread:  ([mutex/lock_event])
[0x00007ffc5a2bd570] Threads_lock - owner thread: 0x000001c072a228e0
[0x00007ffc5a2bd670] Heap_lock - owner thread: 0x000001c0540ad2e0

Heap address: 0x0000000080000000, size: 2048 MB, Compressed Oops mode: 32-bit

CDS archive(s) mapped at: [0x000001c00f000000-0x000001c00fba0000-0x000001c00fba0000), size 12189696, SharedBaseAddress: 0x000001c00f000000, ArchiveRelocationMode: 1.
Compressed class space mapped at: 0x000001c010000000-0x000001c050000000, reserved size: 1073741824
Narrow klass base: 0x000001c00f000000, Narrow klass shift: 0, Narrow klass range: 0x100000000

GC Precious Log:
 CardTable entry size: 512
 CPUs: 8 total, 8 available
 Memory: 16067M
 Large Page Support: Disabled
 NUMA Support: Disabled
 Compressed Oops: Enabled (32-bit)
 Alignments: Space 512K, Generation 512K, Heap 2M
 Heap Min Capacity: 100M
 Heap Initial Capacity: 100M
 Heap Max Capacity: 2G
 Pre-touch: Disabled
 Parallel Workers: 8

Heap:
 PSYoungGen      total 23552K, used 1872K [0x00000000d5580000, 0x00000000d6e80000, 0x0000000100000000)
  eden space 21504K, 0% used [0x00000000d5580000,0x00000000d5580000,0x00000000d6a80000)
  from space 2048K, 91% used [0x00000000d6c80000,0x00000000d6e54010,0x00000000d6e80000)
  to   space 2048K, 0% used [0x00000000d6a80000,0x00000000d6a80000,0x00000000d6c80000)
 ParOldGen       total 68608K, used 62503K [0x0000000080000000, 0x0000000084300000, 0x00000000d5580000)
  object space 68608K, 91% used [0x0000000080000000,0x0000000083d09c88,0x0000000084300000)
 Metaspace       used 56174K, committed 57536K, reserved 1114112K
  class space    used 6049K, committed 6656K, reserved 1048576K

Card table byte_map: [0x000001c072340000,0x000001c072750000] _byte_map_base: 0x000001c071f40000

Marking Bits: (ParMarkBitMap*) 0x00007ffc5a2c2460
 Begin Bits: [0x000001c075e30000, 0x000001c077e30000)
 End Bits:   [0x000001c077e30000, 0x000001c079e30000)

Polling page: 0x000001c070a70000

Metaspace:

Usage:
  Non-class:     48.95 MB used.
      Class:      5.91 MB used.
       Both:     54.86 MB used.

Virtual space:
  Non-class space:       64.00 MB reserved,      49.69 MB ( 78%) committed,  1 nodes.
      Class space:        1.00 GB reserved,       6.50 MB ( <1%) committed,  1 nodes.
             Both:        1.06 GB reserved,      56.19 MB (  5%) committed. 

Chunk freelists:
   Non-Class:  13.50 MB
       Class:  9.52 MB
        Both:  23.02 MB

MaxMetaspaceSize: unlimited
CompressedClassSpaceSize: 1.00 GB
Initial GC threshold: 21.00 MB
Current GC threshold: 58.38 MB
CDS: on
 - commit_granule_bytes: 65536.
 - commit_granule_words: 8192.
 - virtual_space_node_default_size: 8388608.
 - enlarge_chunks_in_place: 1.
 - use_allocation_guard: 0.


Internal statistics:

num_allocs_failed_limit: 6.
num_arena_births: 1078.
num_arena_deaths: 14.
num_vsnodes_births: 2.
num_vsnodes_deaths: 0.
num_space_committed: 899.
num_space_uncommitted: 0.
num_chunks_returned_to_freelist: 20.
num_chunks_taken_from_freelist: 3805.
num_chunk_merges: 12.
num_chunk_splits: 2282.
num_chunks_enlarged: 1140.
num_inconsistent_stats: 0.

CodeHeap 'non-profiled nmethods': size=120000Kb used=4603Kb max_used=4603Kb free=115396Kb
 bounds [0x000001c007ad0000, 0x000001c007f50000, 0x000001c00f000000]
CodeHeap 'profiled nmethods': size=120000Kb used=17794Kb max_used=17794Kb free=102205Kb
 bounds [0x000001c000000000, 0x000001c001170000, 0x000001c007530000]
CodeHeap 'non-nmethods': size=5760Kb used=1400Kb max_used=1488Kb free=4359Kb
 bounds [0x000001c007530000, 0x000001c0077a0000, 0x000001c007ad0000]
CodeCache: size=245760Kb, used=23797Kb, max_used=23885Kb, free=221960Kb
 total_blobs=9260, nmethods=8552, adapters=614, full_count=0
Compilation: enabled, stopped_count=0, restarted_count=0

Compilation events (20 events):
Event: 11.048 Thread 0x000001c07a409bd0 9150       1       org.apache.maven.model.Contributor::setOrganization (6 bytes)
Event: 11.048 Thread 0x000001c07a409bd0 nmethod 9150 0x000001c007f4e510 code [0x000001c007f4e6a0, 0x000001c007f4e780]
Event: 11.049 Thread 0x000001c07a409bd0 9158       1       org.eclipse.aether.util.version.GenericVersionConstraint::getRange (5 bytes)
Event: 11.049 Thread 0x000001c07a409bd0 nmethod 9158 0x000001c007f4e810 code [0x000001c007f4e9a0, 0x000001c007f4ea68]
Event: 11.049 Thread 0x000001c07a409bd0 9159       3       jdk.internal.util.ReferencedKeyMap::intern (18 bytes)
Event: 11.050 Thread 0x000001c07a409bd0 nmethod 9159 0x000001c001157310 code [0x000001c0011575a0, 0x000001c001158200]
Event: 11.050 Thread 0x000001c07a409bd0 9160       3       jdk.internal.util.ReferencedKeySet::intern (9 bytes)
Event: 11.050 Thread 0x000001c07a409bd0 nmethod 9160 0x000001c001158690 code [0x000001c001158860, 0x000001c001158a78]
Event: 11.050 Thread 0x000001c07a409bd0 9161       3       java.lang.invoke.MethodTypeForm::findForm (24 bytes)
Event: 11.051 Thread 0x000001c07a409bd0 nmethod 9161 0x000001c001158b90 code [0x000001c001158d60, 0x000001c001158fa8]
Event: 11.052 Thread 0x000001c07a409bd0 9163       1       org.eclipse.aether.util.version.GenericVersion::toString (5 bytes)
Event: 11.053 Thread 0x000001c07a409bd0 nmethod 9163 0x000001c007f4eb10 code [0x000001c007f4eca0, 0x000001c007f4ed68]
Event: 11.053 Thread 0x000001c07a409bd0 9164       3       org.eclipse.aether.artifact.AbstractArtifact::hash (13 bytes)
Event: 11.054 Thread 0x000001c07a409bd0 nmethod 9164 0x000001c001159090 code [0x000001c001159240, 0x000001c001159460]
Event: 11.054 Thread 0x000001c07a409bd0 9165       3       org.eclipse.aether.artifact.AbstractArtifact::hashCode (83 bytes)
Event: 11.054 Thread 0x000001c07a409bd0 nmethod 9165 0x000001c001159510 code [0x000001c001159740, 0x000001c001159c88]
Event: 11.054 Thread 0x000001c07a409bd0 9167       3       org.eclipse.aether.artifact.AbstractArtifact::equals (139 bytes)
Event: 11.056 Thread 0x000001c07a409bd0 nmethod 9167 0x000001c00115a010 code [0x000001c00115a340, 0x000001c00115b958]
Event: 11.056 Thread 0x000001c07a409bd0 9169       3       org.apache.maven.model.io.xpp3.MavenXpp3Reader::parseDependency (486 bytes)
Event: 11.060 Thread 0x000001c07a409bd0 nmethod 9169 0x000001c00115bf90 code [0x000001c00115c640, 0x000001c00115f6a8]

GC Heap History (20 events):
Event: 4.910 GC heap after
{Heap after GC invocations=26 (full 2):
 PSYoungGen      total 25600K, used 3308K [0x00000000d5580000, 0x00000000d7500000, 0x0000000100000000)
  eden space 22016K, 0% used [0x00000000d5580000,0x00000000d5580000,0x00000000d6b00000)
  from space 3584K, 92% used [0x00000000d7180000,0x00000000d74bb3f8,0x00000000d7500000)
  to   space 4608K, 0% used [0x00000000d6c00000,0x00000000d6c00000,0x00000000d7080000)
 ParOldGen       total 68608K, used 45743K [0x0000000080000000, 0x0000000084300000, 0x00000000d5580000)
  object space 68608K, 66% used [0x0000000080000000,0x0000000082cabd28,0x0000000084300000)
 Metaspace       used 43681K, committed 44928K, reserved 1114112K
  class space    used 4640K, committed 5184K, reserved 1048576K
}
Event: 5.168 GC heap before
{Heap before GC invocations=27 (full 2):
 PSYoungGen      total 25600K, used 25324K [0x00000000d5580000, 0x00000000d7500000, 0x0000000100000000)
  eden space 22016K, 100% used [0x00000000d5580000,0x00000000d6b00000,0x00000000d6b00000)
  from space 3584K, 92% used [0x00000000d7180000,0x00000000d74bb3f8,0x00000000d7500000)
  to   space 4608K, 0% used [0x00000000d6c00000,0x00000000d6c00000,0x00000000d7080000)
 ParOldGen       total 68608K, used 45743K [0x0000000080000000, 0x0000000084300000, 0x00000000d5580000)
  object space 68608K, 66% used [0x0000000080000000,0x0000000082cabd28,0x0000000084300000)
 Metaspace       used 46064K, committed 47360K, reserved 1114112K
  class space    used 4945K, committed 5504K, reserved 1048576K
}
Event: 5.173 GC heap after
{Heap after GC invocations=27 (full 2):
 PSYoungGen      total 23552K, used 1096K [0x00000000d5580000, 0x00000000d7200000, 0x0000000100000000)
  eden space 22016K, 0% used [0x00000000d5580000,0x00000000d5580000,0x00000000d6b00000)
  from space 1536K, 71% used [0x00000000d6c00000,0x00000000d6d12290,0x00000000d6d80000)
  to   space 2560K, 0% used [0x00000000d6f80000,0x00000000d6f80000,0x00000000d7200000)
 ParOldGen       total 68608K, used 48663K [0x0000000080000000, 0x0000000084300000, 0x00000000d5580000)
  object space 68608K, 70% used [0x0000000080000000,0x0000000082f85d80,0x0000000084300000)
 Metaspace       used 46064K, committed 47360K, reserved 1114112K
  class space    used 4945K, committed 5504K, reserved 1048576K
}
Event: 5.545 GC heap before
{Heap before GC invocations=28 (full 2):
 PSYoungGen      total 23552K, used 23112K [0x00000000d5580000, 0x00000000d7200000, 0x0000000100000000)
  eden space 22016K, 100% used [0x00000000d5580000,0x00000000d6b00000,0x00000000d6b00000)
  from space 1536K, 71% used [0x00000000d6c00000,0x00000000d6d12290,0x00000000d6d80000)
  to   space 2560K, 0% used [0x00000000d6f80000,0x00000000d6f80000,0x00000000d7200000)
 ParOldGen       total 68608K, used 48663K [0x0000000080000000, 0x0000000084300000, 0x00000000d5580000)
  object space 68608K, 70% used [0x0000000080000000,0x0000000082f85d80,0x0000000084300000)
 Metaspace       used 47874K, committed 49216K, reserved 1114112K
  class space    used 5208K, committed 5824K, reserved 1048576K
}
Event: 5.547 GC heap after
{Heap after GC invocations=28 (full 2):
 PSYoungGen      total 23040K, used 864K [0x00000000d5580000, 0x00000000d7080000, 0x0000000100000000)
  eden space 22016K, 0% used [0x00000000d5580000,0x00000000d5580000,0x00000000d6b00000)
  from space 1024K, 84% used [0x00000000d6f80000,0x00000000d7058000,0x00000000d7080000)
  to   space 1536K, 0% used [0x00000000d6d80000,0x00000000d6d80000,0x00000000d6f00000)
 ParOldGen       total 68608K, used 49540K [0x0000000080000000, 0x0000000084300000, 0x00000000d5580000)
  object space 68608K, 72% used [0x0000000080000000,0x00000000830612e8,0x0000000084300000)
 Metaspace       used 47874K, committed 49216K, reserved 1114112K
  class space    used 5208K, committed 5824K, reserved 1048576K
}
Event: 5.906 GC heap before
{Heap before GC invocations=29 (full 2):
 PSYoungGen      total 23040K, used 22880K [0x00000000d5580000, 0x00000000d7080000, 0x0000000100000000)
  eden space 22016K, 100% used [0x00000000d5580000,0x00000000d6b00000,0x00000000d6b00000)
  from space 1024K, 84% used [0x00000000d6f80000,0x00000000d7058000,0x00000000d7080000)
  to   space 1536K, 0% used [0x00000000d6d80000,0x00000000d6d80000,0x00000000d6f00000)
 ParOldGen       total 68608K, used 49540K [0x0000000080000000, 0x0000000084300000, 0x00000000d5580000)
  object space 68608K, 72% used [0x0000000080000000,0x00000000830612e8,0x0000000084300000)
 Metaspace       used 49624K, committed 51008K, reserved 1114112K
  class space    used 5442K, committed 6080K, reserved 1048576K
}
Event: 5.908 GC heap after
{Heap after GC invocations=29 (full 2):
 PSYoungGen      total 23040K, used 1024K [0x00000000d5580000, 0x00000000d7000000, 0x0000000100000000)
  eden space 22016K, 0% used [0x00000000d5580000,0x00000000d5580000,0x00000000d6b00000)
  from space 1024K, 100% used [0x00000000d6d80000,0x00000000d6e80000,0x00000000d6e80000)
  to   space 1536K, 0% used [0x00000000d6e80000,0x00000000d6e80000,0x00000000d7000000)
 ParOldGen       total 68608K, used 50219K [0x0000000080000000, 0x0000000084300000, 0x00000000d5580000)
  object space 68608K, 73% used [0x0000000080000000,0x000000008310afe8,0x0000000084300000)
 Metaspace       used 49624K, committed 51008K, reserved 1114112K
  class space    used 5442K, committed 6080K, reserved 1048576K
}
Event: 6.147 GC heap before
{Heap before GC invocations=30 (full 2):
 PSYoungGen      total 23040K, used 23040K [0x00000000d5580000, 0x00000000d7000000, 0x0000000100000000)
  eden space 22016K, 100% used [0x00000000d5580000,0x00000000d6b00000,0x00000000d6b00000)
  from space 1024K, 100% used [0x00000000d6d80000,0x00000000d6e80000,0x00000000d6e80000)
  to   space 1536K, 0% used [0x00000000d6e80000,0x00000000d6e80000,0x00000000d7000000)
 ParOldGen       total 68608K, used 50219K [0x0000000080000000, 0x0000000084300000, 0x00000000d5580000)
  object space 68608K, 73% used [0x0000000080000000,0x000000008310afe8,0x0000000084300000)
 Metaspace       used 51565K, committed 52928K, reserved 1114112K
  class space    used 5640K, committed 6272K, reserved 1048576K
}
Event: 6.150 GC heap after
{Heap after GC invocations=30 (full 2):
 PSYoungGen      total 23040K, used 960K [0x00000000d5580000, 0x00000000d6f80000, 0x0000000100000000)
  eden space 22016K, 0% used [0x00000000d5580000,0x00000000d5580000,0x00000000d6b00000)
  from space 1024K, 93% used [0x00000000d6e80000,0x00000000d6f70010,0x00000000d6f80000)
  to   space 1024K, 0% used [0x00000000d6d80000,0x00000000d6d80000,0x00000000d6e80000)
 ParOldGen       total 68608K, used 51167K [0x0000000080000000, 0x0000000084300000, 0x00000000d5580000)
  object space 68608K, 74% used [0x0000000080000000,0x00000000831f7ff8,0x0000000084300000)
 Metaspace       used 51565K, committed 52928K, reserved 1114112K
  class space    used 5640K, committed 6272K, reserved 1048576K
}
Event: 6.610 GC heap before
{Heap before GC invocations=31 (full 2):
 PSYoungGen      total 23040K, used 22976K [0x00000000d5580000, 0x00000000d6f80000, 0x0000000100000000)
  eden space 22016K, 100% used [0x00000000d5580000,0x00000000d6b00000,0x00000000d6b00000)
  from space 1024K, 93% used [0x00000000d6e80000,0x00000000d6f70010,0x00000000d6f80000)
  to   space 1024K, 0% used [0x00000000d6d80000,0x00000000d6d80000,0x00000000d6e80000)
 ParOldGen       total 68608K, used 51167K [0x0000000080000000, 0x0000000084300000, 0x00000000d5580000)
  object space 68608K, 74% used [0x0000000080000000,0x00000000831f7ff8,0x0000000084300000)
 Metaspace       used 53014K, committed 54400K, reserved 1114112K
  class space    used 5771K, committed 6400K, reserved 1048576K
}
Event: 8.630 GC heap after
{Heap after GC invocations=31 (full 2):
 PSYoungGen      total 23040K, used 1015K [0x00000000d5580000, 0x00000000d6f80000, 0x0000000100000000)
  eden space 22016K, 0% used [0x00000000d5580000,0x00000000d5580000,0x00000000d6b00000)
  from space 1024K, 99% used [0x00000000d6d80000,0x00000000d6e7dd20,0x00000000d6e80000)
  to   space 1024K, 0% used [0x00000000d6e80000,0x00000000d6e80000,0x00000000d6f80000)
 ParOldGen       total 68608K, used 55303K [0x0000000080000000, 0x0000000084300000, 0x00000000d5580000)
  object space 68608K, 80% used [0x0000000080000000,0x0000000083601d70,0x0000000084300000)
 Metaspace       used 53014K, committed 54400K, reserved 1114112K
  class space    used 5771K, committed 6400K, reserved 1048576K
}
Event: 9.040 GC heap before
{Heap before GC invocations=32 (full 2):
 PSYoungGen      total 23040K, used 23031K [0x00000000d5580000, 0x00000000d6f80000, 0x0000000100000000)
  eden space 22016K, 100% used [0x00000000d5580000,0x00000000d6b00000,0x00000000d6b00000)
  from space 1024K, 99% used [0x00000000d6d80000,0x00000000d6e7dd20,0x00000000d6e80000)
  to   space 1024K, 0% used [0x00000000d6e80000,0x00000000d6e80000,0x00000000d6f80000)
 ParOldGen       total 68608K, used 55303K [0x0000000080000000, 0x0000000084300000, 0x00000000d5580000)
  object space 68608K, 80% used [0x0000000080000000,0x0000000083601d70,0x0000000084300000)
 Metaspace       used 54226K, committed 55552K, reserved 1114112K
  class space    used 5891K, committed 6528K, reserved 1048576K
}
Event: 9.042 GC heap after
{Heap after GC invocations=32 (full 2):
 PSYoungGen      total 23040K, used 1008K [0x00000000d5580000, 0x00000000d7100000, 0x0000000100000000)
  eden space 22016K, 0% used [0x00000000d5580000,0x00000000d5580000,0x00000000d6b00000)
  from space 1024K, 98% used [0x00000000d6e80000,0x00000000d6f7c020,0x00000000d6f80000)
  to   space 3072K, 0% used [0x00000000d6b00000,0x00000000d6b00000,0x00000000d6e00000)
 ParOldGen       total 68608K, used 56044K [0x0000000080000000, 0x0000000084300000, 0x00000000d5580000)
  object space 68608K, 81% used [0x0000000080000000,0x00000000836bb0a8,0x0000000084300000)
 Metaspace       used 54226K, committed 55552K, reserved 1114112K
  class space    used 5891K, committed 6528K, reserved 1048576K
}
Event: 10.367 GC heap before
{Heap before GC invocations=33 (full 2):
 PSYoungGen      total 23040K, used 23024K [0x00000000d5580000, 0x00000000d7100000, 0x0000000100000000)
  eden space 22016K, 100% used [0x00000000d5580000,0x00000000d6b00000,0x00000000d6b00000)
  from space 1024K, 98% used [0x00000000d6e80000,0x00000000d6f7c020,0x00000000d6f80000)
  to   space 3072K, 0% used [0x00000000d6b00000,0x00000000d6b00000,0x00000000d6e00000)
 ParOldGen       total 68608K, used 56044K [0x0000000080000000, 0x0000000084300000, 0x00000000d5580000)
  object space 68608K, 81% used [0x0000000080000000,0x00000000836bb0a8,0x0000000084300000)
 Metaspace       used 55244K, committed 56640K, reserved 1114112K
  class space    used 5998K, committed 6592K, reserved 1048576K
}
Event: 10.370 GC heap after
{Heap after GC invocations=33 (full 2):
 PSYoungGen      total 24064K, used 1952K [0x00000000d5580000, 0x00000000d7000000, 0x0000000100000000)
  eden space 22016K, 0% used [0x00000000d5580000,0x00000000d5580000,0x00000000d6b00000)
  from space 2048K, 95% used [0x00000000d6b00000,0x00000000d6ce8000,0x00000000d6d00000)
  to   space 2560K, 0% used [0x00000000d6d80000,0x00000000d6d80000,0x00000000d7000000)
 ParOldGen       total 68608K, used 57084K [0x0000000080000000, 0x0000000084300000, 0x00000000d5580000)
  object space 68608K, 83% used [0x0000000080000000,0x00000000837bf0c8,0x0000000084300000)
 Metaspace       used 55244K, committed 56640K, reserved 1114112K
  class space    used 5998K, committed 6592K, reserved 1048576K
}
Event: 10.666 GC heap before
{Heap before GC invocations=34 (full 2):
 PSYoungGen      total 24064K, used 23968K [0x00000000d5580000, 0x00000000d7000000, 0x0000000100000000)
  eden space 22016K, 100% used [0x00000000d5580000,0x00000000d6b00000,0x00000000d6b00000)
  from space 2048K, 95% used [0x00000000d6b00000,0x00000000d6ce8000,0x00000000d6d00000)
  to   space 2560K, 0% used [0x00000000d6d80000,0x00000000d6d80000,0x00000000d7000000)
 ParOldGen       total 68608K, used 57084K [0x0000000080000000, 0x0000000084300000, 0x00000000d5580000)
  object space 68608K, 83% used [0x0000000080000000,0x00000000837bf0c8,0x0000000084300000)
 Metaspace       used 55528K, committed 56832K, reserved 1114112K
  class space    used 6000K, committed 6592K, reserved 1048576K
}
Event: 10.670 GC heap after
{Heap after GC invocations=34 (full 2):
 PSYoungGen      total 24064K, used 2464K [0x00000000d5580000, 0x00000000d7100000, 0x0000000100000000)
  eden space 21504K, 0% used [0x00000000d5580000,0x00000000d5580000,0x00000000d6a80000)
  from space 2560K, 96% used [0x00000000d6d80000,0x00000000d6fe8000,0x00000000d7000000)
  to   space 3072K, 0% used [0x00000000d6a80000,0x00000000d6a80000,0x00000000d6d80000)
 ParOldGen       total 68608K, used 58831K [0x0000000080000000, 0x0000000084300000, 0x00000000d5580000)
  object space 68608K, 85% used [0x0000000080000000,0x0000000083973c78,0x0000000084300000)
 Metaspace       used 55528K, committed 56832K, reserved 1114112K
  class space    used 6000K, committed 6592K, reserved 1048576K
}
Event: 10.911 GC heap before
{Heap before GC invocations=35 (full 2):
 PSYoungGen      total 24064K, used 23968K [0x00000000d5580000, 0x00000000d7100000, 0x0000000100000000)
  eden space 21504K, 100% used [0x00000000d5580000,0x00000000d6a80000,0x00000000d6a80000)
  from space 2560K, 96% used [0x00000000d6d80000,0x00000000d6fe8000,0x00000000d7000000)
  to   space 3072K, 0% used [0x00000000d6a80000,0x00000000d6a80000,0x00000000d6d80000)
 ParOldGen       total 68608K, used 58831K [0x0000000080000000, 0x0000000084300000, 0x00000000d5580000)
  object space 68608K, 85% used [0x0000000080000000,0x0000000083973c78,0x0000000084300000)
 Metaspace       used 55771K, committed 57152K, reserved 1114112K
  class space    used 6002K, committed 6592K, reserved 1048576K
}
Event: 10.913 GC heap after
{Heap after GC invocations=35 (full 2):
 PSYoungGen      total 23552K, used 1568K [0x00000000d5580000, 0x00000000d6e80000, 0x0000000100000000)
  eden space 21504K, 0% used [0x00000000d5580000,0x00000000d5580000,0x00000000d6a80000)
  from space 2048K, 76% used [0x00000000d6a80000,0x00000000d6c08000,0x00000000d6c80000)
  to   space 2048K, 0% used [0x00000000d6c80000,0x00000000d6c80000,0x00000000d6e80000)
 ParOldGen       total 68608K, used 61119K [0x0000000080000000, 0x0000000084300000, 0x00000000d5580000)
  object space 68608K, 89% used [0x0000000080000000,0x0000000083bafc88,0x0000000084300000)
 Metaspace       used 55771K, committed 57152K, reserved 1114112K
  class space    used 6002K, committed 6592K, reserved 1048576K
}
Event: 11.060 GC heap before
{Heap before GC invocations=36 (full 2):
 PSYoungGen      total 23552K, used 23069K [0x00000000d5580000, 0x00000000d6e80000, 0x0000000100000000)
  eden space 21504K, 99% used [0x00000000d5580000,0x00000000d6a7f520,0x00000000d6a80000)
  from space 2048K, 76% used [0x00000000d6a80000,0x00000000d6c08000,0x00000000d6c80000)
  to   space 2048K, 0% used [0x00000000d6c80000,0x00000000d6c80000,0x00000000d6e80000)
 ParOldGen       total 68608K, used 61119K [0x0000000080000000, 0x0000000084300000, 0x00000000d5580000)
  object space 68608K, 89% used [0x0000000080000000,0x0000000083bafc88,0x0000000084300000)
 Metaspace       used 56174K, committed 57536K, reserved 1114112K
  class space    used 6049K, committed 6656K, reserved 1048576K
}

Dll operation events (10 events):
Event: 0.014 Loaded shared library c:\Users\Maghraby Store\.vscode\extensions\redhat.java-1.50.0-win32-x64\jre\21.0.9-win32-x86_64\bin\java.dll
Event: 0.094 Loaded shared library c:\Users\Maghraby Store\.vscode\extensions\redhat.java-1.50.0-win32-x64\jre\21.0.9-win32-x86_64\bin\zip.dll
Event: 0.109 Loaded shared library C:\Users\Maghraby Store\.vscode\extensions\redhat.java-1.50.0-win32-x64\jre\21.0.9-win32-x86_64\bin\instrument.dll
Event: 0.112 Loaded shared library C:\Users\Maghraby Store\.vscode\extensions\redhat.java-1.50.0-win32-x64\jre\21.0.9-win32-x86_64\bin\net.dll
Event: 0.114 Loaded shared library C:\Users\Maghraby Store\.vscode\extensions\redhat.java-1.50.0-win32-x64\jre\21.0.9-win32-x86_64\bin\nio.dll
Event: 0.116 Loaded shared library C:\Users\Maghraby Store\.vscode\extensions\redhat.java-1.50.0-win32-x64\jre\21.0.9-win32-x86_64\bin\zip.dll
Event: 0.128 Loaded shared library C:\Users\Maghraby Store\.vscode\extensions\redhat.java-1.50.0-win32-x64\jre\21.0.9-win32-x86_64\bin\jimage.dll
Event: 0.180 Loaded shared library c:\Users\Maghraby Store\.vscode\extensions\redhat.java-1.50.0-win32-x64\jre\21.0.9-win32-x86_64\bin\verify.dll
Event: 0.993 Loaded shared library C:\Users\Maghraby Store\AppData\Roaming\Code\User\globalStorage\redhat.java\1.50.0\config_win\org.eclipse.equinox.launcher\org.eclipse.equinox.launcher.win32.win32.x86_64_1.2.1400.v20250801-0854\eclipse_11916.dll
Event: 2.218 Loaded shared library C:\Users\Maghraby Store\AppData\Local\Temp\jna--607650244\jna2723602384380366111.dll

Deoptimization events (20 events):
Event: 11.008 Thread 0x000001c05567d9b0 Uncommon trap: trap_request=0xffffffde fr.pc=0x000001c007e25f70 relative=0x00000000000008b0
Event: 11.008 Thread 0x000001c05567d9b0 Uncommon trap: reason=class_check action=maybe_recompile pc=0x000001c007e25f70 method=java.util.WeakHashMap.matchesKey(Ljava/util/WeakHashMap$Entry;Ljava/lang/Object;)Z @ 21 c2
Event: 11.008 Thread 0x000001c05567d9b0 DEOPT PACKING pc=0x000001c007e25f70 sp=0x0000000fe5efd280
Event: 11.008 Thread 0x000001c05567d9b0 DEOPT UNPACKING pc=0x000001c007583aa2 sp=0x0000000fe5efd1c8 mode 2
Event: 11.010 Thread 0x000001c0540aab80 Uncommon trap: trap_request=0xffffff45 fr.pc=0x000001c007f36ab0 relative=0x0000000000000510
Event: 11.010 Thread 0x000001c0540aab80 Uncommon trap: reason=unstable_if action=reinterpret pc=0x000001c007f36ab0 method=org.apache.maven.model.ConfigurationContainer.getOtherLocation(Ljava/lang/Object;)Lorg/apache/maven/model/InputLocation; @ 4 c2
Event: 11.010 Thread 0x000001c0540aab80 DEOPT PACKING pc=0x000001c007f36ab0 sp=0x0000000fe8efe8e0
Event: 11.010 Thread 0x000001c0540aab80 DEOPT UNPACKING pc=0x000001c007583aa2 sp=0x0000000fe8efe818 mode 2
Event: 11.043 Thread 0x000001c0540aa4f0 Uncommon trap: trap_request=0xffffff45 fr.pc=0x000001c007efd3b0 relative=0x0000000000000690
Event: 11.043 Thread 0x000001c0540aa4f0 Uncommon trap: reason=unstable_if action=reinterpret pc=0x000001c007efd3b0 method=org.codehaus.plexus.util.xml.pull.MXParser.isValidCodePoint(I)Z @ 15 c2
Event: 11.044 Thread 0x000001c0540aa4f0 DEOPT PACKING pc=0x000001c007efd3b0 sp=0x0000000fe91fe7a0
Event: 11.044 Thread 0x000001c0540aa4f0 DEOPT UNPACKING pc=0x000001c007583aa2 sp=0x0000000fe91fe6b8 mode 2
Event: 11.044 Thread 0x000001c0540aa4f0 Uncommon trap: trap_request=0xffffff45 fr.pc=0x000001c007ec757c relative=0x000000000000005c
Event: 11.044 Thread 0x000001c0540aa4f0 Uncommon trap: reason=unstable_if action=reinterpret pc=0x000001c007ec757c method=org.codehaus.plexus.util.xml.pull.MXParser.isValidCodePoint(I)Z @ 15 c2
Event: 11.044 Thread 0x000001c0540aa4f0 DEOPT PACKING pc=0x000001c007ec757c sp=0x0000000fe91fe720
Event: 11.044 Thread 0x000001c0540aa4f0 DEOPT UNPACKING pc=0x000001c007583aa2 sp=0x0000000fe91fe6b8 mode 2
Event: 11.044 Thread 0x000001c0540aa4f0 Uncommon trap: trap_request=0xffffff45 fr.pc=0x000001c007ef1a74 relative=0x00000000000004b4
Event: 11.044 Thread 0x000001c0540aa4f0 Uncommon trap: reason=unstable_if action=reinterpret pc=0x000001c007ef1a74 method=org.codehaus.plexus.util.xml.pull.MXParser.isValidCodePoint(I)Z @ 15 c2
Event: 11.044 Thread 0x000001c0540aa4f0 DEOPT PACKING pc=0x000001c007ef1a74 sp=0x0000000fe91fe770
Event: 11.044 Thread 0x000001c0540aa4f0 DEOPT UNPACKING pc=0x000001c007583aa2 sp=0x0000000fe91fe6b8 mode 2

Classes loaded (20 events):
Event: 6.234 Loading class sun/security/provider/MD5
Event: 6.235 Loading class sun/security/provider/MD5 done
Event: 6.235 Loading class sun/security/provider/ByteArrayAccess$LE
Event: 6.235 Loading class sun/security/provider/ByteArrayAccess$LE done
Event: 6.295 Loading class java/nio/file/FileTreeIterator
Event: 6.295 Loading class java/nio/file/FileTreeIterator done
Event: 6.549 Loading class java/util/stream/ReduceOps$4
Event: 6.549 Loading class java/util/stream/ReduceOps$4 done
Event: 6.549 Loading class java/util/stream/ReduceOps$4ReducingSink
Event: 6.549 Loading class java/util/stream/ReduceOps$4ReducingSink done
Event: 6.552 Loading class java/nio/file/Files$2
Event: 6.553 Loading class java/nio/file/Files$2 done
Event: 8.725 Loading class java/util/concurrent/ArrayBlockingQueue
Event: 8.725 Loading class java/util/concurrent/ArrayBlockingQueue done
Event: 8.847 Loading class java/util/Hashtable$ValueCollection
Event: 8.847 Loading class java/util/Hashtable$ValueCollection done
Event: 8.851 Loading class java/util/concurrent/ConcurrentHashMap$KeySpliterator
Event: 8.851 Loading class java/util/concurrent/ConcurrentHashMap$KeySpliterator done
Event: 8.857 Loading class sun/nio/ch/ChannelOutputStream
Event: 8.857 Loading class sun/nio/ch/ChannelOutputStream done

Classes unloaded (7 events):
Event: 2.651 Thread 0x000001c072a228e0 Unloading class 0x000001c0101a5400 'java/lang/invoke/LambdaForm$MH+0x000001c0101a5400'
Event: 2.651 Thread 0x000001c072a228e0 Unloading class 0x000001c0101a5000 'java/lang/invoke/LambdaForm$MH+0x000001c0101a5000'
Event: 2.651 Thread 0x000001c072a228e0 Unloading class 0x000001c0101a4c00 'java/lang/invoke/LambdaForm$MH+0x000001c0101a4c00'
Event: 2.651 Thread 0x000001c072a228e0 Unloading class 0x000001c0101a4800 'java/lang/invoke/LambdaForm$MH+0x000001c0101a4800'
Event: 2.651 Thread 0x000001c072a228e0 Unloading class 0x000001c0101a4400 'java/lang/invoke/LambdaForm$BMH+0x000001c0101a4400'
Event: 2.651 Thread 0x000001c072a228e0 Unloading class 0x000001c0101a4000 'java/lang/invoke/LambdaForm$DMH+0x000001c0101a4000'
Event: 2.651 Thread 0x000001c072a228e0 Unloading class 0x000001c0101a2c00 'java/lang/invoke/LambdaForm$DMH+0x000001c0101a2c00'

Classes redefined (0 events):
No events

Internal exceptions (20 events):
Event: 6.590 Thread 0x000001c05567d9b0 Implicit null exception at 0x000001c007e02a4b to 0x000001c007e02bd0
Event: 8.646 Thread 0x000001c05567d9b0 Exception <a 'java/lang/NoClassDefFoundError'{0x00000000d564e000}: org/eclipse/jdt/internal/core/CompilationUnit> (0x00000000d564e000) 
thrown [s\src\hotspot\share\classfile\systemDictionary.cpp, line 301]
Event: 8.823 Thread 0x000001c05bd72ab0 Exception <a 'java/lang/NoSuchMethodError'{0x00000000d5cc7f50}: 'void java.lang.invoke.DirectMethodHandle$Holder.invokeStatic(java.lang.Object, int, java.lang.Object)'> (0x00000000d5cc7f50) 
thrown [s\src\hotspot\share\interpreter\linkResolver.cpp, line 773]
Event: 8.853 Thread 0x000001c05567d9b0 Exception <a 'java/lang/NoSuchMethodError'{0x00000000d588c058}: 'java.lang.Object java.lang.invoke.DirectMethodHandle$Holder.newInvokeSpecial(java.lang.Object, java.lang.Object, int, int, java.lang.Object)'> (0x00000000d588c058) 
thrown [s\src\hotspot\share\interpreter\linkResolver.cpp, line 773]
Event: 8.894 Thread 0x000001c05567d9b0 Exception <a 'sun/nio/fs/WindowsException'{0x00000000d5f5e420}> (0x00000000d5f5e420) 
thrown [s\src\hotspot\share\prims\jni.cpp, line 520]
Event: 8.894 Thread 0x000001c05746d130 Exception <a 'sun/nio/fs/WindowsException'{0x00000000d5fc8960}> (0x00000000d5fc8960) 
thrown [s\src\hotspot\share\prims\jni.cpp, line 520]
Event: 8.894 Thread 0x000001c05746caa0 Exception <a 'sun/nio/fs/WindowsException'{0x00000000d5fdaf28}> (0x00000000d5fdaf28) 
thrown [s\src\hotspot\share\prims\jni.cpp, line 520]
Event: 8.895 Thread 0x000001c05746de50 Exception <a 'sun/nio/fs/WindowsException'{0x00000000d5fed528}> (0x00000000d5fed528) 
thrown [s\src\hotspot\share\prims\jni.cpp, line 520]
Event: 9.015 Thread 0x000001c05567d9b0 Exception <a 'sun/nio/fs/WindowsException'{0x00000000d6785550}> (0x00000000d6785550) 
thrown [s\src\hotspot\share\prims\jni.cpp, line 520]
Event: 9.015 Thread 0x000001c05567d9b0 Exception <a 'sun/nio/fs/WindowsException'{0x00000000d6785df8}> (0x00000000d6785df8) 
thrown [s\src\hotspot\share\prims\jni.cpp, line 520]
Event: 9.015 Thread 0x000001c05567d9b0 Exception <a 'sun/nio/fs/WindowsException'{0x00000000d6786e80}> (0x00000000d6786e80) 
thrown [s\src\hotspot\share\prims\jni.cpp, line 520]
Event: 9.016 Thread 0x000001c05567d9b0 Exception <a 'sun/nio/fs/WindowsException'{0x00000000d67873b8}> (0x00000000d67873b8) 
thrown [s\src\hotspot\share\prims\jni.cpp, line 520]
Event: 9.016 Thread 0x000001c05567d9b0 Exception <a 'sun/nio/fs/WindowsException'{0x00000000d67884c8}> (0x00000000d67884c8) 
thrown [s\src\hotspot\share\prims\jni.cpp, line 520]
Event: 9.016 Thread 0x000001c05567d9b0 Exception <a 'sun/nio/fs/WindowsException'{0x00000000d67ac878}> (0x00000000d67ac878) 
thrown [s\src\hotspot\share\prims\jni.cpp, line 520]
Event: 9.016 Thread 0x000001c05567d9b0 Exception <a 'sun/nio/fs/WindowsException'{0x00000000d67ad7e8}> (0x00000000d67ad7e8) 
thrown [s\src\hotspot\share\prims\jni.cpp, line 520]
Event: 9.016 Thread 0x000001c05567d9b0 Exception <a 'sun/nio/fs/WindowsException'{0x00000000d67ae090}> (0x00000000d67ae090) 
thrown [s\src\hotspot\share\prims\jni.cpp, line 520]
Event: 10.336 Thread 0x000001c05567d9b0 Exception <a 'java/lang/NoSuchMethodError'{0x00000000d69f3b98}: 'void java.lang.invoke.DirectMethodHandle$Holder.invokeStatic(java.lang.Object, java.lang.Object, java.lang.Object, int)'> (0x00000000d69f3b98) 
thrown [s\src\hotspot\share\interpreter\linkResolver.cpp, line 773]
Event: 10.344 Thread 0x000001c05567d9b0 Exception <a 'java/lang/NoSuchMethodError'{0x00000000d6a43580}: 'void java.lang.invoke.DirectMethodHandle$Holder.invokeVirtual(java.lang.Object, java.lang.Object, int)'> (0x00000000d6a43580) 
thrown [s\src\hotspot\share\interpreter\linkResolver.cpp, line 773]
Event: 10.951 Thread 0x000001c05567d9b0 Exception <a 'java/lang/NoSuchMethodError'{0x00000000d5b04b90}: 'void java.lang.invoke.DirectMethodHandle$Holder.invokeInterface(java.lang.Object, java.lang.Object)'> (0x00000000d5b04b90) 
thrown [s\src\hotspot\share\interpreter\linkResolver.cpp, line 773]
Event: 11.010 Thread 0x000001c0540aab80 Implicit null exception at 0x000001c007f36680 to 0x000001c007f36aa0

ZGC Phase Switch (0 events):
No events

VM Operations (20 events):
Event: 8.709 Executing VM operation: HandshakeAllThreads (Deoptimize) done
Event: 8.897 Executing VM operation: ICBufferFull
Event: 8.897 Executing VM operation: ICBufferFull done
Event: 9.040 Executing VM operation: ParallelGCFailedAllocation (Allocation Failure)
Event: 9.042 Executing VM operation: ParallelGCFailedAllocation (Allocation Failure) done
Event: 9.187 Executing VM operation: HandshakeAllThreads (Deoptimize)
Event: 9.187 Executing VM operation: HandshakeAllThreads (Deoptimize) done
Event: 9.193 Executing VM operation: ICBufferFull
Event: 9.193 Executing VM operation: ICBufferFull done
Event: 10.197 Executing VM operation: Cleanup
Event: 10.263 Executing VM operation: Cleanup done
Event: 10.367 Executing VM operation: ParallelGCFailedAllocation (Allocation Failure)
Event: 10.370 Executing VM operation: ParallelGCFailedAllocation (Allocation Failure) done
Event: 10.666 Executing VM operation: ParallelGCFailedAllocation (Allocation Failure)
Event: 10.670 Executing VM operation: ParallelGCFailedAllocation (Allocation Failure) done
Event: 10.911 Executing VM operation: ParallelGCFailedAllocation (Allocation Failure)
Event: 10.913 Executing VM operation: ParallelGCFailedAllocation (Allocation Failure) done
Event: 10.974 Executing VM operation: HandshakeAllThreads (Deoptimize)
Event: 10.975 Executing VM operation: HandshakeAllThreads (Deoptimize) done
Event: 11.060 Executing VM operation: ParallelGCFailedAllocation (Allocation Failure)

Memory protections (0 events):
No events

Nmethod flushes (20 events):
Event: 3.748 Thread 0x000001c072a228e0 flushing  nmethod 0x000001c00063e110
Event: 3.748 Thread 0x000001c072a228e0 flushing  nmethod 0x000001c00063f310
Event: 3.748 Thread 0x000001c072a228e0 flushing  nmethod 0x000001c00063fb10
Event: 3.748 Thread 0x000001c072a228e0 flushing  nmethod 0x000001c000640290
Event: 3.748 Thread 0x000001c072a228e0 flushing  nmethod 0x000001c000640c10
Event: 3.748 Thread 0x000001c072a228e0 flushing  nmethod 0x000001c000641c90
Event: 3.748 Thread 0x000001c072a228e0 flushing  nmethod 0x000001c000642490
Event: 3.748 Thread 0x000001c072a228e0 flushing  nmethod 0x000001c000643690
Event: 3.748 Thread 0x000001c072a228e0 flushing  nmethod 0x000001c000644310
Event: 3.748 Thread 0x000001c072a228e0 flushing  nmethod 0x000001c000645490
Event: 3.748 Thread 0x000001c072a228e0 flushing  nmethod 0x000001c000648010
Event: 3.748 Thread 0x000001c072a228e0 flushing  nmethod 0x000001c000666690
Event: 3.748 Thread 0x000001c072a228e0 flushing  nmethod 0x000001c00066f210
Event: 3.748 Thread 0x000001c072a228e0 flushing  nmethod 0x000001c00067c890
Event: 3.748 Thread 0x000001c072a228e0 flushing  nmethod 0x000001c000681610
Event: 3.748 Thread 0x000001c072a228e0 flushing  nmethod 0x000001c000683890
Event: 3.748 Thread 0x000001c072a228e0 flushing  nmethod 0x000001c00068a190
Event: 3.748 Thread 0x000001c072a228e0 flushing  nmethod 0x000001c00070a010
Event: 3.748 Thread 0x000001c072a228e0 flushing  nmethod 0x000001c000712e10
Event: 3.748 Thread 0x000001c072a228e0 flushing  nmethod 0x000001c00072bc10

Events (20 events):
Event: 5.177 Thread 0x000001c05567d9b0 Thread added: 0x000001c05bd6efa0
Event: 5.177 Thread 0x000001c05567d9b0 Thread added: 0x000001c05bd744f0
Event: 5.177 Thread 0x000001c05567d9b0 Thread added: 0x000001c05bd75f30
Event: 5.177 Thread 0x000001c05567d9b0 Thread added: 0x000001c05bd737d0
Event: 8.726 Thread 0x000001c05567d9b0 Thread added: 0x000001c05bd72ab0
Event: 8.854 Thread 0x000001c05567d9b0 Thread added: 0x000001c05bd765c0
Event: 8.861 Thread 0x000001c05567d9b0 Thread added: 0x000001c05bd73140
Event: 8.861 Thread 0x000001c05567d9b0 Thread added: 0x000001c05bd73e60
Event: 8.861 Thread 0x000001c05567d9b0 Thread added: 0x000001c05bd74b80
Event: 8.861 Thread 0x000001c05567d9b0 Thread added: 0x000001c05bd75210
Event: 8.861 Thread 0x000001c05567d9b0 Thread added: 0x000001c05bd758a0
Event: 9.463 Thread 0x000001c054417a00 Thread exited: 0x000001c054417a00
Event: 9.947 Thread 0x000001c0542527a0 Thread exited: 0x000001c0542527a0
Event: 10.306 Thread 0x000001c07a409bd0 Thread added: 0x000001c054417a00
Event: 10.315 Thread 0x000001c07a409bd0 Thread added: 0x000001c0579df8c0
Event: 10.963 Thread 0x000001c05567d9b0 Thread added: 0x000001c0540aab80
Event: 10.963 Thread 0x000001c05567d9b0 Thread added: 0x000001c0540abf30
Event: 10.963 Thread 0x000001c05567d9b0 Thread added: 0x000001c0540ad2e0
Event: 10.989 Thread 0x000001c05567d9b0 Thread added: 0x000001c0540aa4f0
Event: 10.990 Thread 0x000001c05567d9b0 Thread added: 0x000001c0540ad970


Dynamic libraries:
0x00007ff71dfb0000 - 0x00007ff71dfbe000 	c:\Users\Maghraby Store\.vscode\extensions\redhat.java-1.50.0-win32-x64\jre\21.0.9-win32-x86_64\bin\java.exe
0x00007ffcc4580000 - 0x00007ffcc47e7000 	C:\WINDOWS\SYSTEM32\ntdll.dll
0x00007ffcc25c0000 - 0x00007ffcc2689000 	C:\WINDOWS\System32\KERNEL32.DLL
0x00007ffcc16d0000 - 0x00007ffcc1abf000 	C:\WINDOWS\System32\KERNELBASE.dll
0x00007ffcc1ff0000 - 0x00007ffcc213b000 	C:\WINDOWS\System32\ucrtbase.dll
0x00007ffcb12b0000 - 0x00007ffcb12c8000 	c:\Users\Maghraby Store\.vscode\extensions\redhat.java-1.50.0-win32-x64\jre\21.0.9-win32-x86_64\bin\jli.dll
0x00007ffca3720000 - 0x00007ffca373e000 	c:\Users\Maghraby Store\.vscode\extensions\redhat.java-1.50.0-win32-x64\jre\21.0.9-win32-x86_64\bin\VCRUNTIME140.dll
0x00007ffcc37a0000 - 0x00007ffcc3965000 	C:\WINDOWS\System32\USER32.dll
0x00007ffca8720000 - 0x00007ffca89b3000 	C:\WINDOWS\WinSxS\amd64_microsoft.windows.common-controls_6595b64144ccf1df_6.0.26100.7309_none_3e05feeae336a044\COMCTL32.dll
0x00007ffcc1e50000 - 0x00007ffcc1e77000 	C:\WINDOWS\System32\win32u.dll
0x00007ffcc23f0000 - 0x00007ffcc2499000 	C:\WINDOWS\System32\msvcrt.dll
0x00007ffcc40d0000 - 0x00007ffcc40fb000 	C:\WINDOWS\System32\GDI32.dll
0x00007ffcc2140000 - 0x00007ffcc226c000 	C:\WINDOWS\System32\gdi32full.dll
0x00007ffcc2270000 - 0x00007ffcc2313000 	C:\WINDOWS\System32\msvcp_win.dll
0x00007ffcc3e20000 - 0x00007ffcc3e51000 	C:\WINDOWS\System32\IMM32.DLL
0x00007ffcb0d50000 - 0x00007ffcb0d5c000 	c:\Users\Maghraby Store\.vscode\extensions\redhat.java-1.50.0-win32-x64\jre\21.0.9-win32-x86_64\bin\vcruntime140_1.dll
0x00007ffc965d0000 - 0x00007ffc9665d000 	c:\Users\Maghraby Store\.vscode\extensions\redhat.java-1.50.0-win32-x64\jre\21.0.9-win32-x86_64\bin\msvcp140.dll
0x00007ffc59600000 - 0x00007ffc5a3a0000 	c:\Users\Maghraby Store\.vscode\extensions\redhat.java-1.50.0-win32-x64\jre\21.0.9-win32-x86_64\bin\server\jvm.dll
0x00007ffcc3600000 - 0x00007ffcc36b4000 	C:\WINDOWS\System32\ADVAPI32.dll
0x00007ffcc42e0000 - 0x00007ffcc4386000 	C:\WINDOWS\System32\sechost.dll
0x00007ffcc3e60000 - 0x00007ffcc3f78000 	C:\WINDOWS\System32\RPCRT4.dll
0x00007ffcc44c0000 - 0x00007ffcc4534000 	C:\WINDOWS\System32\WS2_32.dll
0x00007ffcc1530000 - 0x00007ffcc158e000 	C:\WINDOWS\SYSTEM32\POWRPROF.dll
0x00007ffcb13e0000 - 0x00007ffcb13eb000 	C:\WINDOWS\SYSTEM32\VERSION.dll
0x00007ffca90d0000 - 0x00007ffca9105000 	C:\WINDOWS\SYSTEM32\WINMM.dll
0x00007ffcc1510000 - 0x00007ffcc1524000 	C:\WINDOWS\SYSTEM32\UMPDC.dll
0x00007ffcc0440000 - 0x00007ffcc045b000 	C:\WINDOWS\SYSTEM32\kernel.appcore.dll
0x00007ffcaba10000 - 0x00007ffcaba1a000 	c:\Users\Maghraby Store\.vscode\extensions\redhat.java-1.50.0-win32-x64\jre\21.0.9-win32-x86_64\bin\jimage.dll
0x00007ffcbee10000 - 0x00007ffcbf052000 	C:\WINDOWS\SYSTEM32\DBGHELP.DLL
0x00007ffcc39e0000 - 0x00007ffcc3d65000 	C:\WINDOWS\System32\combase.dll
0x00007ffcc36c0000 - 0x00007ffcc3796000 	C:\WINDOWS\System32\OLEAUT32.dll
0x00007ffcabfa0000 - 0x00007ffcabfdc000 	C:\WINDOWS\SYSTEM32\dbgcore.DLL
0x00007ffcc1ad0000 - 0x00007ffcc1b75000 	C:\WINDOWS\System32\bcryptPrimitives.dll
0x00007ffcb7620000 - 0x00007ffcb762f000 	c:\Users\Maghraby Store\.vscode\extensions\redhat.java-1.50.0-win32-x64\jre\21.0.9-win32-x86_64\bin\instrument.dll
0x00007ffc9c4c0000 - 0x00007ffc9c4e0000 	c:\Users\Maghraby Store\.vscode\extensions\redhat.java-1.50.0-win32-x64\jre\21.0.9-win32-x86_64\bin\java.dll
0x00007ffcc2690000 - 0x00007ffcc2de3000 	C:\WINDOWS\System32\SHELL32.dll
0x00007ffcc1e80000 - 0x00007ffcc1fea000 	C:\WINDOWS\System32\wintypes.dll
0x00007ffcbf290000 - 0x00007ffcbfaee000 	C:\WINDOWS\SYSTEM32\windows.storage.dll
0x00007ffcc3f80000 - 0x00007ffcc4075000 	C:\WINDOWS\System32\SHCORE.dll
0x00007ffcc4100000 - 0x00007ffcc4166000 	C:\WINDOWS\System32\shlwapi.dll
0x00007ffcc15f0000 - 0x00007ffcc1619000 	C:\WINDOWS\SYSTEM32\profapi.dll
0x00007ffca3650000 - 0x00007ffca3668000 	c:\Users\Maghraby Store\.vscode\extensions\redhat.java-1.50.0-win32-x64\jre\21.0.9-win32-x86_64\bin\zip.dll
0x00007ffca4490000 - 0x00007ffca44a0000 	C:\Users\Maghraby Store\.vscode\extensions\redhat.java-1.50.0-win32-x64\jre\21.0.9-win32-x86_64\bin\net.dll
0x00007ffcb7860000 - 0x00007ffcb7988000 	C:\WINDOWS\SYSTEM32\WINHTTP.dll
0x00007ffcc0990000 - 0x00007ffcc09fb000 	C:\WINDOWS\system32\mswsock.dll
0x00007ffc99950000 - 0x00007ffc99966000 	C:\Users\Maghraby Store\.vscode\extensions\redhat.java-1.50.0-win32-x64\jre\21.0.9-win32-x86_64\bin\nio.dll
0x00007ffcb11c0000 - 0x00007ffcb11d0000 	c:\Users\Maghraby Store\.vscode\extensions\redhat.java-1.50.0-win32-x64\jre\21.0.9-win32-x86_64\bin\verify.dll
0x00007ffcb10f0000 - 0x00007ffcb1134000 	C:\Users\Maghraby Store\AppData\Roaming\Code\User\globalStorage\redhat.java\1.50.0\config_win\org.eclipse.equinox.launcher\org.eclipse.equinox.launcher.win32.win32.x86_64_1.2.1400.v20250801-0854\eclipse_11916.dll
0x00007ffcc2fd0000 - 0x00007ffcc3167000 	C:\WINDOWS\System32\ole32.dll
0x00007ffcc0d80000 - 0x00007ffcc0d9b000 	C:\WINDOWS\SYSTEM32\CRYPTSP.dll
0x00007ffcc03a0000 - 0x00007ffcc03da000 	C:\WINDOWS\system32\rsaenh.dll
0x00007ffcc0a40000 - 0x00007ffcc0a6b000 	C:\WINDOWS\SYSTEM32\USERENV.dll
0x00007ffcc15c0000 - 0x00007ffcc15ea000 	C:\WINDOWS\SYSTEM32\bcrypt.dll
0x00007ffcc0be0000 - 0x00007ffcc0bec000 	C:\WINDOWS\SYSTEM32\CRYPTBASE.dll
0x00007ffcbfe80000 - 0x00007ffcbfeb4000 	C:\WINDOWS\SYSTEM32\IPHLPAPI.DLL
0x00007ffcc24a0000 - 0x00007ffcc24aa000 	C:\WINDOWS\System32\NSI.dll
0x00007ffcb0ef0000 - 0x00007ffcb0f39000 	C:\Users\Maghraby Store\AppData\Local\Temp\jna--607650244\jna2723602384380366111.dll
0x00007ffcc25b0000 - 0x00007ffcc25b8000 	C:\WINDOWS\System32\PSAPI.DLL
0x00007ffcb7db0000 - 0x00007ffcb7dce000 	C:\WINDOWS\SYSTEM32\dhcpcsvc6.DLL
0x00007ffcb7c00000 - 0x00007ffcb7c23000 	C:\WINDOWS\SYSTEM32\dhcpcsvc.DLL

JVMTI agents:
c:\Users\Maghraby Store\.vscode\extensions\redhat.java-1.50.0-win32-x64\lombok\lombok-1.18.39-4050.jar path:c:\Users\Maghraby Store\.vscode\extensions\redhat.java-1.50.0-win32-x64\jre\21.0.9-win32-x86_64\bin\instrument.dll, loaded, initialized, instrumentlib options:none

dbghelp: loaded successfully - version: 4.0.5 - missing functions: none
symbol engine: initialized successfully - sym options: 0x614 - pdb path: .;c:\Users\Maghraby Store\.vscode\extensions\redhat.java-1.50.0-win32-x64\jre\21.0.9-win32-x86_64\bin;C:\WINDOWS\SYSTEM32;C:\WINDOWS\WinSxS\amd64_microsoft.windows.common-controls_6595b64144ccf1df_6.0.26100.7309_none_3e05feeae336a044;c:\Users\Maghraby Store\.vscode\extensions\redhat.java-1.50.0-win32-x64\jre\21.0.9-win32-x86_64\bin\server;C:\Users\Maghraby Store\AppData\Roaming\Code\User\globalStorage\redhat.java\1.50.0\config_win\org.eclipse.equinox.launcher\org.eclipse.equinox.launcher.win32.win32.x86_64_1.2.1400.v20250801-0854;C:\Users\Maghraby Store\AppData\Local\Temp\jna--607650244

VM Arguments:
jvm_args: --add-modules=ALL-SYSTEM --add-opens=java.base/java.util=ALL-UNNAMED --add-opens=java.base/java.lang=ALL-UNNAMED --add-opens=java.base/sun.nio.fs=ALL-UNNAMED -Declipse.application=org.eclipse.jdt.ls.core.id1 -Dosgi.bundles.defaultStartLevel=4 -Declipse.product=org.eclipse.jdt.ls.core.product -Djava.import.generatesMetadataFilesAtProjectRoot=false -DDetectVMInstallationsJob.disabled=true -Dfile.encoding=utf8 -XX:+UseParallelGC -XX:GCTimeRatio=4 -XX:AdaptiveSizePolicyWeight=90 -Dsun.zip.disableMemoryMapping=true -Xmx2G -Xms100m -Xlog:disable -javaagent:c:\Users\Maghraby Store\.vscode\extensions\redhat.java-1.50.0-win32-x64\lombok\lombok-1.18.39-4050.jar -XX:+HeapDumpOnOutOfMemoryError -XX:HeapDumpPath=c:\Users\Maghraby Store\AppData\Roaming\Code\User\workspaceStorage\3dadfdb6fe4ae54e754da0009389f85c\redhat.java -Daether.dependencyCollector.impl=bf 
java_command: c:\Users\Maghraby Store\.vscode\extensions\redhat.java-1.50.0-win32-x64\server\plugins\org.eclipse.equinox.launcher_1.7.100.v20251111-0406.jar -configuration c:\Users\Maghraby Store\AppData\Roaming\Code\User\globalStorage\redhat.java\1.50.0\config_win -data c:\Users\Maghraby Store\AppData\Roaming\Code\User\workspaceStorage\3dadfdb6fe4ae54e754da0009389f85c\redhat.java\jdt_ws --pipe=\\.\pipe\lsp-9d629a68c97cfd4000e12f536da9a7b1-sock
java_class_path (initial): c:\Users\Maghraby Store\.vscode\extensions\redhat.java-1.50.0-win32-x64\server\plugins\org.eclipse.equinox.launcher_1.7.100.v20251111-0406.jar
Launcher Type: SUN_STANDARD

[Global flags]
    uintx AdaptiveSizePolicyWeight                 = 90                                        {product} {command line}
     intx CICompilerCount                          = 4                                         {product} {ergonomic}
    uintx GCTimeRatio                              = 4                                         {product} {command line}
     bool HeapDumpOnOutOfMemoryError               = true                                   {manageable} {command line}
    ccstr HeapDumpPath                             = c:\Users\Maghraby Store\AppData\Roaming\Code\User\workspaceStorage\3dadfdb6fe4ae54e754da0009389f85c\redhat.java         {manageable} {command line}
   size_t InitialHeapSize                          = 104857600                                 {product} {command line}
   size_t MaxHeapSize                              = 2147483648                                {product} {command line}
   size_t MaxNewSize                               = 715653120                                 {product} {ergonomic}
   size_t MinHeapDeltaBytes                        = 524288                                    {product} {ergonomic}
   size_t MinHeapSize                              = 104857600                                 {product} {command line}
   size_t NewSize                                  = 34603008                                  {product} {ergonomic}
    uintx NonNMethodCodeHeapSize                   = 5839372                                {pd product} {ergonomic}
    uintx NonProfiledCodeHeapSize                  = 122909434                              {pd product} {ergonomic}
   size_t OldSize                                  = 70254592                                  {product} {ergonomic}
    uintx ProfiledCodeHeapSize                     = 122909434                              {pd product} {ergonomic}
    uintx ReservedCodeCacheSize                    = 251658240                              {pd product} {ergonomic}
     bool SegmentedCodeCache                       = true                                      {product} {ergonomic}
   size_t SoftMaxHeapSize                          = 2147483648                             {manageable} {ergonomic}
     bool UseCompressedOops                        = true                           {product lp64_product} {ergonomic}
     bool UseLargePagesIndividualAllocation        = false                                  {pd product} {ergonomic}
     bool UseParallelGC                            = true                                      {product} {command line}

Logging:
Log output configuration:
 #0: stdout all=off uptime,level,tags foldmultilines=false
 #1: stderr all=off uptime,level,tags foldmultilines=false

Release file:
JAVA_VERSION="21.0.9" 
MODULES="java.base java.compiler java.datatransfer java.xml java.prefs java.desktop java.instrument java.logging java.management java.security.sasl java.naming java.rmi java.management.rmi java.net.http java.scripting java.security.jgss java.transaction.xa java.sql java.sql.rowset java.xml.crypto java.se java.smartcardio jdk.accessibility jdk.internal.jvmstat jdk.attach jdk.charsets jdk.internal.opt jdk.zipfs jdk.compiler jdk.crypto.ec jdk.crypto.cryptoki jdk.crypto.mscapi jdk.dynalink jdk.internal.ed jdk.editpad jdk.hotspot.agent jdk.httpserver jdk.internal.le jdk.internal.vm.ci jdk.internal.vm.compiler jdk.internal.vm.compiler.management jdk.jartool jdk.javadoc jdk.jcmd jdk.management jdk.management.agent jdk.jconsole jdk.jdeps jdk.jdwp.agent jdk.jdi jdk.jfr jdk.jshell jdk.jsobject jdk.jstatd jdk.localedata jdk.management.jfr jdk.naming.dns jdk.naming.rmi jdk.net jdk.nio.mapmode jdk.random jdk.sctp jdk.security.auth jdk.security.jgss jdk.unsupported jdk.unsupported.desktop jdk.xml.dom" 

Environment Variables:
JAVA_HOME=E:\New folder
PATH=C:\Python314\Scripts\;C:\Python314\;C:\Program Files\Common Files\Oracle\Java\javapath;C:\WINDOWS\system32;C:\WINDOWS;C:\WINDOWS\System32\Wbem;C:\WINDOWS\System32\WindowsPowerShell\v1.0\;C:\WINDOWS\System32\OpenSSH\;D:\CS102\__pycache__;D:\CS102\__pycache__\Scripts;C:\MinGW\mingw32\bin;C:\msys64\mingw64\bin;C:\Program Files (x86)\IVI Foundation\VISA\WinNT\Bin\;C:\Program Files\IVI Foundation\VISA\Win64\Bin\;C:\Program Files (x86)\IVI Foundation\VISA\WinNT\Bin;E:\New folder\bin;C:\Program Files (x86)\Microsoft SQL Server\160\Tools\Binn\;C:\Program Files\Microsoft SQL Server\160\Tools\Binn\;C:\Program Files\Microsoft SQL Server\Client SDK\ODBC\170\Tools\Binn\;C:\Program Files\Microsoft SQL Server\160\DTS\Binn\;C:\Program Files (x86)\Microsoft SQL Server\160\DTS\Binn\;C:\Users\Maghraby Store\AppData\Local\Muse Hub\lib;C:\Program Files\Git\cmd;C:\Program Files\Docker\Docker\resources\bin;C:\Program Files\nodejs\;C:\ProgramData\chocolatey\bin;C:\Users\Maghraby Store\AppData\Local\Programs\Python\Python313\Scripts\;C:\Users\Maghraby Store\AppData\Local\Programs\Python\Python313\;C:\msys64\ucrt64\bin;C:\Users\Maghraby Store\AppData\Local\Programs\Microsoft VS Code\bin;C:\Users\Maghraby Store\AppData\Local\GitHubDesktop\bin;C:\Users\Maghraby Store\AppData\Local\Microsoft\WindowsApps;C:\Users\Maghraby Store\AppData\Roaming\npm
USERNAME=Maghraby Store
OS=Windows_NT
PROCESSOR_IDENTIFIER=Intel64 Family 6 Model 142 Stepping 12, GenuineIntel
TMP=C:\Users\MAGHRA~1\AppData\Local\Temp
TEMP=C:\Users\MAGHRA~1\AppData\Local\Temp




Periodic native trim disabled

---------------  S Y S T E M  ---------------

OS:
 Windows 11 , 64 bit Build 26100 (10.0.26100.7309)
OS uptime: 1 days 5:25 hours
Hyper-V role detected

CPU: total 8 (initial active 8) (4 cores per cpu, 2 threads per core) family 6 model 142 stepping 12 microcode 0xf4, cx8, cmov, fxsr, ht, mmx, 3dnowpref, sse, sse2, sse3, ssse3, sse4.1, sse4.2, popcnt, lzcnt, tsc, tscinvbit, avx, avx2, aes, erms, clmul, bmi1, bmi2, adx, fma, vzeroupper, clflush, clflushopt, hv, rdtscp, f16c
Processor Information for the first 8 processors :
  Max Mhz: 2304, Current Mhz: 1803, Mhz Limit: 1797

Memory: 4k page, system-wide physical 16067M (4108M free)
TotalPageFile size 16067M (AvailPageFile size 5M)
current process WorkingSet (physical memory assigned to process): 285M, peak: 287M
current process commit charge ("private bytes"): 370M, peak: 374M

vm_info: OpenJDK 64-Bit Server VM (21.0.9+10-LTS) for windows-amd64 JRE (21.0.9+10-LTS), built on 2025-10-21T00:00:00Z by "admin" with unknown MS VC++:1942

END.
