#
# There is insufficient memory for the Java Runtime Environment to continue.
# Native memory allocation (malloc) failed to allocate 1072736 bytes. Error detail: Chunk::new
# Possible reasons:
#   The system is out of physical RAM or swap space
#   This process is running with CompressedOops enabled, and the Java Heap may be blocking the growth of the native heap
# Possible solutions:
#   Reduce memory load on the system
#   Increase physical memory or swap space
#   Check if swap backing store is full
#   Decrease Java heap size (-Xmx/-Xms)
#   Decrease number of Java threads
#   Decrease Java thread stack sizes (-Xss)
#   Set larger code cache with -XX:ReservedCodeCacheSize=
#   JVM is running with Unscaled Compressed Oops mode in which the Java heap is
#     placed in the first 4GB address space. The Java Heap base address is the
#     maximum limit for the native heap growth. Please use -XX:HeapBaseMinAddress
#     to set the Java Heap base and to place the Java Heap above 4GB virtual address.
# This output file may be truncated or incomplete.
#
#  Out of Memory Error (arena.cpp:168), pid=2896, tid=7868
#
# JRE version: OpenJDK Runtime Environment Temurin-21.0.9+10 (21.0.9+10) (build 21.0.9+10-LTS)
# Java VM: OpenJDK 64-Bit Server VM Temurin-21.0.9+10 (21.0.9+10-LTS, mixed mode, sharing, tiered, compressed oops, compressed class ptrs, parallel gc, windows-amd64)
# No core dump will be written. Minidumps are not enabled by default on client versions of Windows
#

---------------  S U M M A R Y ------------

Command Line: --add-modules=ALL-SYSTEM --add-opens=java.base/java.util=ALL-UNNAMED --add-opens=java.base/java.lang=ALL-UNNAMED --add-opens=java.base/sun.nio.fs=ALL-UNNAMED -Declipse.application=org.eclipse.jdt.ls.core.id1 -Dosgi.bundles.defaultStartLevel=4 -Declipse.product=org.eclipse.jdt.ls.core.product -Djava.import.generatesMetadataFilesAtProjectRoot=false -DDetectVMInstallationsJob.disabled=true -Dfile.encoding=utf8 -XX:+UseParallelGC -XX:GCTimeRatio=4 -XX:AdaptiveSizePolicyWeight=90 -Dsun.zip.disableMemoryMapping=true -Xmx2G -Xms100m -Xlog:disable -javaagent:c:\Users\Maghraby Store\.vscode\extensions\redhat.java-1.50.0-win32-x64\lombok\lombok-1.18.39-4050.jar -XX:+HeapDumpOnOutOfMemoryError -XX:HeapDumpPath=c:\Users\Maghraby Store\AppData\Roaming\Code\User\workspaceStorage\3dadfdb6fe4ae54e754da0009389f85c\redhat.java -Daether.dependencyCollector.impl=bf c:\Users\Maghraby Store\.vscode\extensions\redhat.java-1.50.0-win32-x64\server\plugins\org.eclipse.equinox.launcher_1.7.100.v20251111-0406.jar -configuration c:\Users\Maghraby Store\AppData\Roaming\Code\User\globalStorage\redhat.java\1.50.0\config_win -data c:\Users\Maghraby Store\AppData\Roaming\Code\User\workspaceStorage\3dadfdb6fe4ae54e754da0009389f85c\redhat.java\jdt_ws --pipe=\\.\pipe\lsp-c178aac6ddad29fdab86368acc3ff228-sock

Host: Intel(R) Core(TM) i7-10610U CPU @ 1.80GHz, 8 cores, 15G,  Windows 11 , 64 bit Build 26100 (10.0.26100.7309)
Time: Tue Dec 16 03:32:51 2025 Egypt Standard Time elapsed time: 10.077047 seconds (0d 0h 0m 10s)

---------------  T H R E A D  ---------------

Current thread (0x0000020e8631f5a0):  JavaThread "C2 CompilerThread1" daemon [_thread_in_native, id=7868, stack(0x0000008ff5f00000,0x0000008ff6000000) (1024K)]


Current CompileTask:
C2:10077 7496   !   4       org.eclipse.osgi.internal.loader.BundleLoader::findRequiredSource (283 bytes)

Stack: [0x0000008ff5f00000,0x0000008ff6000000]
Native frames: (J=compiled Java code, j=interpreted, Vv=VM code, C=native code)
V  [jvm.dll+0x6d6e29]
V  [jvm.dll+0x8b4b76]
V  [jvm.dll+0x8b712e]
V  [jvm.dll+0x8b7813]
V  [jvm.dll+0x283d86]
V  [jvm.dll+0xc66ed]
V  [jvm.dll+0xc6c31]
V  [jvm.dll+0x2facee]
V  [jvm.dll+0x5fde44]
V  [jvm.dll+0x255557]
V  [jvm.dll+0x25591d]
V  [jvm.dll+0x24df40]
V  [jvm.dll+0x24b482]
V  [jvm.dll+0x1cb13e]
V  [jvm.dll+0x25b29d]
V  [jvm.dll+0x25982a]
V  [jvm.dll+0x3f7ea6]
V  [jvm.dll+0x85e9ad]
V  [jvm.dll+0x6d565d]
C  [ucrtbase.dll+0x37b0]
C  [KERNEL32.DLL+0x2e8d7]
C  [ntdll.dll+0x8c53c]


---------------  P R O C E S S  ---------------

Threads class SMR info:
_java_thread_list=0x0000020e88518170, length=67, elements={
0x0000020e28a2d230, 0x0000020e28ae9710, 0x0000020e28aeb5d0, 0x0000020e289a6fc0,
0x0000020e289a7650, 0x0000020e289a7ce0, 0x0000020e289a9db0, 0x0000020e289b4d40,
0x0000020e289b59e0, 0x0000020e289a8370, 0x0000020e8631f5a0, 0x0000020e289aa440,
0x0000020e863217b0, 0x0000020e289a8a00, 0x0000020e289a9090, 0x0000020e289a9720,
0x0000020e86aa0cd0, 0x0000020e86aa0640, 0x0000020e86aa19f0, 0x0000020e86aa1360,
0x0000020e86aa2710, 0x0000020e86aa2080, 0x0000020e86aa2da0, 0x0000020e86a9f920,
0x0000020e86aa3430, 0x0000020e86a9ffb0, 0x0000020e86aa6f40, 0x0000020e86aa4150,
0x0000020e86aa6220, 0x0000020e86aa3ac0, 0x0000020e86aa47e0, 0x0000020e86aa68b0,
0x0000020e86aa4e70, 0x0000020e86aa5500, 0x0000020e86aa5b90, 0x0000020e89a760e0,
0x0000020e89a78ed0, 0x0000020e89a76770, 0x0000020e89a78840, 0x0000020e89a76e00,
0x0000020e89a77490, 0x0000020e89a77b20, 0x0000020e89a75a50, 0x0000020e89a781b0,
0x0000020e89a7b630, 0x0000020e89a7c350, 0x0000020e89a7a910, 0x0000020e89a7c9e0,
0x0000020e89a79bf0, 0x0000020e89a7a280, 0x0000020e89a7afa0, 0x0000020e89a79560,
0x0000020e89a7d070, 0x0000020e89a7bcc0, 0x0000020e8dfd6100, 0x0000020e8dfd6e20,
0x0000020e8dfd6790, 0x0000020e8dfd5a70, 0x0000020e8dfd53e0, 0x0000020e8dfd8ef0,
0x0000020e8dfda2a0, 0x0000020e8dfda930, 0x0000020e8dfd7b40, 0x0000020e8dfd74b0,
0x0000020e8dfd9c10, 0x0000020e8dfd9580, 0x0000020e8dfdafc0
}

Java Threads: ( => current thread )
  0x0000020e28a2d230 JavaThread "main"                              [_thread_blocked, id=8512, stack(0x0000008ff5200000,0x0000008ff5300000) (1024K)]
  0x0000020e28ae9710 JavaThread "Reference Handler"          daemon [_thread_blocked, id=10668, stack(0x0000008ff5600000,0x0000008ff5700000) (1024K)]
  0x0000020e28aeb5d0 JavaThread "Finalizer"                  daemon [_thread_blocked, id=19912, stack(0x0000008ff5700000,0x0000008ff5800000) (1024K)]
  0x0000020e289a6fc0 JavaThread "Signal Dispatcher"          daemon [_thread_blocked, id=12076, stack(0x0000008ff5800000,0x0000008ff5900000) (1024K)]
  0x0000020e289a7650 JavaThread "Attach Listener"            daemon [_thread_blocked, id=7128, stack(0x0000008ff5900000,0x0000008ff5a00000) (1024K)]
  0x0000020e289a7ce0 JavaThread "Service Thread"             daemon [_thread_blocked, id=22020, stack(0x0000008ff5a00000,0x0000008ff5b00000) (1024K)]
  0x0000020e289a9db0 JavaThread "Monitor Deflation Thread"   daemon [_thread_blocked, id=14000, stack(0x0000008ff5b00000,0x0000008ff5c00000) (1024K)]
  0x0000020e289b4d40 JavaThread "C2 CompilerThread0"         daemon [_thread_blocked, id=23284, stack(0x0000008ff5c00000,0x0000008ff5d00000) (1024K)]
  0x0000020e289b59e0 JavaThread "C1 CompilerThread0"         daemon [_thread_in_vm, id=15272, stack(0x0000008ff5d00000,0x0000008ff5e00000) (1024K)]
  0x0000020e289a8370 JavaThread "Common-Cleaner"             daemon [_thread_blocked, id=22120, stack(0x0000008ff5e00000,0x0000008ff5f00000) (1024K)]
=>0x0000020e8631f5a0 JavaThread "C2 CompilerThread1"         daemon [_thread_in_native, id=7868, stack(0x0000008ff5f00000,0x0000008ff6000000) (1024K)]
  0x0000020e289aa440 JavaThread "Notification Thread"        daemon [_thread_blocked, id=2060, stack(0x0000008ff6000000,0x0000008ff6100000) (1024K)]
  0x0000020e863217b0 JavaThread "C2 CompilerThread2"         daemon [_thread_in_native, id=6500, stack(0x0000008ff6100000,0x0000008ff6200000) (1024K)]
  0x0000020e289a8a00 JavaThread "Active Thread: Equinox Container: 97fe0cd3-5916-4734-be02-3b2bbd258e17"        [_thread_blocked, id=22840, stack(0x0000008ff6800000,0x0000008ff6900000) (1024K)]
  0x0000020e289a9090 JavaThread "Refresh Thread: Equinox Container: 97fe0cd3-5916-4734-be02-3b2bbd258e17" daemon [_thread_blocked, id=17848, stack(0x0000008ff6900000,0x0000008ff6a00000) (1024K)]
  0x0000020e289a9720 JavaThread "Framework Event Dispatcher: Equinox Container: 97fe0cd3-5916-4734-be02-3b2bbd258e17" daemon [_thread_blocked, id=14700, stack(0x0000008ff6b00000,0x0000008ff6c00000) (1024K)]
  0x0000020e86aa0cd0 JavaThread "Start Level: Equinox Container: 97fe0cd3-5916-4734-be02-3b2bbd258e17" daemon [_thread_blocked, id=22160, stack(0x0000008ff6c00000,0x0000008ff6d00000) (1024K)]
  0x0000020e86aa0640 JavaThread "Bundle File Closer"         daemon [_thread_blocked, id=14800, stack(0x0000008ff6d00000,0x0000008ff6e00000) (1024K)]
  0x0000020e86aa19f0 JavaThread "SCR Component Actor"        daemon [_thread_blocked, id=20748, stack(0x0000008ff6e00000,0x0000008ff6f00000) (1024K)]
  0x0000020e86aa1360 JavaThread "Worker-JM"                         [_thread_blocked, id=3060, stack(0x0000008ff6f00000,0x0000008ff7000000) (1024K)]
  0x0000020e86aa2710 JavaThread "JNA Cleaner"                daemon [_thread_blocked, id=9828, stack(0x0000008ff7000000,0x0000008ff7100000) (1024K)]
  0x0000020e86aa2080 JavaThread "Worker-0"                          [_thread_blocked, id=1900, stack(0x0000008ff7100000,0x0000008ff7200000) (1024K)]
  0x0000020e86aa2da0 JavaThread "Worker-1: Building"                [_thread_blocked, id=2644, stack(0x0000008ff7200000,0x0000008ff7300000) (1024K)]
  0x0000020e86a9f920 JavaThread "Worker-2"                          [_thread_blocked, id=7924, stack(0x0000008ff7300000,0x0000008ff7400000) (1024K)]
  0x0000020e86aa3430 JavaThread "Java indexing"              daemon [_thread_blocked, id=14740, stack(0x0000008ff7400000,0x0000008ff7500000) (1024K)]
  0x0000020e86a9ffb0 JavaThread "Worker-3"                          [_thread_blocked, id=13632, stack(0x0000008ff7500000,0x0000008ff7600000) (1024K)]
  0x0000020e86aa6f40 JavaThread "Thread-1"                   daemon [_thread_in_native, id=9260, stack(0x0000008ff7900000,0x0000008ff7a00000) (1024K)]
  0x0000020e86aa4150 JavaThread "Thread-2"                   daemon [_thread_in_native, id=18148, stack(0x0000008ff7a00000,0x0000008ff7b00000) (1024K)]
  0x0000020e86aa6220 JavaThread "Thread-3"                   daemon [_thread_in_native, id=1304, stack(0x0000008ff7b00000,0x0000008ff7c00000) (1024K)]
  0x0000020e86aa3ac0 JavaThread "Thread-4"                   daemon [_thread_in_native, id=7828, stack(0x0000008ff7c00000,0x0000008ff7d00000) (1024K)]
  0x0000020e86aa47e0 JavaThread "Thread-5"                   daemon [_thread_in_native, id=13404, stack(0x0000008ff7d00000,0x0000008ff7e00000) (1024K)]
  0x0000020e86aa68b0 JavaThread "Thread-6"                   daemon [_thread_in_native, id=15844, stack(0x0000008ff7e00000,0x0000008ff7f00000) (1024K)]
  0x0000020e86aa4e70 JavaThread "Thread-7"                   daemon [_thread_in_native, id=6064, stack(0x0000008ff7f00000,0x0000008ff8000000) (1024K)]
  0x0000020e86aa5500 JavaThread "Thread-8"                   daemon [_thread_in_native, id=2012, stack(0x0000008ff8000000,0x0000008ff8100000) (1024K)]
  0x0000020e86aa5b90 JavaThread "Thread-9"                   daemon [_thread_in_native, id=9604, stack(0x0000008ff8100000,0x0000008ff8200000) (1024K)]
  0x0000020e89a760e0 JavaThread "pool-2-thread-1"                   [_thread_blocked, id=22184, stack(0x0000008ff8200000,0x0000008ff8300000) (1024K)]
  0x0000020e89a78ed0 JavaThread "ForkJoinPool.commonPool-worker-1" daemon [_thread_blocked, id=9204, stack(0x0000008ff8300000,0x0000008ff8400000) (1024K)]
  0x0000020e89a76770 JavaThread "ForkJoinPool.commonPool-worker-2" daemon [_thread_blocked, id=16924, stack(0x0000008ff8400000,0x0000008ff8500000) (1024K)]
  0x0000020e89a78840 JavaThread "ForkJoinPool.commonPool-worker-3" daemon [_thread_blocked, id=3184, stack(0x0000008ff8500000,0x0000008ff8600000) (1024K)]
  0x0000020e89a76e00 JavaThread "ForkJoinPool.commonPool-worker-4" daemon [_thread_blocked, id=2684, stack(0x0000008ff8600000,0x0000008ff8700000) (1024K)]
  0x0000020e89a77490 JavaThread "ForkJoinPool.commonPool-worker-5" daemon [_thread_blocked, id=2536, stack(0x0000008ff8700000,0x0000008ff8800000) (1024K)]
  0x0000020e89a77b20 JavaThread "ForkJoinPool.commonPool-worker-6" daemon [_thread_blocked, id=9312, stack(0x0000008ff8800000,0x0000008ff8900000) (1024K)]
  0x0000020e89a75a50 JavaThread "ForkJoinPool.commonPool-worker-7" daemon [_thread_blocked, id=16052, stack(0x0000008ff8900000,0x0000008ff8a00000) (1024K)]
  0x0000020e89a781b0 JavaThread "WorkspaceEventsHandler"            [_thread_blocked, id=19124, stack(0x0000008ff8a00000,0x0000008ff8b00000) (1024K)]
  0x0000020e89a7b630 JavaThread "pool-1-thread-1"                   [_thread_blocked, id=4316, stack(0x0000008ff8b00000,0x0000008ff8c00000) (1024K)]
  0x0000020e89a7c350 JavaThread "LocalFile Deleter"          daemon [_thread_blocked, id=21900, stack(0x0000008ff8c00000,0x0000008ff8d00000) (1024K)]
  0x0000020e89a7a910 JavaThread "LocalFile Deleter"          daemon [_thread_blocked, id=18752, stack(0x0000008ff8d00000,0x0000008ff8e00000) (1024K)]
  0x0000020e89a7c9e0 JavaThread "LocalFile Deleter"          daemon [_thread_blocked, id=10588, stack(0x0000008ff8e00000,0x0000008ff8f00000) (1024K)]
  0x0000020e89a79bf0 JavaThread "LocalFile Deleter"          daemon [_thread_blocked, id=20360, stack(0x0000008ff8f00000,0x0000008ff9000000) (1024K)]
  0x0000020e89a7a280 JavaThread "LocalFile Deleter"          daemon [_thread_blocked, id=19672, stack(0x0000008ff9000000,0x0000008ff9100000) (1024K)]
  0x0000020e89a7afa0 JavaThread "LocalFile Deleter"          daemon [_thread_blocked, id=20520, stack(0x0000008ff9100000,0x0000008ff9200000) (1024K)]
  0x0000020e89a79560 JavaThread "LocalFile Deleter"          daemon [_thread_blocked, id=20492, stack(0x0000008ff9200000,0x0000008ff9300000) (1024K)]
  0x0000020e89a7d070 JavaThread "LocalFile Deleter"          daemon [_thread_blocked, id=7376, stack(0x0000008ff9300000,0x0000008ff9400000) (1024K)]
  0x0000020e89a7bcc0 JavaThread "Compiler Source File Reader" daemon [_thread_blocked, id=22344, stack(0x0000008ff9400000,0x0000008ff9500000) (1024K)]
  0x0000020e8dfd6100 JavaThread "Compiler Source File Reader" daemon [_thread_blocked, id=13384, stack(0x0000008ff9500000,0x0000008ff9600000) (1024K)]
  0x0000020e8dfd6e20 JavaThread "Compiler Source File Reader" daemon [_thread_blocked, id=22292, stack(0x0000008ff9600000,0x0000008ff9700000) (1024K)]
  0x0000020e8dfd6790 JavaThread "Compiler Source File Reader" daemon [_thread_blocked, id=10696, stack(0x0000008ff9700000,0x0000008ff9800000) (1024K)]
  0x0000020e8dfd5a70 JavaThread "Compiler Source File Reader" daemon [_thread_blocked, id=21732, stack(0x0000008ff9800000,0x0000008ff9900000) (1024K)]
  0x0000020e8dfd53e0 JavaThread "Compiler Source File Reader" daemon [_thread_blocked, id=10012, stack(0x0000008ff9900000,0x0000008ff9a00000) (1024K)]
  0x0000020e8dfd8ef0 JavaThread "Worker-4: Updating workspace"        [_thread_blocked, id=9360, stack(0x0000008ff9a00000,0x0000008ff9b00000) (1024K)]
  0x0000020e8dfda2a0 JavaThread "Compiler Processing Task"   daemon [_thread_blocked, id=20676, stack(0x0000008ff9b00000,0x0000008ff9c00000) (1024K)]
  0x0000020e8dfda930 JavaThread "Compiler Class File Writer" daemon [_thread_blocked, id=14788, stack(0x0000008ff9c00000,0x0000008ff9d00000) (1024K)]
  0x0000020e8dfd7b40 JavaThread "Compiler Class File Writer" daemon [_thread_blocked, id=22872, stack(0x0000008ff9d00000,0x0000008ff9e00000) (1024K)]
  0x0000020e8dfd74b0 JavaThread "Compiler Class File Writer" daemon [_thread_blocked, id=21456, stack(0x0000008ff9e00000,0x0000008ff9f00000) (1024K)]
  0x0000020e8dfd9c10 JavaThread "Compiler Class File Writer" daemon [_thread_blocked, id=10000, stack(0x0000008ff9f00000,0x0000008ffa000000) (1024K)]
  0x0000020e8dfd9580 JavaThread "Compiler Class File Writer" daemon [_thread_blocked, id=20864, stack(0x0000008ffa000000,0x0000008ffa100000) (1024K)]
  0x0000020e8dfdafc0 JavaThread "Compiler Class File Writer" daemon [_thread_blocked, id=21348, stack(0x0000008ffa100000,0x0000008ffa200000) (1024K)]
Total: 67

Other Threads:
  0x0000020e28acfab0 VMThread "VM Thread"                           [id=6428, stack(0x0000008ff5500000,0x0000008ff5600000) (1024K)] _threads_hazard_ptr=0x0000020e88518170
  0x0000020e288bca00 WatcherThread "VM Periodic Task Thread"        [id=4344, stack(0x0000008ff5400000,0x0000008ff5500000) (1024K)]
  0x0000020e28a4b770 WorkerThread "GC Thread#0"                     [id=3720, stack(0x0000008ff5300000,0x0000008ff5400000) (1024K)]
  0x0000020e86a5d310 WorkerThread "GC Thread#1"                     [id=20980, stack(0x0000008ff6200000,0x0000008ff6300000) (1024K)]
  0x0000020e86a5fb90 WorkerThread "GC Thread#2"                     [id=2308, stack(0x0000008ff6300000,0x0000008ff6400000) (1024K)]
  0x0000020e86a5ff30 WorkerThread "GC Thread#3"                     [id=13604, stack(0x0000008ff6400000,0x0000008ff6500000) (1024K)]
  0x0000020e86b9f5d0 WorkerThread "GC Thread#4"                     [id=11156, stack(0x0000008ff6500000,0x0000008ff6600000) (1024K)]
  0x0000020e86cec960 WorkerThread "GC Thread#5"                     [id=23332, stack(0x0000008ff6600000,0x0000008ff6700000) (1024K)]
  0x0000020e86ba4060 WorkerThread "GC Thread#6"                     [id=9516, stack(0x0000008ff6700000,0x0000008ff6800000) (1024K)]
  0x0000020e86ca4280 WorkerThread "GC Thread#7"                     [id=8748, stack(0x0000008ff6a00000,0x0000008ff6b00000) (1024K)]
Total: 10

Threads with active compile tasks:
C2 CompilerThread0  11135 7784       4       org.codehaus.plexus.util.xml.pull.MXParser::nextImpl (1208 bytes)
C1 CompilerThread0  11135 8139       2       java.util.stream.Collectors::toSet (26 bytes)
C2 CompilerThread1  11135 7496   !   4       org.eclipse.osgi.internal.loader.BundleLoader::findRequiredSource (283 bytes)
C2 CompilerThread2  11135 7557       4       org.eclipse.osgi.internal.loader.BundleLoader::addExportedProvidersFor (167 bytes)
Total: 4

VM state: synchronizing (normal execution)

VM Mutex/Monitor currently owned by a thread:  ([mutex/lock_event])
[0x00007ffc5a2bc070] MethodCompileQueue_lock - owner thread: 0x0000020e289b59e0
[0x00007ffc5a2bd470] CodeCache_lock - owner thread: 0x0000020e289b59e0
[0x00007ffc5a2bd570] Threads_lock - owner thread: 0x0000020e28acfab0
[0x00007ffc5a2bd5f0] Compile_lock - owner thread: 0x0000020e289b59e0

Heap address: 0x0000000080000000, size: 2048 MB, Compressed Oops mode: 32-bit

CDS archive(s) mapped at: [0x0000020e40000000-0x0000020e40ba0000-0x0000020e40ba0000), size 12189696, SharedBaseAddress: 0x0000020e40000000, ArchiveRelocationMode: 1.
Compressed class space mapped at: 0x0000020e41000000-0x0000020e81000000, reserved size: 1073741824
Narrow klass base: 0x0000020e40000000, Narrow klass shift: 0, Narrow klass range: 0x100000000

GC Precious Log:
 CardTable entry size: 512
 CPUs: 8 total, 8 available
 Memory: 16067M
 Large Page Support: Disabled
 NUMA Support: Disabled
 Compressed Oops: Enabled (32-bit)
 Alignments: Space 512K, Generation 512K, Heap 2M
 Heap Min Capacity: 100M
 Heap Initial Capacity: 100M
 Heap Max Capacity: 2G
 Pre-touch: Disabled
 Parallel Workers: 8

Heap:
 PSYoungGen      total 19968K, used 9268K [0x00000000d5580000, 0x00000000d6b00000, 0x0000000100000000)
  eden space 16384K, 51% used [0x00000000d5580000,0x00000000d5dc8c30,0x00000000d6580000)
  from space 3584K, 21% used [0x00000000d6600000,0x00000000d66c47b8,0x00000000d6980000)
  to   space 1536K, 0% used [0x00000000d6980000,0x00000000d6980000,0x00000000d6b00000)
 ParOldGen       total 68608K, used 56221K [0x0000000080000000, 0x0000000084300000, 0x00000000d5580000)
  object space 68608K, 81% used [0x0000000080000000,0x00000000836e7670,0x0000000084300000)
 Metaspace       used 54429K, committed 55744K, reserved 1114112K
  class space    used 5916K, committed 6464K, reserved 1048576K

Card table byte_map: [0x0000020e283d0000,0x0000020e287e0000] _byte_map_base: 0x0000020e27fd0000

Marking Bits: (ParMarkBitMap*) 0x00007ffc5a2c2460
 Begin Bits: [0x0000020e3aee0000, 0x0000020e3cee0000)
 End Bits:   [0x0000020e3cee0000, 0x0000020e3eee0000)

Polling page: 0x0000020e26830000

Metaspace:

Usage:
  Non-class:     47.38 MB used.
      Class:      5.78 MB used.
       Both:     53.15 MB used.

Virtual space:
  Non-class space:       64.00 MB reserved,      48.12 MB ( 75%) committed,  1 nodes.
      Class space:        1.00 GB reserved,       6.31 MB ( <1%) committed,  1 nodes.
             Both:        1.06 GB reserved,      54.44 MB (  5%) committed. 

Chunk freelists:
   Non-Class:  15.47 MB
       Class:  9.69 MB
        Both:  25.16 MB

MaxMetaspaceSize: unlimited
CompressedClassSpaceSize: 1.00 GB
Initial GC threshold: 21.00 MB
Current GC threshold: 58.38 MB
CDS: on
 - commit_granule_bytes: 65536.
 - commit_granule_words: 8192.
 - virtual_space_node_default_size: 8388608.
 - enlarge_chunks_in_place: 1.
 - use_allocation_guard: 0.


Internal statistics:

num_allocs_failed_limit: 6.
num_arena_births: 1054.
num_arena_deaths: 14.
num_vsnodes_births: 2.
num_vsnodes_deaths: 0.
num_space_committed: 871.
num_space_uncommitted: 0.
num_chunks_returned_to_freelist: 20.
num_chunks_taken_from_freelist: 3682.
num_chunk_merges: 9.
num_chunk_splits: 2192.
num_chunks_enlarged: 1122.
num_inconsistent_stats: 0.

CodeHeap 'non-profiled nmethods': size=120000Kb used=3578Kb max_used=3578Kb free=116421Kb
 bounds [0x0000020e33700000, 0x0000020e33a80000, 0x0000020e3ac30000]
CodeHeap 'profiled nmethods': size=120000Kb used=14719Kb max_used=14719Kb free=105280Kb
 bounds [0x0000020e2bc30000, 0x0000020e2ca90000, 0x0000020e33160000]
CodeHeap 'non-nmethods': size=5760Kb used=1401Kb max_used=1482Kb free=4358Kb
 bounds [0x0000020e33160000, 0x0000020e333d0000, 0x0000020e33700000]
CodeCache: size=245760Kb, used=19698Kb, max_used=19779Kb, free=226059Kb
 total_blobs=8213, nmethods=7505, adapters=614, full_count=0
Compilation: enabled, stopped_count=0, restarted_count=0

Compilation events (20 events):
Event: 9.068 Thread 0x0000020e289b59e0 8114       2       com.google.inject.Key$AnnotationTypeStrategy::<init> (23 bytes)
Event: 9.068 Thread 0x0000020e289b59e0 nmethod 8114 0x0000020e2ca88610 code [0x0000020e2ca887c0, 0x0000020e2ca889d0]
Event: 9.068 Thread 0x0000020e289b59e0 8115       2       com.google.inject.Key$AnnotationTypeStrategy::hashCode (8 bytes)
Event: 9.068 Thread 0x0000020e289b59e0 nmethod 8115 0x0000020e2ca88b10 code [0x0000020e2ca88cc0, 0x0000020e2ca88df0]
Event: 9.069 Thread 0x0000020e289b59e0 8116       2       com.google.inject.name.NamedImpl::equals (28 bytes)
Event: 9.069 Thread 0x0000020e289b59e0 nmethod 8116 0x0000020e2ca88e90 code [0x0000020e2ca89060, 0x0000020e2ca892c0]
Event: 9.070 Thread 0x0000020e289b59e0 8117   !   2       com.google.inject.internal.ProviderToInternalFactoryAdapter::get (47 bytes)
Event: 9.070 Thread 0x0000020e289b59e0 nmethod 8117 0x0000020e2ca89410 code [0x0000020e2ca89600, 0x0000020e2ca89888]
Event: 9.070 Thread 0x0000020e289b59e0 8118   !   2       org.eclipse.sisu.inject.BeanCache::flush (55 bytes)
Event: 9.071 Thread 0x0000020e289b59e0 nmethod 8118 0x0000020e2ca89b10 code [0x0000020e2ca89cc0, 0x0000020e2ca89fb8]
Event: 9.100 Thread 0x0000020e289b59e0 8119       2       org.eclipse.core.internal.jobs.JobManager::select (60 bytes)
Event: 9.101 Thread 0x0000020e289b59e0 nmethod 8119 0x0000020e2ca8a190 code [0x0000020e2ca8a360, 0x0000020e2ca8a608]
Event: 9.338 Thread 0x0000020e289b59e0 8120       1       jdk.internal.event.ThreadSleepEvent::isEnabled (2 bytes)
Event: 9.338 Thread 0x0000020e289b59e0 nmethod 8120 0x0000020e33a7e610 code [0x0000020e33a7e7a0, 0x0000020e33a7e868]
Event: 9.414 Thread 0x0000020e289b59e0 8122       2       java.util.concurrent.ConcurrentLinkedQueue::isEmpty (13 bytes)
Event: 9.414 Thread 0x0000020e289b59e0 nmethod 8122 0x0000020e2ca8a790 code [0x0000020e2ca8a940, 0x0000020e2ca8aa78]
Event: 9.627 Thread 0x0000020e289b59e0 8124       2       org.eclipse.jdt.ls.core.internal.JobHelpers$InitializeJobMatcher::matches (7 bytes)
Event: 9.627 Thread 0x0000020e289b59e0 nmethod 8124 0x0000020e2ca8ab10 code [0x0000020e2ca8acc0, 0x0000020e2ca8ae08]
Event: 9.891 Thread 0x0000020e289b59e0 8125       2       org.eclipse.core.runtime.jobs.Job::getJobManager (4 bytes)
Event: 9.892 Thread 0x0000020e289b59e0 nmethod 8125 0x0000020e2ca8ae90 code [0x0000020e2ca8b020, 0x0000020e2ca8b110]

GC Heap History (20 events):
Event: 4.710 GC heap before
{Heap before GC invocations=26 (full 2):
 PSYoungGen      total 23040K, used 22607K [0x00000000d5580000, 0x00000000d6f00000, 0x0000000100000000)
  eden space 20992K, 100% used [0x00000000d5580000,0x00000000d6a00000,0x00000000d6a00000)
  from space 2048K, 78% used [0x00000000d6c80000,0x00000000d6e13f28,0x00000000d6e80000)
  to   space 512K, 0% used [0x00000000d6e80000,0x00000000d6e80000,0x00000000d6f00000)
 ParOldGen       total 68608K, used 41049K [0x0000000080000000, 0x0000000084300000, 0x00000000d5580000)
  object space 68608K, 59% used [0x0000000080000000,0x00000000828166e0,0x0000000084300000)
 Metaspace       used 42219K, committed 43456K, reserved 1114112K
  class space    used 4517K, committed 5056K, reserved 1048576K
}
Event: 4.716 GC heap after
{Heap after GC invocations=26 (full 2):
 PSYoungGen      total 16896K, used 512K [0x00000000d5580000, 0x00000000d7c00000, 0x0000000100000000)
  eden space 16384K, 0% used [0x00000000d5580000,0x00000000d5580000,0x00000000d6580000)
  from space 512K, 100% used [0x00000000d6e80000,0x00000000d6f00000,0x00000000d6f00000)
  to   space 9216K, 0% used [0x00000000d6580000,0x00000000d6580000,0x00000000d6e80000)
 ParOldGen       total 68608K, used 48420K [0x0000000080000000, 0x0000000084300000, 0x00000000d5580000)
  object space 68608K, 70% used [0x0000000080000000,0x0000000082f49258,0x0000000084300000)
 Metaspace       used 42219K, committed 43456K, reserved 1114112K
  class space    used 4517K, committed 5056K, reserved 1048576K
}
Event: 4.836 GC heap before
{Heap before GC invocations=27 (full 2):
 PSYoungGen      total 16896K, used 16896K [0x00000000d5580000, 0x00000000d7c00000, 0x0000000100000000)
  eden space 16384K, 100% used [0x00000000d5580000,0x00000000d6580000,0x00000000d6580000)
  from space 512K, 100% used [0x00000000d6e80000,0x00000000d6f00000,0x00000000d6f00000)
  to   space 9216K, 0% used [0x00000000d6580000,0x00000000d6580000,0x00000000d6e80000)
 ParOldGen       total 68608K, used 48420K [0x0000000080000000, 0x0000000084300000, 0x00000000d5580000)
  object space 68608K, 70% used [0x0000000080000000,0x0000000082f49258,0x0000000084300000)
 Metaspace       used 44535K, committed 45760K, reserved 1114112K
  class space    used 4772K, committed 5312K, reserved 1048576K
}
Event: 4.838 GC heap after
{Heap after GC invocations=27 (full 2):
 PSYoungGen      total 17408K, used 774K [0x00000000d5580000, 0x00000000d6f00000, 0x0000000100000000)
  eden space 16384K, 0% used [0x00000000d5580000,0x00000000d5580000,0x00000000d6580000)
  from space 1024K, 75% used [0x00000000d6580000,0x00000000d6641920,0x00000000d6680000)
  to   space 3584K, 0% used [0x00000000d6b80000,0x00000000d6b80000,0x00000000d6f00000)
 ParOldGen       total 68608K, used 48927K [0x0000000080000000, 0x0000000084300000, 0x00000000d5580000)
  object space 68608K, 71% used [0x0000000080000000,0x0000000082fc7ff0,0x0000000084300000)
 Metaspace       used 44535K, committed 45760K, reserved 1114112K
  class space    used 4772K, committed 5312K, reserved 1048576K
}
Event: 5.040 GC heap before
{Heap before GC invocations=28 (full 2):
 PSYoungGen      total 17408K, used 17158K [0x00000000d5580000, 0x00000000d6f00000, 0x0000000100000000)
  eden space 16384K, 100% used [0x00000000d5580000,0x00000000d6580000,0x00000000d6580000)
  from space 1024K, 75% used [0x00000000d6580000,0x00000000d6641920,0x00000000d6680000)
  to   space 3584K, 0% used [0x00000000d6b80000,0x00000000d6b80000,0x00000000d6f00000)
 ParOldGen       total 68608K, used 48927K [0x0000000080000000, 0x0000000084300000, 0x00000000d5580000)
  object space 68608K, 71% used [0x0000000080000000,0x0000000082fc7ff0,0x0000000084300000)
 Metaspace       used 46258K, committed 47552K, reserved 1114112K
  class space    used 4986K, committed 5568K, reserved 1048576K
}
Event: 5.042 GC heap after
{Heap after GC invocations=28 (full 2):
 PSYoungGen      total 17920K, used 1060K [0x00000000d5580000, 0x00000000d6d00000, 0x0000000100000000)
  eden space 16384K, 0% used [0x00000000d5580000,0x00000000d5580000,0x00000000d6580000)
  from space 1536K, 69% used [0x00000000d6b80000,0x00000000d6c893d8,0x00000000d6d00000)
  to   space 1536K, 0% used [0x00000000d6a00000,0x00000000d6a00000,0x00000000d6b80000)
 ParOldGen       total 68608K, used 49411K [0x0000000080000000, 0x0000000084300000, 0x00000000d5580000)
  object space 68608K, 72% used [0x0000000080000000,0x0000000083040ce0,0x0000000084300000)
 Metaspace       used 46258K, committed 47552K, reserved 1114112K
  class space    used 4986K, committed 5568K, reserved 1048576K
}
Event: 5.242 GC heap before
{Heap before GC invocations=29 (full 2):
 PSYoungGen      total 17920K, used 17444K [0x00000000d5580000, 0x00000000d6d00000, 0x0000000100000000)
  eden space 16384K, 100% used [0x00000000d5580000,0x00000000d6580000,0x00000000d6580000)
  from space 1536K, 69% used [0x00000000d6b80000,0x00000000d6c893d8,0x00000000d6d00000)
  to   space 1536K, 0% used [0x00000000d6a00000,0x00000000d6a00000,0x00000000d6b80000)
 ParOldGen       total 68608K, used 49411K [0x0000000080000000, 0x0000000084300000, 0x00000000d5580000)
  object space 68608K, 72% used [0x0000000080000000,0x0000000083040ce0,0x0000000084300000)
 Metaspace       used 47635K, committed 48960K, reserved 1114112K
  class space    used 5172K, committed 5760K, reserved 1048576K
}
Event: 5.244 GC heap after
{Heap after GC invocations=29 (full 2):
 PSYoungGen      total 17408K, used 640K [0x00000000d5580000, 0x00000000d6c00000, 0x0000000100000000)
  eden space 16384K, 0% used [0x00000000d5580000,0x00000000d5580000,0x00000000d6580000)
  from space 1024K, 62% used [0x00000000d6a00000,0x00000000d6aa0000,0x00000000d6b00000)
  to   space 1024K, 0% used [0x00000000d6b00000,0x00000000d6b00000,0x00000000d6c00000)
 ParOldGen       total 68608K, used 50339K [0x0000000080000000, 0x0000000084300000, 0x00000000d5580000)
  object space 68608K, 73% used [0x0000000080000000,0x0000000083128c10,0x0000000084300000)
 Metaspace       used 47635K, committed 48960K, reserved 1114112K
  class space    used 5172K, committed 5760K, reserved 1048576K
}
Event: 5.525 GC heap before
{Heap before GC invocations=30 (full 2):
 PSYoungGen      total 17408K, used 16964K [0x00000000d5580000, 0x00000000d6c00000, 0x0000000100000000)
  eden space 16384K, 99% used [0x00000000d5580000,0x00000000d6571230,0x00000000d6580000)
  from space 1024K, 62% used [0x00000000d6a00000,0x00000000d6aa0000,0x00000000d6b00000)
  to   space 1024K, 0% used [0x00000000d6b00000,0x00000000d6b00000,0x00000000d6c00000)
 ParOldGen       total 68608K, used 50339K [0x0000000080000000, 0x0000000084300000, 0x00000000d5580000)
  object space 68608K, 73% used [0x0000000080000000,0x0000000083128c10,0x0000000084300000)
 Metaspace       used 48889K, committed 50112K, reserved 1114112K
  class space    used 5345K, committed 5888K, reserved 1048576K
}
Event: 5.527 GC heap after
{Heap after GC invocations=30 (full 2):
 PSYoungGen      total 17408K, used 832K [0x00000000d5580000, 0x00000000d6c00000, 0x0000000100000000)
  eden space 16384K, 0% used [0x00000000d5580000,0x00000000d5580000,0x00000000d6580000)
  from space 1024K, 81% used [0x00000000d6b00000,0x00000000d6bd0000,0x00000000d6c00000)
  to   space 1024K, 0% used [0x00000000d6a00000,0x00000000d6a00000,0x00000000d6b00000)
 ParOldGen       total 68608K, used 50839K [0x0000000080000000, 0x0000000084300000, 0x00000000d5580000)
  object space 68608K, 74% used [0x0000000080000000,0x00000000831a5c20,0x0000000084300000)
 Metaspace       used 48889K, committed 50112K, reserved 1114112K
  class space    used 5345K, committed 5888K, reserved 1048576K
}
Event: 5.746 GC heap before
{Heap before GC invocations=31 (full 2):
 PSYoungGen      total 17408K, used 17216K [0x00000000d5580000, 0x00000000d6c00000, 0x0000000100000000)
  eden space 16384K, 100% used [0x00000000d5580000,0x00000000d6580000,0x00000000d6580000)
  from space 1024K, 81% used [0x00000000d6b00000,0x00000000d6bd0000,0x00000000d6c00000)
  to   space 1024K, 0% used [0x00000000d6a00000,0x00000000d6a00000,0x00000000d6b00000)
 ParOldGen       total 68608K, used 50839K [0x0000000080000000, 0x0000000084300000, 0x00000000d5580000)
  object space 68608K, 74% used [0x0000000080000000,0x00000000831a5c20,0x0000000084300000)
 Metaspace       used 50184K, committed 51520K, reserved 1114112K
  class space    used 5508K, committed 6080K, reserved 1048576K
}
Event: 5.748 GC heap after
{Heap after GC invocations=31 (full 2):
 PSYoungGen      total 17408K, used 608K [0x00000000d5580000, 0x00000000d6b80000, 0x0000000100000000)
  eden space 16384K, 0% used [0x00000000d5580000,0x00000000d5580000,0x00000000d6580000)
  from space 1024K, 59% used [0x00000000d6a00000,0x00000000d6a98010,0x00000000d6b00000)
  to   space 512K, 0% used [0x00000000d6b00000,0x00000000d6b00000,0x00000000d6b80000)
 ParOldGen       total 68608K, used 51547K [0x0000000080000000, 0x0000000084300000, 0x00000000d5580000)
  object space 68608K, 75% used [0x0000000080000000,0x0000000083256c30,0x0000000084300000)
 Metaspace       used 50184K, committed 51520K, reserved 1114112K
  class space    used 5508K, committed 6080K, reserved 1048576K
}
Event: 5.963 GC heap before
{Heap before GC invocations=32 (full 2):
 PSYoungGen      total 17408K, used 16992K [0x00000000d5580000, 0x00000000d6b80000, 0x0000000100000000)
  eden space 16384K, 100% used [0x00000000d5580000,0x00000000d6580000,0x00000000d6580000)
  from space 1024K, 59% used [0x00000000d6a00000,0x00000000d6a98010,0x00000000d6b00000)
  to   space 512K, 0% used [0x00000000d6b00000,0x00000000d6b00000,0x00000000d6b80000)
 ParOldGen       total 68608K, used 51547K [0x0000000080000000, 0x0000000084300000, 0x00000000d5580000)
  object space 68608K, 75% used [0x0000000080000000,0x0000000083256c30,0x0000000084300000)
 Metaspace       used 51658K, committed 53056K, reserved 1114112K
  class space    used 5662K, committed 6272K, reserved 1048576K
}
Event: 5.967 GC heap after
{Heap after GC invocations=32 (full 2):
 PSYoungGen      total 16896K, used 480K [0x00000000d5580000, 0x00000000d6b80000, 0x0000000100000000)
  eden space 16384K, 0% used [0x00000000d5580000,0x00000000d5580000,0x00000000d6580000)
  from space 512K, 93% used [0x00000000d6b00000,0x00000000d6b78010,0x00000000d6b80000)
  to   space 1536K, 0% used [0x00000000d6880000,0x00000000d6880000,0x00000000d6a00000)
 ParOldGen       total 68608K, used 52372K [0x0000000080000000, 0x0000000084300000, 0x00000000d5580000)
  object space 68608K, 76% used [0x0000000080000000,0x00000000833252d0,0x0000000084300000)
 Metaspace       used 51658K, committed 53056K, reserved 1114112K
  class space    used 5662K, committed 6272K, reserved 1048576K
}
Event: 6.179 GC heap before
{Heap before GC invocations=33 (full 2):
 PSYoungGen      total 16896K, used 16864K [0x00000000d5580000, 0x00000000d6b80000, 0x0000000100000000)
  eden space 16384K, 100% used [0x00000000d5580000,0x00000000d6580000,0x00000000d6580000)
  from space 512K, 93% used [0x00000000d6b00000,0x00000000d6b78010,0x00000000d6b80000)
  to   space 1536K, 0% used [0x00000000d6880000,0x00000000d6880000,0x00000000d6a00000)
 ParOldGen       total 68608K, used 52372K [0x0000000080000000, 0x0000000084300000, 0x00000000d5580000)
  object space 68608K, 76% used [0x0000000080000000,0x00000000833252d0,0x0000000084300000)
 Metaspace       used 52213K, committed 53504K, reserved 1114112K
  class space    used 5729K, committed 6272K, reserved 1048576K
}
Event: 6.184 GC heap after
{Heap after GC invocations=33 (full 2):
 PSYoungGen      total 17920K, used 1517K [0x00000000d5580000, 0x00000000d6f80000, 0x0000000100000000)
  eden space 16384K, 0% used [0x00000000d5580000,0x00000000d5580000,0x00000000d6580000)
  from space 1536K, 98% used [0x00000000d6880000,0x00000000d69fb4e8,0x00000000d6a00000)
  to   space 5120K, 0% used [0x00000000d6a80000,0x00000000d6a80000,0x00000000d6f80000)
 ParOldGen       total 68608K, used 55017K [0x0000000080000000, 0x0000000084300000, 0x00000000d5580000)
  object space 68608K, 80% used [0x0000000080000000,0x00000000835ba6e0,0x0000000084300000)
 Metaspace       used 52213K, committed 53504K, reserved 1114112K
  class space    used 5729K, committed 6272K, reserved 1048576K
}
Event: 8.701 GC heap before
{Heap before GC invocations=34 (full 2):
 PSYoungGen      total 17920K, used 17901K [0x00000000d5580000, 0x00000000d6f80000, 0x0000000100000000)
  eden space 16384K, 100% used [0x00000000d5580000,0x00000000d6580000,0x00000000d6580000)
  from space 1536K, 98% used [0x00000000d6880000,0x00000000d69fb4e8,0x00000000d6a00000)
  to   space 5120K, 0% used [0x00000000d6a80000,0x00000000d6a80000,0x00000000d6f80000)
 ParOldGen       total 68608K, used 55017K [0x0000000080000000, 0x0000000084300000, 0x00000000d5580000)
  object space 68608K, 80% used [0x0000000080000000,0x00000000835ba6e0,0x0000000084300000)
 Metaspace       used 53987K, committed 55360K, reserved 1114112K
  class space    used 5877K, committed 6464K, reserved 1048576K
}
Event: 8.703 GC heap after
{Heap after GC invocations=34 (full 2):
 PSYoungGen      total 18944K, used 2520K [0x00000000d5580000, 0x00000000d6d00000, 0x0000000100000000)
  eden space 16384K, 0% used [0x00000000d5580000,0x00000000d5580000,0x00000000d6580000)
  from space 2560K, 98% used [0x00000000d6a80000,0x00000000d6cf6180,0x00000000d6d00000)
  to   space 3584K, 0% used [0x00000000d6600000,0x00000000d6600000,0x00000000d6980000)
 ParOldGen       total 68608K, used 55259K [0x0000000080000000, 0x0000000084300000, 0x00000000d5580000)
  object space 68608K, 80% used [0x0000000080000000,0x00000000835f6cc0,0x0000000084300000)
 Metaspace       used 53987K, committed 55360K, reserved 1114112K
  class space    used 5877K, committed 6464K, reserved 1048576K
}
Event: 8.849 GC heap before
{Heap before GC invocations=35 (full 2):
 PSYoungGen      total 18944K, used 18904K [0x00000000d5580000, 0x00000000d6d00000, 0x0000000100000000)
  eden space 16384K, 100% used [0x00000000d5580000,0x00000000d6580000,0x00000000d6580000)
  from space 2560K, 98% used [0x00000000d6a80000,0x00000000d6cf6180,0x00000000d6d00000)
  to   space 3584K, 0% used [0x00000000d6600000,0x00000000d6600000,0x00000000d6980000)
 ParOldGen       total 68608K, used 55259K [0x0000000080000000, 0x0000000084300000, 0x00000000d5580000)
  object space 68608K, 80% used [0x0000000080000000,0x00000000835f6cc0,0x0000000084300000)
 Metaspace       used 54135K, committed 55488K, reserved 1114112K
  class space    used 5889K, committed 6464K, reserved 1048576K
}
Event: 8.850 GC heap after
{Heap after GC invocations=35 (full 2):
 PSYoungGen      total 19968K, used 785K [0x00000000d5580000, 0x00000000d6b00000, 0x0000000100000000)
  eden space 16384K, 0% used [0x00000000d5580000,0x00000000d5580000,0x00000000d6580000)
  from space 3584K, 21% used [0x00000000d6600000,0x00000000d66c47b8,0x00000000d6980000)
  to   space 1536K, 0% used [0x00000000d6980000,0x00000000d6980000,0x00000000d6b00000)
 ParOldGen       total 68608K, used 56221K [0x0000000080000000, 0x0000000084300000, 0x00000000d5580000)
  object space 68608K, 81% used [0x0000000080000000,0x00000000836e7670,0x0000000084300000)
 Metaspace       used 54135K, committed 55488K, reserved 1114112K
  class space    used 5889K, committed 6464K, reserved 1048576K
}

Dll operation events (10 events):
Event: 0.014 Loaded shared library c:\Users\Maghraby Store\.vscode\extensions\redhat.java-1.50.0-win32-x64\jre\21.0.9-win32-x86_64\bin\java.dll
Event: 0.098 Loaded shared library c:\Users\Maghraby Store\.vscode\extensions\redhat.java-1.50.0-win32-x64\jre\21.0.9-win32-x86_64\bin\zip.dll
Event: 0.114 Loaded shared library C:\Users\Maghraby Store\.vscode\extensions\redhat.java-1.50.0-win32-x64\jre\21.0.9-win32-x86_64\bin\instrument.dll
Event: 0.119 Loaded shared library C:\Users\Maghraby Store\.vscode\extensions\redhat.java-1.50.0-win32-x64\jre\21.0.9-win32-x86_64\bin\net.dll
Event: 0.120 Loaded shared library C:\Users\Maghraby Store\.vscode\extensions\redhat.java-1.50.0-win32-x64\jre\21.0.9-win32-x86_64\bin\nio.dll
Event: 0.123 Loaded shared library C:\Users\Maghraby Store\.vscode\extensions\redhat.java-1.50.0-win32-x64\jre\21.0.9-win32-x86_64\bin\zip.dll
Event: 0.135 Loaded shared library C:\Users\Maghraby Store\.vscode\extensions\redhat.java-1.50.0-win32-x64\jre\21.0.9-win32-x86_64\bin\jimage.dll
Event: 0.193 Loaded shared library c:\Users\Maghraby Store\.vscode\extensions\redhat.java-1.50.0-win32-x64\jre\21.0.9-win32-x86_64\bin\verify.dll
Event: 1.129 Loaded shared library C:\Users\Maghraby Store\AppData\Roaming\Code\User\globalStorage\redhat.java\1.50.0\config_win\org.eclipse.equinox.launcher\org.eclipse.equinox.launcher.win32.win32.x86_64_1.2.1400.v20250801-0854\eclipse_11916.dll
Event: 2.227 Loaded shared library C:\Users\Maghraby Store\AppData\Local\Temp\jna--607650244\jna11981196297534403535.dll

Deoptimization events (20 events):
Event: 8.815 Thread 0x0000020e86aa2da0 DEOPT PACKING pc=0x0000020e3397edec sp=0x0000008ff72fd880
Event: 8.815 Thread 0x0000020e86aa2da0 DEOPT UNPACKING pc=0x0000020e331b3aa2 sp=0x0000008ff72fd808 mode 2
Event: 8.817 Thread 0x0000020e86aa2da0 Uncommon trap: trap_request=0xffffffd6 fr.pc=0x0000020e339f25d4 relative=0x0000000000000994
Event: 8.817 Thread 0x0000020e86aa2da0 Uncommon trap: reason=array_check action=maybe_recompile pc=0x0000020e339f25d4 method=com.google.inject.internal.MoreTypes$ParameterizedTypeImpl.<init>(Ljava/lang/reflect/Type;Ljava/lang/reflect/Type;[Ljava/lang/reflect/Type;)V @ 200 c2
Event: 8.817 Thread 0x0000020e86aa2da0 DEOPT PACKING pc=0x0000020e339f25d4 sp=0x0000008ff72fda90
Event: 8.817 Thread 0x0000020e86aa2da0 DEOPT UNPACKING pc=0x0000020e331b3aa2 sp=0x0000008ff72fd9a8 mode 2
Event: 8.817 Thread 0x0000020e86aa2da0 Uncommon trap: trap_request=0xffffffd6 fr.pc=0x0000020e339f25d4 relative=0x0000000000000994
Event: 8.817 Thread 0x0000020e86aa2da0 Uncommon trap: reason=array_check action=maybe_recompile pc=0x0000020e339f25d4 method=com.google.inject.internal.MoreTypes$ParameterizedTypeImpl.<init>(Ljava/lang/reflect/Type;Ljava/lang/reflect/Type;[Ljava/lang/reflect/Type;)V @ 200 c2
Event: 8.817 Thread 0x0000020e86aa2da0 DEOPT PACKING pc=0x0000020e339f25d4 sp=0x0000008ff72fda90
Event: 8.817 Thread 0x0000020e86aa2da0 DEOPT UNPACKING pc=0x0000020e331b3aa2 sp=0x0000008ff72fd9a8 mode 2
Event: 8.817 Thread 0x0000020e86aa2da0 Uncommon trap: trap_request=0xffffffd6 fr.pc=0x0000020e339f25d4 relative=0x0000000000000994
Event: 8.817 Thread 0x0000020e86aa2da0 Uncommon trap: reason=array_check action=maybe_recompile pc=0x0000020e339f25d4 method=com.google.inject.internal.MoreTypes$ParameterizedTypeImpl.<init>(Ljava/lang/reflect/Type;Ljava/lang/reflect/Type;[Ljava/lang/reflect/Type;)V @ 200 c2
Event: 8.817 Thread 0x0000020e86aa2da0 DEOPT PACKING pc=0x0000020e339f25d4 sp=0x0000008ff72fda90
Event: 8.817 Thread 0x0000020e86aa2da0 DEOPT UNPACKING pc=0x0000020e331b3aa2 sp=0x0000008ff72fd9a8 mode 2
Event: 8.817 Thread 0x0000020e86aa2da0 Uncommon trap: trap_request=0xffffffd6 fr.pc=0x0000020e339f25d4 relative=0x0000000000000994
Event: 8.817 Thread 0x0000020e86aa2da0 Uncommon trap: reason=array_check action=maybe_recompile pc=0x0000020e339f25d4 method=com.google.inject.internal.MoreTypes$ParameterizedTypeImpl.<init>(Ljava/lang/reflect/Type;Ljava/lang/reflect/Type;[Ljava/lang/reflect/Type;)V @ 200 c2
Event: 8.817 Thread 0x0000020e86aa2da0 DEOPT PACKING pc=0x0000020e339f25d4 sp=0x0000008ff72fda90
Event: 8.817 Thread 0x0000020e86aa2da0 DEOPT UNPACKING pc=0x0000020e331b3aa2 sp=0x0000008ff72fd9a8 mode 2
Event: 8.852 Thread 0x0000020e86aa2da0 DEOPT PACKING pc=0x0000020e2c5f0632 sp=0x0000008ff72fdc50
Event: 8.852 Thread 0x0000020e86aa2da0 DEOPT UNPACKING pc=0x0000020e331b4242 sp=0x0000008ff72fd180 mode 0

Classes loaded (20 events):
Event: 6.033 Loading class sun/security/provider/MD5
Event: 6.034 Loading class sun/security/provider/MD5 done
Event: 6.034 Loading class sun/security/provider/ByteArrayAccess$LE
Event: 6.034 Loading class sun/security/provider/ByteArrayAccess$LE done
Event: 6.078 Loading class java/nio/file/FileTreeIterator
Event: 6.078 Loading class java/nio/file/FileTreeIterator done
Event: 6.264 Loading class java/util/stream/ReduceOps$4
Event: 6.264 Loading class java/util/stream/ReduceOps$4 done
Event: 6.265 Loading class java/util/stream/ReduceOps$4ReducingSink
Event: 6.265 Loading class java/util/stream/ReduceOps$4ReducingSink done
Event: 6.267 Loading class java/nio/file/Files$2
Event: 6.267 Loading class java/nio/file/Files$2 done
Event: 6.421 Loading class java/util/concurrent/ArrayBlockingQueue
Event: 6.421 Loading class java/util/concurrent/ArrayBlockingQueue done
Event: 6.557 Loading class java/util/Hashtable$ValueCollection
Event: 6.557 Loading class java/util/Hashtable$ValueCollection done
Event: 6.561 Loading class java/util/concurrent/ConcurrentHashMap$KeySpliterator
Event: 6.561 Loading class java/util/concurrent/ConcurrentHashMap$KeySpliterator done
Event: 6.570 Loading class sun/nio/ch/ChannelOutputStream
Event: 6.570 Loading class sun/nio/ch/ChannelOutputStream done

Classes unloaded (7 events):
Event: 2.678 Thread 0x0000020e28acfab0 Unloading class 0x0000020e411a3400 'java/lang/invoke/LambdaForm$MH+0x0000020e411a3400'
Event: 2.678 Thread 0x0000020e28acfab0 Unloading class 0x0000020e411a3000 'java/lang/invoke/LambdaForm$MH+0x0000020e411a3000'
Event: 2.678 Thread 0x0000020e28acfab0 Unloading class 0x0000020e411a2c00 'java/lang/invoke/LambdaForm$MH+0x0000020e411a2c00'
Event: 2.678 Thread 0x0000020e28acfab0 Unloading class 0x0000020e411a2800 'java/lang/invoke/LambdaForm$MH+0x0000020e411a2800'
Event: 2.678 Thread 0x0000020e28acfab0 Unloading class 0x0000020e411a2400 'java/lang/invoke/LambdaForm$BMH+0x0000020e411a2400'
Event: 2.678 Thread 0x0000020e28acfab0 Unloading class 0x0000020e411a2000 'java/lang/invoke/LambdaForm$DMH+0x0000020e411a2000'
Event: 2.678 Thread 0x0000020e28acfab0 Unloading class 0x0000020e411a0c00 'java/lang/invoke/LambdaForm$DMH+0x0000020e411a0c00'

Classes redefined (0 events):
No events

Internal exceptions (20 events):
Event: 5.264 Thread 0x0000020e86a9f920 Exception <a 'java/lang/NoSuchMethodError'{0x00000000d572d608}: 'java.lang.Object java.lang.invoke.Invokers$Holder.invokeExact_MT(java.lang.Object, int, java.lang.Object)'> (0x00000000d572d608) 
thrown [s\src\hotspot\share\interpreter\linkResolver.cpp, line 773]
Event: 5.711 Thread 0x0000020e86a9f920 Exception <a 'java/lang/NoClassDefFoundError'{0x00000000d6335f90}: com/google/inject/servlet/ServletModuleTargetVisitor> (0x00000000d6335f90) 
thrown [s\src\hotspot\share\classfile\systemDictionary.cpp, line 301]
Event: 5.827 Thread 0x0000020e86aa2da0 Exception <a 'java/lang/NoClassDefFoundError'{0x00000000d5bfe178}: org/eclipse/core/runtime/IPath> (0x00000000d5bfe178) 
thrown [s\src\hotspot\share\classfile\systemDictionary.cpp, line 301]
Event: 5.970 Thread 0x0000020e89a7b630 Exception <a 'java/lang/IncompatibleClassChangeError'{0x00000000d55caa08}: Found class java.lang.Object, but interface was expected> (0x00000000d55caa08) 
thrown [s\src\hotspot\share\interpreter\linkResolver.cpp, line 840]
Event: 6.269 Thread 0x0000020e86aa2da0 Exception <a 'java/lang/NoSuchMethodError'{0x00000000d57db740}: 'int java.lang.invoke.DirectMethodHandle$Holder.invokeSpecialIFC(java.lang.Object, java.lang.Object, java.lang.Object)'> (0x00000000d57db740) 
thrown [s\src\hotspot\share\interpreter\linkResolver.cpp, line 773]
Event: 6.333 Thread 0x0000020e86aa2da0 Exception <a 'java/lang/NoClassDefFoundError'{0x00000000d59b5000}: org/eclipse/jdt/internal/core/CompilationUnit> (0x00000000d59b5000) 
thrown [s\src\hotspot\share\classfile\systemDictionary.cpp, line 301]
Event: 6.534 Thread 0x0000020e8dfda2a0 Exception <a 'java/lang/NoSuchMethodError'{0x00000000d6019b98}: 'void java.lang.invoke.DirectMethodHandle$Holder.invokeStatic(java.lang.Object, int, java.lang.Object)'> (0x00000000d6019b98) 
thrown [s\src\hotspot\share\interpreter\linkResolver.cpp, line 773]
Event: 6.565 Thread 0x0000020e86aa2da0 Exception <a 'java/lang/NoSuchMethodError'{0x00000000d5bf3ca8}: 'java.lang.Object java.lang.invoke.DirectMethodHandle$Holder.newInvokeSpecial(java.lang.Object, java.lang.Object, int, int, java.lang.Object)'> (0x00000000d5bf3ca8) 
thrown [s\src\hotspot\share\interpreter\linkResolver.cpp, line 773]
Event: 8.631 Thread 0x0000020e86aa2da0 Exception <a 'sun/nio/fs/WindowsException'{0x00000000d63a95b8}> (0x00000000d63a95b8) 
thrown [s\src\hotspot\share\prims\jni.cpp, line 520]
Event: 8.631 Thread 0x0000020e89a7c350 Exception <a 'sun/nio/fs/WindowsException'{0x00000000d63d4d20}> (0x00000000d63d4d20) 
thrown [s\src\hotspot\share\prims\jni.cpp, line 520]
Event: 8.632 Thread 0x0000020e89a7c350 Exception <a 'sun/nio/fs/WindowsException'{0x00000000d63d5ef8}> (0x00000000d63d5ef8) 
thrown [s\src\hotspot\share\prims\jni.cpp, line 520]
Event: 8.633 Thread 0x0000020e89a7a910 Exception <a 'sun/nio/fs/WindowsException'{0x00000000d63e2828}> (0x00000000d63e2828) 
thrown [s\src\hotspot\share\prims\jni.cpp, line 520]
Event: 8.768 Thread 0x0000020e86aa2da0 Exception <a 'sun/nio/fs/WindowsException'{0x00000000d5b50ae0}> (0x00000000d5b50ae0) 
thrown [s\src\hotspot\share\prims\jni.cpp, line 520]
Event: 8.769 Thread 0x0000020e86aa2da0 Exception <a 'sun/nio/fs/WindowsException'{0x00000000d5b51388}> (0x00000000d5b51388) 
thrown [s\src\hotspot\share\prims\jni.cpp, line 520]
Event: 8.769 Thread 0x0000020e86aa2da0 Exception <a 'sun/nio/fs/WindowsException'{0x00000000d5b52410}> (0x00000000d5b52410) 
thrown [s\src\hotspot\share\prims\jni.cpp, line 520]
Event: 8.770 Thread 0x0000020e86aa2da0 Exception <a 'sun/nio/fs/WindowsException'{0x00000000d5b52948}> (0x00000000d5b52948) 
thrown [s\src\hotspot\share\prims\jni.cpp, line 520]
Event: 8.770 Thread 0x0000020e86aa2da0 Exception <a 'sun/nio/fs/WindowsException'{0x00000000d5b53a58}> (0x00000000d5b53a58) 
thrown [s\src\hotspot\share\prims\jni.cpp, line 520]
Event: 8.770 Thread 0x0000020e86aa2da0 Exception <a 'sun/nio/fs/WindowsException'{0x00000000d5b54300}> (0x00000000d5b54300) 
thrown [s\src\hotspot\share\prims\jni.cpp, line 520]
Event: 8.771 Thread 0x0000020e86aa2da0 Exception <a 'sun/nio/fs/WindowsException'{0x00000000d5b55270}> (0x00000000d5b55270) 
thrown [s\src\hotspot\share\prims\jni.cpp, line 520]
Event: 8.771 Thread 0x0000020e86aa2da0 Exception <a 'sun/nio/fs/WindowsException'{0x00000000d5b55b18}> (0x00000000d5b55b18) 
thrown [s\src\hotspot\share\prims\jni.cpp, line 520]

ZGC Phase Switch (0 events):
No events

VM Operations (20 events):
Event: 5.967 Executing VM operation: ParallelGCFailedAllocation (Allocation Failure) done
Event: 6.179 Executing VM operation: ParallelGCFailedAllocation (Allocation Failure)
Event: 6.184 Executing VM operation: ParallelGCFailedAllocation (Allocation Failure) done
Event: 6.609 Executing VM operation: ICBufferFull
Event: 6.609 Executing VM operation: ICBufferFull done
Event: 6.609 Executing VM operation: ICBufferFull
Event: 6.609 Executing VM operation: ICBufferFull done
Event: 6.609 Executing VM operation: ICBufferFull
Event: 6.609 Executing VM operation: ICBufferFull done
Event: 8.609 Executing VM operation: Cleanup
Event: 8.609 Executing VM operation: Cleanup done
Event: 8.701 Executing VM operation: ParallelGCFailedAllocation (Allocation Failure)
Event: 8.704 Executing VM operation: ParallelGCFailedAllocation (Allocation Failure) done
Event: 8.849 Executing VM operation: ParallelGCFailedAllocation (Allocation Failure)
Event: 8.850 Executing VM operation: ParallelGCFailedAllocation (Allocation Failure) done
Event: 8.997 Executing VM operation: HandshakeAllThreads (Deoptimize)
Event: 8.997 Executing VM operation: HandshakeAllThreads (Deoptimize) done
Event: 9.066 Executing VM operation: ICBufferFull
Event: 9.066 Executing VM operation: ICBufferFull done
Event: 10.072 Executing VM operation: Cleanup

Memory protections (0 events):
No events

Nmethod flushes (20 events):
Event: 3.668 Thread 0x0000020e28acfab0 flushing  nmethod 0x0000020e2c24ca90
Event: 3.668 Thread 0x0000020e28acfab0 flushing  nmethod 0x0000020e2c24d290
Event: 3.668 Thread 0x0000020e28acfab0 flushing  nmethod 0x0000020e2c24da10
Event: 3.668 Thread 0x0000020e28acfab0 flushing  nmethod 0x0000020e2c24ef90
Event: 3.668 Thread 0x0000020e28acfab0 flushing  nmethod 0x0000020e2c250190
Event: 3.668 Thread 0x0000020e28acfab0 flushing  nmethod 0x0000020e2c250590
Event: 3.668 Thread 0x0000020e28acfab0 flushing  nmethod 0x0000020e2c250a10
Event: 3.668 Thread 0x0000020e28acfab0 flushing  nmethod 0x0000020e2c253d90
Event: 3.668 Thread 0x0000020e28acfab0 flushing  nmethod 0x0000020e2c254090
Event: 3.668 Thread 0x0000020e28acfab0 flushing  nmethod 0x0000020e2c26ff10
Event: 3.668 Thread 0x0000020e28acfab0 flushing  nmethod 0x0000020e2c285710
Event: 3.668 Thread 0x0000020e28acfab0 flushing  nmethod 0x0000020e2c28a790
Event: 3.668 Thread 0x0000020e28acfab0 flushing  nmethod 0x0000020e2c28b810
Event: 3.668 Thread 0x0000020e28acfab0 flushing  nmethod 0x0000020e2c293210
Event: 3.668 Thread 0x0000020e28acfab0 flushing  nmethod 0x0000020e2c29d310
Event: 3.668 Thread 0x0000020e28acfab0 flushing  nmethod 0x0000020e2c30f790
Event: 3.668 Thread 0x0000020e28acfab0 flushing  nmethod 0x0000020e2c31f010
Event: 3.668 Thread 0x0000020e28acfab0 flushing  nmethod 0x0000020e2c31f490
Event: 3.668 Thread 0x0000020e28acfab0 flushing  nmethod 0x0000020e2c324310
Event: 3.668 Thread 0x0000020e28acfab0 flushing  nmethod 0x0000020e2c33b210

Events (20 events):
Event: 4.970 Thread 0x0000020e89a7c350 Thread added: 0x0000020e89a7c9e0
Event: 4.971 Thread 0x0000020e89a7a910 Thread added: 0x0000020e89a79bf0
Event: 4.972 Thread 0x0000020e89a7a910 Thread added: 0x0000020e89a7a280
Event: 4.972 Thread 0x0000020e89a7c9e0 Thread added: 0x0000020e89a7afa0
Event: 4.972 Thread 0x0000020e89a79bf0 Thread added: 0x0000020e89a79560
Event: 4.973 Thread 0x0000020e89a7c9e0 Thread added: 0x0000020e89a7d070
Event: 5.015 Thread 0x0000020e86aa2da0 Thread added: 0x0000020e89a7bcc0
Event: 5.015 Thread 0x0000020e86aa2da0 Thread added: 0x0000020e8dfd6100
Event: 5.015 Thread 0x0000020e86aa2da0 Thread added: 0x0000020e8dfd6e20
Event: 5.015 Thread 0x0000020e86aa2da0 Thread added: 0x0000020e8dfd6790
Event: 5.016 Thread 0x0000020e89a7bcc0 Thread added: 0x0000020e8dfd5a70
Event: 5.016 Thread 0x0000020e86aa2da0 Thread added: 0x0000020e8dfd53e0
Event: 5.069 Thread 0x0000020e86aa2080 Thread added: 0x0000020e8dfd8ef0
Event: 6.423 Thread 0x0000020e86aa2da0 Thread added: 0x0000020e8dfda2a0
Event: 6.566 Thread 0x0000020e86aa2da0 Thread added: 0x0000020e8dfda930
Event: 6.576 Thread 0x0000020e86aa2da0 Thread added: 0x0000020e8dfd7b40
Event: 6.576 Thread 0x0000020e86aa2da0 Thread added: 0x0000020e8dfd74b0
Event: 6.576 Thread 0x0000020e86aa2da0 Thread added: 0x0000020e8dfd9c10
Event: 6.576 Thread 0x0000020e86aa2da0 Thread added: 0x0000020e8dfd9580
Event: 6.576 Thread 0x0000020e86aa2da0 Thread added: 0x0000020e8dfdafc0


Dynamic libraries:
0x00007ff71dfb0000 - 0x00007ff71dfbe000 	c:\Users\Maghraby Store\.vscode\extensions\redhat.java-1.50.0-win32-x64\jre\21.0.9-win32-x86_64\bin\java.exe
0x00007ffcc4580000 - 0x00007ffcc47e7000 	C:\WINDOWS\SYSTEM32\ntdll.dll
0x00007ffcc25c0000 - 0x00007ffcc2689000 	C:\WINDOWS\System32\KERNEL32.DLL
0x00007ffcc16d0000 - 0x00007ffcc1abf000 	C:\WINDOWS\System32\KERNELBASE.dll
0x00007ffcc1ff0000 - 0x00007ffcc213b000 	C:\WINDOWS\System32\ucrtbase.dll
0x00007ffca3720000 - 0x00007ffca373e000 	c:\Users\Maghraby Store\.vscode\extensions\redhat.java-1.50.0-win32-x64\jre\21.0.9-win32-x86_64\bin\VCRUNTIME140.dll
0x00007ffcb12b0000 - 0x00007ffcb12c8000 	c:\Users\Maghraby Store\.vscode\extensions\redhat.java-1.50.0-win32-x64\jre\21.0.9-win32-x86_64\bin\jli.dll
0x00007ffcc37a0000 - 0x00007ffcc3965000 	C:\WINDOWS\System32\USER32.dll
0x00007ffca8720000 - 0x00007ffca89b3000 	C:\WINDOWS\WinSxS\amd64_microsoft.windows.common-controls_6595b64144ccf1df_6.0.26100.7309_none_3e05feeae336a044\COMCTL32.dll
0x00007ffcc1e50000 - 0x00007ffcc1e77000 	C:\WINDOWS\System32\win32u.dll
0x00007ffcc23f0000 - 0x00007ffcc2499000 	C:\WINDOWS\System32\msvcrt.dll
0x00007ffcc40d0000 - 0x00007ffcc40fb000 	C:\WINDOWS\System32\GDI32.dll
0x00007ffcc2140000 - 0x00007ffcc226c000 	C:\WINDOWS\System32\gdi32full.dll
0x00007ffcc2270000 - 0x00007ffcc2313000 	C:\WINDOWS\System32\msvcp_win.dll
0x00007ffcc3e20000 - 0x00007ffcc3e51000 	C:\WINDOWS\System32\IMM32.DLL
0x00007ffcb0d50000 - 0x00007ffcb0d5c000 	c:\Users\Maghraby Store\.vscode\extensions\redhat.java-1.50.0-win32-x64\jre\21.0.9-win32-x86_64\bin\vcruntime140_1.dll
0x00007ffc965d0000 - 0x00007ffc9665d000 	c:\Users\Maghraby Store\.vscode\extensions\redhat.java-1.50.0-win32-x64\jre\21.0.9-win32-x86_64\bin\msvcp140.dll
0x00007ffc59600000 - 0x00007ffc5a3a0000 	c:\Users\Maghraby Store\.vscode\extensions\redhat.java-1.50.0-win32-x64\jre\21.0.9-win32-x86_64\bin\server\jvm.dll
0x00007ffcc3600000 - 0x00007ffcc36b4000 	C:\WINDOWS\System32\ADVAPI32.dll
0x00007ffcc42e0000 - 0x00007ffcc4386000 	C:\WINDOWS\System32\sechost.dll
0x00007ffcc3e60000 - 0x00007ffcc3f78000 	C:\WINDOWS\System32\RPCRT4.dll
0x00007ffcc44c0000 - 0x00007ffcc4534000 	C:\WINDOWS\System32\WS2_32.dll
0x00007ffcb13e0000 - 0x00007ffcb13eb000 	C:\WINDOWS\SYSTEM32\VERSION.dll
0x00007ffca90d0000 - 0x00007ffca9105000 	C:\WINDOWS\SYSTEM32\WINMM.dll
0x00007ffcc1530000 - 0x00007ffcc158e000 	C:\WINDOWS\SYSTEM32\POWRPROF.dll
0x00007ffcc1510000 - 0x00007ffcc1524000 	C:\WINDOWS\SYSTEM32\UMPDC.dll
0x00007ffcc0440000 - 0x00007ffcc045b000 	C:\WINDOWS\SYSTEM32\kernel.appcore.dll
0x00007ffcaba10000 - 0x00007ffcaba1a000 	c:\Users\Maghraby Store\.vscode\extensions\redhat.java-1.50.0-win32-x64\jre\21.0.9-win32-x86_64\bin\jimage.dll
0x00007ffcbee10000 - 0x00007ffcbf052000 	C:\WINDOWS\SYSTEM32\DBGHELP.DLL
0x00007ffcc39e0000 - 0x00007ffcc3d65000 	C:\WINDOWS\System32\combase.dll
0x00007ffcc36c0000 - 0x00007ffcc3796000 	C:\WINDOWS\System32\OLEAUT32.dll
0x00007ffcabfa0000 - 0x00007ffcabfdc000 	C:\WINDOWS\SYSTEM32\dbgcore.DLL
0x00007ffcc1ad0000 - 0x00007ffcc1b75000 	C:\WINDOWS\System32\bcryptPrimitives.dll
0x00007ffcb7620000 - 0x00007ffcb762f000 	c:\Users\Maghraby Store\.vscode\extensions\redhat.java-1.50.0-win32-x64\jre\21.0.9-win32-x86_64\bin\instrument.dll
0x00007ffc9c4c0000 - 0x00007ffc9c4e0000 	c:\Users\Maghraby Store\.vscode\extensions\redhat.java-1.50.0-win32-x64\jre\21.0.9-win32-x86_64\bin\java.dll
0x00007ffcc2690000 - 0x00007ffcc2de3000 	C:\WINDOWS\System32\SHELL32.dll
0x00007ffcc1e80000 - 0x00007ffcc1fea000 	C:\WINDOWS\System32\wintypes.dll
0x00007ffcbf290000 - 0x00007ffcbfaee000 	C:\WINDOWS\SYSTEM32\windows.storage.dll
0x00007ffcc3f80000 - 0x00007ffcc4075000 	C:\WINDOWS\System32\SHCORE.dll
0x00007ffcc4100000 - 0x00007ffcc4166000 	C:\WINDOWS\System32\shlwapi.dll
0x00007ffcc15f0000 - 0x00007ffcc1619000 	C:\WINDOWS\SYSTEM32\profapi.dll
0x00007ffca3650000 - 0x00007ffca3668000 	c:\Users\Maghraby Store\.vscode\extensions\redhat.java-1.50.0-win32-x64\jre\21.0.9-win32-x86_64\bin\zip.dll
0x00007ffca4490000 - 0x00007ffca44a0000 	C:\Users\Maghraby Store\.vscode\extensions\redhat.java-1.50.0-win32-x64\jre\21.0.9-win32-x86_64\bin\net.dll
0x00007ffcb7860000 - 0x00007ffcb7988000 	C:\WINDOWS\SYSTEM32\WINHTTP.dll
0x00007ffcc0990000 - 0x00007ffcc09fb000 	C:\WINDOWS\system32\mswsock.dll
0x00007ffc99950000 - 0x00007ffc99966000 	C:\Users\Maghraby Store\.vscode\extensions\redhat.java-1.50.0-win32-x64\jre\21.0.9-win32-x86_64\bin\nio.dll
0x00007ffcb11c0000 - 0x00007ffcb11d0000 	c:\Users\Maghraby Store\.vscode\extensions\redhat.java-1.50.0-win32-x64\jre\21.0.9-win32-x86_64\bin\verify.dll
0x00007ffcb10f0000 - 0x00007ffcb1134000 	C:\Users\Maghraby Store\AppData\Roaming\Code\User\globalStorage\redhat.java\1.50.0\config_win\org.eclipse.equinox.launcher\org.eclipse.equinox.launcher.win32.win32.x86_64_1.2.1400.v20250801-0854\eclipse_11916.dll
0x00007ffcc2fd0000 - 0x00007ffcc3167000 	C:\WINDOWS\System32\ole32.dll
0x00007ffcc0d80000 - 0x00007ffcc0d9b000 	C:\WINDOWS\SYSTEM32\CRYPTSP.dll
0x00007ffcc03a0000 - 0x00007ffcc03da000 	C:\WINDOWS\system32\rsaenh.dll
0x00007ffcc0a40000 - 0x00007ffcc0a6b000 	C:\WINDOWS\SYSTEM32\USERENV.dll
0x00007ffcc15c0000 - 0x00007ffcc15ea000 	C:\WINDOWS\SYSTEM32\bcrypt.dll
0x00007ffcc0be0000 - 0x00007ffcc0bec000 	C:\WINDOWS\SYSTEM32\CRYPTBASE.dll
0x00007ffcbfe80000 - 0x00007ffcbfeb4000 	C:\WINDOWS\SYSTEM32\IPHLPAPI.DLL
0x00007ffcc24a0000 - 0x00007ffcc24aa000 	C:\WINDOWS\System32\NSI.dll
0x00007ffcb0ef0000 - 0x00007ffcb0f39000 	C:\Users\Maghraby Store\AppData\Local\Temp\jna--607650244\jna11981196297534403535.dll
0x00007ffcc25b0000 - 0x00007ffcc25b8000 	C:\WINDOWS\System32\PSAPI.DLL
0x00007ffcb7db0000 - 0x00007ffcb7dce000 	C:\WINDOWS\SYSTEM32\dhcpcsvc6.DLL
0x00007ffcb7c00000 - 0x00007ffcb7c23000 	C:\WINDOWS\SYSTEM32\dhcpcsvc.DLL

JVMTI agents:
c:\Users\Maghraby Store\.vscode\extensions\redhat.java-1.50.0-win32-x64\lombok\lombok-1.18.39-4050.jar path:c:\Users\Maghraby Store\.vscode\extensions\redhat.java-1.50.0-win32-x64\jre\21.0.9-win32-x86_64\bin\instrument.dll, loaded, initialized, instrumentlib options:none

dbghelp: loaded successfully - version: 4.0.5 - missing functions: none
symbol engine: initialized successfully - sym options: 0x614 - pdb path: .;c:\Users\Maghraby Store\.vscode\extensions\redhat.java-1.50.0-win32-x64\jre\21.0.9-win32-x86_64\bin;C:\WINDOWS\SYSTEM32;C:\WINDOWS\WinSxS\amd64_microsoft.windows.common-controls_6595b64144ccf1df_6.0.26100.7309_none_3e05feeae336a044;c:\Users\Maghraby Store\.vscode\extensions\redhat.java-1.50.0-win32-x64\jre\21.0.9-win32-x86_64\bin\server;C:\Users\Maghraby Store\AppData\Roaming\Code\User\globalStorage\redhat.java\1.50.0\config_win\org.eclipse.equinox.launcher\org.eclipse.equinox.launcher.win32.win32.x86_64_1.2.1400.v20250801-0854;C:\Users\Maghraby Store\AppData\Local\Temp\jna--607650244

VM Arguments:
jvm_args: --add-modules=ALL-SYSTEM --add-opens=java.base/java.util=ALL-UNNAMED --add-opens=java.base/java.lang=ALL-UNNAMED --add-opens=java.base/sun.nio.fs=ALL-UNNAMED -Declipse.application=org.eclipse.jdt.ls.core.id1 -Dosgi.bundles.defaultStartLevel=4 -Declipse.product=org.eclipse.jdt.ls.core.product -Djava.import.generatesMetadataFilesAtProjectRoot=false -DDetectVMInstallationsJob.disabled=true -Dfile.encoding=utf8 -XX:+UseParallelGC -XX:GCTimeRatio=4 -XX:AdaptiveSizePolicyWeight=90 -Dsun.zip.disableMemoryMapping=true -Xmx2G -Xms100m -Xlog:disable -javaagent:c:\Users\Maghraby Store\.vscode\extensions\redhat.java-1.50.0-win32-x64\lombok\lombok-1.18.39-4050.jar -XX:+HeapDumpOnOutOfMemoryError -XX:HeapDumpPath=c:\Users\Maghraby Store\AppData\Roaming\Code\User\workspaceStorage\3dadfdb6fe4ae54e754da0009389f85c\redhat.java -Daether.dependencyCollector.impl=bf 
java_command: c:\Users\Maghraby Store\.vscode\extensions\redhat.java-1.50.0-win32-x64\server\plugins\org.eclipse.equinox.launcher_1.7.100.v20251111-0406.jar -configuration c:\Users\Maghraby Store\AppData\Roaming\Code\User\globalStorage\redhat.java\1.50.0\config_win -data c:\Users\Maghraby Store\AppData\Roaming\Code\User\workspaceStorage\3dadfdb6fe4ae54e754da0009389f85c\redhat.java\jdt_ws --pipe=\\.\pipe\lsp-c178aac6ddad29fdab86368acc3ff228-sock
java_class_path (initial): c:\Users\Maghraby Store\.vscode\extensions\redhat.java-1.50.0-win32-x64\server\plugins\org.eclipse.equinox.launcher_1.7.100.v20251111-0406.jar
Launcher Type: SUN_STANDARD

[Global flags]
    uintx AdaptiveSizePolicyWeight                 = 90                                        {product} {command line}
     intx CICompilerCount                          = 4                                         {product} {ergonomic}
    uintx GCTimeRatio                              = 4                                         {product} {command line}
     bool HeapDumpOnOutOfMemoryError               = true                                   {manageable} {command line}
    ccstr HeapDumpPath                             = c:\Users\Maghraby Store\AppData\Roaming\Code\User\workspaceStorage\3dadfdb6fe4ae54e754da0009389f85c\redhat.java         {manageable} {command line}
   size_t InitialHeapSize                          = 104857600                                 {product} {command line}
   size_t MaxHeapSize                              = 2147483648                                {product} {command line}
   size_t MaxNewSize                               = 715653120                                 {product} {ergonomic}
   size_t MinHeapDeltaBytes                        = 524288                                    {product} {ergonomic}
   size_t MinHeapSize                              = 104857600                                 {product} {command line}
   size_t NewSize                                  = 34603008                                  {product} {ergonomic}
    uintx NonNMethodCodeHeapSize                   = 5839372                                {pd product} {ergonomic}
    uintx NonProfiledCodeHeapSize                  = 122909434                              {pd product} {ergonomic}
   size_t OldSize                                  = 70254592                                  {product} {ergonomic}
    uintx ProfiledCodeHeapSize                     = 122909434                              {pd product} {ergonomic}
    uintx ReservedCodeCacheSize                    = 251658240                              {pd product} {ergonomic}
     bool SegmentedCodeCache                       = true                                      {product} {ergonomic}
   size_t SoftMaxHeapSize                          = 2147483648                             {manageable} {ergonomic}
     bool UseCompressedOops                        = true                           {product lp64_product} {ergonomic}
     bool UseLargePagesIndividualAllocation        = false                                  {pd product} {ergonomic}
     bool UseParallelGC                            = true                                      {product} {command line}

Logging:
Log output configuration:
 #0: stdout all=off uptime,level,tags foldmultilines=false
 #1: stderr all=off uptime,level,tags foldmultilines=false

Release file:
JAVA_VERSION="21.0.9" 
MODULES="java.base java.compiler java.datatransfer java.xml java.prefs java.desktop java.instrument java.logging java.management java.security.sasl java.naming java.rmi java.management.rmi java.net.http java.scripting java.security.jgss java.transaction.xa java.sql java.sql.rowset java.xml.crypto java.se java.smartcardio jdk.accessibility jdk.internal.jvmstat jdk.attach jdk.charsets jdk.internal.opt jdk.zipfs jdk.compiler jdk.crypto.ec jdk.crypto.cryptoki jdk.crypto.mscapi jdk.dynalink jdk.internal.ed jdk.editpad jdk.hotspot.agent jdk.httpserver jdk.internal.le jdk.internal.vm.ci jdk.internal.vm.compiler jdk.internal.vm.compiler.management jdk.jartool jdk.javadoc jdk.jcmd jdk.management jdk.management.agent jdk.jconsole jdk.jdeps jdk.jdwp.agent jdk.jdi jdk.jfr jdk.jshell jdk.jsobject jdk.jstatd jdk.localedata jdk.management.jfr jdk.naming.dns jdk.naming.rmi jdk.net jdk.nio.mapmode jdk.random jdk.sctp jdk.security.auth jdk.security.jgss jdk.unsupported jdk.unsupported.desktop jdk.xml.dom" 

Environment Variables:
JAVA_HOME=E:\New folder
PATH=C:\Python314\Scripts\;C:\Python314\;C:\Program Files\Common Files\Oracle\Java\javapath;C:\WINDOWS\system32;C:\WINDOWS;C:\WINDOWS\System32\Wbem;C:\WINDOWS\System32\WindowsPowerShell\v1.0\;C:\WINDOWS\System32\OpenSSH\;D:\CS102\__pycache__;D:\CS102\__pycache__\Scripts;C:\MinGW\mingw32\bin;C:\msys64\mingw64\bin;C:\Program Files (x86)\IVI Foundation\VISA\WinNT\Bin\;C:\Program Files\IVI Foundation\VISA\Win64\Bin\;C:\Program Files (x86)\IVI Foundation\VISA\WinNT\Bin;E:\New folder\bin;C:\Program Files (x86)\Microsoft SQL Server\160\Tools\Binn\;C:\Program Files\Microsoft SQL Server\160\Tools\Binn\;C:\Program Files\Microsoft SQL Server\Client SDK\ODBC\170\Tools\Binn\;C:\Program Files\Microsoft SQL Server\160\DTS\Binn\;C:\Program Files (x86)\Microsoft SQL Server\160\DTS\Binn\;C:\Users\Maghraby Store\AppData\Local\Muse Hub\lib;C:\Program Files\Git\cmd;C:\Program Files\Docker\Docker\resources\bin;C:\Program Files\nodejs\;C:\ProgramData\chocolatey\bin;C:\Users\Maghraby Store\AppData\Local\Programs\Python\Python313\Scripts\;C:\Users\Maghraby Store\AppData\Local\Programs\Python\Python313\;C:\msys64\ucrt64\bin;C:\Users\Maghraby Store\AppData\Local\Programs\Microsoft VS Code\bin;C:\Users\Maghraby Store\AppData\Local\GitHubDesktop\bin;C:\Users\Maghraby Store\AppData\Local\Microsoft\WindowsApps;C:\Users\Maghraby Store\AppData\Roaming\npm
USERNAME=Maghraby Store
OS=Windows_NT
PROCESSOR_IDENTIFIER=Intel64 Family 6 Model 142 Stepping 12, GenuineIntel
TMP=C:\Users\MAGHRA~1\AppData\Local\Temp
TEMP=C:\Users\MAGHRA~1\AppData\Local\Temp




Periodic native trim disabled

---------------  S Y S T E M  ---------------

OS:
 Windows 11 , 64 bit Build 26100 (10.0.26100.7309)
OS uptime: 1 days 5:25 hours
Hyper-V role detected

CPU: total 8 (initial active 8) (4 cores per cpu, 2 threads per core) family 6 model 142 stepping 12 microcode 0xf4, cx8, cmov, fxsr, ht, mmx, 3dnowpref, sse, sse2, sse3, ssse3, sse4.1, sse4.2, popcnt, lzcnt, tsc, tscinvbit, avx, avx2, aes, erms, clmul, bmi1, bmi2, adx, fma, vzeroupper, clflush, clflushopt, hv, rdtscp, f16c
Processor Information for the first 8 processors :
  Max Mhz: 2304, Current Mhz: 1803, Mhz Limit: 1797

Memory: 4k page, system-wide physical 16067M (4192M free)
TotalPageFile size 16067M (AvailPageFile size 4M)
current process WorkingSet (physical memory assigned to process): 282M, peak: 285M
current process commit charge ("private bytes"): 366M, peak: 369M

vm_info: OpenJDK 64-Bit Server VM (21.0.9+10-LTS) for windows-amd64 JRE (21.0.9+10-LTS), built on 2025-10-21T00:00:00Z by "admin" with unknown MS VC++:1942

END.
