#
# There is insufficient memory for the Java Runtime Environment to continue.
# Native memory allocation (malloc) failed to allocate 1065776 bytes. Error detail: Chunk::new
# Possible reasons:
#   The system is out of physical RAM or swap space
#   This process is running with CompressedOops enabled, and the Java Heap may be blocking the growth of the native heap
# Possible solutions:
#   Reduce memory load on the system
#   Increase physical memory or swap space
#   Check if swap backing store is full
#   Decrease Java heap size (-Xmx/-Xms)
#   Decrease number of Java threads
#   Decrease Java thread stack sizes (-Xss)
#   Set larger code cache with -XX:ReservedCodeCacheSize=
#   JVM is running with Unscaled Compressed Oops mode in which the Java heap is
#     placed in the first 4GB address space. The Java Heap base address is the
#     maximum limit for the native heap growth. Please use -XX:HeapBaseMinAddress
#     to set the Java Heap base and to place the Java Heap above 4GB virtual address.
# This output file may be truncated or incomplete.
#
#  Out of Memory Error (arena.cpp:168), pid=4144, tid=1292
#
# JRE version: OpenJDK Runtime Environment Temurin-21.0.9+10 (21.0.9+10) (build 21.0.9+10-LTS)
# Java VM: OpenJDK 64-Bit Server VM Temurin-21.0.9+10 (21.0.9+10-LTS, mixed mode, sharing, tiered, compressed oops, compressed class ptrs, parallel gc, windows-amd64)
# No core dump will be written. Minidumps are not enabled by default on client versions of Windows
#

---------------  S U M M A R Y ------------

Command Line: --add-modules=ALL-SYSTEM --add-opens=java.base/java.util=ALL-UNNAMED --add-opens=java.base/java.lang=ALL-UNNAMED --add-opens=java.base/sun.nio.fs=ALL-UNNAMED -Declipse.application=org.eclipse.jdt.ls.core.id1 -Dosgi.bundles.defaultStartLevel=4 -Declipse.product=org.eclipse.jdt.ls.core.product -Djava.import.generatesMetadataFilesAtProjectRoot=false -DDetectVMInstallationsJob.disabled=true -Dfile.encoding=utf8 -XX:+UseParallelGC -XX:GCTimeRatio=4 -XX:AdaptiveSizePolicyWeight=90 -Dsun.zip.disableMemoryMapping=true -Xmx2G -Xms100m -Xlog:disable -javaagent:c:\Users\Maghraby Store\.vscode\extensions\redhat.java-1.50.0-win32-x64\lombok\lombok-1.18.39-4050.jar -XX:+HeapDumpOnOutOfMemoryError -XX:HeapDumpPath=c:\Users\Maghraby Store\AppData\Roaming\Code\User\workspaceStorage\3dadfdb6fe4ae54e754da0009389f85c\redhat.java -Daether.dependencyCollector.impl=bf c:\Users\Maghraby Store\.vscode\extensions\redhat.java-1.50.0-win32-x64\server\plugins\org.eclipse.equinox.launcher_1.7.100.v20251111-0406.jar -configuration c:\Users\Maghraby Store\AppData\Roaming\Code\User\globalStorage\redhat.java\1.50.0\config_win -data c:\Users\Maghraby Store\AppData\Roaming\Code\User\workspaceStorage\3dadfdb6fe4ae54e754da0009389f85c\redhat.java\jdt_ws --pipe=\\.\pipe\lsp-35cc7ad15cb09fd9f305faefaf24ed4c-sock

Host: Intel(R) Core(TM) i7-10610U CPU @ 1.80GHz, 8 cores, 15G,  Windows 11 , 64 bit Build 26100 (10.0.26100.7309)
Time: Tue Dec 16 03:32:41 2025 Egypt Standard Time elapsed time: 10.687503 seconds (0d 0h 0m 10s)

---------------  T H R E A D  ---------------

Current thread (0x000001d4ca2ffd60):  JavaThread "C2 CompilerThread0" daemon [_thread_in_native, id=1292, stack(0x00000028aba00000,0x00000028abb00000) (1024K)]


Current CompileTask:
C2:10687 6344       4       org.eclipse.osgi.internal.serviceregistry.ServiceRegistry::notifyHooksPrivileged (57 bytes)

Stack: [0x00000028aba00000,0x00000028abb00000]
Native frames: (J=compiled Java code, j=interpreted, Vv=VM code, C=native code)
V  [jvm.dll+0x6d6e29]
V  [jvm.dll+0x8b4b76]
V  [jvm.dll+0x8b712e]
V  [jvm.dll+0x8b7813]
V  [jvm.dll+0x283d86]
V  [jvm.dll+0xc66ed]
V  [jvm.dll+0xc6c31]
V  [jvm.dll+0x3be501]
V  [jvm.dll+0x38ab92]
V  [jvm.dll+0x389fda]
V  [jvm.dll+0x24bfa0]
V  [jvm.dll+0x24b580]
V  [jvm.dll+0x1cb13e]
V  [jvm.dll+0x25b29d]
V  [jvm.dll+0x25982a]
V  [jvm.dll+0x3f7ea6]
V  [jvm.dll+0x85e9ad]
V  [jvm.dll+0x6d565d]
C  [ucrtbase.dll+0x37b0]
C  [KERNEL32.DLL+0x2e8d7]
C  [ntdll.dll+0x8c53c]


---------------  P R O C E S S  ---------------

Threads class SMR info:
_java_thread_list=0x000001d518374690, length=61, elements={
0x000001d4b386e1c0, 0x000001d4b392b400, 0x000001d4b392bfb0, 0x000001d4ca2e5fb0,
0x000001d4ca2e6a00, 0x000001d4ca2e8210, 0x000001d4ca2f0310, 0x000001d4ca2ffd60,
0x000001d4ca302800, 0x000001d50cd89fc0, 0x000001d50ce28c60, 0x000001d50cee3ec0,
0x000001d51181fa50, 0x000001d511835a70, 0x000001d511799850, 0x000001d5117d3190,
0x000001d511b11610, 0x000001d50cf6dbe0, 0x000001d511beb1e0, 0x000001d511f158f0,
0x000001d511ea3330, 0x000001d511ea0540, 0x000001d511ea2ca0, 0x000001d513054440,
0x000001d511ea0bd0, 0x000001d511ea39c0, 0x000001d511ea1260, 0x000001d511ea18f0,
0x000001d511ea1f80, 0x000001d511ea2610, 0x000001d5146bd290, 0x000001d5146bb1c0,
0x000001d5146bcc00, 0x000001d5146bd920, 0x000001d5146ba4a0, 0x000001d5146bb850,
0x000001d5146bbee0, 0x000001d5146bc570, 0x000001d5146bdfb0, 0x000001d5146bab30,
0x000001d5146c0080, 0x000001d5146bf9f0, 0x000001d5146c1430, 0x000001d5146c0da0,
0x000001d5146be640, 0x000001d5146c1ac0, 0x000001d5146bf360, 0x000001d5146c0710,
0x000001d5146becd0, 0x000001d518999e50, 0x000001d51899a4e0, 0x000001d5189976f0,
0x000001d518998aa0, 0x000001d518997060, 0x000001d518998410, 0x000001d518999130,
0x000001d51899ab70, 0x000001d5189997c0, 0x000001d51899b200, 0x000001d518997d80,
0x000001d51899c5b0
}

Java Threads: ( => current thread )
  0x000001d4b386e1c0 JavaThread "main"                              [_thread_blocked, id=19776, stack(0x00000028ab000000,0x00000028ab100000) (1024K)]
  0x000001d4b392b400 JavaThread "Reference Handler"          daemon [_thread_blocked, id=1560, stack(0x00000028ab400000,0x00000028ab500000) (1024K)]
  0x000001d4b392bfb0 JavaThread "Finalizer"                  daemon [_thread_blocked, id=19940, stack(0x00000028ab500000,0x00000028ab600000) (1024K)]
  0x000001d4ca2e5fb0 JavaThread "Signal Dispatcher"          daemon [_thread_blocked, id=18628, stack(0x00000028ab600000,0x00000028ab700000) (1024K)]
  0x000001d4ca2e6a00 JavaThread "Attach Listener"            daemon [_thread_blocked, id=14284, stack(0x00000028ab700000,0x00000028ab800000) (1024K)]
  0x000001d4ca2e8210 JavaThread "Service Thread"             daemon [_thread_blocked, id=12212, stack(0x00000028ab800000,0x00000028ab900000) (1024K)]
  0x000001d4ca2f0310 JavaThread "Monitor Deflation Thread"   daemon [_thread_blocked, id=8908, stack(0x00000028ab900000,0x00000028aba00000) (1024K)]
=>0x000001d4ca2ffd60 JavaThread "C2 CompilerThread0"         daemon [_thread_in_native, id=1292, stack(0x00000028aba00000,0x00000028abb00000) (1024K)]
  0x000001d4ca302800 JavaThread "C1 CompilerThread0"         daemon [_thread_in_vm, id=512, stack(0x00000028abb00000,0x00000028abc00000) (1024K)]
  0x000001d50cd89fc0 JavaThread "C2 CompilerThread1"         daemon [_thread_in_native, id=6156, stack(0x00000028abc00000,0x00000028abd00000) (1024K)]
  0x000001d50ce28c60 JavaThread "Common-Cleaner"             daemon [_thread_blocked, id=10684, stack(0x00000028abd00000,0x00000028abe00000) (1024K)]
  0x000001d50cee3ec0 JavaThread "Notification Thread"        daemon [_thread_blocked, id=11072, stack(0x00000028abe00000,0x00000028abf00000) (1024K)]
  0x000001d51181fa50 JavaThread "Active Thread: Equinox Container: 722f9bb9-f2e3-4d63-a889-13976d5fbc38"        [_thread_blocked, id=18356, stack(0x00000028ac600000,0x00000028ac700000) (1024K)]
  0x000001d511835a70 JavaThread "Refresh Thread: Equinox Container: 722f9bb9-f2e3-4d63-a889-13976d5fbc38" daemon [_thread_blocked, id=19476, stack(0x00000028ac700000,0x00000028ac800000) (1024K)]
  0x000001d511799850 JavaThread "Framework Event Dispatcher: Equinox Container: 722f9bb9-f2e3-4d63-a889-13976d5fbc38" daemon [_thread_blocked, id=15828, stack(0x00000028ac900000,0x00000028aca00000) (1024K)]
  0x000001d5117d3190 JavaThread "Start Level: Equinox Container: 722f9bb9-f2e3-4d63-a889-13976d5fbc38" daemon [_thread_blocked, id=20768, stack(0x00000028aca00000,0x00000028acb00000) (1024K)]
  0x000001d511b11610 JavaThread "Bundle File Closer"         daemon [_thread_blocked, id=21932, stack(0x00000028acb00000,0x00000028acc00000) (1024K)]
  0x000001d50cf6dbe0 JavaThread "SCR Component Actor"        daemon [_thread_blocked, id=19524, stack(0x00000028abf00000,0x00000028ac000000) (1024K)]
  0x000001d511beb1e0 JavaThread "Worker-JM"                         [_thread_blocked, id=16244, stack(0x00000028acd00000,0x00000028ace00000) (1024K)]
  0x000001d511f158f0 JavaThread "JNA Cleaner"                daemon [_thread_blocked, id=20472, stack(0x00000028ace00000,0x00000028acf00000) (1024K)]
  0x000001d511ea3330 JavaThread "Worker-0"                          [_thread_blocked, id=16212, stack(0x00000028acf00000,0x00000028ad000000) (1024K)]
  0x000001d511ea0540 JavaThread "Worker-1: Building"                [_thread_in_Java, id=13252, stack(0x00000028ad000000,0x00000028ad100000) (1024K)]
  0x000001d511ea2ca0 JavaThread "Worker-2"                          [_thread_blocked, id=17500, stack(0x00000028ad100000,0x00000028ad200000) (1024K)]
  0x000001d513054440 JavaThread "C2 CompilerThread2"         daemon [_thread_in_native, id=9784, stack(0x00000028acc00000,0x00000028acd00000) (1024K)]
  0x000001d511ea0bd0 JavaThread "Java indexing"              daemon [_thread_blocked, id=11284, stack(0x00000028ad200000,0x00000028ad300000) (1024K)]
  0x000001d511ea39c0 JavaThread "Worker-3"                          [_thread_blocked, id=13464, stack(0x00000028ad300000,0x00000028ad400000) (1024K)]
  0x000001d511ea1260 JavaThread "Worker-4: Repository registry initialization"        [_thread_in_Java, id=23196, stack(0x00000028ad700000,0x00000028ad800000) (1024K)]
  0x000001d511ea18f0 JavaThread "Thread-1"                   daemon [_thread_in_native, id=13172, stack(0x00000028ad800000,0x00000028ad900000) (1024K)]
  0x000001d511ea1f80 JavaThread "Thread-2"                   daemon [_thread_in_native, id=8240, stack(0x00000028ad900000,0x00000028ada00000) (1024K)]
  0x000001d511ea2610 JavaThread "Thread-3"                   daemon [_thread_in_native, id=17856, stack(0x00000028ada00000,0x00000028adb00000) (1024K)]
  0x000001d5146bd290 JavaThread "Thread-4"                   daemon [_thread_in_native, id=20508, stack(0x00000028adb00000,0x00000028adc00000) (1024K)]
  0x000001d5146bb1c0 JavaThread "Thread-5"                   daemon [_thread_in_native, id=11168, stack(0x00000028adc00000,0x00000028add00000) (1024K)]
  0x000001d5146bcc00 JavaThread "Thread-6"                   daemon [_thread_in_native, id=16120, stack(0x00000028add00000,0x00000028ade00000) (1024K)]
  0x000001d5146bd920 JavaThread "Thread-7"                   daemon [_thread_in_native, id=20420, stack(0x00000028ade00000,0x00000028adf00000) (1024K)]
  0x000001d5146ba4a0 JavaThread "Thread-8"                   daemon [_thread_in_native, id=9084, stack(0x00000028adf00000,0x00000028ae000000) (1024K)]
  0x000001d5146bb850 JavaThread "Thread-9"                   daemon [_thread_in_native, id=12080, stack(0x00000028ae000000,0x00000028ae100000) (1024K)]
  0x000001d5146bbee0 JavaThread "pool-2-thread-1"                   [_thread_blocked, id=10252, stack(0x00000028ae100000,0x00000028ae200000) (1024K)]
  0x000001d5146bc570 JavaThread "Worker-5"                          [_thread_blocked, id=5096, stack(0x00000028ae200000,0x00000028ae300000) (1024K)]
  0x000001d5146bdfb0 JavaThread "ForkJoinPool.commonPool-worker-1" daemon [_thread_blocked, id=20692, stack(0x00000028ae300000,0x00000028ae400000) (1024K)]
  0x000001d5146bab30 JavaThread "ForkJoinPool.commonPool-worker-2" daemon [_thread_blocked, id=4628, stack(0x00000028ae400000,0x00000028ae500000) (1024K)]
  0x000001d5146c0080 JavaThread "ForkJoinPool.commonPool-worker-3" daemon [_thread_blocked, id=17532, stack(0x00000028ae500000,0x00000028ae600000) (1024K)]
  0x000001d5146bf9f0 JavaThread "ForkJoinPool.commonPool-worker-4" daemon [_thread_blocked, id=18820, stack(0x00000028ae600000,0x00000028ae700000) (1024K)]
  0x000001d5146c1430 JavaThread "ForkJoinPool.commonPool-worker-5" daemon [_thread_blocked, id=12544, stack(0x00000028ae700000,0x00000028ae800000) (1024K)]
  0x000001d5146c0da0 JavaThread "ForkJoinPool.commonPool-worker-6" daemon [_thread_blocked, id=1636, stack(0x00000028ae800000,0x00000028ae900000) (1024K)]
  0x000001d5146be640 JavaThread "ForkJoinPool.commonPool-worker-7" daemon [_thread_blocked, id=22004, stack(0x00000028ae900000,0x00000028aea00000) (1024K)]
  0x000001d5146c1ac0 JavaThread "WorkspaceEventsHandler"            [_thread_blocked, id=22588, stack(0x00000028aea00000,0x00000028aeb00000) (1024K)]
  0x000001d5146bf360 JavaThread "pool-1-thread-1"                   [_thread_blocked, id=20220, stack(0x00000028aeb00000,0x00000028aec00000) (1024K)]
  0x000001d5146c0710 JavaThread "LocalFile Deleter"          daemon [_thread_blocked, id=15248, stack(0x00000028aec00000,0x00000028aed00000) (1024K)]
  0x000001d5146becd0 JavaThread "LocalFile Deleter"          daemon [_thread_blocked, id=4056, stack(0x00000028aed00000,0x00000028aee00000) (1024K)]
  0x000001d518999e50 JavaThread "LocalFile Deleter"          daemon [_thread_blocked, id=6040, stack(0x00000028aee00000,0x00000028aef00000) (1024K)]
  0x000001d51899a4e0 JavaThread "LocalFile Deleter"          daemon [_thread_blocked, id=21360, stack(0x00000028aef00000,0x00000028af000000) (1024K)]
  0x000001d5189976f0 JavaThread "LocalFile Deleter"          daemon [_thread_blocked, id=5428, stack(0x00000028af000000,0x00000028af100000) (1024K)]
  0x000001d518998aa0 JavaThread "LocalFile Deleter"          daemon [_thread_blocked, id=16060, stack(0x00000028af100000,0x00000028af200000) (1024K)]
  0x000001d518997060 JavaThread "LocalFile Deleter"          daemon [_thread_blocked, id=19048, stack(0x00000028af200000,0x00000028af300000) (1024K)]
  0x000001d518998410 JavaThread "LocalFile Deleter"          daemon [_thread_blocked, id=15820, stack(0x00000028af300000,0x00000028af400000) (1024K)]
  0x000001d518999130 JavaThread "Compiler Source File Reader" daemon [_thread_blocked, id=21764, stack(0x00000028af400000,0x00000028af500000) (1024K)]
  0x000001d51899ab70 JavaThread "Compiler Source File Reader" daemon [_thread_blocked, id=8940, stack(0x00000028af500000,0x00000028af600000) (1024K)]
  0x000001d5189997c0 JavaThread "Compiler Source File Reader" daemon [_thread_blocked, id=4584, stack(0x00000028af600000,0x00000028af700000) (1024K)]
  0x000001d51899b200 JavaThread "Compiler Source File Reader" daemon [_thread_blocked, id=21788, stack(0x00000028af700000,0x00000028af800000) (1024K)]
  0x000001d518997d80 JavaThread "Compiler Source File Reader" daemon [_thread_blocked, id=20408, stack(0x00000028af800000,0x00000028af900000) (1024K)]
  0x000001d51899c5b0 JavaThread "Compiler Source File Reader" daemon [_thread_blocked, id=17196, stack(0x00000028af900000,0x00000028afa00000) (1024K)]
Total: 61

Other Threads:
  0x000001d4b39119e0 VMThread "VM Thread"                           [id=16148, stack(0x00000028ab300000,0x00000028ab400000) (1024K)]
  0x000001d4ca1fca00 WatcherThread "VM Periodic Task Thread"        [id=13768, stack(0x00000028ab200000,0x00000028ab300000) (1024K)]
  0x000001d4b388c890 WorkerThread "GC Thread#0"                     [id=3356, stack(0x00000028ab100000,0x00000028ab200000) (1024K)]
  0x000001d51161a400 WorkerThread "GC Thread#1"                     [id=22720, stack(0x00000028ac000000,0x00000028ac100000) (1024K)]
  0x000001d51143e080 WorkerThread "GC Thread#2"                     [id=22608, stack(0x00000028ac100000,0x00000028ac200000) (1024K)]
  0x000001d51165df90 WorkerThread "GC Thread#3"                     [id=6452, stack(0x00000028ac200000,0x00000028ac300000) (1024K)]
  0x000001d51165e330 WorkerThread "GC Thread#4"                     [id=3656, stack(0x00000028ac300000,0x00000028ac400000) (1024K)]
  0x000001d5116eeb50 WorkerThread "GC Thread#5"                     [id=15636, stack(0x00000028ac400000,0x00000028ac500000) (1024K)]
  0x000001d5116ed590 WorkerThread "GC Thread#6"                     [id=18832, stack(0x00000028ac500000,0x00000028ac600000) (1024K)]
  0x000001d5116ed1f0 WorkerThread "GC Thread#7"                     [id=10024, stack(0x00000028ac800000,0x00000028ac900000) (1024K)]
Total: 10

Threads with active compile tasks:
C2 CompilerThread0  10715 6344       4       org.eclipse.osgi.internal.serviceregistry.ServiceRegistry::notifyHooksPrivileged (57 bytes)
C1 CompilerThread0  10715 6531       3       com.google.inject.spi.DefaultBindingTargetVisitor::<init> (5 bytes)
C2 CompilerThread1  10715 6415 %     4       java.net.URI::quote @ 24 (214 bytes)
C2 CompilerThread2  10715 6293   !   4       org.eclipse.osgi.internal.loader.classpath.ClasspathManager::findLocalClass (210 bytes)
Total: 4

VM state: not at safepoint (normal execution)

VM Mutex/Monitor currently owned by a thread: None

Heap address: 0x0000000080000000, size: 2048 MB, Compressed Oops mode: 32-bit

CDS archive(s) mapped at: [0x000001d4cb000000-0x000001d4cbba0000-0x000001d4cbba0000), size 12189696, SharedBaseAddress: 0x000001d4cb000000, ArchiveRelocationMode: 1.
Compressed class space mapped at: 0x000001d4cc000000-0x000001d50c000000, reserved size: 1073741824
Narrow klass base: 0x000001d4cb000000, Narrow klass shift: 0, Narrow klass range: 0x100000000

GC Precious Log:
 CardTable entry size: 512
 CPUs: 8 total, 8 available
 Memory: 16067M
 Large Page Support: Disabled
 NUMA Support: Disabled
 Compressed Oops: Enabled (32-bit)
 Alignments: Space 512K, Generation 512K, Heap 2M
 Heap Min Capacity: 100M
 Heap Initial Capacity: 100M
 Heap Max Capacity: 2G
 Pre-touch: Disabled
 Parallel Workers: 8

Heap:
 PSYoungGen      total 16896K, used 4412K [0x00000000d5580000, 0x00000000d6c80000, 0x0000000100000000)
  eden space 15872K, 24% used [0x00000000d5580000,0x00000000d593f248,0x00000000d6500000)
  from space 1024K, 56% used [0x00000000d6b80000,0x00000000d6c10010,0x00000000d6c80000)
  to   space 1024K, 0% used [0x00000000d6a80000,0x00000000d6a80000,0x00000000d6b80000)
 ParOldGen       total 68608K, used 50167K [0x0000000080000000, 0x0000000084300000, 0x00000000d5580000)
  object space 68608K, 73% used [0x0000000080000000,0x00000000830fde40,0x0000000084300000)
 Metaspace       used 48212K, committed 49600K, reserved 1114112K
  class space    used 5243K, committed 5888K, reserved 1048576K

Card table byte_map: [0x000001d4b3210000,0x000001d4b3620000] _byte_map_base: 0x000001d4b2e10000

Marking Bits: (ParMarkBitMap*) 0x00007ffc5a2c2460
 Begin Bits: [0x000001d4c5d20000, 0x000001d4c7d20000)
 End Bits:   [0x000001d4c7d20000, 0x000001d4c9d20000)

Polling page: 0x000001d4b1720000

Metaspace:

Usage:
  Non-class:     41.96 MB used.
      Class:      5.12 MB used.
       Both:     47.08 MB used.

Virtual space:
  Non-class space:       64.00 MB reserved,      42.69 MB ( 67%) committed,  1 nodes.
      Class space:        1.00 GB reserved,       5.75 MB ( <1%) committed,  1 nodes.
             Both:        1.06 GB reserved,      48.44 MB (  4%) committed. 

Chunk freelists:
   Non-Class:  5.11 MB
       Class:  10.30 MB
        Both:  15.41 MB

MaxMetaspaceSize: unlimited
CompressedClassSpaceSize: 1.00 GB
Initial GC threshold: 21.00 MB
Current GC threshold: 59.38 MB
CDS: on
 - commit_granule_bytes: 65536.
 - commit_granule_words: 8192.
 - virtual_space_node_default_size: 8388608.
 - enlarge_chunks_in_place: 1.
 - use_allocation_guard: 0.


Internal statistics:

num_allocs_failed_limit: 16.
num_arena_births: 1006.
num_arena_deaths: 14.
num_vsnodes_births: 2.
num_vsnodes_deaths: 0.
num_space_committed: 775.
num_space_uncommitted: 0.
num_chunks_returned_to_freelist: 30.
num_chunks_taken_from_freelist: 3307.
num_chunk_merges: 17.
num_chunk_splits: 1963.
num_chunks_enlarged: 1006.
num_inconsistent_stats: 0.

CodeHeap 'non-profiled nmethods': size=120000Kb used=2779Kb max_used=2779Kb free=117220Kb
 bounds [0x000001d4be540000, 0x000001d4be800000, 0x000001d4c5a70000]
CodeHeap 'profiled nmethods': size=120000Kb used=11421Kb max_used=11421Kb free=108578Kb
 bounds [0x000001d4b6a70000, 0x000001d4b75a0000, 0x000001d4bdfa0000]
CodeHeap 'non-nmethods': size=5760Kb used=1382Kb max_used=1453Kb free=4377Kb
 bounds [0x000001d4bdfa0000, 0x000001d4be210000, 0x000001d4be540000]
CodeCache: size=245760Kb, used=15582Kb, max_used=15653Kb, free=230175Kb
 total_blobs=6605, nmethods=5920, adapters=591, full_count=0
Compilation: enabled, stopped_count=0, restarted_count=0

Compilation events (20 events):
Event: 9.669 Thread 0x000001d4ca302800 nmethod 6473 0x000001d4b7579e90 code [0x000001d4b757a1c0, 0x000001d4b757b1b0]
Event: 9.670 Thread 0x000001d4ca302800 6474       3       com.google.inject.internal.AbstractProcessor$$Lambda/0x000001d4cc5a06b8::test (16 bytes)
Event: 9.670 Thread 0x000001d4ca302800 nmethod 6474 0x000001d4b757b690 code [0x000001d4b757b8a0, 0x000001d4b757c070]
Event: 9.671 Thread 0x000001d4ca302800 6475       3       com.google.inject.internal.AbstractProcessor::lambda$process$0 (28 bytes)
Event: 9.673 Thread 0x000001d4ca302800 nmethod 6475 0x000001d4b757c310 code [0x000001d4b757c500, 0x000001d4b757cb48]
Event: 9.674 Thread 0x000001d4ca302800 6476       3       com.google.inject.internal.Errors::withSource (29 bytes)
Event: 9.674 Thread 0x000001d4ca302800 nmethod 6476 0x000001d4b757cd90 code [0x000001d4b757cf40, 0x000001d4b757d238]
Event: 9.674 Thread 0x000001d4ca302800 6477       3       com.google.inject.internal.Errors::<init> (23 bytes)
Event: 9.674 Thread 0x000001d4ca302800 nmethod 6477 0x000001d4b757d310 code [0x000001d4b757d4c0, 0x000001d4b757d678]
Event: 9.674 Thread 0x000001d4ca302800 6478       3       com.google.inject.internal.AbstractProcessor::visitOther (6 bytes)
Event: 9.674 Thread 0x000001d4ca302800 nmethod 6478 0x000001d4b757d790 code [0x000001d4b757d940, 0x000001d4b757db98]
Event: 9.675 Thread 0x000001d4ca302800 6479       3       com.google.inject.internal.AbstractProcessor::visitOther (5 bytes)
Event: 9.675 Thread 0x000001d4ca302800 nmethod 6479 0x000001d4b757dc90 code [0x000001d4b757de40, 0x000001d4b757dfc0]
Event: 9.678 Thread 0x000001d4ca302800 6481   !   3       lombok.launch.ShadowClassLoader::loadClass (242 bytes)
Event: 9.680 Thread 0x000001d4ca302800 nmethod 6481 0x000001d4b757e090 code [0x000001d4b757e4e0, 0x000001d4b757fe18]
Event: 9.680 Thread 0x000001d4ca302800 6485       3       sun.reflect.generics.parser.SignatureParser::parsePackageNameAndSimpleClassTypeSignature (119 bytes)
Event: 9.681 Thread 0x000001d4ca302800 nmethod 6485 0x000001d4b7580790 code [0x000001d4b7580a80, 0x000001d4b75814c0]
Event: 9.681 Thread 0x000001d4ca302800 6488       3       sun.reflect.generics.tree.SimpleClassTypeSignature::make (11 bytes)
Event: 9.682 Thread 0x000001d4ca302800 nmethod 6488 0x000001d4b7581910 code [0x000001d4b7581ac0, 0x000001d4b7581d00]
Event: 9.682 Thread 0x000001d4ca302800 6487       3       sun.reflect.generics.parser.SignatureParser::parseClassTypeSignature (118 bytes)

GC Heap History (20 events):
Event: 7.770 GC heap before
{Heap before GC invocations=23 (full 2):
 PSYoungGen      total 21504K, used 21280K [0x00000000d5580000, 0x00000000d7080000, 0x0000000100000000)
  eden space 19456K, 100% used [0x00000000d5580000,0x00000000d6880000,0x00000000d6880000)
  from space 2048K, 89% used [0x00000000d6e80000,0x00000000d7048010,0x00000000d7080000)
  to   space 2048K, 0% used [0x00000000d6c00000,0x00000000d6c00000,0x00000000d6e00000)
 ParOldGen       total 68608K, used 32532K [0x0000000080000000, 0x0000000084300000, 0x00000000d5580000)
  object space 68608K, 47% used [0x0000000080000000,0x0000000081fc5270,0x0000000084300000)
 Metaspace       used 39845K, committed 41024K, reserved 1114112K
  class space    used 4209K, committed 4736K, reserved 1048576K
}
Event: 7.774 GC heap after
{Heap after GC invocations=23 (full 2):
 PSYoungGen      total 21504K, used 2006K [0x00000000d5580000, 0x00000000d6f00000, 0x0000000100000000)
  eden space 19456K, 0% used [0x00000000d5580000,0x00000000d5580000,0x00000000d6880000)
  from space 2048K, 97% used [0x00000000d6c00000,0x00000000d6df5b38,0x00000000d6e00000)
  to   space 1024K, 0% used [0x00000000d6e00000,0x00000000d6e00000,0x00000000d6f00000)
 ParOldGen       total 68608K, used 34236K [0x0000000080000000, 0x0000000084300000, 0x00000000d5580000)
  object space 68608K, 49% used [0x0000000080000000,0x000000008216f280,0x0000000084300000)
 Metaspace       used 39845K, committed 41024K, reserved 1114112K
  class space    used 4209K, committed 4736K, reserved 1048576K
}
Event: 7.829 GC heap before
{Heap before GC invocations=24 (full 2):
 PSYoungGen      total 21504K, used 21462K [0x00000000d5580000, 0x00000000d6f00000, 0x0000000100000000)
  eden space 19456K, 100% used [0x00000000d5580000,0x00000000d6880000,0x00000000d6880000)
  from space 2048K, 97% used [0x00000000d6c00000,0x00000000d6df5b38,0x00000000d6e00000)
  to   space 1024K, 0% used [0x00000000d6e00000,0x00000000d6e00000,0x00000000d6f00000)
 ParOldGen       total 68608K, used 34236K [0x0000000080000000, 0x0000000084300000, 0x00000000d5580000)
  object space 68608K, 49% used [0x0000000080000000,0x000000008216f280,0x0000000084300000)
 Metaspace       used 40193K, committed 41408K, reserved 1114112K
  class space    used 4263K, committed 4800K, reserved 1048576K
}
Event: 7.833 GC heap after
{Heap after GC invocations=24 (full 2):
 PSYoungGen      total 20480K, used 1021K [0x00000000d5580000, 0x00000000d6f80000, 0x0000000100000000)
  eden space 19456K, 0% used [0x00000000d5580000,0x00000000d5580000,0x00000000d6880000)
  from space 1024K, 99% used [0x00000000d6e00000,0x00000000d6eff620,0x00000000d6f00000)
  to   space 3584K, 0% used [0x00000000d6880000,0x00000000d6880000,0x00000000d6c00000)
 ParOldGen       total 68608K, used 36500K [0x0000000080000000, 0x0000000084300000, 0x00000000d5580000)
  object space 68608K, 53% used [0x0000000080000000,0x00000000823a53a0,0x0000000084300000)
 Metaspace       used 40193K, committed 41408K, reserved 1114112K
  class space    used 4263K, committed 4800K, reserved 1048576K
}
Event: 7.885 GC heap before
{Heap before GC invocations=25 (full 2):
 PSYoungGen      total 20480K, used 20477K [0x00000000d5580000, 0x00000000d6f80000, 0x0000000100000000)
  eden space 19456K, 100% used [0x00000000d5580000,0x00000000d6880000,0x00000000d6880000)
  from space 1024K, 99% used [0x00000000d6e00000,0x00000000d6eff620,0x00000000d6f00000)
  to   space 3584K, 0% used [0x00000000d6880000,0x00000000d6880000,0x00000000d6c00000)
 ParOldGen       total 68608K, used 36500K [0x0000000080000000, 0x0000000084300000, 0x00000000d5580000)
  object space 68608K, 53% used [0x0000000080000000,0x00000000823a53a0,0x0000000084300000)
 Metaspace       used 40345K, committed 41536K, reserved 1114112K
  class space    used 4284K, committed 4800K, reserved 1048576K
}
Event: 7.889 GC heap after
{Heap after GC invocations=25 (full 2):
 PSYoungGen      total 23040K, used 1536K [0x00000000d5580000, 0x00000000d6e80000, 0x0000000100000000)
  eden space 19456K, 0% used [0x00000000d5580000,0x00000000d5580000,0x00000000d6880000)
  from space 3584K, 42% used [0x00000000d6880000,0x00000000d6a00000,0x00000000d6c00000)
  to   space 2560K, 0% used [0x00000000d6c00000,0x00000000d6c00000,0x00000000d6e80000)
 ParOldGen       total 68608K, used 37430K [0x0000000080000000, 0x0000000084300000, 0x00000000d5580000)
  object space 68608K, 54% used [0x0000000080000000,0x000000008248dac8,0x0000000084300000)
 Metaspace       used 40345K, committed 41536K, reserved 1114112K
  class space    used 4284K, committed 4800K, reserved 1048576K
}
Event: 7.958 GC heap before
{Heap before GC invocations=26 (full 2):
 PSYoungGen      total 23040K, used 20992K [0x00000000d5580000, 0x00000000d6e80000, 0x0000000100000000)
  eden space 19456K, 100% used [0x00000000d5580000,0x00000000d6880000,0x00000000d6880000)
  from space 3584K, 42% used [0x00000000d6880000,0x00000000d6a00000,0x00000000d6c00000)
  to   space 2560K, 0% used [0x00000000d6c00000,0x00000000d6c00000,0x00000000d6e80000)
 ParOldGen       total 68608K, used 37430K [0x0000000080000000, 0x0000000084300000, 0x00000000d5580000)
  object space 68608K, 54% used [0x0000000080000000,0x000000008248dac8,0x0000000084300000)
 Metaspace       used 40736K, committed 41984K, reserved 1114112K
  class space    used 4329K, committed 4864K, reserved 1048576K
}
Event: 7.962 GC heap after
{Heap after GC invocations=26 (full 2):
 PSYoungGen      total 21504K, used 1632K [0x00000000d5580000, 0x00000000d6e00000, 0x0000000100000000)
  eden space 19456K, 0% used [0x00000000d5580000,0x00000000d5580000,0x00000000d6880000)
  from space 2048K, 79% used [0x00000000d6c00000,0x00000000d6d98010,0x00000000d6e00000)
  to   space 2048K, 0% used [0x00000000d6a00000,0x00000000d6a00000,0x00000000d6c00000)
 ParOldGen       total 68608K, used 38894K [0x0000000080000000, 0x0000000084300000, 0x00000000d5580000)
  object space 68608K, 56% used [0x0000000080000000,0x00000000825fbac8,0x0000000084300000)
 Metaspace       used 40736K, committed 41984K, reserved 1114112K
  class space    used 4329K, committed 4864K, reserved 1048576K
}
Event: 8.012 GC heap before
{Heap before GC invocations=27 (full 2):
 PSYoungGen      total 21504K, used 21088K [0x00000000d5580000, 0x00000000d6e00000, 0x0000000100000000)
  eden space 19456K, 100% used [0x00000000d5580000,0x00000000d6880000,0x00000000d6880000)
  from space 2048K, 79% used [0x00000000d6c00000,0x00000000d6d98010,0x00000000d6e00000)
  to   space 2048K, 0% used [0x00000000d6a00000,0x00000000d6a00000,0x00000000d6c00000)
 ParOldGen       total 68608K, used 38894K [0x0000000080000000, 0x0000000084300000, 0x00000000d5580000)
  object space 68608K, 56% used [0x0000000080000000,0x00000000825fbac8,0x0000000084300000)
 Metaspace       used 41053K, committed 42240K, reserved 1114112K
  class space    used 4367K, committed 4864K, reserved 1048576K
}
Event: 8.014 GC heap after
{Heap after GC invocations=27 (full 2):
 PSYoungGen      total 20992K, used 1528K [0x00000000d5580000, 0x00000000d6c80000, 0x0000000100000000)
  eden space 19456K, 0% used [0x00000000d5580000,0x00000000d5580000,0x00000000d6880000)
  from space 1536K, 99% used [0x00000000d6a00000,0x00000000d6b7e200,0x00000000d6b80000)
  to   space 1024K, 0% used [0x00000000d6b80000,0x00000000d6b80000,0x00000000d6c80000)
 ParOldGen       total 68608K, used 40398K [0x0000000080000000, 0x0000000084300000, 0x00000000d5580000)
  object space 68608K, 58% used [0x0000000080000000,0x0000000082773ad8,0x0000000084300000)
 Metaspace       used 41053K, committed 42240K, reserved 1114112K
  class space    used 4367K, committed 4864K, reserved 1048576K
}
Event: 8.092 GC heap before
{Heap before GC invocations=28 (full 2):
 PSYoungGen      total 20992K, used 20984K [0x00000000d5580000, 0x00000000d6c80000, 0x0000000100000000)
  eden space 19456K, 100% used [0x00000000d5580000,0x00000000d6880000,0x00000000d6880000)
  from space 1536K, 99% used [0x00000000d6a00000,0x00000000d6b7e200,0x00000000d6b80000)
  to   space 1024K, 0% used [0x00000000d6b80000,0x00000000d6b80000,0x00000000d6c80000)
 ParOldGen       total 68608K, used 40398K [0x0000000080000000, 0x0000000084300000, 0x00000000d5580000)
  object space 68608K, 58% used [0x0000000080000000,0x0000000082773ad8,0x0000000084300000)
 Metaspace       used 41760K, committed 42944K, reserved 1114112K
  class space    used 4451K, committed 4992K, reserved 1048576K
}
Event: 8.096 GC heap after
{Heap after GC invocations=28 (full 2):
 PSYoungGen      total 16896K, used 1012K [0x00000000d5580000, 0x00000000d7580000, 0x0000000100000000)
  eden space 15872K, 0% used [0x00000000d5580000,0x00000000d5580000,0x00000000d6500000)
  from space 1024K, 98% used [0x00000000d6b80000,0x00000000d6c7d0f8,0x00000000d6c80000)
  to   space 6656K, 0% used [0x00000000d6500000,0x00000000d6500000,0x00000000d6b80000)
 ParOldGen       total 68608K, used 44939K [0x0000000080000000, 0x0000000084300000, 0x00000000d5580000)
  object space 68608K, 65% used [0x0000000080000000,0x0000000082be2c00,0x0000000084300000)
 Metaspace       used 41760K, committed 42944K, reserved 1114112K
  class space    used 4451K, committed 4992K, reserved 1048576K
}
Event: 9.252 GC heap before
{Heap before GC invocations=29 (full 2):
 PSYoungGen      total 16896K, used 16884K [0x00000000d5580000, 0x00000000d7580000, 0x0000000100000000)
  eden space 15872K, 100% used [0x00000000d5580000,0x00000000d6500000,0x00000000d6500000)
  from space 1024K, 98% used [0x00000000d6b80000,0x00000000d6c7d0f8,0x00000000d6c80000)
  to   space 6656K, 0% used [0x00000000d6500000,0x00000000d6500000,0x00000000d6b80000)
 ParOldGen       total 68608K, used 44961K [0x0000000080000000, 0x0000000084300000, 0x00000000d5580000)
  object space 68608K, 65% used [0x0000000080000000,0x0000000082be8738,0x0000000084300000)
 Metaspace       used 43107K, committed 44352K, reserved 1114112K
  class space    used 4591K, committed 5120K, reserved 1048576K
}
Event: 9.257 GC heap after
{Heap after GC invocations=29 (full 2):
 PSYoungGen      total 22528K, used 3081K [0x00000000d5580000, 0x00000000d7080000, 0x0000000100000000)
  eden space 15872K, 0% used [0x00000000d5580000,0x00000000d5580000,0x00000000d6500000)
  from space 6656K, 46% used [0x00000000d6500000,0x00000000d6802570,0x00000000d6b80000)
  to   space 4096K, 0% used [0x00000000d6c80000,0x00000000d6c80000,0x00000000d7080000)
 ParOldGen       total 68608K, used 45958K [0x0000000080000000, 0x0000000084300000, 0x00000000d5580000)
  object space 68608K, 66% used [0x0000000080000000,0x0000000082ce1830,0x0000000084300000)
 Metaspace       used 43107K, committed 44352K, reserved 1114112K
  class space    used 4591K, committed 5120K, reserved 1048576K
}
Event: 9.360 GC heap before
{Heap before GC invocations=30 (full 2):
 PSYoungGen      total 22528K, used 18953K [0x00000000d5580000, 0x00000000d7080000, 0x0000000100000000)
  eden space 15872K, 100% used [0x00000000d5580000,0x00000000d6500000,0x00000000d6500000)
  from space 6656K, 46% used [0x00000000d6500000,0x00000000d6802570,0x00000000d6b80000)
  to   space 4096K, 0% used [0x00000000d6c80000,0x00000000d6c80000,0x00000000d7080000)
 ParOldGen       total 68608K, used 45982K [0x0000000080000000, 0x0000000084300000, 0x00000000d5580000)
  object space 68608K, 67% used [0x0000000080000000,0x0000000082ce7be8,0x0000000084300000)
 Metaspace       used 45218K, committed 46464K, reserved 1114112K
  class space    used 4827K, committed 5376K, reserved 1048576K
}
Event: 9.362 GC heap after
{Heap after GC invocations=30 (full 2):
 PSYoungGen      total 16896K, used 629K [0x00000000d5580000, 0x00000000d6d80000, 0x0000000100000000)
  eden space 15872K, 0% used [0x00000000d5580000,0x00000000d5580000,0x00000000d6500000)
  from space 1024K, 61% used [0x00000000d6c80000,0x00000000d6d1d7f8,0x00000000d6d80000)
  to   space 2048K, 0% used [0x00000000d6980000,0x00000000d6980000,0x00000000d6b80000)
 ParOldGen       total 68608K, used 48875K [0x0000000080000000, 0x0000000084300000, 0x00000000d5580000)
  object space 68608K, 71% used [0x0000000080000000,0x0000000082fbaec0,0x0000000084300000)
 Metaspace       used 45218K, committed 46464K, reserved 1114112K
  class space    used 4827K, committed 5376K, reserved 1048576K
}
Event: 9.534 GC heap before
{Heap before GC invocations=31 (full 2):
 PSYoungGen      total 16896K, used 16501K [0x00000000d5580000, 0x00000000d6d80000, 0x0000000100000000)
  eden space 15872K, 100% used [0x00000000d5580000,0x00000000d6500000,0x00000000d6500000)
  from space 1024K, 61% used [0x00000000d6c80000,0x00000000d6d1d7f8,0x00000000d6d80000)
  to   space 2048K, 0% used [0x00000000d6980000,0x00000000d6980000,0x00000000d6b80000)
 ParOldGen       total 68608K, used 48875K [0x0000000080000000, 0x0000000084300000, 0x00000000d5580000)
  object space 68608K, 71% used [0x0000000080000000,0x0000000082fbaec0,0x0000000084300000)
 Metaspace       used 46953K, committed 48256K, reserved 1114112K
  class space    used 5057K, committed 5632K, reserved 1048576K
}
Event: 9.536 GC heap after
{Heap after GC invocations=31 (full 2):
 PSYoungGen      total 17920K, used 976K [0x00000000d5580000, 0x00000000d6d00000, 0x0000000100000000)
  eden space 15872K, 0% used [0x00000000d5580000,0x00000000d5580000,0x00000000d6500000)
  from space 2048K, 47% used [0x00000000d6980000,0x00000000d6a74010,0x00000000d6b80000)
  to   space 1536K, 0% used [0x00000000d6b80000,0x00000000d6b80000,0x00000000d6d00000)
 ParOldGen       total 68608K, used 49328K [0x0000000080000000, 0x0000000084300000, 0x00000000d5580000)
  object space 68608K, 71% used [0x0000000080000000,0x000000008302c298,0x0000000084300000)
 Metaspace       used 46953K, committed 48256K, reserved 1114112K
  class space    used 5057K, committed 5632K, reserved 1048576K
}
Event: 9.672 GC heap before
{Heap before GC invocations=32 (full 2):
 PSYoungGen      total 17920K, used 16848K [0x00000000d5580000, 0x00000000d6d00000, 0x0000000100000000)
  eden space 15872K, 100% used [0x00000000d5580000,0x00000000d6500000,0x00000000d6500000)
  from space 2048K, 47% used [0x00000000d6980000,0x00000000d6a74010,0x00000000d6b80000)
  to   space 1536K, 0% used [0x00000000d6b80000,0x00000000d6b80000,0x00000000d6d00000)
 ParOldGen       total 68608K, used 49328K [0x0000000080000000, 0x0000000084300000, 0x00000000d5580000)
  object space 68608K, 71% used [0x0000000080000000,0x000000008302c298,0x0000000084300000)
 Metaspace       used 47952K, committed 49280K, reserved 1114112K
  class space    used 5208K, committed 5824K, reserved 1048576K
}
Event: 9.673 GC heap after
{Heap after GC invocations=32 (full 2):
 PSYoungGen      total 16896K, used 576K [0x00000000d5580000, 0x00000000d6c80000, 0x0000000100000000)
  eden space 15872K, 0% used [0x00000000d5580000,0x00000000d5580000,0x00000000d6500000)
  from space 1024K, 56% used [0x00000000d6b80000,0x00000000d6c10010,0x00000000d6c80000)
  to   space 1024K, 0% used [0x00000000d6a80000,0x00000000d6a80000,0x00000000d6b80000)
 ParOldGen       total 68608K, used 50167K [0x0000000080000000, 0x0000000084300000, 0x00000000d5580000)
  object space 68608K, 73% used [0x0000000080000000,0x00000000830fde40,0x0000000084300000)
 Metaspace       used 47952K, committed 49280K, reserved 1114112K
  class space    used 5208K, committed 5824K, reserved 1048576K
}

Dll operation events (10 events):
Event: 0.014 Loaded shared library c:\Users\Maghraby Store\.vscode\extensions\redhat.java-1.50.0-win32-x64\jre\21.0.9-win32-x86_64\bin\java.dll
Event: 0.106 Loaded shared library c:\Users\Maghraby Store\.vscode\extensions\redhat.java-1.50.0-win32-x64\jre\21.0.9-win32-x86_64\bin\zip.dll
Event: 0.131 Loaded shared library C:\Users\Maghraby Store\.vscode\extensions\redhat.java-1.50.0-win32-x64\jre\21.0.9-win32-x86_64\bin\instrument.dll
Event: 0.138 Loaded shared library C:\Users\Maghraby Store\.vscode\extensions\redhat.java-1.50.0-win32-x64\jre\21.0.9-win32-x86_64\bin\net.dll
Event: 0.140 Loaded shared library C:\Users\Maghraby Store\.vscode\extensions\redhat.java-1.50.0-win32-x64\jre\21.0.9-win32-x86_64\bin\nio.dll
Event: 0.143 Loaded shared library C:\Users\Maghraby Store\.vscode\extensions\redhat.java-1.50.0-win32-x64\jre\21.0.9-win32-x86_64\bin\zip.dll
Event: 0.164 Loaded shared library C:\Users\Maghraby Store\.vscode\extensions\redhat.java-1.50.0-win32-x64\jre\21.0.9-win32-x86_64\bin\jimage.dll
Event: 0.250 Loaded shared library c:\Users\Maghraby Store\.vscode\extensions\redhat.java-1.50.0-win32-x64\jre\21.0.9-win32-x86_64\bin\verify.dll
Event: 2.311 Loaded shared library C:\Users\Maghraby Store\AppData\Roaming\Code\User\globalStorage\redhat.java\1.50.0\config_win\org.eclipse.equinox.launcher\org.eclipse.equinox.launcher.win32.win32.x86_64_1.2.1400.v20250801-0854\eclipse_11916.dll
Event: 3.496 Loaded shared library C:\Users\Maghraby Store\AppData\Local\Temp\jna--607650244\jna7325467000781042427.dll

Deoptimization events (20 events):
Event: 9.621 Thread 0x000001d511ea1260 DEOPT PACKING pc=0x000001d4be75869c sp=0x00000028ad7fe010
Event: 9.621 Thread 0x000001d511ea1260 DEOPT UNPACKING pc=0x000001d4bdff3aa2 sp=0x00000028ad7fdf80 mode 2
Event: 9.630 Thread 0x000001d511ea0540 DEOPT PACKING pc=0x000001d4b7344f46 sp=0x00000028ad0f8680
Event: 9.630 Thread 0x000001d511ea0540 DEOPT UNPACKING pc=0x000001d4bdff4242 sp=0x00000028ad0f7c00 mode 0
Event: 9.632 Thread 0x000001d511ea1260 Uncommon trap: trap_request=0xffffff45 fr.pc=0x000001d4be679818 relative=0x00000000000002b8
Event: 9.632 Thread 0x000001d511ea1260 Uncommon trap: reason=unstable_if action=reinterpret pc=0x000001d4be679818 method=java.lang.ClassLoader.checkName(Ljava/lang/String;)Z @ 1 c2
Event: 9.632 Thread 0x000001d511ea1260 DEOPT PACKING pc=0x000001d4be679818 sp=0x00000028ad7fddc0
Event: 9.632 Thread 0x000001d511ea1260 DEOPT UNPACKING pc=0x000001d4bdff3aa2 sp=0x00000028ad7fdd58 mode 2
Event: 9.632 Thread 0x000001d511ea1260 Uncommon trap: trap_request=0xffffff45 fr.pc=0x000001d4be5ef520 relative=0x0000000000000fe0
Event: 9.632 Thread 0x000001d511ea1260 Uncommon trap: reason=unstable_if action=reinterpret pc=0x000001d4be5ef520 method=lombok.patcher.ScriptManager$OurClassFileTransformer.transform(Ljava/lang/ClassLoader;Ljava/lang/String;Ljava/lang/Class;Ljava/security/ProtectionDomain;[B)[B @ 1 c2
Event: 9.632 Thread 0x000001d511ea1260 DEOPT PACKING pc=0x000001d4be5ef520 sp=0x00000028ad7fc950
Event: 9.632 Thread 0x000001d511ea1260 DEOPT UNPACKING pc=0x000001d4bdff3aa2 sp=0x00000028ad7fc8d0 mode 2
Event: 9.635 Thread 0x000001d511ea0540 DEOPT PACKING pc=0x000001d4b72ddf8d sp=0x00000028ad0f90e0
Event: 9.635 Thread 0x000001d511ea0540 DEOPT UNPACKING pc=0x000001d4bdff4242 sp=0x00000028ad0f8590 mode 0
Event: 9.654 Thread 0x000001d511ea0540 DEOPT PACKING pc=0x000001d4b72ddf8d sp=0x00000028ad0f90e0
Event: 9.654 Thread 0x000001d511ea0540 DEOPT UNPACKING pc=0x000001d4bdff4242 sp=0x00000028ad0f8590 mode 0
Event: 9.657 Thread 0x000001d511ea0540 DEOPT PACKING pc=0x000001d4b6faa639 sp=0x00000028ad0f8cf0
Event: 9.657 Thread 0x000001d511ea0540 DEOPT UNPACKING pc=0x000001d4bdff4242 sp=0x00000028ad0f81f0 mode 0
Event: 9.670 Thread 0x000001d511ea0540 DEOPT PACKING pc=0x000001d4b72ddf8d sp=0x00000028ad0fbb80
Event: 9.670 Thread 0x000001d511ea0540 DEOPT UNPACKING pc=0x000001d4bdff4242 sp=0x00000028ad0fb030 mode 0

Classes loaded (20 events):
Event: 8.127 Loading class java/nio/file/DirectoryIteratorException
Event: 8.127 Loading class java/nio/file/DirectoryIteratorException done
Event: 8.129 Loading class sun/reflect/annotation/AnnotatedTypeFactory$AnnotatedParameterizedTypeImpl
Event: 8.129 Loading class java/lang/reflect/AnnotatedParameterizedType
Event: 8.129 Loading class java/lang/reflect/AnnotatedParameterizedType done
Event: 8.129 Loading class sun/reflect/annotation/AnnotatedTypeFactory$AnnotatedParameterizedTypeImpl done
Event: 9.287 Loading class java/lang/ExceptionInInitializerError
Event: 9.287 Loading class java/lang/ExceptionInInitializerError done
Event: 9.292 Loading class sun/reflect/generics/scope/ConstructorScope
Event: 9.292 Loading class sun/reflect/generics/scope/ConstructorScope done
Event: 9.292 Loading class sun/reflect/generics/tree/VoidDescriptor
Event: 9.292 Loading class sun/reflect/generics/tree/VoidDescriptor done
Event: 9.331 Loading class java/util/concurrent/CompletionService
Event: 9.331 Loading class java/util/concurrent/CompletionService done
Event: 9.391 Loading class sun/misc/Unsafe
Event: 9.392 Loading class sun/misc/Unsafe done
Event: 9.440 Loading class java/nio/channels/ServerSocketChannel
Event: 9.440 Loading class java/nio/channels/ServerSocketChannel done
Event: 9.630 Loading class jdk/internal/org/objectweb/asm/ClassReader
Event: 9.630 Loading class jdk/internal/org/objectweb/asm/ClassReader done

Classes unloaded (7 events):
Event: 3.961 Thread 0x000001d4b39119e0 Unloading class 0x000001d4cc1a3800 'java/lang/invoke/LambdaForm$MH+0x000001d4cc1a3800'
Event: 3.961 Thread 0x000001d4b39119e0 Unloading class 0x000001d4cc1a3400 'java/lang/invoke/LambdaForm$MH+0x000001d4cc1a3400'
Event: 3.961 Thread 0x000001d4b39119e0 Unloading class 0x000001d4cc1a3000 'java/lang/invoke/LambdaForm$MH+0x000001d4cc1a3000'
Event: 3.961 Thread 0x000001d4b39119e0 Unloading class 0x000001d4cc1a2c00 'java/lang/invoke/LambdaForm$MH+0x000001d4cc1a2c00'
Event: 3.961 Thread 0x000001d4b39119e0 Unloading class 0x000001d4cc1a2800 'java/lang/invoke/LambdaForm$BMH+0x000001d4cc1a2800'
Event: 3.961 Thread 0x000001d4b39119e0 Unloading class 0x000001d4cc1a2400 'java/lang/invoke/LambdaForm$DMH+0x000001d4cc1a2400'
Event: 3.961 Thread 0x000001d4b39119e0 Unloading class 0x000001d4cc1a1000 'java/lang/invoke/LambdaForm$DMH+0x000001d4cc1a1000'

Classes redefined (0 events):
No events

Internal exceptions (20 events):
Event: 7.786 Thread 0x000001d5146bf360 Exception <a 'java/io/FileNotFoundException'{0x00000000d5a0e960}> (0x00000000d5a0e960) 
thrown [s\src\hotspot\share\prims\jni.cpp, line 520]
Event: 7.821 Thread 0x000001d5146bf360 Exception <a 'java/lang/NoSuchMethodError'{0x00000000d65378c8}: 'java.lang.Object java.lang.invoke.DirectMethodHandle$Holder.invokeStatic(java.lang.Object, int, java.lang.Object, java.lang.Object)'> (0x00000000d65378c8) 
thrown [s\src\hotspot\share\interpreter\linkResolver.cpp, line 773]
Event: 7.822 Thread 0x000001d5146bf360 Exception <a 'java/lang/NoSuchMethodError'{0x00000000d653b0c8}: 'java.lang.Object java.lang.invoke.DelegatingMethodHandle$Holder.delegate(java.lang.Object, int, java.lang.Object, java.lang.Object)'> (0x00000000d653b0c8) 
thrown [s\src\hotspot\share\interpreter\linkResolver.cpp, line 773]
Event: 7.824 Thread 0x000001d5146bf360 Exception <a 'java/lang/NoSuchMethodError'{0x00000000d659c930}: 'int java.lang.invoke.Invokers$Holder.linkToTargetMethod(java.lang.Object, java.lang.Object, java.lang.Object)'> (0x00000000d659c930) 
thrown [s\src\hotspot\share\interpreter\linkResolver.cpp, line 773]
Event: 9.362 Thread 0x000001d511ea0540 Implicit null exception at 0x000001d4be6e8109 to 0x000001d4be6e821c
Event: 9.437 Thread 0x000001d511ea0540 Exception <a 'sun/nio/fs/WindowsException'{0x00000000d5c87080}> (0x00000000d5c87080) 
thrown [s\src\hotspot\share\prims\jni.cpp, line 520]
Event: 9.439 Thread 0x000001d5146c0710 Exception <a 'sun/nio/fs/WindowsException'{0x00000000d5cd5370}> (0x00000000d5cd5370) 
thrown [s\src\hotspot\share\prims\jni.cpp, line 520]
Event: 9.440 Thread 0x000001d5146becd0 Exception <a 'sun/nio/fs/WindowsException'{0x00000000d5ce9208}> (0x00000000d5ce9208) 
thrown [s\src\hotspot\share\prims\jni.cpp, line 520]
Event: 9.440 Thread 0x000001d518999e50 Exception <a 'sun/nio/fs/WindowsException'{0x00000000d5cfd0d8}> (0x00000000d5cfd0d8) 
thrown [s\src\hotspot\share\prims\jni.cpp, line 520]
Event: 9.441 Thread 0x000001d5189976f0 Exception <a 'sun/nio/fs/WindowsException'{0x00000000d5d437b0}> (0x00000000d5d437b0) 
thrown [s\src\hotspot\share\prims\jni.cpp, line 520]
Event: 9.441 Thread 0x000001d518998aa0 Exception <a 'sun/nio/fs/WindowsException'{0x00000000d5d57648}> (0x00000000d5d57648) 
thrown [s\src\hotspot\share\prims\jni.cpp, line 520]
Event: 9.442 Thread 0x000001d518998aa0 Exception <a 'sun/nio/fs/WindowsException'{0x00000000d5d5aa38}> (0x00000000d5d5aa38) 
thrown [s\src\hotspot\share\prims\jni.cpp, line 520]
Event: 9.442 Thread 0x000001d518997060 Exception <a 'sun/nio/fs/WindowsException'{0x00000000d5d6b4b0}> (0x00000000d5d6b4b0) 
thrown [s\src\hotspot\share\prims\jni.cpp, line 520]
Event: 9.442 Thread 0x000001d51899a4e0 Exception <a 'sun/nio/fs/WindowsException'{0x00000000d5d30158}> (0x00000000d5d30158) 
thrown [s\src\hotspot\share\prims\jni.cpp, line 520]
Event: 9.443 Thread 0x000001d518998410 Exception <a 'sun/nio/fs/WindowsException'{0x00000000d5d7f348}> (0x00000000d5d7f348) 
thrown [s\src\hotspot\share\prims\jni.cpp, line 520]
Event: 9.445 Thread 0x000001d518998410 Exception <a 'sun/nio/fs/WindowsException'{0x00000000d5d82af8}> (0x00000000d5d82af8) 
thrown [s\src\hotspot\share\prims\jni.cpp, line 520]
Event: 9.616 Thread 0x000001d511ea1260 Exception <a 'java/lang/ExceptionInInitializerError'{0x00000000d5e695c8}> (0x00000000d5e695c8) 
thrown [s\src\hotspot\share\oops\instanceKlass.cpp, line 1220]
Event: 9.632 Thread 0x000001d511ea1260 Implicit null exception at 0x000001d4be679580 to 0x000001d4be679804
Event: 9.632 Thread 0x000001d511ea1260 Implicit null exception at 0x000001d4be5ee5a0 to 0x000001d4be5ef510
Event: 9.635 Thread 0x000001d511ea1260 Exception <a 'java/lang/NoSuchMethodError'{0x00000000d60adb88}: 'java.lang.Object java.lang.invoke.Invokers$Holder.invokeExact_MT(java.lang.Object, int, java.lang.Object)'> (0x00000000d60adb88) 
thrown [s\src\hotspot\share\interpreter\linkResolver.cpp, line 773]

ZGC Phase Switch (0 events):
No events

VM Operations (20 events):
Event: 8.126 Executing VM operation: HandshakeAllThreads (Deoptimize) done
Event: 8.184 Executing VM operation: HandshakeAllThreads (Deoptimize)
Event: 8.184 Executing VM operation: HandshakeAllThreads (Deoptimize) done
Event: 8.200 Executing VM operation: HandshakeAllThreads (Deoptimize)
Event: 8.200 Executing VM operation: HandshakeAllThreads (Deoptimize) done
Event: 9.200 Executing VM operation: Cleanup
Event: 9.200 Executing VM operation: Cleanup done
Event: 9.252 Executing VM operation: ParallelGCFailedAllocation (Allocation Failure)
Event: 9.252 Executing VM operation: ParallelGCFailedAllocation (Allocation Failure) done
Event: 9.252 Executing VM operation: ParallelGCSystemGC (GCLocker Initiated GC)
Event: 9.257 Executing VM operation: ParallelGCSystemGC (GCLocker Initiated GC) done
Event: 9.360 Executing VM operation: ParallelGCFailedAllocation (Allocation Failure)
Event: 9.362 Executing VM operation: ParallelGCFailedAllocation (Allocation Failure) done
Event: 9.407 Executing VM operation: HandshakeAllThreads (Deoptimize)
Event: 9.407 Executing VM operation: HandshakeAllThreads (Deoptimize) done
Event: 9.534 Executing VM operation: ParallelGCFailedAllocation (Allocation Failure)
Event: 9.536 Executing VM operation: ParallelGCFailedAllocation (Allocation Failure) done
Event: 9.671 Executing VM operation: ParallelGCFailedAllocation (Allocation Failure)
Event: 9.673 Executing VM operation: ParallelGCFailedAllocation (Allocation Failure) done
Event: 10.685 Executing VM operation: Cleanup

Memory protections (0 events):
No events

Nmethod flushes (20 events):
Event: 7.236 Thread 0x000001d4b39119e0 flushing  nmethod 0x000001d4b70a4010
Event: 7.236 Thread 0x000001d4b39119e0 flushing  nmethod 0x000001d4b70a5210
Event: 7.236 Thread 0x000001d4b39119e0 flushing  nmethod 0x000001d4b70a5a10
Event: 7.236 Thread 0x000001d4b39119e0 flushing  nmethod 0x000001d4b70a6190
Event: 7.236 Thread 0x000001d4b39119e0 flushing  nmethod 0x000001d4b70a7710
Event: 7.236 Thread 0x000001d4b39119e0 flushing  nmethod 0x000001d4b70a7c10
Event: 7.236 Thread 0x000001d4b39119e0 flushing  nmethod 0x000001d4b70a8510
Event: 7.236 Thread 0x000001d4b39119e0 flushing  nmethod 0x000001d4b70a9210
Event: 7.236 Thread 0x000001d4b39119e0 flushing  nmethod 0x000001d4b70a9690
Event: 7.236 Thread 0x000001d4b39119e0 flushing  nmethod 0x000001d4b70abd90
Event: 7.236 Thread 0x000001d4b39119e0 flushing  nmethod 0x000001d4b70ac090
Event: 7.236 Thread 0x000001d4b39119e0 flushing  nmethod 0x000001d4b70c8610
Event: 7.236 Thread 0x000001d4b39119e0 flushing  nmethod 0x000001d4b70d0290
Event: 7.236 Thread 0x000001d4b39119e0 flushing  nmethod 0x000001d4b70dee10
Event: 7.236 Thread 0x000001d4b39119e0 flushing  nmethod 0x000001d4b70e4210
Event: 7.236 Thread 0x000001d4b39119e0 flushing  nmethod 0x000001d4b70e5e10
Event: 7.236 Thread 0x000001d4b39119e0 flushing  nmethod 0x000001d4b70ead90
Event: 7.236 Thread 0x000001d4b39119e0 flushing  nmethod 0x000001d4b7172590
Event: 7.236 Thread 0x000001d4b39119e0 flushing  nmethod 0x000001d4b7182910
Event: 7.236 Thread 0x000001d4b39119e0 flushing  nmethod 0x000001d4b7182d90

Events (20 events):
Event: 7.397 Thread 0x000001d5146bab30 Thread added: 0x000001d5146bf9f0
Event: 7.398 Thread 0x000001d5146c0080 Thread added: 0x000001d5146c1430
Event: 7.399 Thread 0x000001d5146bf9f0 Thread added: 0x000001d5146c0da0
Event: 7.400 Thread 0x000001d5146c1430 Thread added: 0x000001d5146be640
Event: 7.568 Thread 0x000001d4b386e1c0 Thread added: 0x000001d5146c1ac0
Event: 7.568 Thread 0x000001d4b386e1c0 Thread added: 0x000001d5146bf360
Event: 9.439 Thread 0x000001d511ea0540 Thread added: 0x000001d5146c0710
Event: 9.439 Thread 0x000001d5146c0710 Thread added: 0x000001d5146becd0
Event: 9.440 Thread 0x000001d5146c0710 Thread added: 0x000001d518999e50
Event: 9.440 Thread 0x000001d5146becd0 Thread added: 0x000001d51899a4e0
Event: 9.440 Thread 0x000001d5146becd0 Thread added: 0x000001d5189976f0
Event: 9.441 Thread 0x000001d518999e50 Thread added: 0x000001d518998aa0
Event: 9.441 Thread 0x000001d518999e50 Thread added: 0x000001d518997060
Event: 9.441 Thread 0x000001d518999e50 Thread added: 0x000001d518998410
Event: 9.481 Thread 0x000001d511ea0540 Thread added: 0x000001d518999130
Event: 9.481 Thread 0x000001d511ea0540 Thread added: 0x000001d51899ab70
Event: 9.482 Thread 0x000001d511ea0540 Thread added: 0x000001d5189997c0
Event: 9.482 Thread 0x000001d511ea0540 Thread added: 0x000001d51899b200
Event: 9.482 Thread 0x000001d511ea0540 Thread added: 0x000001d518997d80
Event: 9.482 Thread 0x000001d511ea0540 Thread added: 0x000001d51899c5b0


Dynamic libraries:
0x00007ff71dfb0000 - 0x00007ff71dfbe000 	c:\Users\Maghraby Store\.vscode\extensions\redhat.java-1.50.0-win32-x64\jre\21.0.9-win32-x86_64\bin\java.exe
0x00007ffcc4580000 - 0x00007ffcc47e7000 	C:\WINDOWS\SYSTEM32\ntdll.dll
0x00007ffcc25c0000 - 0x00007ffcc2689000 	C:\WINDOWS\System32\KERNEL32.DLL
0x00007ffcc16d0000 - 0x00007ffcc1abf000 	C:\WINDOWS\System32\KERNELBASE.dll
0x00007ffcc1ff0000 - 0x00007ffcc213b000 	C:\WINDOWS\System32\ucrtbase.dll
0x00007ffcb12b0000 - 0x00007ffcb12c8000 	c:\Users\Maghraby Store\.vscode\extensions\redhat.java-1.50.0-win32-x64\jre\21.0.9-win32-x86_64\bin\jli.dll
0x00007ffca3720000 - 0x00007ffca373e000 	c:\Users\Maghraby Store\.vscode\extensions\redhat.java-1.50.0-win32-x64\jre\21.0.9-win32-x86_64\bin\VCRUNTIME140.dll
0x00007ffcc37a0000 - 0x00007ffcc3965000 	C:\WINDOWS\System32\USER32.dll
0x00007ffca8720000 - 0x00007ffca89b3000 	C:\WINDOWS\WinSxS\amd64_microsoft.windows.common-controls_6595b64144ccf1df_6.0.26100.7309_none_3e05feeae336a044\COMCTL32.dll
0x00007ffcc1e50000 - 0x00007ffcc1e77000 	C:\WINDOWS\System32\win32u.dll
0x00007ffcc23f0000 - 0x00007ffcc2499000 	C:\WINDOWS\System32\msvcrt.dll
0x00007ffcc40d0000 - 0x00007ffcc40fb000 	C:\WINDOWS\System32\GDI32.dll
0x00007ffcc2140000 - 0x00007ffcc226c000 	C:\WINDOWS\System32\gdi32full.dll
0x00007ffcc2270000 - 0x00007ffcc2313000 	C:\WINDOWS\System32\msvcp_win.dll
0x00007ffcc3e20000 - 0x00007ffcc3e51000 	C:\WINDOWS\System32\IMM32.DLL
0x00007ffcb0d50000 - 0x00007ffcb0d5c000 	c:\Users\Maghraby Store\.vscode\extensions\redhat.java-1.50.0-win32-x64\jre\21.0.9-win32-x86_64\bin\vcruntime140_1.dll
0x00007ffc965d0000 - 0x00007ffc9665d000 	c:\Users\Maghraby Store\.vscode\extensions\redhat.java-1.50.0-win32-x64\jre\21.0.9-win32-x86_64\bin\msvcp140.dll
0x00007ffc59600000 - 0x00007ffc5a3a0000 	c:\Users\Maghraby Store\.vscode\extensions\redhat.java-1.50.0-win32-x64\jre\21.0.9-win32-x86_64\bin\server\jvm.dll
0x00007ffcc3600000 - 0x00007ffcc36b4000 	C:\WINDOWS\System32\ADVAPI32.dll
0x00007ffcc42e0000 - 0x00007ffcc4386000 	C:\WINDOWS\System32\sechost.dll
0x00007ffcc3e60000 - 0x00007ffcc3f78000 	C:\WINDOWS\System32\RPCRT4.dll
0x00007ffcc44c0000 - 0x00007ffcc4534000 	C:\WINDOWS\System32\WS2_32.dll
0x00007ffcc1530000 - 0x00007ffcc158e000 	C:\WINDOWS\SYSTEM32\POWRPROF.dll
0x00007ffca90d0000 - 0x00007ffca9105000 	C:\WINDOWS\SYSTEM32\WINMM.dll
0x00007ffcb13e0000 - 0x00007ffcb13eb000 	C:\WINDOWS\SYSTEM32\VERSION.dll
0x00007ffcc1510000 - 0x00007ffcc1524000 	C:\WINDOWS\SYSTEM32\UMPDC.dll
0x00007ffcc0440000 - 0x00007ffcc045b000 	C:\WINDOWS\SYSTEM32\kernel.appcore.dll
0x00007ffcaba10000 - 0x00007ffcaba1a000 	c:\Users\Maghraby Store\.vscode\extensions\redhat.java-1.50.0-win32-x64\jre\21.0.9-win32-x86_64\bin\jimage.dll
0x00007ffcbee10000 - 0x00007ffcbf052000 	C:\WINDOWS\SYSTEM32\DBGHELP.DLL
0x00007ffcc39e0000 - 0x00007ffcc3d65000 	C:\WINDOWS\System32\combase.dll
0x00007ffcc36c0000 - 0x00007ffcc3796000 	C:\WINDOWS\System32\OLEAUT32.dll
0x00007ffcabfa0000 - 0x00007ffcabfdc000 	C:\WINDOWS\SYSTEM32\dbgcore.DLL
0x00007ffcc1ad0000 - 0x00007ffcc1b75000 	C:\WINDOWS\System32\bcryptPrimitives.dll
0x00007ffcb7620000 - 0x00007ffcb762f000 	c:\Users\Maghraby Store\.vscode\extensions\redhat.java-1.50.0-win32-x64\jre\21.0.9-win32-x86_64\bin\instrument.dll
0x00007ffc9c4c0000 - 0x00007ffc9c4e0000 	c:\Users\Maghraby Store\.vscode\extensions\redhat.java-1.50.0-win32-x64\jre\21.0.9-win32-x86_64\bin\java.dll
0x00007ffcc2690000 - 0x00007ffcc2de3000 	C:\WINDOWS\System32\SHELL32.dll
0x00007ffcc1e80000 - 0x00007ffcc1fea000 	C:\WINDOWS\System32\wintypes.dll
0x00007ffcbf290000 - 0x00007ffcbfaee000 	C:\WINDOWS\SYSTEM32\windows.storage.dll
0x00007ffcc3f80000 - 0x00007ffcc4075000 	C:\WINDOWS\System32\SHCORE.dll
0x00007ffcc4100000 - 0x00007ffcc4166000 	C:\WINDOWS\System32\shlwapi.dll
0x00007ffcc15f0000 - 0x00007ffcc1619000 	C:\WINDOWS\SYSTEM32\profapi.dll
0x00007ffca3650000 - 0x00007ffca3668000 	c:\Users\Maghraby Store\.vscode\extensions\redhat.java-1.50.0-win32-x64\jre\21.0.9-win32-x86_64\bin\zip.dll
0x00007ffca4490000 - 0x00007ffca44a0000 	C:\Users\Maghraby Store\.vscode\extensions\redhat.java-1.50.0-win32-x64\jre\21.0.9-win32-x86_64\bin\net.dll
0x00007ffcb7860000 - 0x00007ffcb7988000 	C:\WINDOWS\SYSTEM32\WINHTTP.dll
0x00007ffcc0990000 - 0x00007ffcc09fb000 	C:\WINDOWS\system32\mswsock.dll
0x00007ffc99950000 - 0x00007ffc99966000 	C:\Users\Maghraby Store\.vscode\extensions\redhat.java-1.50.0-win32-x64\jre\21.0.9-win32-x86_64\bin\nio.dll
0x00007ffcb11c0000 - 0x00007ffcb11d0000 	c:\Users\Maghraby Store\.vscode\extensions\redhat.java-1.50.0-win32-x64\jre\21.0.9-win32-x86_64\bin\verify.dll
0x00007ffcb10f0000 - 0x00007ffcb1134000 	C:\Users\Maghraby Store\AppData\Roaming\Code\User\globalStorage\redhat.java\1.50.0\config_win\org.eclipse.equinox.launcher\org.eclipse.equinox.launcher.win32.win32.x86_64_1.2.1400.v20250801-0854\eclipse_11916.dll
0x00007ffcc2fd0000 - 0x00007ffcc3167000 	C:\WINDOWS\System32\ole32.dll
0x00007ffcc0d80000 - 0x00007ffcc0d9b000 	C:\WINDOWS\SYSTEM32\CRYPTSP.dll
0x00007ffcc03a0000 - 0x00007ffcc03da000 	C:\WINDOWS\system32\rsaenh.dll
0x00007ffcc0a40000 - 0x00007ffcc0a6b000 	C:\WINDOWS\SYSTEM32\USERENV.dll
0x00007ffcc15c0000 - 0x00007ffcc15ea000 	C:\WINDOWS\SYSTEM32\bcrypt.dll
0x00007ffcc0be0000 - 0x00007ffcc0bec000 	C:\WINDOWS\SYSTEM32\CRYPTBASE.dll
0x00007ffcbfe80000 - 0x00007ffcbfeb4000 	C:\WINDOWS\SYSTEM32\IPHLPAPI.DLL
0x00007ffcc24a0000 - 0x00007ffcc24aa000 	C:\WINDOWS\System32\NSI.dll
0x00007ffcb0ef0000 - 0x00007ffcb0f39000 	C:\Users\Maghraby Store\AppData\Local\Temp\jna--607650244\jna7325467000781042427.dll
0x00007ffcc25b0000 - 0x00007ffcc25b8000 	C:\WINDOWS\System32\PSAPI.DLL
0x00007ffcb7db0000 - 0x00007ffcb7dce000 	C:\WINDOWS\SYSTEM32\dhcpcsvc6.DLL
0x00007ffcb7c00000 - 0x00007ffcb7c23000 	C:\WINDOWS\SYSTEM32\dhcpcsvc.DLL

JVMTI agents:
c:\Users\Maghraby Store\.vscode\extensions\redhat.java-1.50.0-win32-x64\lombok\lombok-1.18.39-4050.jar path:c:\Users\Maghraby Store\.vscode\extensions\redhat.java-1.50.0-win32-x64\jre\21.0.9-win32-x86_64\bin\instrument.dll, loaded, initialized, instrumentlib options:none

dbghelp: loaded successfully - version: 4.0.5 - missing functions: none
symbol engine: initialized successfully - sym options: 0x614 - pdb path: .;c:\Users\Maghraby Store\.vscode\extensions\redhat.java-1.50.0-win32-x64\jre\21.0.9-win32-x86_64\bin;C:\WINDOWS\SYSTEM32;C:\WINDOWS\WinSxS\amd64_microsoft.windows.common-controls_6595b64144ccf1df_6.0.26100.7309_none_3e05feeae336a044;c:\Users\Maghraby Store\.vscode\extensions\redhat.java-1.50.0-win32-x64\jre\21.0.9-win32-x86_64\bin\server;C:\Users\Maghraby Store\AppData\Roaming\Code\User\globalStorage\redhat.java\1.50.0\config_win\org.eclipse.equinox.launcher\org.eclipse.equinox.launcher.win32.win32.x86_64_1.2.1400.v20250801-0854;C:\Users\Maghraby Store\AppData\Local\Temp\jna--607650244

VM Arguments:
jvm_args: --add-modules=ALL-SYSTEM --add-opens=java.base/java.util=ALL-UNNAMED --add-opens=java.base/java.lang=ALL-UNNAMED --add-opens=java.base/sun.nio.fs=ALL-UNNAMED -Declipse.application=org.eclipse.jdt.ls.core.id1 -Dosgi.bundles.defaultStartLevel=4 -Declipse.product=org.eclipse.jdt.ls.core.product -Djava.import.generatesMetadataFilesAtProjectRoot=false -DDetectVMInstallationsJob.disabled=true -Dfile.encoding=utf8 -XX:+UseParallelGC -XX:GCTimeRatio=4 -XX:AdaptiveSizePolicyWeight=90 -Dsun.zip.disableMemoryMapping=true -Xmx2G -Xms100m -Xlog:disable -javaagent:c:\Users\Maghraby Store\.vscode\extensions\redhat.java-1.50.0-win32-x64\lombok\lombok-1.18.39-4050.jar -XX:+HeapDumpOnOutOfMemoryError -XX:HeapDumpPath=c:\Users\Maghraby Store\AppData\Roaming\Code\User\workspaceStorage\3dadfdb6fe4ae54e754da0009389f85c\redhat.java -Daether.dependencyCollector.impl=bf 
java_command: c:\Users\Maghraby Store\.vscode\extensions\redhat.java-1.50.0-win32-x64\server\plugins\org.eclipse.equinox.launcher_1.7.100.v20251111-0406.jar -configuration c:\Users\Maghraby Store\AppData\Roaming\Code\User\globalStorage\redhat.java\1.50.0\config_win -data c:\Users\Maghraby Store\AppData\Roaming\Code\User\workspaceStorage\3dadfdb6fe4ae54e754da0009389f85c\redhat.java\jdt_ws --pipe=\\.\pipe\lsp-35cc7ad15cb09fd9f305faefaf24ed4c-sock
java_class_path (initial): c:\Users\Maghraby Store\.vscode\extensions\redhat.java-1.50.0-win32-x64\server\plugins\org.eclipse.equinox.launcher_1.7.100.v20251111-0406.jar
Launcher Type: SUN_STANDARD

[Global flags]
    uintx AdaptiveSizePolicyWeight                 = 90                                        {product} {command line}
     intx CICompilerCount                          = 4                                         {product} {ergonomic}
    uintx GCTimeRatio                              = 4                                         {product} {command line}
     bool HeapDumpOnOutOfMemoryError               = true                                   {manageable} {command line}
    ccstr HeapDumpPath                             = c:\Users\Maghraby Store\AppData\Roaming\Code\User\workspaceStorage\3dadfdb6fe4ae54e754da0009389f85c\redhat.java         {manageable} {command line}
   size_t InitialHeapSize                          = 104857600                                 {product} {command line}
   size_t MaxHeapSize                              = 2147483648                                {product} {command line}
   size_t MaxNewSize                               = 715653120                                 {product} {ergonomic}
   size_t MinHeapDeltaBytes                        = 524288                                    {product} {ergonomic}
   size_t MinHeapSize                              = 104857600                                 {product} {command line}
   size_t NewSize                                  = 34603008                                  {product} {ergonomic}
    uintx NonNMethodCodeHeapSize                   = 5839372                                {pd product} {ergonomic}
    uintx NonProfiledCodeHeapSize                  = 122909434                              {pd product} {ergonomic}
   size_t OldSize                                  = 70254592                                  {product} {ergonomic}
    uintx ProfiledCodeHeapSize                     = 122909434                              {pd product} {ergonomic}
    uintx ReservedCodeCacheSize                    = 251658240                              {pd product} {ergonomic}
     bool SegmentedCodeCache                       = true                                      {product} {ergonomic}
   size_t SoftMaxHeapSize                          = 2147483648                             {manageable} {ergonomic}
     bool UseCompressedOops                        = true                           {product lp64_product} {ergonomic}
     bool UseLargePagesIndividualAllocation        = false                                  {pd product} {ergonomic}
     bool UseParallelGC                            = true                                      {product} {command line}

Logging:
Log output configuration:
 #0: stdout all=off uptime,level,tags foldmultilines=false
 #1: stderr all=off uptime,level,tags foldmultilines=false

Release file:
JAVA_VERSION="21.0.9" 
MODULES="java.base java.compiler java.datatransfer java.xml java.prefs java.desktop java.instrument java.logging java.management java.security.sasl java.naming java.rmi java.management.rmi java.net.http java.scripting java.security.jgss java.transaction.xa java.sql java.sql.rowset java.xml.crypto java.se java.smartcardio jdk.accessibility jdk.internal.jvmstat jdk.attach jdk.charsets jdk.internal.opt jdk.zipfs jdk.compiler jdk.crypto.ec jdk.crypto.cryptoki jdk.crypto.mscapi jdk.dynalink jdk.internal.ed jdk.editpad jdk.hotspot.agent jdk.httpserver jdk.internal.le jdk.internal.vm.ci jdk.internal.vm.compiler jdk.internal.vm.compiler.management jdk.jartool jdk.javadoc jdk.jcmd jdk.management jdk.management.agent jdk.jconsole jdk.jdeps jdk.jdwp.agent jdk.jdi jdk.jfr jdk.jshell jdk.jsobject jdk.jstatd jdk.localedata jdk.management.jfr jdk.naming.dns jdk.naming.rmi jdk.net jdk.nio.mapmode jdk.random jdk.sctp jdk.security.auth jdk.security.jgss jdk.unsupported jdk.unsupported.desktop jdk.xml.dom" 

Environment Variables:
JAVA_HOME=E:\New folder
PATH=C:\Python314\Scripts\;C:\Python314\;C:\Program Files\Common Files\Oracle\Java\javapath;C:\WINDOWS\system32;C:\WINDOWS;C:\WINDOWS\System32\Wbem;C:\WINDOWS\System32\WindowsPowerShell\v1.0\;C:\WINDOWS\System32\OpenSSH\;D:\CS102\__pycache__;D:\CS102\__pycache__\Scripts;C:\MinGW\mingw32\bin;C:\msys64\mingw64\bin;C:\Program Files (x86)\IVI Foundation\VISA\WinNT\Bin\;C:\Program Files\IVI Foundation\VISA\Win64\Bin\;C:\Program Files (x86)\IVI Foundation\VISA\WinNT\Bin;E:\New folder\bin;C:\Program Files (x86)\Microsoft SQL Server\160\Tools\Binn\;C:\Program Files\Microsoft SQL Server\160\Tools\Binn\;C:\Program Files\Microsoft SQL Server\Client SDK\ODBC\170\Tools\Binn\;C:\Program Files\Microsoft SQL Server\160\DTS\Binn\;C:\Program Files (x86)\Microsoft SQL Server\160\DTS\Binn\;C:\Users\Maghraby Store\AppData\Local\Muse Hub\lib;C:\Program Files\Git\cmd;C:\Program Files\Docker\Docker\resources\bin;C:\Program Files\nodejs\;C:\ProgramData\chocolatey\bin;C:\Users\Maghraby Store\AppData\Local\Programs\Python\Python313\Scripts\;C:\Users\Maghraby Store\AppData\Local\Programs\Python\Python313\;C:\msys64\ucrt64\bin;C:\Users\Maghraby Store\AppData\Local\Programs\Microsoft VS Code\bin;C:\Users\Maghraby Store\AppData\Local\GitHubDesktop\bin;C:\Users\Maghraby Store\AppData\Local\Microsoft\WindowsApps;C:\Users\Maghraby Store\AppData\Roaming\npm
USERNAME=Maghraby Store
OS=Windows_NT
PROCESSOR_IDENTIFIER=Intel64 Family 6 Model 142 Stepping 12, GenuineIntel
TMP=C:\Users\MAGHRA~1\AppData\Local\Temp
TEMP=C:\Users\MAGHRA~1\AppData\Local\Temp




Periodic native trim disabled

---------------  S Y S T E M  ---------------

OS:
 Windows 11 , 64 bit Build 26100 (10.0.26100.7309)
OS uptime: 1 days 5:25 hours
Hyper-V role detected

CPU: total 8 (initial active 8) (4 cores per cpu, 2 threads per core) family 6 model 142 stepping 12 microcode 0xf4, cx8, cmov, fxsr, ht, mmx, 3dnowpref, sse, sse2, sse3, ssse3, sse4.1, sse4.2, popcnt, lzcnt, tsc, tscinvbit, avx, avx2, aes, erms, clmul, bmi1, bmi2, adx, fma, vzeroupper, clflush, clflushopt, hv, rdtscp, f16c
Processor Information for the first 8 processors :
  Max Mhz: 2304, Current Mhz: 1803, Mhz Limit: 1797

Memory: 4k page, system-wide physical 16067M (4121M free)
TotalPageFile size 16067M (AvailPageFile size 3M)
current process WorkingSet (physical memory assigned to process): 252M, peak: 252M
current process commit charge ("private bytes"): 341M, peak: 345M

vm_info: OpenJDK 64-Bit Server VM (21.0.9+10-LTS) for windows-amd64 JRE (21.0.9+10-LTS), built on 2025-10-21T00:00:00Z by "admin" with unknown MS VC++:1942

END.
